client_4.log: seed=100, lambda=4.750000, T=150, total_pkts=643, total_drops=2
0.134000 1.485000 1.351000
1.085000 1.607000 0.522000
1.779000 2.122000 0.343000
2.168000 2.214000 0.046000
2.324000 2.432000 0.108000
2.386000 2.586000 0.200000
2.617000 2.832000 0.215000
2.679000 2.863000 0.184000
3.310000 3.355000 0.045000
3.387000 3.450000 0.063000
3.772000 4.124000 0.352000
3.849000 4.155000 0.306000
3.864000 4.232000 0.368000
3.987000 4.372000 0.385000
4.140000 4.619000 0.479000
4.372000 5.474000 1.102000
4.573000 5.956000 1.383000
5.038000 6.158000 1.120000
5.770000 6.548000 0.778000
5.864000 6.918000 1.054000
6.174000 6.933000 0.759000
6.343000 7.104000 0.761000
6.672000 7.539000 0.867000
6.840000 8.626000 1.786000
7.182000 9.571000 2.389000
7.616000 9.773000 2.157000
7.677000 9.912000 2.235000
7.708000 10.036000 2.328000
7.941000 10.143000 2.202000
8.004000 10.251000 2.247000
8.361000 10.624000 2.263000
8.672000 10.716000 2.044000
8.813000 10.886000 2.073000
8.952000 11.104000 2.152000
9.571000 11.679000 2.108000
9.679000 11.787000 2.108000
9.788000 11.850000 2.062000
9.803000 11.897000 2.094000
10.235000 12.037000 1.802000
10.468000 12.286000 1.818000
10.593000 12.316000 1.723000
10.809000 12.394000 1.585000
10.840000 12.409000 1.569000
11.089000 12.425000 1.336000
11.229000 12.549000 1.320000
11.400000 12.950000 1.550000
12.069000 13.107000 1.038000
12.316000 13.399000 1.083000
12.456000 13.429000 0.973000
12.703000 13.743000 1.040000
12.903000 13.805000 0.902000
12.935000 13.851000 0.916000
13.199000 13.851000 0.652000
13.075000 13.851000 0.776000
13.587000 13.961000 0.374000
13.759000 14.162000 0.403000
14.401000 14.679000 0.278000
14.617000 14.926000 0.309000
15.261000 15.307000 0.046000
15.277000 16.070000 0.793000
15.650000 16.270000 0.620000
15.712000 16.750000 1.038000
15.837000 16.828000 0.991000
16.054000 17.416000 1.362000
16.316000 18.363000 2.047000
16.488000 18.394000 1.906000
16.642000 18.659000 2.017000
17.246000 18.922000 1.676000
17.679000 19.031000 1.352000
17.709000 19.109000 1.400000
17.989000 19.155000 1.166000
18.379000 19.233000 0.854000
18.457000 19.389000 0.932000
18.690000 19.715000 1.025000
19.249000 19.778000 0.529000
19.529000 19.935000 0.406000
19.623000 20.105000 0.482000
19.778000 20.121000 0.343000
20.121000 20.183000 0.062000
20.453000 20.904000 0.451000
20.641000 21.012000 0.371000
20.780000 21.215000 0.435000
20.780000 21.291000 0.511000
20.842000 21.401000 0.559000
20.873000 21.524000 0.651000
21.027000 21.742000 0.715000
21.185000 22.131000 0.946000
21.276000 22.443000 1.167000
21.805000 22.629000 0.824000
22.023000 22.676000 0.653000
22.614000 22.816000 0.202000
22.707000 22.831000 0.124000
22.926000 22.989000 0.063000
22.989000 23.203000 0.214000
23.111000 23.560000 0.449000
23.313000 23.652000 0.339000
23.454000 23.808000 0.354000
23.714000 24.367000 0.653000
24.699000 24.777000 0.078000
24.793000 24.934000 0.141000
24.872000 25.322000 0.450000
24.950000 25.338000 0.388000
24.966000 25.741000 0.775000
25.028000 25.772000 0.744000
25.526000 25.850000 0.324000
26.024000 26.271000 0.247000
26.148000 26.456000 0.308000
26.425000 26.999000 0.574000
26.564000 27.014000 0.450000
26.688000 27.092000 0.404000
26.843000 27.479000 0.636000
26.906000 27.511000 0.605000
27.185000 27.557000 0.372000
27.387000 27.680000 0.293000
27.898000 28.239000 0.341000
27.960000 28.597000 0.637000
28.365000 28.644000 0.279000
29.293000 29.449000 0.156000
29.589000 29.962000 0.373000
29.931000 30.101000 0.170000
30.149000 30.212000 0.063000
30.445000 30.632000 0.187000
30.507000 30.895000 0.388000
30.663000 31.020000 0.357000
30.739000 31.097000 0.358000
30.879000 31.159000 0.280000
31.287000 31.365000 0.078000
31.985000 32.142000 0.157000
32.157000 32.591000 0.434000
32.188000 32.794000 0.606000
32.359000 32.841000 0.482000
32.685000 33.521000 0.836000
32.887000 33.661000 0.774000
32.980000 33.755000 0.775000
33.367000 33.927000 0.560000
33.459000 34.393000 0.934000
33.803000 34.409000 0.606000
34.021000 34.440000 0.419000
34.221000 34.564000 0.343000
34.331000 34.781000 0.450000
34.424000 34.937000 0.513000
34.626000 35.139000 0.513000
35.046000 35.185000 0.139000
35.154000 35.419000 0.265000
35.529000 35.701000 0.172000
35.561000 35.966000 0.405000
36.059000 36.075000 0.016000
36.090000 36.340000 0.250000
36.215000 36.401000 0.186000
36.340000 36.526000 0.186000
36.731000 37.071000 0.340000
37.166000 37.228000 0.062000
37.213000 37.274000 0.061000
37.417000 37.603000 0.186000
37.776000 37.915000 0.139000
37.946000 37.978000 0.032000
38.088000 38.817000 0.729000
38.164000 38.833000 0.669000
38.242000 38.957000 0.715000
39.114000 39.716000 0.602000
39.840000 39.980000 0.140000
40.154000 40.496000 0.342000
40.201000 40.542000 0.341000
40.216000 40.636000 0.420000
40.309000 40.730000 0.421000
40.418000 41.057000 0.639000
40.636000 41.103000 0.467000
40.761000 41.524000 0.763000
40.947000 41.975000 1.028000
41.275000 42.037000 0.762000
41.353000 42.272000 0.919000
42.193000 42.287000 0.094000
42.209000 42.551000 0.342000
42.381000 42.769000 0.388000
42.411000 43.174000 0.763000
42.535000 43.251000 0.716000
42.971000 43.297000 0.326000
43.361000 43.438000 0.077000
43.485000 43.593000 0.108000
43.593000 43.655000 0.062000
43.655000 43.933000 0.278000
43.794000 44.320000 0.526000
43.902000 45.608000 1.706000
44.024000 46.168000 2.144000
44.273000 46.215000 1.942000
44.444000 46.261000 1.817000
44.553000 46.587000 2.034000
45.096000 47.020000 1.924000
45.344000 47.146000 1.802000
45.452000 47.998000 2.546000
45.592000 48.446000 2.854000
46.090000 48.615000 2.525000
46.368000 48.677000 2.309000
46.431000 48.756000 2.325000
46.694000 48.880000 2.186000
46.787000 49.409000 2.622000
47.036000 49.579000 2.543000
47.316000 49.903000 2.587000
47.378000 49.981000 2.603000
47.982000 50.229000 2.247000
48.492000 50.400000 1.908000
48.508000 50.696000 2.188000
48.554000 50.820000 2.266000
48.600000 50.961000 2.361000
48.677000 51.054000 2.377000
48.692000 51.425000 2.733000
48.926000 51.565000 2.639000
49.114000 51.581000 2.467000
49.701000 51.659000 1.958000
49.764000 51.689000 1.925000
50.044000 52.031000 1.987000
50.681000 52.264000 1.583000
50.711000 52.622000 1.911000
50.742000 52.622000 1.880000
50.852000 52.793000 1.941000
50.930000 52.793000 1.863000
51.022000 53.273000 2.251000
51.224000 53.367000 2.143000
51.394000 53.848000 2.454000
51.565000 54.019000 2.454000
51.892000 54.035000 2.143000
52.063000 54.641000 2.578000
52.312000 54.672000 2.360000
52.885000 54.920000 2.035000
53.567000 55.230000 1.663000
53.988000 55.291000 1.303000
54.407000 55.478000 1.071000
54.500000 55.802000 1.302000
54.594000 55.896000 1.302000
55.260000 56.006000 0.746000
55.586000 56.176000 0.590000
55.632000 56.330000 0.698000
55.818000 56.437000 0.619000
56.299000 56.531000 0.232000
56.671000 56.717000 0.046000
56.717000 56.764000 0.047000
56.780000 56.889000 0.109000
56.780000 56.967000 0.187000
56.904000 57.092000 0.188000
56.936000 57.294000 0.358000
56.998000 57.636000 0.638000
57.123000 57.698000 0.575000
57.698000 57.822000 0.124000
57.759000 57.853000 0.094000
58.009000 58.304000 0.295000
58.134000 58.644000 0.510000
58.165000 58.752000 0.587000
58.226000 58.830000 0.604000
58.398000 58.938000 0.540000
58.568000 59.155000 0.587000
58.907000 59.310000 0.403000
59.295000 59.821000 0.526000
59.404000 59.884000 0.480000
59.932000 60.040000 0.108000
60.055000 60.164000 0.109000
60.117000 60.242000 0.125000
60.609000 60.656000 0.047000
60.905000 61.290000 0.385000
60.951000 61.413000 0.462000
60.998000 61.444000 0.446000
61.228000 61.475000 0.247000
61.568000 61.678000 0.110000
61.836000 61.914000 0.078000
61.946000 62.583000 0.637000
62.085000 62.676000 0.591000
62.193000 62.692000 0.499000
62.365000 62.925000 0.560000
62.536000 63.050000 0.514000
62.894000 63.298000 0.404000
63.128000 63.656000 0.528000
63.344000 64.104000 0.760000
63.359000 64.135000 0.776000
64.041000 64.182000 0.141000
64.197000 64.259000 0.062000
64.213000 64.645000 0.432000
64.229000 64.875000 0.646000
64.244000 65.387000 1.143000
64.629000 65.915000 1.286000
64.706000 66.009000 1.303000
64.737000 66.057000 1.320000
64.981000 66.179000 1.198000
65.387000 66.351000 0.964000
65.495000 66.538000 1.043000
65.712000 66.789000 1.077000
65.931000 66.948000 1.017000
66.242000 67.087000 0.845000
66.397000 67.473000 1.076000
67.133000 67.706000 0.573000
67.567000 67.768000 0.201000
67.816000 68.062000 0.246000
67.832000 68.109000 0.277000
67.940000 68.124000 0.184000
68.124000 68.155000 0.031000
68.186000 68.264000 0.078000
68.706000 68.951000 0.245000
69.140000 69.155000 0.015000
69.309000 69.728000 0.419000
69.418000 70.287000 0.869000
69.635000 70.349000 0.714000
69.758000 70.488000 0.730000
69.900000 70.598000 0.698000
70.008000 70.613000 0.605000
70.303000 71.142000 0.839000
70.519000 71.172000 0.653000
70.690000 71.266000 0.576000
71.656000 71.891000 0.235000
71.952000 72.418000 0.466000
72.279000 72.558000 0.279000
72.844000 73.151000 0.307000
73.294000 73.542000 0.248000
73.728000 73.759000 0.031000
73.916000 74.039000 0.123000
73.993000 74.132000 0.139000
74.273000 74.708000 0.435000
74.427000 74.861000 0.434000
74.506000 75.063000 0.557000
74.584000 75.203000 0.619000
74.786000 75.264000 0.478000
74.846000 75.404000 0.558000
74.907000 75.605000 0.698000
74.984000 75.682000 0.698000
75.031000 75.822000 0.791000
75.234000 75.931000 0.697000
75.279000 76.118000 0.839000
75.466000 77.146000 1.680000
75.590000 77.223000 1.633000
75.760000 77.690000 1.930000
76.180000 77.798000 1.618000
76.569000 77.829000 1.260000
76.694000 77.983000 1.289000
76.710000 78.046000 1.336000
76.818000 78.200000 1.382000
76.882000 78.404000 1.522000
77.238000 78.466000 1.228000
77.503000 78.590000 1.087000
78.031000 78.808000 0.777000
78.170000 78.824000 0.654000
78.263000 78.918000 0.655000
78.605000 79.273000 0.668000
78.668000 79.473000 0.805000
78.902000 79.890000 0.988000
79.010000 79.951000 0.941000
79.072000 79.966000 0.894000
79.196000 80.075000 0.879000
79.689000 80.806000 1.117000
79.719000 81.039000 1.320000
79.735000 81.626000 1.891000
79.936000 81.719000 1.783000
80.153000 82.136000 1.983000
80.199000 82.184000 1.985000
80.215000 82.214000 1.999000
80.247000 82.324000 2.077000
80.465000 82.402000 1.937000
80.589000 82.433000 1.844000
80.605000 83.287000 2.682000
81.286000 83.705000 2.419000
81.641000 83.783000 2.142000
81.982000 83.891000 1.909000
82.012000 84.203000 2.191000
82.184000 84.760000 2.576000
82.356000 85.120000 2.764000
82.745000 85.229000 2.484000
83.085000 85.459000 2.374000
83.211000 85.692000 2.481000
83.489000 85.894000 2.405000
83.829000 85.988000 2.159000
84.109000 86.034000 1.925000
84.854000 86.080000 1.226000
84.918000 86.219000 1.301000
85.089000 86.326000 1.237000
85.322000 86.374000 1.052000
85.600000 86.404000 0.804000
85.631000 86.793000 1.162000
85.738000 86.886000 1.148000
86.823000 87.071000 0.248000
86.902000 87.352000 0.450000
86.979000 87.757000 0.778000
87.181000 87.803000 0.622000
87.851000 88.395000 0.544000
88.271000 88.565000 0.294000
88.487000 88.688000 0.201000
88.596000 88.937000 0.341000
89.176000 89.301000 0.125000
89.409000 89.718000 0.309000
89.579000 89.966000 0.387000
89.688000 90.417000 0.729000
89.749000 90.465000 0.716000
90.153000 90.869000 0.716000
90.775000 91.131000 0.356000
91.779000 91.826000 0.047000
91.904000 91.935000 0.031000
91.935000 91.997000 0.062000
92.456000 92.519000 0.063000
92.660000 92.769000 0.109000
92.848000 93.052000 0.204000
92.880000 93.098000 0.218000
92.926000 93.406000 0.480000
93.036000 93.438000 0.402000
93.144000 93.733000 0.589000
93.515000 94.012000 0.497000
93.670000 94.137000 0.467000
93.825000 94.152000 0.327000
94.042000 94.740000 0.698000
94.663000 95.255000 0.592000
95.035000 95.394000 0.359000
95.051000 95.565000 0.514000
95.129000 96.043000 0.914000
95.534000 96.321000 0.787000
95.612000 96.353000 0.741000
95.826000 96.649000 0.823000
96.198000 97.037000 0.839000
96.525000 97.457000 0.932000
96.914000 97.473000 0.559000
97.037000 97.984000 0.947000
97.069000 98.605000 1.536000
97.551000 99.181000 1.630000
97.784000 99.399000 1.615000
98.078000 99.429000 1.351000
98.528000 99.616000 1.088000
98.605000 99.787000 1.182000
98.698000 99.802000 1.104000
99.104000 99.848000 0.744000
99.429000 99.988000 0.559000
99.632000 100.035000 0.403000
99.710000 100.112000 0.402000
99.833000 100.297000 0.464000
100.536000 100.821000 0.285000
100.646000 101.915000 1.269000
100.789000 102.055000 1.266000
101.152000 102.070000 0.918000
101.339000 102.254000 0.915000
101.493000 102.548000 1.055000
101.509000 102.670000 1.161000
101.759000 102.951000 1.192000
102.346000 103.028000 0.682000
102.393000 103.044000 0.651000
102.857000 103.214000 0.357000
103.404000 103.435000 0.031000
103.514000 104.506000 0.992000
103.778000 104.521000 0.743000
104.026000 104.630000 0.604000
104.088000 104.692000 0.604000
104.135000 104.815000 0.680000
104.335000 105.217000 0.882000
104.427000 105.526000 1.099000
104.708000 105.729000 1.021000
104.754000 106.831000 2.077000
105.091000 107.019000 1.928000
105.480000 107.531000 2.051000
105.916000 107.624000 1.708000
106.132000 107.670000 1.538000
106.194000 108.225000 2.031000
106.537000 108.272000 1.735000
106.676000 108.365000 1.689000
106.924000 108.443000 1.519000
106.987000 108.489000 1.502000
107.003000 108.630000 1.627000
107.329000 108.707000 1.378000
107.454000 109.110000 1.656000
107.716000 109.188000 1.472000
108.350000 109.266000 0.916000
108.583000 109.328000 0.745000
108.769000 110.024000 1.255000
109.343000 110.055000 0.712000
109.559000 110.149000 0.590000
109.653000 110.226000 0.573000
109.838000 110.723000 0.885000
109.853000 110.845000 0.992000
110.753000 110.860000 0.107000
110.969000 111.543000 0.574000
111.001000 111.807000 0.806000
111.141000 112.196000 1.055000
111.310000 112.211000 0.901000
111.357000 112.320000 0.963000
111.465000 112.569000 1.104000
112.087000 112.599000 0.512000
112.522000 112.800000 0.278000
112.912000 112.990000 0.078000
112.943000 113.300000 0.357000
113.037000 113.675000 0.638000
113.597000 113.968000 0.371000
114.048000 114.188000 0.140000
114.614000 114.645000 0.031000
114.645000 115.095000 0.450000
115.125000 115.156000 0.031000
115.141000 115.327000 0.186000
115.156000 115.839000 0.683000
115.171000 115.901000 0.730000
115.530000 116.259000 0.729000
115.869000 116.274000 0.405000
115.932000 116.337000 0.405000
116.573000 116.605000 0.032000
116.810000 117.122000 0.312000
116.998000 117.293000 0.295000
117.690000 118.820000 1.130000
117.721000 118.883000 1.162000
117.782000 119.332000 1.550000
117.922000 119.519000 1.597000
118.046000 119.766000 1.720000
118.296000 119.781000 1.485000
118.420000 120.434000 2.014000
118.451000 120.717000 2.266000
118.590000 121.057000 2.467000
118.820000 121.351000 2.531000
121.630000 0.000000 0.000000
121.722000 0.000000 0.000000
119.316000 121.738000 2.422000
119.332000 121.848000 2.516000
119.535000 121.878000 2.343000
119.550000 121.894000 2.344000
119.827000 122.234000 2.407000
120.044000 122.296000 2.252000
120.060000 122.390000 2.330000
120.185000 122.483000 2.298000
120.686000 122.513000 1.827000
120.871000 122.684000 1.813000
120.886000 122.714000 1.828000
121.229000 122.808000 1.579000
121.474000 123.195000 1.721000
121.536000 123.289000 1.753000
121.552000 123.413000 1.861000
121.583000 123.600000 2.017000
121.863000 123.616000 1.753000
122.033000 123.754000 1.721000
122.094000 123.864000 1.770000
122.266000 124.002000 1.736000
122.544000 124.280000 1.736000
122.993000 124.467000 1.474000
123.507000 124.684000 1.177000
123.754000 125.352000 1.598000
123.801000 125.398000 1.597000
124.141000 125.724000 1.583000
124.157000 126.265000 2.108000
124.280000 126.467000 2.187000
124.716000 126.573000 1.857000
125.088000 127.115000 2.027000
125.739000 127.442000 1.703000
126.589000 127.814000 1.225000
127.241000 127.905000 0.664000
127.365000 128.076000 0.711000
127.736000 128.183000 0.447000
127.767000 128.260000 0.493000
128.060000 128.431000 0.371000
128.637000 128.714000 0.077000
129.030000 129.216000 0.186000
129.185000 129.263000 0.078000
129.216000 129.370000 0.154000
129.464000 129.790000 0.326000
129.820000 129.836000 0.016000
130.008000 130.039000 0.031000
130.102000 130.303000 0.201000
130.195000 130.318000 0.123000
130.524000 130.865000 0.341000
130.540000 130.896000 0.356000
130.586000 131.021000 0.435000
130.680000 131.192000 0.512000
131.005000 131.300000 0.295000
131.238000 131.378000 0.140000
131.270000 131.983000 0.713000
131.315000 132.248000 0.933000
131.593000 132.528000 0.935000
131.718000 132.712000 0.994000
131.812000 132.744000 0.932000
131.936000 132.821000 0.885000
132.030000 132.898000 0.868000
132.528000 132.930000 0.402000
132.559000 133.131000 0.572000
132.697000 133.315000 0.618000
133.346000 133.378000 0.032000
133.362000 133.626000 0.264000
133.440000 133.826000 0.386000
133.502000 133.949000 0.447000
133.718000 134.164000 0.446000
133.888000 134.226000 0.338000
133.919000 134.289000 0.370000
134.226000 134.351000 0.125000
134.730000 134.792000 0.062000
135.296000 135.701000 0.405000
135.328000 136.025000 0.697000
135.500000 136.289000 0.789000
135.701000 136.367000 0.666000
135.747000 136.398000 0.651000
136.102000 136.600000 0.498000
136.445000 136.739000 0.294000
136.616000 137.191000 0.575000
136.662000 137.222000 0.560000
136.693000 137.550000 0.857000
136.895000 137.689000 0.794000
136.941000 137.783000 0.842000
137.033000 137.953000 0.920000
137.394000 138.031000 0.637000
137.752000 138.512000 0.760000
138.279000 139.021000 0.742000
138.667000 139.547000 0.880000
138.791000 140.278000 1.487000
138.838000 140.496000 1.658000
138.930000 140.744000 1.814000
138.975000 140.823000 1.848000
139.021000 141.226000 2.205000
139.037000 141.412000 2.375000
139.113000 141.957000 2.844000
139.500000 142.050000 2.550000
139.577000 142.128000 2.551000
140.325000 142.454000 2.129000
140.402000 142.532000 2.130000
140.526000 142.639000 2.113000
140.651000 142.733000 2.082000
140.947000 142.857000 1.910000
141.039000 143.322000 2.283000
141.412000 143.445000 2.033000
141.831000 144.046000 2.215000
142.097000 144.061000 1.964000
142.516000 144.217000 1.701000
142.547000 144.233000 1.686000
142.826000 144.309000 1.483000
142.934000 144.449000 1.515000
143.026000 144.540000 1.514000
143.384000 144.619000 1.235000
144.031000 144.821000 0.790000
144.076000 145.023000 0.947000
144.403000 145.629000 1.226000
144.449000 145.676000 1.227000
144.759000 146.035000 1.276000
144.976000 146.609000 1.633000
145.301000 146.857000 1.556000
145.566000 146.920000 1.354000
145.754000 147.231000 1.477000
145.770000 147.465000 1.695000
146.098000 147.619000 1.521000
146.594000 148.563000 1.969000
146.812000 148.732000 1.920000
147.573000 148.872000 1.299000
147.666000 148.981000 1.315000
147.992000 149.042000 1.050000
148.208000 149.228000 1.020000
148.486000 149.444000 0.958000
148.609000 149.491000 0.882000
148.747000 149.506000 0.759000
148.856000 149.615000 0.759000
149.088000 149.615000 0.527000
149.258000 150.204000 0.946000
149.708000 150.328000 0.620000
149.723000 150.359000 0.636000
