client_3.log: seed=100, lambda=4.700000, T=150, total_pkts=636, total_drops=1
0.130000 1.469000 1.339000
1.098000 1.595000 0.497000
1.803000 2.144000 0.341000
2.189000 2.235000 0.046000
2.343000 2.451000 0.108000
2.405000 2.606000 0.201000
2.638000 2.854000 0.216000
2.700000 2.885000 0.185000
3.342000 3.388000 0.046000
3.420000 3.481000 0.061000
3.809000 4.162000 0.353000
3.886000 4.193000 0.307000
3.901000 4.271000 0.370000
4.025000 4.413000 0.388000
4.177000 4.660000 0.483000
4.413000 5.515000 1.102000
4.614000 6.000000 1.386000
5.082000 6.215000 1.133000
5.827000 6.603000 0.776000
5.921000 6.963000 1.042000
6.231000 6.978000 0.747000
6.401000 7.150000 0.749000
6.728000 7.586000 0.858000
6.884000 8.660000 1.776000
7.243000 9.611000 2.368000
7.695000 9.813000 2.118000
7.757000 9.953000 2.196000
7.788000 10.080000 2.292000
8.021000 10.188000 2.167000
8.084000 10.297000 2.213000
8.444000 10.657000 2.213000
8.754000 10.751000 1.997000
8.894000 10.921000 2.027000
9.034000 11.139000 2.105000
9.658000 11.714000 2.056000
9.767000 11.825000 2.058000
9.875000 11.888000 2.013000
9.891000 11.936000 2.045000
10.328000 12.074000 1.746000
10.562000 12.324000 1.762000
10.688000 12.356000 1.668000
10.906000 12.433000 1.527000
10.937000 12.448000 1.511000
11.186000 12.464000 1.278000
11.326000 12.589000 1.263000
11.497000 12.992000 1.495000
12.168000 13.147000 0.979000
12.418000 13.444000 1.026000
12.558000 13.476000 0.918000
12.805000 13.802000 0.997000
13.008000 13.865000 0.857000
13.040000 13.912000 0.872000
13.178000 13.912000 0.734000
13.302000 13.912000 0.610000
13.694000 14.021000 0.327000
13.865000 14.223000 0.358000
14.522000 14.787000 0.265000
14.739000 15.034000 0.295000
15.393000 15.439000 0.046000
15.408000 16.200000 0.792000
15.796000 16.403000 0.607000
15.859000 16.886000 1.027000
15.998000 16.978000 0.980000
16.215000 17.568000 1.353000
16.481000 18.518000 2.037000
16.652000 18.549000 1.897000
16.806000 18.812000 2.006000
17.413000 19.075000 1.662000
17.862000 19.182000 1.320000
17.893000 19.259000 1.366000
18.177000 19.307000 1.130000
18.564000 19.384000 0.820000
18.642000 19.538000 0.896000
18.874000 19.865000 0.991000
19.446000 19.926000 0.480000
19.725000 20.081000 0.356000
19.818000 20.238000 0.420000
19.972000 20.253000 0.281000
20.318000 20.378000 0.060000
20.647000 21.097000 0.450000
20.833000 21.204000 0.371000
20.973000 21.405000 0.432000
20.973000 21.468000 0.495000
21.036000 21.576000 0.540000
21.066000 21.698000 0.632000
21.220000 21.916000 0.696000
21.374000 22.304000 0.930000
21.468000 22.615000 1.147000
21.994000 22.787000 0.793000
22.210000 22.833000 0.623000
22.818000 22.973000 0.155000
22.912000 22.988000 0.076000
23.132000 23.194000 0.062000
23.194000 23.412000 0.218000
23.319000 23.782000 0.463000
23.520000 23.875000 0.355000
23.659000 24.030000 0.371000
23.921000 24.588000 0.667000
24.920000 24.997000 0.077000
25.012000 25.153000 0.141000
25.091000 25.539000 0.448000
25.168000 25.555000 0.387000
25.184000 25.957000 0.773000
25.261000 25.988000 0.727000
25.756000 26.065000 0.309000
26.254000 26.500000 0.246000
26.377000 26.671000 0.294000
26.656000 27.201000 0.545000
26.796000 27.216000 0.420000
26.922000 27.293000 0.371000
27.078000 27.682000 0.604000
27.155000 27.711000 0.556000
27.432000 27.759000 0.327000
27.633000 27.868000 0.235000
28.150000 28.489000 0.339000
28.211000 28.847000 0.636000
28.628000 28.893000 0.265000
29.571000 29.727000 0.156000
29.872000 30.244000 0.372000
30.212000 30.385000 0.173000
30.431000 30.508000 0.077000
30.731000 30.916000 0.185000
30.792000 31.179000 0.387000
30.947000 31.302000 0.355000
31.024000 31.380000 0.356000
31.164000 31.442000 0.278000
31.583000 31.659000 0.076000
32.287000 32.440000 0.153000
32.471000 32.890000 0.419000
32.501000 33.091000 0.590000
32.672000 33.137000 0.465000
32.998000 33.817000 0.819000
33.200000 33.956000 0.756000
33.293000 34.047000 0.754000
33.678000 34.218000 0.540000
33.770000 34.684000 0.914000
34.124000 34.699000 0.575000
34.341000 34.730000 0.389000
34.543000 34.855000 0.312000
34.653000 35.072000 0.419000
34.745000 35.227000 0.482000
34.949000 35.428000 0.479000
35.381000 35.475000 0.094000
35.490000 35.724000 0.234000
35.867000 36.035000 0.168000
35.898000 36.297000 0.399000
36.407000 36.421000 0.014000
36.437000 36.687000 0.250000
36.562000 36.749000 0.187000
36.687000 36.874000 0.187000
37.079000 37.419000 0.340000
37.529000 37.590000 0.061000
37.575000 37.637000 0.062000
37.779000 37.965000 0.186000
38.137000 38.290000 0.153000
38.306000 38.338000 0.032000
38.463000 39.191000 0.728000
38.539000 39.207000 0.668000
38.616000 39.332000 0.716000
39.503000 40.109000 0.606000
40.233000 40.373000 0.140000
40.545000 40.886000 0.341000
40.592000 40.933000 0.341000
40.608000 41.041000 0.433000
40.699000 41.134000 0.435000
40.809000 41.472000 0.663000
41.041000 41.518000 0.477000
41.164000 41.949000 0.785000
41.349000 42.398000 1.049000
41.672000 42.460000 0.788000
41.749000 42.706000 0.957000
42.584000 42.722000 0.138000
42.599000 42.984000 0.385000
42.783000 43.204000 0.421000
42.814000 43.606000 0.792000
42.937000 43.669000 0.732000
43.373000 43.716000 0.343000
43.762000 43.840000 0.078000
43.887000 43.996000 0.109000
43.996000 44.058000 0.062000
44.058000 44.337000 0.279000
44.197000 44.738000 0.541000
44.306000 46.038000 1.732000
44.430000 46.604000 2.174000
44.676000 46.650000 1.974000
44.846000 46.682000 1.836000
44.954000 47.008000 2.054000
45.494000 47.441000 1.947000
45.741000 47.564000 1.823000
45.851000 48.428000 2.577000
45.991000 48.864000 2.873000
46.496000 49.035000 2.539000
46.775000 49.097000 2.322000
46.838000 49.175000 2.337000
47.101000 49.298000 2.197000
47.194000 49.821000 2.627000
47.441000 49.991000 2.550000
47.733000 50.316000 2.583000
47.794000 50.394000 2.600000
48.397000 50.644000 2.247000
48.911000 50.814000 1.903000
48.926000 51.106000 2.180000
48.973000 51.230000 2.257000
49.019000 51.370000 2.351000
49.097000 51.477000 2.380000
49.113000 51.849000 2.736000
49.345000 51.988000 2.643000
49.544000 52.003000 2.459000
50.132000 52.080000 1.948000
50.193000 52.096000 1.903000
50.473000 52.436000 1.963000
51.106000 52.656000 1.550000
51.137000 53.009000 1.872000
51.168000 53.009000 1.841000
51.277000 53.178000 1.901000
51.355000 53.178000 1.823000
51.462000 53.658000 2.196000
51.663000 53.766000 2.103000
51.834000 54.246000 2.412000
52.003000 54.417000 2.414000
52.344000 54.432000 2.088000
52.514000 55.052000 2.538000
52.763000 55.084000 2.321000
53.349000 55.331000 1.982000
54.046000 55.642000 1.596000
54.479000 55.704000 1.225000
54.896000 55.889000 0.993000
54.990000 56.215000 1.225000
55.084000 56.323000 1.239000
55.766000 56.430000 0.664000
56.090000 56.600000 0.510000
56.138000 56.756000 0.618000
56.323000 56.864000 0.541000
56.802000 56.956000 0.154000
57.179000 57.223000 0.044000
57.223000 57.269000 0.046000
57.285000 57.393000 0.108000
57.285000 57.469000 0.184000
57.408000 57.594000 0.186000
57.438000 57.795000 0.357000
57.500000 58.148000 0.648000
57.625000 58.209000 0.584000
58.209000 58.333000 0.124000
58.271000 58.364000 0.093000
58.523000 58.817000 0.294000
58.647000 59.158000 0.511000
58.678000 59.266000 0.588000
58.740000 59.344000 0.604000
58.909000 59.453000 0.544000
59.080000 59.668000 0.588000
59.422000 59.822000 0.400000
59.807000 60.335000 0.528000
59.916000 60.398000 0.482000
60.460000 60.568000 0.108000
60.583000 60.691000 0.108000
60.644000 60.769000 0.125000
61.142000 61.189000 0.047000
61.438000 61.824000 0.386000
61.484000 61.947000 0.463000
61.530000 61.978000 0.448000
61.762000 62.008000 0.246000
62.104000 62.211000 0.107000
62.385000 62.461000 0.076000
62.491000 63.124000 0.633000
62.629000 63.217000 0.588000
62.737000 63.232000 0.495000
62.922000 63.467000 0.545000
63.094000 63.591000 0.497000
63.467000 63.838000 0.371000
63.697000 64.193000 0.496000
63.916000 64.641000 0.725000
63.932000 64.674000 0.742000
64.625000 64.719000 0.094000
64.783000 64.844000 0.061000
64.798000 65.218000 0.420000
64.814000 65.450000 0.636000
64.830000 65.958000 1.128000
65.218000 66.484000 1.266000
65.295000 66.576000 1.281000
65.325000 66.621000 1.296000
65.574000 66.744000 1.170000
65.974000 66.915000 0.941000
66.082000 67.100000 1.018000
66.299000 67.346000 1.047000
66.514000 67.500000 0.986000
66.821000 67.640000 0.819000
66.977000 68.025000 1.048000
67.732000 68.256000 0.524000
68.163000 68.317000 0.154000
68.414000 68.659000 0.245000
68.428000 68.705000 0.277000
68.537000 68.720000 0.183000
68.720000 68.751000 0.031000
68.782000 68.860000 0.078000
69.307000 69.556000 0.249000
69.743000 69.758000 0.015000
69.915000 70.331000 0.416000
70.023000 70.876000 0.853000
70.238000 70.939000 0.701000
70.362000 71.077000 0.715000
70.503000 71.185000 0.682000
70.612000 71.202000 0.590000
70.907000 71.740000 0.833000
71.124000 71.772000 0.648000
71.309000 71.864000 0.555000
72.290000 72.524000 0.234000
72.589000 73.054000 0.465000
72.914000 73.193000 0.279000
73.479000 73.790000 0.311000
73.946000 74.207000 0.261000
74.380000 74.411000 0.031000
74.570000 74.692000 0.122000
74.646000 74.784000 0.138000
74.927000 75.374000 0.447000
75.081000 75.527000 0.446000
75.158000 75.727000 0.569000
75.236000 75.881000 0.645000
75.435000 75.943000 0.508000
75.482000 76.082000 0.600000
75.542000 76.284000 0.742000
75.620000 76.360000 0.740000
75.665000 76.499000 0.834000
75.881000 76.608000 0.727000
75.927000 76.796000 0.869000
76.112000 77.835000 1.723000
76.237000 77.912000 1.675000
76.406000 78.383000 1.977000
76.827000 78.492000 1.665000
77.230000 78.522000 1.292000
77.354000 78.676000 1.322000
77.370000 78.739000 1.369000
77.478000 78.893000 1.415000
77.541000 79.094000 1.553000
77.912000 79.156000 1.244000
78.177000 79.279000 1.102000
78.707000 79.496000 0.789000
78.847000 79.512000 0.665000
78.939000 79.605000 0.666000
79.279000 79.959000 0.680000
79.341000 80.160000 0.819000
79.574000 80.579000 1.005000
79.682000 80.640000 0.958000
79.743000 80.656000 0.913000
79.867000 80.766000 0.899000
80.362000 81.492000 1.130000
80.393000 81.724000 1.331000
80.408000 82.311000 1.903000
80.626000 82.404000 1.778000
80.844000 82.821000 1.977000
80.890000 82.868000 1.978000
80.906000 82.898000 1.992000
80.936000 83.007000 2.071000
81.153000 83.085000 1.932000
81.277000 83.131000 1.854000
81.293000 83.983000 2.690000
81.972000 84.399000 2.427000
82.327000 84.476000 2.149000
82.666000 84.584000 1.918000
82.697000 84.894000 2.197000
82.868000 85.437000 2.569000
83.053000 85.795000 2.742000
83.442000 85.903000 2.461000
83.781000 86.120000 2.339000
83.904000 86.352000 2.448000
84.182000 86.566000 2.384000
84.522000 86.659000 2.137000
84.800000 86.706000 1.906000
85.546000 86.752000 1.206000
85.608000 86.893000 1.285000
85.779000 87.002000 1.223000
86.012000 87.047000 1.035000
86.290000 87.078000 0.788000
86.321000 87.480000 1.159000
86.428000 87.572000 1.144000
87.526000 87.757000 0.231000
87.604000 88.035000 0.431000
87.695000 88.438000 0.743000
87.897000 88.484000 0.587000
88.578000 89.136000 0.558000
89.011000 89.306000 0.295000
89.229000 89.428000 0.199000
89.336000 89.674000 0.338000
89.911000 90.033000 0.122000
90.146000 90.455000 0.309000
90.316000 90.703000 0.387000
90.423000 91.152000 0.729000
90.486000 91.199000 0.713000
90.888000 91.613000 0.725000
91.520000 91.876000 0.356000
92.530000 92.577000 0.047000
92.657000 92.688000 0.031000
92.688000 92.749000 0.061000
93.228000 93.289000 0.061000
93.427000 93.535000 0.108000
93.613000 93.828000 0.215000
93.643000 93.859000 0.216000
93.689000 94.168000 0.479000
93.797000 94.198000 0.401000
93.906000 94.495000 0.589000
94.291000 94.773000 0.482000
94.448000 94.896000 0.448000
94.604000 94.912000 0.308000
94.819000 95.502000 0.683000
95.456000 96.012000 0.556000
95.843000 96.152000 0.309000
95.859000 96.324000 0.465000
95.936000 96.804000 0.868000
96.355000 97.079000 0.724000
96.433000 97.110000 0.677000
96.649000 97.405000 0.756000
97.019000 97.792000 0.773000
97.358000 98.210000 0.852000
97.746000 98.226000 0.480000
97.870000 98.736000 0.866000
97.902000 99.354000 1.452000
98.395000 99.926000 1.531000
98.642000 100.157000 1.515000
98.937000 100.188000 1.251000
99.400000 100.375000 0.975000
99.477000 100.545000 1.068000
99.569000 100.560000 0.991000
99.987000 100.606000 0.619000
100.312000 100.745000 0.433000
100.514000 100.793000 0.279000
100.591000 100.871000 0.280000
100.729000 101.058000 0.329000
101.437000 101.714000 0.277000
101.543000 102.815000 1.272000
101.683000 102.956000 1.273000
102.056000 102.973000 0.917000
102.244000 103.159000 0.915000
102.398000 103.454000 1.056000
102.414000 103.563000 1.149000
102.660000 103.842000 1.182000
103.252000 103.919000 0.667000
103.298000 103.935000 0.637000
103.765000 104.106000 0.341000
104.329000 104.360000 0.031000
104.440000 105.427000 0.987000
104.704000 105.443000 0.739000
104.966000 105.551000 0.585000
105.028000 105.613000 0.585000
105.073000 105.724000 0.651000
105.274000 106.126000 0.852000
105.366000 106.438000 1.072000
105.644000 106.639000 0.995000
105.692000 107.742000 2.050000
106.033000 107.925000 1.892000
106.423000 108.433000 2.010000
106.873000 108.525000 1.652000
107.091000 108.571000 1.480000
107.153000 109.127000 1.974000
107.509000 109.173000 1.664000
107.649000 109.266000 1.617000
107.895000 109.343000 1.448000
107.957000 109.389000 1.432000
107.972000 109.529000 1.557000
108.310000 109.608000 1.298000
108.433000 110.010000 1.577000
108.695000 110.088000 1.393000
109.328000 110.166000 0.838000
109.560000 110.228000 0.668000
109.746000 110.924000 1.178000
110.336000 110.956000 0.620000
110.553000 111.049000 0.496000
110.646000 111.126000 0.480000
110.832000 111.621000 0.789000
110.848000 111.743000 0.895000
111.759000 111.774000 0.015000
111.982000 112.556000 0.574000
112.012000 112.819000 0.807000
112.152000 113.206000 1.054000
112.323000 113.222000 0.899000
112.369000 113.331000 0.962000
112.478000 113.581000 1.103000
113.114000 113.612000 0.498000
113.550000 113.813000 0.263000
113.942000 114.019000 0.077000
113.973000 114.327000 0.354000
114.065000 114.702000 0.637000
114.624000 114.997000 0.373000
115.077000 115.215000 0.138000
115.656000 115.686000 0.030000
115.686000 116.136000 0.450000
116.169000 116.199000 0.030000
116.184000 116.369000 0.185000
116.199000 116.878000 0.679000
116.215000 116.940000 0.725000
116.568000 117.297000 0.729000
116.909000 117.313000 0.404000
116.971000 117.375000 0.404000
117.630000 117.661000 0.031000
117.868000 118.191000 0.323000
118.054000 118.349000 0.295000
118.764000 119.882000 1.118000
118.795000 119.944000 1.149000
118.857000 120.393000 1.536000
118.995000 120.579000 1.584000
119.120000 120.814000 1.694000
119.369000 120.829000 1.460000
119.494000 121.482000 1.988000
119.524000 121.762000 2.238000
119.664000 122.106000 2.442000
119.897000 122.401000 2.504000
122.772000 0.000000 0.000000
120.408000 122.788000 2.380000
120.424000 122.897000 2.473000
120.641000 122.928000 2.287000
120.656000 122.944000 2.288000
120.938000 123.271000 2.333000
121.156000 123.332000 2.176000
121.171000 123.426000 2.255000
121.296000 123.519000 2.223000
121.808000 123.550000 1.742000
121.996000 123.723000 1.727000
122.012000 123.753000 1.741000
122.368000 123.844000 1.476000
122.616000 124.230000 1.614000
122.679000 124.324000 1.645000
122.695000 124.447000 1.752000
122.726000 124.631000 1.905000
122.866000 124.646000 1.780000
123.022000 124.784000 1.762000
123.193000 124.894000 1.701000
123.256000 125.033000 1.777000
123.426000 125.314000 1.888000
123.706000 125.500000 1.794000
124.168000 125.718000 1.550000
124.692000 126.385000 1.693000
124.940000 126.431000 1.491000
124.987000 126.757000 1.770000
125.329000 127.299000 1.970000
125.344000 127.500000 2.156000
125.468000 127.609000 2.141000
125.904000 128.152000 2.248000
126.276000 128.478000 2.202000
126.941000 128.851000 1.910000
127.794000 128.943000 1.149000
128.447000 129.115000 0.668000
128.571000 129.223000 0.652000
128.943000 129.301000 0.358000
128.974000 129.473000 0.499000
129.270000 129.550000 0.280000
129.864000 130.051000 0.187000
130.271000 130.318000 0.047000
130.425000 130.533000 0.108000
130.456000 130.859000 0.403000
130.704000 130.875000 0.171000
131.068000 131.099000 0.031000
131.258000 131.459000 0.201000
131.352000 131.475000 0.123000
131.444000 131.815000 0.371000
131.769000 131.847000 0.078000
131.784000 131.972000 0.188000
131.831000 132.142000 0.311000
131.925000 132.250000 0.325000
132.250000 132.327000 0.077000
132.488000 133.091000 0.603000
132.518000 133.356000 0.838000
132.564000 133.634000 1.070000
132.844000 133.821000 0.977000
132.968000 133.853000 0.885000
133.075000 133.931000 0.856000
133.200000 134.007000 0.807000
133.294000 134.039000 0.745000
133.805000 134.225000 0.420000
133.837000 134.413000 0.576000
133.977000 134.444000 0.467000
134.631000 134.879000 0.248000
134.647000 135.080000 0.433000
134.726000 135.205000 0.479000
134.787000 135.422000 0.635000
135.002000 135.484000 0.482000
135.174000 135.547000 0.373000
135.205000 135.609000 0.404000
135.516000 135.672000 0.156000
136.034000 136.439000 0.405000
136.608000 136.935000 0.327000
136.639000 137.197000 0.558000
136.811000 137.289000 0.478000
137.013000 137.321000 0.308000
137.060000 137.524000 0.464000
137.415000 137.664000 0.249000
137.758000 138.210000 0.452000
137.929000 138.241000 0.312000
137.976000 138.569000 0.593000
138.007000 138.713000 0.706000
138.210000 138.805000 0.595000
138.257000 138.976000 0.719000
138.349000 139.053000 0.704000
138.713000 139.536000 0.823000
139.084000 140.050000 0.966000
139.615000 140.579000 0.964000
140.004000 141.308000 1.304000
140.127000 141.524000 1.397000
140.174000 141.771000 1.597000
140.267000 141.849000 1.582000
140.314000 142.239000 1.925000
140.361000 142.425000 2.064000
140.376000 142.970000 2.594000
140.454000 143.063000 2.609000
140.844000 143.141000 2.297000
140.922000 143.468000 2.546000
141.679000 143.547000 1.868000
141.755000 143.657000 1.902000
141.880000 143.750000 1.870000
142.003000 143.875000 1.872000
142.301000 144.340000 2.039000
142.394000 144.464000 2.070000
142.767000 145.068000 2.301000
143.203000 145.083000 1.880000
143.468000 145.239000 1.771000
143.890000 145.254000 1.364000
143.922000 145.332000 1.410000
144.201000 145.472000 1.271000
144.324000 145.550000 1.226000
144.418000 145.626000 1.208000
144.774000 145.829000 1.055000
145.426000 146.033000 0.607000
145.472000 146.637000 1.165000
145.798000 146.683000 0.885000
145.845000 147.040000 1.195000
146.157000 147.601000 1.444000
146.375000 147.835000 1.460000
146.699000 147.898000 1.199000
146.978000 148.209000 1.231000
147.165000 148.441000 1.276000
147.180000 148.597000 1.417000
147.509000 149.543000 2.034000
148.007000 149.713000 1.706000
148.224000 149.852000 1.628000
148.984000 149.959000 0.975000
149.077000 150.022000 0.945000
149.404000 150.210000 0.806000
149.620000 150.434000 0.814000
149.898000 150.483000 0.585000
