client_9.log: seed=100, lambda=5.000000, T=150, total_pkts=673, total_drops=4
0.120000 1.466000 1.346000
1.030000 1.592000 0.562000
1.703000 2.043000 0.340000
2.074000 2.120000 0.046000
2.215000 2.324000 0.109000
2.277000 2.479000 0.202000
2.495000 2.713000 0.218000
2.558000 2.744000 0.186000
3.153000 3.200000 0.047000
3.232000 3.294000 0.062000
3.598000 3.955000 0.357000
3.675000 3.987000 0.312000
3.690000 4.066000 0.376000
3.801000 4.209000 0.408000
3.939000 4.457000 0.518000
4.161000 5.304000 1.143000
4.347000 5.784000 1.437000
4.785000 5.990000 1.205000
5.480000 6.379000 0.899000
5.560000 6.751000 1.191000
5.848000 6.767000 0.919000
6.006000 6.937000 0.931000
6.317000 7.371000 1.054000
6.471000 8.453000 1.982000
6.797000 9.400000 2.603000
7.217000 9.606000 2.389000
7.279000 9.733000 2.454000
7.310000 9.856000 2.546000
7.527000 9.966000 2.439000
7.588000 10.073000 2.485000
7.929000 10.446000 2.517000
8.221000 10.538000 2.317000
8.361000 10.709000 2.348000
8.499000 10.927000 2.428000
9.090000 11.504000 2.414000
9.199000 11.613000 2.414000
9.307000 11.675000 2.368000
9.323000 11.721000 2.398000
9.733000 11.862000 2.129000
9.950000 12.102000 2.152000
10.073000 12.134000 2.061000
10.274000 12.211000 1.937000
10.306000 12.227000 1.921000
10.538000 12.242000 1.704000
10.678000 12.366000 1.688000
10.833000 12.767000 1.934000
11.474000 12.927000 1.453000
11.721000 13.224000 1.503000
11.847000 13.256000 1.409000
12.086000 13.582000 1.496000
12.274000 13.646000 1.372000
12.305000 13.694000 1.389000
12.443000 13.694000 1.251000
12.567000 13.694000 1.127000
12.943000 13.804000 0.861000
13.098000 13.994000 0.896000
13.709000 14.260000 0.551000
13.916000 14.514000 0.598000
14.530000 14.578000 0.048000
14.546000 15.332000 0.786000
14.906000 15.538000 0.632000
14.967000 16.019000 1.052000
15.093000 16.097000 1.004000
15.300000 16.686000 1.386000
15.553000 17.642000 2.089000
15.708000 17.673000 1.965000
15.863000 17.940000 2.077000
16.438000 18.205000 1.767000
16.856000 18.314000 1.458000
16.888000 18.393000 1.505000
17.156000 18.439000 1.283000
17.514000 18.517000 1.003000
17.578000 18.671000 1.093000
17.800000 19.001000 1.201000
18.346000 19.063000 0.717000
18.609000 19.217000 0.608000
18.687000 19.374000 0.687000
18.828000 19.390000 0.562000
19.155000 19.452000 0.297000
19.468000 19.921000 0.453000
19.637000 20.030000 0.393000
19.779000 20.233000 0.454000
19.779000 20.296000 0.517000
19.827000 20.408000 0.581000
19.859000 20.520000 0.661000
19.999000 20.726000 0.727000
20.155000 21.107000 0.952000
20.233000 21.408000 1.175000
20.726000 21.583000 0.857000
20.934000 21.630000 0.696000
21.503000 21.769000 0.266000
21.583000 21.785000 0.202000
21.800000 21.863000 0.063000
21.863000 22.084000 0.221000
21.975000 22.443000 0.468000
22.163000 22.536000 0.373000
22.288000 22.678000 0.390000
22.536000 23.238000 0.702000
23.478000 23.558000 0.080000
23.558000 23.702000 0.144000
23.638000 24.094000 0.456000
23.702000 24.110000 0.408000
23.718000 24.502000 0.784000
23.782000 24.533000 0.751000
24.253000 24.609000 0.356000
24.720000 24.972000 0.252000
24.844000 25.148000 0.304000
25.100000 25.692000 0.592000
25.226000 25.707000 0.481000
25.351000 25.784000 0.433000
25.490000 26.174000 0.684000
25.552000 26.205000 0.653000
25.816000 26.251000 0.435000
26.002000 26.359000 0.357000
26.487000 26.833000 0.346000
26.551000 27.192000 0.641000
26.942000 27.238000 0.296000
27.827000 27.983000 0.156000
28.109000 28.483000 0.374000
28.436000 28.623000 0.187000
28.654000 28.731000 0.077000
28.935000 29.120000 0.185000
28.996000 29.386000 0.390000
29.136000 29.509000 0.373000
29.198000 29.586000 0.388000
29.322000 29.648000 0.326000
29.712000 29.790000 0.078000
30.376000 30.531000 0.155000
30.546000 30.968000 0.422000
30.577000 31.171000 0.594000
30.734000 31.218000 0.484000
31.046000 31.898000 0.852000
31.233000 32.038000 0.805000
31.310000 32.130000 0.820000
31.681000 32.303000 0.622000
31.774000 32.769000 0.995000
32.100000 32.784000 0.684000
32.303000 32.815000 0.512000
32.489000 32.940000 0.451000
32.599000 33.157000 0.558000
32.691000 33.313000 0.622000
32.877000 33.513000 0.636000
33.282000 33.560000 0.278000
33.390000 33.793000 0.403000
33.747000 33.964000 0.217000
33.777000 34.227000 0.450000
34.259000 34.274000 0.015000
34.290000 34.539000 0.249000
34.415000 34.602000 0.187000
34.524000 34.727000 0.203000
34.881000 35.221000 0.340000
35.300000 35.362000 0.062000
35.346000 35.408000 0.062000
35.536000 35.722000 0.186000
35.878000 36.018000 0.140000
36.048000 36.079000 0.031000
36.190000 36.919000 0.729000
36.267000 36.934000 0.667000
36.343000 37.058000 0.715000
37.183000 37.791000 0.608000
37.869000 37.997000 0.128000
38.173000 38.500000 0.327000
38.220000 38.547000 0.327000
38.236000 38.655000 0.419000
38.328000 38.747000 0.419000
38.422000 39.073000 0.651000
38.640000 39.120000 0.480000
38.763000 39.539000 0.776000
38.949000 39.990000 1.041000
39.259000 40.053000 0.794000
39.337000 40.299000 0.962000
40.130000 40.314000 0.184000
40.146000 40.578000 0.432000
40.314000 40.796000 0.482000
40.345000 41.200000 0.855000
40.468000 41.277000 0.809000
40.874000 41.323000 0.449000
41.247000 41.401000 0.154000
41.355000 41.510000 0.155000
41.463000 41.571000 0.108000
41.510000 41.852000 0.342000
41.649000 42.253000 0.604000
41.759000 43.544000 1.785000
41.868000 44.115000 2.247000
42.099000 44.162000 2.063000
42.269000 44.208000 1.939000
42.362000 44.534000 2.172000
42.877000 44.969000 2.092000
43.109000 45.093000 1.984000
43.202000 45.947000 2.745000
43.342000 46.382000 3.040000
43.821000 46.552000 2.731000
44.084000 46.614000 2.530000
44.146000 46.691000 2.545000
44.394000 46.815000 2.421000
44.488000 47.340000 2.852000
44.720000 47.512000 2.792000
44.984000 47.838000 2.854000
45.047000 47.916000 2.869000
45.622000 48.164000 2.542000
46.103000 48.335000 2.232000
46.119000 48.631000 2.512000
46.166000 48.755000 2.589000
46.212000 48.894000 2.682000
46.274000 48.987000 2.713000
46.289000 49.362000 3.073000
46.506000 49.502000 2.996000
46.691000 49.517000 2.826000
47.247000 49.594000 2.347000
47.294000 49.610000 2.316000
47.559000 49.952000 2.393000
48.164000 50.185000 2.021000
48.196000 50.542000 2.346000
48.227000 50.542000 2.315000
48.335000 50.713000 2.378000
48.412000 50.713000 2.301000
48.506000 51.190000 2.684000
48.693000 51.298000 2.605000
48.862000 51.782000 2.920000
49.034000 51.954000 2.920000
49.347000 51.969000 2.622000
49.517000 52.576000 3.059000
49.750000 52.606000 2.856000
50.294000 52.856000 2.562000
50.952000 53.167000 2.215000
51.360000 53.230000 1.870000
51.751000 53.418000 1.667000
51.844000 53.744000 1.900000
51.938000 53.852000 1.914000
52.576000 53.960000 1.384000
52.887000 54.130000 1.243000
52.934000 54.283000 1.349000
53.121000 54.391000 1.270000
53.573000 54.483000 0.910000
53.913000 54.529000 0.616000
53.960000 54.576000 0.616000
54.021000 54.686000 0.665000
54.021000 54.764000 0.743000
54.145000 54.887000 0.742000
54.176000 55.086000 0.910000
54.237000 55.430000 1.193000
54.361000 55.493000 1.132000
54.917000 55.619000 0.702000
54.963000 55.651000 0.688000
55.195000 55.945000 0.750000
55.320000 56.285000 0.965000
55.352000 56.393000 1.041000
55.414000 56.469000 1.055000
55.571000 56.579000 1.008000
55.730000 56.795000 1.065000
56.053000 56.950000 0.897000
56.424000 57.460000 1.036000
56.531000 57.522000 0.991000
57.042000 57.631000 0.589000
57.151000 57.739000 0.588000
57.214000 57.817000 0.603000
57.678000 57.865000 0.187000
57.959000 58.345000 0.386000
58.005000 58.469000 0.464000
58.051000 58.501000 0.450000
58.282000 58.532000 0.250000
58.609000 58.717000 0.108000
58.877000 58.955000 0.078000
58.987000 59.624000 0.637000
59.112000 59.717000 0.605000
59.220000 59.733000 0.513000
59.391000 59.968000 0.577000
59.546000 60.091000 0.545000
59.890000 60.340000 0.450000
60.107000 60.697000 0.590000
60.308000 61.147000 0.839000
60.324000 61.178000 0.854000
60.977000 61.224000 0.247000
61.115000 61.287000 0.172000
61.131000 61.675000 0.544000
61.147000 61.908000 0.761000
61.162000 62.418000 1.256000
61.521000 62.940000 1.419000
61.597000 63.033000 1.436000
61.629000 63.080000 1.451000
61.862000 63.204000 1.342000
62.249000 63.374000 1.125000
62.356000 63.558000 1.202000
62.572000 63.804000 1.232000
62.787000 63.962000 1.175000
63.080000 64.102000 1.022000
63.234000 64.491000 1.257000
63.946000 64.724000 0.778000
64.352000 64.786000 0.434000
64.584000 65.019000 0.435000
64.600000 65.065000 0.465000
64.708000 65.081000 0.373000
64.880000 65.113000 0.233000
64.942000 65.189000 0.247000
65.429000 65.677000 0.248000
65.849000 65.864000 0.015000
66.006000 66.427000 0.421000
66.101000 66.986000 0.885000
66.302000 67.048000 0.746000
66.411000 67.188000 0.777000
66.537000 67.297000 0.760000
66.646000 67.313000 0.667000
66.925000 67.842000 0.917000
67.126000 67.873000 0.747000
67.297000 67.966000 0.669000
68.221000 68.453000 0.232000
68.500000 68.965000 0.465000
68.810000 69.104000 0.294000
69.342000 69.651000 0.309000
69.776000 70.024000 0.248000
70.182000 70.213000 0.031000
70.370000 70.493000 0.123000
70.432000 70.585000 0.153000
70.696000 71.130000 0.434000
70.835000 71.286000 0.451000
70.912000 71.488000 0.576000
70.975000 71.628000 0.653000
71.161000 71.674000 0.513000
71.208000 71.814000 0.606000
71.270000 72.018000 0.748000
71.347000 72.095000 0.748000
71.393000 72.234000 0.841000
71.596000 72.342000 0.746000
71.628000 72.528000 0.900000
71.814000 73.568000 1.754000
71.925000 73.646000 1.721000
72.080000 74.111000 2.031000
72.466000 74.220000 1.754000
72.841000 74.251000 1.410000
72.964000 74.405000 1.441000
72.980000 74.468000 1.488000
73.073000 74.622000 1.549000
73.135000 74.825000 1.690000
73.474000 74.887000 1.413000
73.724000 75.011000 1.287000
74.220000 75.229000 1.009000
74.344000 75.244000 0.900000
74.421000 75.338000 0.917000
74.747000 75.696000 0.949000
74.809000 75.897000 1.088000
75.027000 76.303000 1.276000
75.135000 76.364000 1.229000
75.182000 76.379000 1.197000
75.306000 76.486000 1.180000
75.774000 77.214000 1.440000
75.805000 77.444000 1.639000
75.820000 78.033000 2.213000
76.022000 78.127000 2.105000
76.224000 78.545000 2.321000
76.271000 78.592000 2.321000
76.287000 78.623000 2.336000
76.318000 78.733000 2.415000
76.518000 78.811000 2.293000
76.625000 78.842000 2.217000
76.641000 79.692000 3.051000
77.276000 80.111000 2.835000
77.600000 80.191000 2.591000
77.924000 80.300000 2.376000
77.939000 80.607000 2.668000
78.096000 81.154000 3.058000
78.266000 81.514000 3.248000
78.639000 81.608000 2.969000
78.966000 81.825000 2.859000
79.090000 82.059000 2.969000
79.353000 82.265000 2.912000
79.677000 82.359000 2.682000
79.938000 82.405000 2.467000
80.637000 82.451000 1.814000
80.700000 82.589000 1.889000
80.857000 82.697000 1.840000
81.076000 82.745000 1.669000
81.340000 82.776000 1.436000
81.371000 83.163000 1.792000
81.466000 83.258000 1.792000
82.497000 83.445000 0.948000
82.574000 83.724000 1.150000
82.651000 84.129000 1.478000
82.853000 84.175000 1.322000
83.491000 84.719000 1.228000
83.896000 84.890000 0.994000
84.098000 85.015000 0.917000
84.205000 85.263000 1.058000
84.750000 85.386000 0.636000
84.970000 85.696000 0.726000
85.123000 85.930000 0.807000
85.232000 86.381000 1.149000
85.294000 86.428000 1.134000
85.665000 86.833000 1.168000
86.256000 87.099000 0.843000
87.206000 87.268000 0.062000
87.316000 87.347000 0.031000
87.332000 87.409000 0.077000
87.834000 87.895000 0.061000
88.034000 88.143000 0.109000
88.206000 88.424000 0.218000
88.238000 88.469000 0.231000
88.284000 88.765000 0.481000
88.378000 88.796000 0.418000
88.484000 89.105000 0.621000
88.842000 89.384000 0.542000
88.982000 89.508000 0.526000
89.121000 89.524000 0.403000
89.337000 90.113000 0.776000
89.925000 90.624000 0.699000
90.284000 90.764000 0.480000
90.300000 90.934000 0.634000
90.361000 91.417000 1.056000
90.748000 91.695000 0.947000
90.826000 91.726000 0.900000
91.028000 92.021000 0.993000
91.370000 92.408000 1.038000
91.679000 92.828000 1.149000
92.052000 92.843000 0.791000
92.177000 93.354000 1.177000
92.208000 93.968000 1.760000
92.672000 94.540000 1.868000
92.905000 94.758000 1.853000
93.184000 94.790000 1.606000
93.615000 94.978000 1.363000
93.691000 95.147000 1.456000
93.768000 95.162000 1.394000
94.168000 95.209000 1.041000
94.478000 95.348000 0.870000
94.680000 95.394000 0.714000
94.758000 95.472000 0.714000
94.884000 95.659000 0.775000
95.550000 95.936000 0.386000
95.659000 97.027000 1.368000
95.798000 97.168000 1.370000
96.155000 97.183000 1.028000
96.326000 97.370000 1.044000
96.466000 97.664000 1.198000
96.482000 97.772000 1.290000
96.716000 98.050000 1.334000
97.276000 98.128000 0.852000
97.322000 98.143000 0.821000
97.772000 98.315000 0.543000
98.300000 98.345000 0.045000
98.407000 99.404000 0.997000
98.659000 99.420000 0.761000
98.906000 99.530000 0.624000
98.953000 99.591000 0.638000
99.000000 99.714000 0.714000
99.187000 100.118000 0.931000
99.280000 100.428000 1.148000
99.545000 100.632000 1.087000
99.591000 101.735000 2.144000
99.915000 101.922000 2.007000
100.288000 102.422000 2.134000
100.709000 102.514000 1.805000
100.927000 102.560000 1.633000
100.988000 103.120000 2.132000
101.316000 103.167000 1.851000
101.441000 103.260000 1.819000
101.672000 103.338000 1.666000
101.735000 103.385000 1.650000
101.750000 103.524000 1.774000
102.064000 103.601000 1.537000
102.188000 104.005000 1.817000
102.437000 104.082000 1.645000
103.042000 104.160000 1.118000
103.260000 104.222000 0.962000
103.431000 104.920000 1.489000
103.974000 104.951000 0.977000
104.176000 105.043000 0.867000
104.268000 105.121000 0.853000
104.439000 105.618000 1.179000
104.455000 105.743000 1.288000
105.306000 105.758000 0.452000
105.509000 106.333000 0.824000
105.539000 106.597000 1.058000
105.665000 106.986000 1.321000
105.835000 107.002000 1.167000
105.882000 107.112000 1.230000
105.976000 107.360000 1.384000
106.567000 107.391000 0.824000
106.986000 107.594000 0.608000
107.360000 107.670000 0.310000
107.391000 107.982000 0.591000
107.486000 108.356000 0.870000
108.014000 108.652000 0.638000
108.433000 108.794000 0.361000
108.982000 109.014000 0.032000
109.014000 109.467000 0.453000
109.467000 109.499000 0.032000
109.483000 109.669000 0.186000
109.499000 110.182000 0.683000
109.514000 110.244000 0.730000
109.841000 110.607000 0.766000
110.166000 110.623000 0.457000
110.228000 110.685000 0.457000
110.845000 110.877000 0.032000
111.067000 111.393000 0.326000
111.254000 111.549000 0.295000
111.913000 113.044000 1.131000
111.944000 113.105000 1.161000
112.006000 113.540000 1.534000
112.128000 113.727000 1.599000
112.237000 113.974000 1.737000
112.469000 113.989000 1.520000
112.579000 114.655000 2.076000
112.610000 114.934000 2.324000
112.734000 115.276000 2.542000
112.951000 115.569000 2.618000
115.569000 0.000000 0.000000
115.708000 0.000000 0.000000
115.848000 0.000000 0.000000
113.431000 115.956000 2.525000
113.447000 116.066000 2.619000
116.066000 0.000000 0.000000
113.650000 116.097000 2.447000
113.666000 116.113000 2.447000
113.927000 116.454000 2.527000
114.133000 116.516000 2.383000
114.149000 116.610000 2.461000
114.261000 116.702000 2.441000
114.733000 116.732000 1.999000
114.904000 116.902000 1.998000
114.919000 116.934000 2.015000
115.245000 117.028000 1.783000
115.477000 117.418000 1.941000
115.523000 117.510000 1.987000
115.538000 117.634000 2.096000
115.614000 117.821000 2.207000
116.018000 117.837000 1.819000
116.221000 117.961000 1.740000
116.484000 118.085000 1.601000
116.918000 118.224000 1.306000
117.403000 118.503000 1.100000
117.634000 118.691000 1.057000
117.681000 118.909000 1.228000
118.007000 119.578000 1.571000
118.023000 119.623000 1.600000
118.132000 119.950000 1.818000
118.551000 120.496000 1.945000
118.909000 120.698000 1.789000
119.531000 120.807000 1.276000
120.340000 121.337000 0.997000
120.963000 121.662000 0.699000
121.072000 122.034000 0.962000
121.414000 122.128000 0.714000
121.445000 122.299000 0.854000
121.724000 122.409000 0.685000
122.283000 122.487000 0.204000
122.662000 122.832000 0.170000
122.817000 122.910000 0.093000
122.847000 123.096000 0.249000
123.080000 123.143000 0.063000
123.428000 123.538000 0.110000
123.615000 123.940000 0.325000
123.707000 123.955000 0.248000
123.800000 123.985000 0.185000
124.112000 124.312000 0.200000
124.128000 124.327000 0.199000
124.175000 124.670000 0.495000
124.267000 124.700000 0.433000
124.577000 124.825000 0.248000
124.809000 124.997000 0.188000
124.841000 125.090000 0.249000
124.887000 125.169000 0.282000
125.153000 125.775000 0.622000
125.277000 126.039000 0.762000
125.369000 126.319000 0.950000
125.494000 126.507000 1.013000
125.572000 126.538000 0.966000
126.055000 126.615000 0.560000
126.086000 126.693000 0.607000
126.211000 126.724000 0.513000
126.818000 127.019000 0.201000
126.833000 127.206000 0.373000
126.911000 127.237000 0.326000
126.972000 127.486000 0.514000
127.175000 127.687000 0.512000
127.330000 127.812000 0.482000
127.362000 128.030000 0.668000
127.656000 128.092000 0.436000
128.140000 128.202000 0.062000
128.676000 128.752000 0.076000
128.706000 128.815000 0.109000
128.862000 129.268000 0.406000
129.049000 129.591000 0.542000
129.096000 129.856000 0.760000
129.438000 129.948000 0.510000
129.762000 129.980000 0.218000
129.918000 130.183000 0.265000
129.964000 130.322000 0.358000
129.996000 130.775000 0.779000
130.183000 130.806000 0.623000
130.230000 131.135000 0.905000
130.322000 131.276000 0.954000
130.665000 131.368000 0.703000
131.012000 131.538000 0.526000
131.508000 131.615000 0.107000
131.871000 132.353000 0.482000
131.981000 132.862000 0.881000
132.028000 133.390000 1.362000
132.121000 134.119000 1.998000
132.168000 134.339000 2.171000
132.214000 134.586000 2.372000
132.229000 134.666000 2.437000
132.291000 135.070000 2.779000
132.660000 135.256000 2.596000
132.738000 135.800000 3.062000
133.452000 135.893000 2.441000
133.529000 135.970000 2.441000
133.653000 136.298000 2.645000
133.762000 136.376000 2.614000
134.041000 136.484000 2.443000
134.134000 136.578000 2.444000
134.493000 136.702000 2.209000
134.900000 137.165000 2.265000
135.149000 137.290000 2.141000
135.552000 137.894000 2.342000
135.583000 137.910000 2.327000
135.847000 138.065000 2.218000
135.955000 138.081000 2.126000
136.033000 138.159000 2.126000
136.376000 138.298000 1.922000
136.980000 138.376000 1.396000
137.026000 138.454000 1.428000
137.337000 138.656000 1.319000
137.384000 138.858000 1.474000
137.678000 139.463000 1.785000
137.879000 139.508000 1.629000
138.174000 139.867000 1.693000
138.423000 140.441000 2.018000
138.593000 140.677000 2.084000
138.609000 140.739000 2.130000
138.919000 141.049000 2.130000
139.400000 141.283000 1.883000
139.618000 141.438000 1.820000
140.332000 142.390000 2.058000
140.426000 142.563000 2.137000
140.739000 142.704000 1.965000
140.940000 142.814000 1.874000
141.205000 142.877000 1.672000
141.314000 143.067000 1.753000
141.438000 143.289000 1.851000
141.545000 143.337000 1.792000
141.762000 143.353000 1.591000
141.918000 143.448000 1.530000
142.343000 143.448000 1.105000
142.359000 144.044000 1.685000
142.925000 144.169000 1.244000
142.956000 144.200000 1.244000
143.227000 144.402000 1.175000
143.480000 144.654000 1.174000
143.511000 144.917000 1.406000
143.541000 145.649000 2.108000
143.761000 145.759000 1.998000
143.809000 145.947000 2.138000
143.887000 146.746000 2.859000
144.059000 147.446000 3.387000
144.670000 147.615000 2.945000
144.747000 147.646000 2.899000
144.856000 147.662000 2.806000
145.103000 147.848000 2.745000
145.306000 147.926000 2.620000
145.791000 148.034000 2.243000
145.947000 148.080000 2.133000
146.355000 148.112000 1.757000
146.403000 148.235000 1.832000
146.464000 148.343000 1.879000
146.700000 148.857000 2.157000
146.948000 148.918000 1.970000
147.725000 149.088000 1.363000
147.941000 149.196000 1.255000
148.498000 149.305000 0.807000
148.575000 149.430000 0.855000
148.747000 149.476000 0.729000
149.367000 149.571000 0.204000
149.430000 149.790000 0.360000
149.884000 150.811000 0.927000
