client_1.log: seed=100, lambda=4.600000, T=150, total_pkts=626, total_drops=0
0.142000 1.491000 1.349000
1.134000 1.616000 0.482000
1.855000 2.184000 0.329000
2.260000 2.307000 0.047000
2.417000 2.525000 0.108000
2.493000 2.681000 0.188000
2.729000 2.948000 0.219000
2.791000 2.979000 0.188000
3.434000 3.480000 0.046000
3.512000 3.574000 0.062000
3.899000 4.256000 0.357000
3.978000 4.288000 0.310000
3.993000 4.365000 0.372000
4.117000 4.505000 0.388000
4.272000 4.754000 0.482000
4.505000 5.594000 1.089000
4.708000 6.075000 1.367000
5.188000 6.276000 1.088000
5.950000 6.664000 0.714000
6.044000 7.038000 0.994000
6.368000 7.054000 0.686000
6.539000 7.225000 0.686000
6.883000 7.659000 0.776000
7.054000 8.744000 1.690000
7.410000 9.694000 2.284000
7.860000 9.896000 2.036000
7.923000 10.035000 2.112000
7.953000 10.160000 2.207000
8.187000 10.268000 2.081000
8.249000 10.376000 2.127000
8.605000 10.749000 2.144000
8.932000 10.843000 1.911000
9.089000 11.015000 1.926000
9.230000 11.230000 2.000000
9.864000 11.805000 1.941000
9.974000 11.914000 1.940000
10.083000 11.976000 1.893000
10.098000 12.022000 1.924000
10.532000 12.166000 1.634000
10.765000 12.417000 1.652000
10.891000 12.447000 1.556000
11.107000 12.524000 1.417000
11.138000 12.540000 1.402000
11.385000 12.569000 1.184000
11.524000 12.693000 1.169000
11.696000 13.096000 1.400000
12.386000 13.252000 0.866000
12.646000 13.548000 0.902000
12.785000 13.579000 0.794000
13.035000 13.903000 0.868000
13.236000 13.964000 0.728000
13.268000 14.010000 0.742000
13.532000 14.010000 0.478000
13.409000 14.010000 0.601000
13.934000 14.120000 0.186000
14.104000 14.322000 0.218000
14.778000 15.043000 0.265000
14.995000 15.292000 0.297000
15.659000 15.705000 0.046000
15.675000 16.467000 0.792000
16.064000 16.668000 0.604000
16.127000 17.146000 1.019000
16.264000 17.224000 0.960000
16.499000 17.814000 1.315000
16.778000 18.775000 1.997000
16.946000 18.805000 1.859000
17.115000 19.069000 1.954000
17.735000 19.334000 1.599000
18.183000 19.442000 1.259000
18.214000 19.519000 1.305000
18.510000 19.566000 1.056000
18.899000 19.645000 0.746000
18.975000 19.801000 0.826000
19.209000 20.125000 0.916000
19.785000 20.188000 0.403000
20.079000 20.343000 0.264000
20.172000 20.514000 0.342000
20.327000 20.529000 0.202000
20.673000 20.735000 0.062000
21.018000 21.470000 0.452000
21.205000 21.579000 0.374000
21.346000 21.782000 0.436000
21.346000 21.845000 0.499000
21.408000 21.953000 0.545000
21.439000 22.077000 0.638000
21.594000 22.295000 0.701000
21.751000 22.684000 0.933000
21.845000 22.995000 1.150000
22.388000 23.181000 0.793000
22.606000 23.229000 0.623000
23.229000 23.369000 0.140000
23.321000 23.385000 0.064000
23.545000 23.607000 0.062000
23.607000 23.825000 0.218000
23.731000 24.184000 0.453000
23.934000 24.277000 0.343000
24.075000 24.432000 0.357000
24.339000 24.993000 0.654000
25.355000 25.433000 0.078000
25.448000 25.589000 0.141000
25.527000 25.977000 0.450000
25.604000 25.993000 0.389000
25.620000 26.394000 0.774000
25.698000 26.425000 0.727000
26.207000 26.502000 0.295000
26.723000 26.975000 0.252000
26.849000 27.159000 0.310000
27.129000 27.705000 0.576000
27.267000 27.720000 0.453000
27.393000 27.798000 0.405000
27.548000 28.183000 0.635000
27.626000 28.214000 0.588000
27.908000 28.260000 0.352000
28.121000 28.369000 0.248000
28.641000 28.983000 0.342000
28.703000 29.340000 0.637000
29.122000 29.387000 0.265000
30.075000 30.228000 0.153000
30.384000 30.771000 0.387000
30.740000 30.912000 0.172000
30.976000 31.039000 0.063000
31.276000 31.464000 0.188000
31.339000 31.728000 0.389000
31.495000 31.851000 0.356000
31.572000 31.928000 0.356000
31.712000 31.991000 0.279000
32.135000 32.213000 0.078000
32.858000 33.013000 0.155000
33.044000 33.463000 0.419000
33.090000 33.665000 0.575000
33.260000 33.713000 0.453000
33.602000 34.395000 0.793000
33.806000 34.536000 0.730000
33.898000 34.629000 0.731000
34.301000 34.814000 0.513000
34.395000 35.280000 0.885000
34.752000 35.296000 0.544000
34.968000 35.328000 0.360000
35.171000 35.453000 0.282000
35.280000 35.672000 0.392000
35.375000 35.826000 0.451000
35.579000 36.028000 0.449000
36.013000 36.074000 0.061000
36.121000 36.355000 0.234000
36.512000 36.682000 0.170000
36.559000 36.943000 0.384000
37.070000 37.086000 0.016000
37.116000 37.361000 0.245000
37.238000 37.423000 0.185000
37.361000 37.548000 0.187000
37.756000 38.096000 0.340000
38.208000 38.271000 0.063000
38.255000 38.317000 0.062000
38.461000 38.650000 0.189000
38.824000 38.963000 0.139000
39.009000 39.040000 0.031000
39.166000 39.895000 0.729000
39.243000 39.911000 0.668000
39.320000 40.035000 0.715000
40.223000 40.829000 0.606000
40.971000 41.109000 0.138000
41.298000 41.638000 0.340000
41.346000 41.685000 0.339000
41.361000 41.778000 0.417000
41.453000 41.873000 0.420000
41.560000 42.199000 0.639000
41.794000 42.246000 0.452000
41.920000 42.665000 0.745000
42.120000 43.116000 0.996000
42.464000 43.179000 0.715000
42.542000 43.414000 0.872000
43.398000 43.430000 0.032000
43.414000 43.692000 0.278000
43.599000 43.924000 0.325000
43.630000 44.328000 0.698000
43.754000 44.405000 0.651000
44.203000 44.452000 0.249000
44.610000 44.688000 0.078000
44.736000 44.846000 0.110000
44.846000 44.908000 0.062000
44.908000 45.187000 0.279000
45.063000 45.576000 0.513000
45.172000 46.864000 1.692000
45.296000 47.435000 2.139000
45.544000 47.482000 1.938000
45.718000 47.528000 1.810000
45.826000 47.840000 2.014000
46.384000 48.274000 1.890000
46.632000 48.398000 1.766000
46.740000 49.254000 2.514000
46.895000 49.689000 2.794000
47.420000 49.860000 2.440000
47.699000 49.922000 2.223000
47.762000 49.999000 2.237000
48.025000 50.123000 2.098000
48.134000 50.653000 2.519000
48.383000 50.823000 2.440000
48.678000 51.149000 2.471000
48.740000 51.226000 2.486000
49.363000 51.474000 2.111000
49.891000 51.644000 1.753000
49.907000 51.941000 2.034000
49.953000 52.065000 2.112000
49.999000 52.206000 2.207000
50.076000 52.314000 2.238000
50.091000 52.684000 2.593000
50.326000 52.825000 2.499000
50.527000 52.840000 2.313000
51.134000 52.918000 1.784000
51.196000 52.934000 1.738000
51.489000 53.271000 1.782000
52.143000 53.504000 1.361000
52.175000 53.860000 1.685000
52.206000 53.860000 1.654000
52.314000 54.018000 1.704000
52.391000 54.018000 1.627000
52.499000 54.483000 1.984000
52.700000 54.591000 1.891000
52.886000 55.070000 2.184000
53.071000 55.242000 2.171000
53.412000 55.257000 1.845000
53.597000 55.875000 2.278000
53.860000 55.906000 2.046000
54.452000 56.155000 1.703000
55.164000 56.466000 1.302000
55.596000 56.528000 0.932000
56.031000 56.713000 0.682000
56.124000 57.039000 0.915000
56.218000 57.147000 0.929000
56.913000 57.256000 0.343000
57.241000 57.428000 0.187000
57.287000 57.583000 0.296000
57.490000 57.693000 0.203000
57.977000 58.069000 0.092000
58.352000 58.397000 0.045000
58.397000 58.444000 0.047000
58.459000 58.568000 0.109000
58.459000 58.646000 0.187000
58.584000 58.770000 0.186000
58.615000 58.973000 0.358000
58.677000 59.314000 0.637000
58.818000 59.376000 0.558000
59.408000 59.532000 0.124000
59.470000 59.563000 0.093000
59.723000 60.016000 0.293000
59.848000 60.358000 0.510000
59.878000 60.467000 0.589000
59.940000 60.544000 0.604000
60.124000 60.653000 0.529000
60.296000 60.873000 0.577000
60.637000 61.026000 0.389000
61.026000 61.538000 0.512000
61.134000 61.599000 0.465000
61.676000 61.783000 0.107000
61.798000 61.907000 0.109000
61.860000 61.985000 0.125000
62.377000 62.423000 0.046000
62.688000 63.076000 0.388000
62.734000 63.200000 0.466000
62.781000 63.231000 0.450000
63.029000 63.262000 0.233000
63.373000 63.481000 0.108000
63.655000 63.733000 0.078000
63.764000 64.401000 0.637000
63.903000 64.495000 0.592000
64.011000 64.511000 0.500000
64.198000 64.744000 0.546000
64.370000 64.868000 0.498000
64.744000 65.116000 0.372000
64.976000 65.475000 0.499000
65.193000 65.924000 0.731000
65.208000 65.954000 0.746000
65.908000 66.001000 0.093000
66.065000 66.128000 0.063000
66.081000 66.502000 0.421000
66.096000 66.735000 0.639000
66.112000 67.247000 1.135000
66.502000 67.775000 1.273000
66.579000 67.868000 1.289000
66.610000 67.914000 1.304000
66.859000 68.037000 1.178000
67.278000 68.210000 0.932000
67.388000 68.398000 1.010000
67.621000 68.645000 1.024000
67.853000 68.799000 0.946000
68.179000 68.938000 0.759000
68.336000 69.325000 0.989000
69.109000 69.558000 0.449000
69.558000 69.620000 0.062000
69.808000 70.054000 0.246000
69.823000 70.100000 0.277000
69.931000 70.115000 0.184000
70.115000 70.147000 0.032000
70.179000 70.255000 0.076000
70.710000 70.959000 0.249000
71.165000 71.181000 0.016000
71.336000 71.757000 0.421000
71.446000 72.303000 0.857000
71.665000 72.366000 0.701000
71.789000 72.505000 0.716000
71.929000 72.614000 0.685000
72.038000 72.629000 0.591000
72.350000 73.158000 0.808000
72.567000 73.189000 0.622000
72.753000 73.282000 0.529000
73.756000 73.987000 0.231000
74.064000 74.529000 0.465000
74.389000 74.668000 0.279000
74.967000 75.276000 0.309000
75.435000 75.697000 0.262000
75.888000 75.919000 0.031000
76.093000 76.216000 0.123000
76.170000 76.310000 0.140000
76.450000 76.886000 0.436000
76.605000 77.042000 0.437000
76.683000 77.243000 0.560000
76.760000 77.383000 0.623000
76.964000 77.430000 0.466000
77.011000 77.570000 0.559000
77.074000 77.771000 0.697000
77.152000 77.849000 0.697000
77.197000 77.988000 0.791000
77.415000 78.096000 0.681000
77.460000 78.285000 0.825000
77.648000 79.324000 1.676000
77.771000 79.401000 1.630000
77.941000 79.869000 1.928000
78.363000 79.964000 1.601000
78.768000 79.995000 1.227000
78.891000 80.149000 1.258000
78.907000 80.212000 1.305000
79.018000 80.352000 1.334000
79.079000 80.555000 1.476000
79.448000 80.617000 1.169000
79.727000 80.741000 1.014000
80.274000 80.958000 0.684000
80.414000 80.974000 0.560000
80.508000 81.067000 0.559000
80.866000 81.426000 0.560000
80.927000 81.631000 0.704000
81.161000 82.049000 0.888000
81.270000 82.111000 0.841000
81.332000 82.127000 0.795000
81.458000 82.236000 0.778000
81.970000 82.965000 0.995000
82.002000 83.198000 1.196000
82.018000 83.789000 1.771000
82.236000 83.883000 1.647000
82.452000 84.301000 1.849000
82.498000 84.348000 1.850000
82.514000 84.379000 1.865000
82.546000 84.488000 1.942000
82.764000 84.565000 1.801000
82.890000 84.596000 1.706000
82.905000 85.451000 2.546000
83.603000 85.868000 2.265000
83.962000 85.945000 1.983000
84.317000 86.053000 1.736000
84.348000 86.365000 2.017000
84.518000 86.909000 2.391000
84.707000 87.265000 2.558000
85.110000 87.374000 2.264000
85.466000 87.591000 2.125000
85.590000 87.822000 2.232000
85.868000 88.024000 2.156000
86.208000 88.118000 1.910000
86.490000 88.165000 1.675000
87.250000 88.212000 0.962000
87.312000 88.353000 1.041000
87.483000 88.461000 0.978000
87.714000 88.508000 0.794000
87.993000 88.539000 0.546000
88.024000 88.927000 0.903000
88.134000 89.020000 0.886000
89.256000 89.440000 0.184000
89.333000 89.721000 0.388000
89.425000 90.126000 0.701000
89.643000 90.172000 0.529000
90.332000 90.890000 0.558000
90.765000 91.059000 0.294000
90.997000 91.184000 0.187000
91.105000 91.435000 0.330000
91.705000 91.829000 0.124000
91.954000 92.266000 0.312000
92.125000 92.499000 0.374000
92.234000 92.948000 0.714000
92.296000 92.995000 0.699000
92.700000 93.399000 0.699000
93.352000 93.662000 0.310000
94.385000 94.433000 0.048000
94.513000 94.544000 0.031000
94.544000 94.606000 0.062000
95.095000 95.156000 0.061000
95.299000 95.407000 0.108000
95.487000 95.705000 0.218000
95.518000 95.736000 0.218000
95.565000 96.046000 0.481000
95.675000 96.078000 0.403000
95.783000 96.387000 0.604000
96.171000 96.666000 0.495000
96.325000 96.789000 0.464000
96.480000 96.805000 0.325000
96.713000 97.396000 0.683000
97.349000 97.906000 0.557000
97.736000 98.047000 0.311000
97.751000 98.220000 0.469000
97.829000 98.698000 0.869000
98.252000 98.975000 0.723000
98.329000 99.006000 0.677000
98.544000 99.301000 0.757000
98.929000 99.690000 0.761000
99.270000 100.106000 0.836000
99.674000 100.121000 0.447000
99.797000 100.634000 0.837000
99.827000 101.256000 1.429000
100.323000 101.826000 1.503000
100.573000 102.043000 1.470000
100.866000 102.075000 1.209000
101.334000 102.261000 0.927000
101.411000 102.428000 1.017000
101.502000 102.444000 0.942000
101.934000 102.489000 0.555000
102.261000 102.629000 0.368000
102.474000 102.676000 0.202000
102.552000 102.754000 0.202000
102.692000 102.939000 0.247000
103.411000 103.690000 0.279000
103.520000 104.792000 1.272000
103.660000 104.931000 1.271000
104.047000 104.946000 0.899000
104.234000 105.133000 0.899000
104.388000 105.428000 1.040000
104.404000 105.537000 1.133000
104.652000 105.816000 1.164000
105.256000 105.894000 0.638000
105.303000 105.909000 0.606000
105.785000 106.080000 0.295000
106.346000 106.378000 0.032000
106.456000 107.445000 0.989000
106.737000 107.460000 0.723000
106.997000 107.569000 0.572000
107.059000 107.631000 0.572000
107.105000 107.755000 0.650000
107.306000 108.156000 0.850000
107.398000 108.464000 1.066000
107.678000 108.668000 0.990000
107.739000 109.769000 2.030000
108.095000 109.955000 1.860000
108.496000 110.467000 1.971000
108.947000 110.559000 1.612000
109.181000 110.605000 1.424000
109.243000 111.164000 1.921000
109.599000 111.211000 1.612000
109.739000 111.304000 1.565000
109.986000 111.383000 1.397000
110.048000 111.430000 1.382000
110.064000 111.570000 1.506000
110.406000 111.647000 1.241000
110.529000 112.048000 1.519000
110.792000 112.128000 1.336000
111.445000 112.205000 0.760000
111.678000 112.268000 0.590000
111.862000 112.965000 1.103000
112.468000 112.996000 0.528000
112.683000 113.088000 0.405000
112.776000 113.166000 0.390000
112.965000 113.664000 0.699000
112.981000 113.787000 0.806000
113.912000 113.927000 0.015000
114.131000 114.706000 0.575000
114.162000 114.969000 0.807000
114.301000 115.356000 1.055000
114.473000 115.372000 0.899000
114.519000 115.481000 0.962000
114.628000 115.728000 1.100000
115.279000 115.758000 0.479000
115.728000 115.973000 0.245000
116.131000 116.209000 0.078000
116.162000 116.519000 0.357000
116.256000 116.891000 0.635000
116.829000 117.185000 0.356000
117.295000 117.436000 0.141000
117.893000 117.924000 0.031000
117.924000 118.373000 0.449000
118.421000 118.452000 0.031000
118.437000 118.622000 0.185000
118.452000 119.136000 0.684000
118.468000 119.198000 0.730000
118.825000 119.553000 0.728000
119.182000 119.568000 0.386000
119.243000 119.629000 0.386000
119.912000 119.942000 0.030000
120.160000 120.483000 0.323000
120.359000 120.653000 0.294000
121.080000 122.208000 1.128000
121.111000 122.270000 1.159000
121.188000 122.705000 1.517000
121.327000 122.891000 1.564000
121.451000 123.137000 1.686000
121.714000 123.153000 1.439000
121.837000 123.819000 1.982000
121.868000 124.100000 2.232000
122.006000 124.440000 2.434000
122.239000 124.721000 2.482000
122.751000 125.107000 2.356000
122.767000 125.214000 2.447000
122.984000 125.245000 2.261000
122.999000 125.260000 2.261000
123.293000 125.586000 2.293000
123.511000 125.648000 2.137000
123.526000 125.742000 2.216000
123.649000 125.835000 2.186000
124.178000 125.866000 1.688000
124.363000 126.036000 1.673000
124.379000 126.067000 1.688000
124.736000 126.159000 1.423000
124.983000 126.551000 1.568000
125.045000 126.646000 1.601000
125.060000 126.771000 1.711000
125.092000 126.957000 1.865000
125.137000 126.972000 1.835000
125.245000 127.110000 1.865000
125.401000 127.233000 1.832000
125.586000 127.372000 1.786000
125.648000 127.653000 2.005000
125.820000 127.837000 2.017000
126.113000 128.053000 1.940000
126.582000 128.722000 2.140000
127.110000 128.768000 1.658000
127.372000 129.095000 1.723000
127.419000 129.634000 2.215000
127.776000 129.833000 2.057000
127.791000 129.942000 2.151000
127.915000 130.483000 2.568000
128.366000 130.808000 2.442000
128.753000 131.194000 2.441000
129.419000 131.288000 1.869000
130.284000 131.458000 1.174000
130.947000 131.566000 0.619000
131.071000 131.642000 0.571000
131.442000 131.811000 0.369000
131.473000 131.888000 0.415000
131.765000 132.075000 0.310000
132.357000 132.403000 0.046000
132.763000 132.870000 0.107000
132.918000 133.244000 0.326000
132.949000 133.259000 0.310000
133.197000 133.291000 0.094000
133.571000 133.773000 0.202000
133.773000 133.788000 0.015000
133.868000 134.206000 0.338000
133.960000 134.238000 0.278000
134.300000 134.425000 0.125000
134.316000 134.595000 0.279000
134.363000 134.702000 0.339000
134.456000 134.780000 0.324000
134.796000 135.402000 0.606000
135.045000 135.666000 0.621000
135.076000 135.945000 0.869000
135.123000 136.132000 1.009000
135.418000 136.164000 0.746000
135.556000 136.242000 0.686000
135.666000 136.319000 0.653000
135.805000 136.350000 0.545000
135.898000 136.537000 0.639000
136.412000 136.723000 0.311000
136.443000 136.754000 0.311000
136.583000 137.000000 0.417000
137.249000 137.450000 0.201000
137.265000 137.576000 0.311000
137.342000 137.794000 0.452000
137.404000 137.870000 0.466000
137.622000 137.932000 0.310000
137.794000 137.995000 0.201000
137.824000 138.057000 0.233000
138.149000 138.552000 0.403000
138.677000 138.999000 0.322000
139.266000 139.529000 0.263000
139.296000 139.607000 0.311000
139.466000 139.638000 0.172000
139.670000 139.886000 0.216000
139.716000 140.025000 0.309000
140.088000 140.538000 0.450000
140.429000 140.569000 0.140000
140.601000 140.927000 0.326000
140.648000 141.066000 0.418000
140.680000 141.158000 0.478000
140.880000 141.330000 0.450000
140.927000 141.407000 0.480000
141.020000 141.889000 0.869000
141.392000 142.397000 1.005000
141.765000 142.921000 1.156000
142.304000 143.651000 1.347000
142.706000 143.866000 1.160000
142.830000 144.113000 1.283000
142.875000 144.190000 1.315000
142.983000 144.593000 1.610000
143.029000 144.794000 1.765000
143.075000 145.336000 2.261000
143.091000 145.415000 2.324000
143.169000 145.493000 2.324000
143.574000 145.817000 2.243000
143.667000 145.896000 2.229000
144.438000 146.004000 1.566000
144.516000 146.097000 1.581000
144.640000 146.221000 1.581000
144.763000 146.686000 1.923000
145.058000 146.811000 1.753000
145.167000 147.417000 2.250000
145.554000 147.432000 1.878000
145.989000 147.588000 1.599000
146.267000 147.604000 1.337000
146.701000 147.682000 0.981000
146.732000 147.822000 1.090000
147.028000 147.899000 0.871000
147.152000 147.976000 0.824000
147.246000 148.177000 0.931000
147.619000 148.378000 0.759000
148.286000 148.981000 0.695000
148.333000 149.027000 0.694000
148.670000 149.386000 0.716000
148.717000 149.959000 1.242000
149.042000 150.193000 1.151000
149.260000 150.256000 0.996000
149.589000 150.572000 0.983000
149.867000 150.811000 0.944000
