client_7.log: seed=100, lambda=4.900000, T=150, total_pkts=664, total_drops=2
0.120000 1.471000 1.351000
1.045000 1.596000 0.551000
1.719000 2.058000 0.339000
2.088000 2.137000 0.049000
2.231000 2.340000 0.109000
2.293000 2.495000 0.202000
2.526000 2.745000 0.219000
2.589000 2.776000 0.187000
3.199000 3.245000 0.046000
3.276000 3.337000 0.061000
3.639000 3.997000 0.358000
3.717000 4.029000 0.312000
3.733000 4.107000 0.374000
3.842000 4.245000 0.403000
3.982000 4.496000 0.514000
4.199000 5.350000 1.151000
4.402000 5.833000 1.431000
4.852000 6.035000 1.183000
5.567000 6.425000 0.858000
5.660000 6.798000 1.138000
5.958000 6.814000 0.856000
6.113000 6.985000 0.872000
6.425000 7.419000 0.994000
6.581000 8.494000 1.913000
6.923000 9.453000 2.530000
7.357000 9.655000 2.298000
7.419000 9.795000 2.376000
7.450000 9.919000 2.469000
7.668000 10.028000 2.360000
7.730000 10.137000 2.407000
8.073000 10.509000 2.436000
8.384000 10.602000 2.218000
8.525000 10.773000 2.248000
8.665000 10.991000 2.326000
9.267000 11.566000 2.299000
9.376000 11.676000 2.300000
9.485000 11.737000 2.252000
9.500000 11.783000 2.283000
9.919000 11.923000 2.004000
10.137000 12.172000 2.035000
10.260000 12.203000 1.943000
10.477000 12.281000 1.804000
10.509000 12.297000 1.788000
10.742000 12.313000 1.571000
10.882000 12.438000 1.556000
11.038000 12.842000 1.804000
11.691000 12.998000 1.307000
11.939000 13.294000 1.355000
12.080000 13.325000 1.245000
12.313000 13.638000 1.325000
12.515000 13.700000 1.185000
12.546000 13.746000 1.200000
12.685000 13.746000 1.061000
12.810000 13.746000 0.936000
13.185000 13.856000 0.671000
13.341000 14.058000 0.717000
13.964000 14.334000 0.370000
14.165000 14.582000 0.417000
14.786000 14.833000 0.047000
14.802000 15.595000 0.793000
15.175000 15.798000 0.623000
15.238000 16.279000 1.041000
15.362000 16.357000 0.995000
15.579000 16.947000 1.368000
15.845000 17.902000 2.057000
16.016000 17.933000 1.917000
16.170000 18.197000 2.027000
16.746000 18.461000 1.715000
17.177000 18.570000 1.393000
17.208000 18.646000 1.438000
17.485000 18.693000 1.208000
17.855000 18.771000 0.916000
17.933000 18.927000 0.994000
18.165000 19.253000 1.088000
18.709000 19.315000 0.606000
18.989000 19.468000 0.479000
19.081000 19.625000 0.544000
19.238000 19.640000 0.402000
19.561000 19.703000 0.142000
19.878000 20.325000 0.447000
20.049000 20.433000 0.384000
20.186000 20.635000 0.449000
20.186000 20.698000 0.512000
20.248000 20.807000 0.559000
20.279000 20.932000 0.653000
20.418000 21.148000 0.730000
20.573000 21.534000 0.961000
20.651000 21.842000 1.191000
21.164000 22.028000 0.864000
21.366000 22.076000 0.710000
21.949000 22.215000 0.266000
22.044000 22.231000 0.187000
22.262000 22.323000 0.061000
22.323000 22.542000 0.219000
22.433000 22.899000 0.466000
22.634000 22.992000 0.358000
22.759000 23.147000 0.388000
23.007000 23.707000 0.700000
23.972000 24.049000 0.077000
24.065000 24.205000 0.140000
24.143000 24.594000 0.451000
24.221000 24.609000 0.388000
24.237000 25.012000 0.775000
24.298000 25.043000 0.745000
24.778000 25.120000 0.342000
25.261000 25.514000 0.253000
25.387000 25.687000 0.300000
25.655000 26.230000 0.575000
25.781000 26.246000 0.465000
25.905000 26.324000 0.419000
26.044000 26.711000 0.667000
26.105000 26.742000 0.637000
26.371000 26.788000 0.417000
26.573000 26.898000 0.325000
27.070000 27.408000 0.338000
27.131000 27.762000 0.631000
27.531000 27.809000 0.278000
28.426000 28.581000 0.155000
28.719000 29.092000 0.373000
29.046000 29.232000 0.186000
29.264000 29.341000 0.077000
29.544000 29.730000 0.186000
29.606000 29.994000 0.388000
29.762000 30.118000 0.356000
29.839000 30.196000 0.357000
29.978000 30.258000 0.280000
30.382000 30.460000 0.078000
31.060000 31.214000 0.154000
31.230000 31.662000 0.432000
31.260000 31.864000 0.604000
31.430000 31.910000 0.480000
31.756000 32.593000 0.837000
31.942000 32.732000 0.790000
32.020000 32.826000 0.806000
32.390000 32.998000 0.608000
32.485000 33.450000 0.965000
32.826000 33.465000 0.639000
33.029000 33.495000 0.466000
33.218000 33.621000 0.403000
33.327000 33.839000 0.512000
33.419000 33.992000 0.573000
33.605000 34.193000 0.588000
34.023000 34.238000 0.215000
34.131000 34.471000 0.340000
34.487000 34.658000 0.171000
34.518000 34.921000 0.403000
35.000000 35.016000 0.016000
35.031000 35.277000 0.246000
35.154000 35.339000 0.185000
35.277000 35.463000 0.186000
35.651000 35.991000 0.340000
36.070000 36.132000 0.062000
36.116000 36.179000 0.063000
36.320000 36.506000 0.186000
36.665000 36.805000 0.140000
36.837000 36.868000 0.031000
36.979000 37.700000 0.721000
37.056000 37.716000 0.660000
37.131000 37.840000 0.709000
37.983000 38.589000 0.606000
38.685000 38.824000 0.139000
38.981000 39.323000 0.342000
39.028000 39.369000 0.341000
39.042000 39.477000 0.435000
39.137000 39.570000 0.433000
39.230000 39.896000 0.666000
39.447000 39.942000 0.495000
39.570000 40.375000 0.805000
39.756000 40.822000 1.066000
40.066000 40.883000 0.817000
40.143000 41.118000 0.975000
40.945000 41.133000 0.188000
40.961000 41.397000 0.436000
41.133000 41.616000 0.483000
41.165000 42.019000 0.854000
41.289000 42.095000 0.806000
41.709000 42.144000 0.435000
42.095000 42.222000 0.127000
42.207000 42.330000 0.123000
42.314000 42.393000 0.079000
42.361000 42.671000 0.310000
42.501000 43.058000 0.557000
42.610000 44.350000 1.740000
42.732000 44.920000 2.188000
42.965000 44.965000 2.000000
43.137000 45.011000 1.874000
43.246000 45.336000 2.090000
43.761000 45.783000 2.022000
43.994000 45.907000 1.913000
44.101000 46.760000 2.659000
44.241000 47.208000 2.967000
44.734000 47.378000 2.644000
45.011000 47.440000 2.429000
45.073000 47.518000 2.445000
45.321000 47.642000 2.321000
45.413000 48.169000 2.756000
45.646000 48.338000 2.692000
45.922000 48.665000 2.743000
45.984000 48.742000 2.758000
46.559000 48.991000 2.432000
47.054000 49.162000 2.108000
47.069000 49.456000 2.387000
47.116000 49.580000 2.464000
47.162000 49.719000 2.557000
47.223000 49.812000 2.589000
47.239000 50.185000 2.946000
47.456000 50.326000 2.870000
47.642000 50.342000 2.700000
48.200000 50.419000 2.219000
48.262000 50.435000 2.173000
48.526000 50.777000 2.251000
49.146000 50.996000 1.850000
49.177000 51.353000 2.176000
49.208000 51.353000 2.145000
49.316000 51.524000 2.208000
49.394000 51.524000 2.130000
49.486000 51.990000 2.504000
49.688000 52.097000 2.409000
49.858000 52.577000 2.719000
50.028000 52.746000 2.718000
50.358000 52.762000 2.404000
50.528000 53.368000 2.840000
50.777000 53.399000 2.622000
51.337000 53.661000 2.324000
52.006000 53.958000 1.952000
52.421000 54.020000 1.599000
52.824000 54.204000 1.380000
52.917000 54.529000 1.612000
53.011000 54.623000 1.612000
53.661000 54.731000 1.070000
53.974000 54.901000 0.927000
54.020000 55.056000 1.036000
54.204000 55.165000 0.961000
54.669000 55.259000 0.590000
55.025000 55.305000 0.280000
55.071000 55.351000 0.280000
55.134000 55.460000 0.326000
55.134000 55.537000 0.403000
55.259000 55.662000 0.403000
55.290000 55.865000 0.575000
55.351000 56.207000 0.856000
55.475000 56.269000 0.794000
56.034000 56.393000 0.359000
56.081000 56.424000 0.343000
56.315000 56.721000 0.406000
56.440000 57.062000 0.622000
56.471000 57.171000 0.700000
56.534000 57.248000 0.714000
56.706000 57.358000 0.652000
56.875000 57.574000 0.699000
57.202000 57.729000 0.527000
57.574000 58.244000 0.670000
57.682000 58.308000 0.626000
58.198000 58.418000 0.220000
58.308000 58.514000 0.206000
58.370000 58.594000 0.224000
58.846000 58.893000 0.047000
59.129000 59.515000 0.386000
59.175000 59.638000 0.463000
59.207000 59.669000 0.462000
59.437000 59.700000 0.263000
59.762000 59.871000 0.109000
60.027000 60.104000 0.077000
60.135000 60.772000 0.637000
60.274000 60.866000 0.592000
60.383000 60.882000 0.499000
60.555000 61.116000 0.561000
60.710000 61.240000 0.530000
61.069000 61.488000 0.419000
61.286000 61.844000 0.558000
61.488000 62.290000 0.802000
61.504000 62.320000 0.816000
62.167000 62.366000 0.199000
62.305000 62.427000 0.122000
62.320000 62.813000 0.493000
62.335000 63.045000 0.710000
62.350000 63.558000 1.208000
62.719000 64.086000 1.367000
62.797000 64.180000 1.383000
62.829000 64.226000 1.397000
63.060000 64.350000 1.290000
63.450000 64.522000 1.072000
63.558000 64.709000 1.151000
63.776000 64.957000 1.181000
63.992000 65.113000 1.121000
64.289000 65.255000 0.966000
64.444000 65.643000 1.199000
65.161000 65.874000 0.713000
65.582000 65.935000 0.353000
65.827000 66.181000 0.354000
65.843000 66.228000 0.385000
65.951000 66.244000 0.293000
66.135000 66.274000 0.139000
66.197000 66.352000 0.155000
66.694000 66.943000 0.249000
67.112000 67.128000 0.016000
67.269000 67.685000 0.416000
67.377000 68.244000 0.867000
67.578000 68.305000 0.727000
67.685000 68.445000 0.760000
67.824000 68.553000 0.729000
67.933000 68.569000 0.636000
68.228000 69.097000 0.869000
68.445000 69.129000 0.684000
68.616000 69.221000 0.605000
69.551000 69.782000 0.231000
69.844000 70.308000 0.464000
70.153000 70.447000 0.294000
70.697000 71.007000 0.310000
71.135000 71.397000 0.262000
71.553000 71.584000 0.031000
71.739000 71.864000 0.125000
71.802000 71.958000 0.156000
72.070000 72.518000 0.448000
72.210000 72.674000 0.464000
72.287000 72.875000 0.588000
72.364000 73.029000 0.665000
72.550000 73.076000 0.526000
72.596000 73.216000 0.620000
72.659000 73.418000 0.759000
72.735000 73.497000 0.762000
72.781000 73.635000 0.854000
72.983000 73.745000 0.762000
73.029000 73.933000 0.904000
73.216000 74.972000 1.756000
73.324000 75.049000 1.725000
73.481000 75.517000 2.036000
73.885000 75.625000 1.740000
74.274000 75.655000 1.381000
74.399000 75.810000 1.411000
74.415000 75.871000 1.456000
74.509000 76.012000 1.503000
74.570000 76.215000 1.645000
74.925000 76.277000 1.352000
75.189000 76.402000 1.213000
75.702000 76.619000 0.917000
75.840000 76.635000 0.795000
75.917000 76.727000 0.810000
76.245000 77.083000 0.838000
76.308000 77.284000 0.976000
76.526000 77.703000 1.177000
76.635000 77.765000 1.130000
76.697000 77.780000 1.083000
76.819000 77.888000 1.069000
77.299000 78.620000 1.321000
77.330000 78.854000 1.524000
77.345000 79.443000 2.098000
77.546000 79.536000 1.990000
77.749000 79.955000 2.206000
77.795000 80.002000 2.207000
77.811000 80.033000 2.222000
77.842000 80.141000 2.299000
78.045000 80.218000 2.173000
78.154000 80.264000 2.110000
78.169000 81.119000 2.950000
78.822000 81.539000 2.717000
79.165000 81.617000 2.452000
79.490000 81.725000 2.235000
79.520000 82.036000 2.516000
79.690000 82.581000 2.891000
79.862000 82.936000 3.074000
80.248000 83.045000 2.797000
80.576000 83.262000 2.686000
80.700000 83.495000 2.795000
80.964000 83.698000 2.734000
81.290000 83.791000 2.501000
81.554000 83.838000 2.284000
82.270000 83.885000 1.615000
82.332000 84.024000 1.692000
82.503000 84.134000 1.631000
82.720000 84.180000 1.460000
82.983000 84.211000 1.228000
83.014000 84.600000 1.586000
83.121000 84.694000 1.573000
84.180000 84.881000 0.701000
84.258000 85.159000 0.901000
84.335000 85.564000 1.229000
84.538000 85.610000 1.072000
85.188000 86.155000 0.967000
85.595000 86.326000 0.731000
85.812000 86.451000 0.639000
85.921000 86.701000 0.780000
86.482000 86.822000 0.340000
86.716000 87.132000 0.416000
86.869000 87.380000 0.511000
86.978000 87.830000 0.852000
87.039000 87.878000 0.839000
87.426000 88.280000 0.854000
88.033000 88.544000 0.511000
89.004000 89.066000 0.062000
89.128000 89.160000 0.032000
89.144000 89.222000 0.078000
89.658000 89.720000 0.062000
89.847000 89.955000 0.108000
90.032000 90.248000 0.216000
90.062000 90.292000 0.230000
90.110000 90.588000 0.478000
90.217000 90.619000 0.402000
90.324000 90.914000 0.590000
90.697000 91.197000 0.500000
90.836000 91.320000 0.484000
90.977000 91.335000 0.358000
91.197000 91.924000 0.727000
91.800000 92.433000 0.633000
92.172000 92.574000 0.402000
92.188000 92.746000 0.558000
92.265000 93.224000 0.959000
92.668000 93.502000 0.834000
92.746000 93.533000 0.787000
92.945000 93.828000 0.883000
93.301000 94.216000 0.915000
93.626000 94.636000 1.010000
93.999000 94.652000 0.653000
94.123000 95.163000 1.040000
94.154000 95.782000 1.628000
94.621000 96.358000 1.737000
94.855000 96.577000 1.722000
95.133000 96.608000 1.475000
95.581000 96.793000 1.212000
95.658000 96.964000 1.306000
95.736000 96.980000 1.244000
96.141000 97.026000 0.885000
96.452000 97.167000 0.715000
96.655000 97.214000 0.559000
96.732000 97.292000 0.560000
96.855000 97.478000 0.623000
97.524000 97.801000 0.277000
97.631000 98.891000 1.260000
97.770000 99.031000 1.261000
98.128000 99.046000 0.918000
98.299000 99.232000 0.933000
98.439000 99.528000 1.089000
98.455000 99.650000 1.195000
98.689000 99.928000 1.239000
99.263000 100.007000 0.744000
99.310000 100.022000 0.712000
99.758000 100.192000 0.434000
100.288000 100.319000 0.031000
100.398000 101.393000 0.995000
100.662000 101.409000 0.747000
100.913000 101.519000 0.606000
100.974000 101.581000 0.607000
101.021000 101.705000 0.684000
101.208000 102.107000 0.899000
101.300000 102.417000 1.117000
101.565000 102.620000 1.055000
101.611000 103.720000 2.109000
101.952000 103.906000 1.954000
102.340000 104.420000 2.080000
102.774000 104.513000 1.739000
102.991000 104.559000 1.568000
103.054000 105.115000 2.061000
103.393000 105.161000 1.768000
103.518000 105.254000 1.736000
103.751000 105.330000 1.579000
103.813000 105.376000 1.563000
103.828000 105.516000 1.688000
104.154000 105.593000 1.439000
104.278000 105.983000 1.705000
104.529000 106.061000 1.532000
105.146000 106.139000 0.993000
105.376000 106.201000 0.825000
105.546000 106.900000 1.354000
106.108000 106.931000 0.823000
106.308000 107.023000 0.715000
106.401000 107.100000 0.699000
106.589000 107.600000 1.011000
106.604000 107.725000 1.121000
107.474000 107.741000 0.267000
107.694000 108.314000 0.620000
107.725000 108.578000 0.853000
107.864000 108.968000 1.104000
108.035000 108.983000 0.948000
108.082000 109.092000 1.010000
108.190000 109.341000 1.151000
108.797000 109.372000 0.575000
109.215000 109.574000 0.359000
109.590000 109.668000 0.078000
109.621000 109.976000 0.355000
109.714000 110.350000 0.636000
110.258000 110.643000 0.385000
110.690000 110.830000 0.140000
111.240000 111.271000 0.031000
111.271000 111.721000 0.450000
111.736000 111.767000 0.031000
111.751000 111.939000 0.188000
111.767000 112.450000 0.683000
111.782000 112.512000 0.730000
112.126000 112.868000 0.742000
112.465000 112.883000 0.418000
112.528000 112.945000 0.417000
113.151000 113.182000 0.031000
113.383000 113.709000 0.326000
113.570000 113.880000 0.310000
114.239000 115.359000 1.120000
114.270000 115.420000 1.150000
114.332000 115.868000 1.536000
114.456000 116.054000 1.598000
114.566000 116.302000 1.736000
114.815000 116.318000 1.503000
114.923000 116.971000 2.048000
114.955000 117.253000 2.298000
115.095000 117.594000 2.499000
115.313000 117.887000 2.574000
118.058000 0.000000 0.000000
118.150000 0.000000 0.000000
115.806000 118.274000 2.468000
115.822000 118.383000 2.561000
116.024000 118.413000 2.389000
116.039000 118.429000 2.390000
116.318000 118.770000 2.452000
116.521000 118.833000 2.312000
116.536000 118.926000 2.390000
116.646000 119.019000 2.373000
117.142000 119.050000 1.908000
117.331000 119.220000 1.889000
117.347000 119.251000 1.904000
117.688000 119.345000 1.657000
117.918000 119.735000 1.817000
117.965000 119.827000 1.862000
117.980000 119.951000 1.971000
118.012000 120.138000 2.126000
118.289000 120.153000 1.864000
118.460000 120.277000 1.817000
118.507000 120.401000 1.894000
118.662000 120.540000 1.878000
118.926000 120.821000 1.895000
119.376000 121.007000 1.631000
119.874000 121.224000 1.350000
120.123000 121.892000 1.769000
120.169000 121.939000 1.770000
120.510000 122.266000 1.756000
120.525000 122.810000 2.285000
120.634000 122.999000 2.365000
121.053000 123.108000 2.055000
121.410000 123.652000 2.242000
122.048000 123.979000 1.931000
122.873000 124.353000 1.480000
123.497000 124.447000 0.950000
123.605000 124.617000 1.012000
123.964000 124.725000 0.761000
123.995000 124.803000 0.808000
124.275000 124.974000 0.699000
124.835000 125.052000 0.217000
125.224000 125.423000 0.199000
125.377000 125.470000 0.093000
125.408000 125.579000 0.171000
125.641000 125.969000 0.328000
126.000000 126.015000 0.015000
126.189000 126.220000 0.031000
126.283000 126.485000 0.202000
126.376000 126.501000 0.125000
126.689000 127.029000 0.340000
126.705000 127.060000 0.355000
126.751000 127.183000 0.432000
126.844000 127.352000 0.508000
127.152000 127.460000 0.308000
127.383000 127.538000 0.155000
127.414000 128.142000 0.728000
127.460000 128.407000 0.947000
127.740000 128.688000 0.948000
127.865000 128.874000 1.009000
127.957000 128.905000 0.948000
128.081000 128.983000 0.902000
128.173000 129.061000 0.888000
128.657000 129.092000 0.435000
128.688000 129.279000 0.591000
128.828000 129.464000 0.636000
129.448000 129.496000 0.048000
129.464000 129.744000 0.280000
129.542000 129.946000 0.404000
129.590000 130.070000 0.480000
129.805000 130.287000 0.482000
129.976000 130.350000 0.374000
130.007000 130.413000 0.406000
130.319000 130.475000 0.156000
130.811000 130.873000 0.062000
131.365000 131.768000 0.403000
131.397000 132.096000 0.699000
131.566000 132.358000 0.792000
131.753000 132.437000 0.684000
131.799000 132.468000 0.669000
132.143000 132.671000 0.528000
132.468000 132.811000 0.343000
132.639000 133.261000 0.622000
132.686000 133.291000 0.605000
132.717000 133.619000 0.902000
132.904000 133.759000 0.855000
132.951000 133.852000 0.901000
133.043000 134.023000 0.980000
133.401000 134.101000 0.700000
133.759000 134.596000 0.837000
134.272000 135.110000 0.838000
134.643000 135.639000 0.996000
134.767000 136.366000 1.599000
134.815000 136.585000 1.770000
134.909000 136.834000 1.925000
134.955000 136.911000 1.956000
135.001000 137.301000 2.300000
135.017000 137.501000 2.484000
135.079000 138.046000 2.967000
135.452000 138.139000 2.687000
135.530000 138.216000 2.686000
136.259000 138.544000 2.285000
136.336000 138.622000 2.286000
136.460000 138.730000 2.270000
136.585000 138.824000 2.239000
136.865000 138.946000 2.081000
136.958000 139.413000 2.455000
137.316000 139.537000 2.221000
137.735000 140.143000 2.408000
138.000000 140.158000 2.158000
138.404000 140.314000 1.910000
138.435000 140.329000 1.894000
138.714000 140.406000 1.692000
138.824000 140.546000 1.722000
138.916000 140.624000 1.708000
139.257000 140.702000 1.445000
139.878000 140.904000 1.026000
139.924000 141.107000 1.183000
140.235000 141.712000 1.477000
140.282000 141.759000 1.477000
140.578000 142.116000 1.538000
140.780000 142.676000 1.896000
141.091000 142.924000 1.833000
141.356000 142.986000 1.630000
141.542000 143.296000 1.754000
141.558000 143.530000 1.972000
141.883000 143.687000 1.804000
142.365000 144.636000 2.271000
142.584000 144.807000 2.223000
143.312000 144.948000 1.636000
143.404000 145.056000 1.652000
143.718000 145.119000 1.401000
143.922000 145.306000 1.384000
144.185000 145.523000 1.338000
144.294000 145.570000 1.276000
144.418000 145.585000 1.167000
144.527000 145.694000 1.167000
144.746000 145.694000 0.948000
144.916000 146.287000 1.371000
145.352000 146.411000 1.059000
145.367000 146.442000 1.075000
145.944000 146.643000 0.699000
145.975000 146.894000 0.919000
146.240000 147.157000 0.917000
146.504000 147.887000 1.383000
146.534000 147.996000 1.462000
146.565000 148.198000 1.633000
146.800000 149.008000 2.208000
146.846000 149.708000 2.862000
146.925000 149.878000 2.953000
147.111000 149.910000 2.799000
147.731000 149.926000 2.195000
147.809000 150.112000 2.303000
147.918000 150.189000 2.271000
148.167000 150.298000 2.131000
148.370000 150.346000 1.976000
148.867000 150.378000 1.511000
149.024000 150.490000 1.466000
149.444000 150.602000 1.158000
149.490000 151.112000 1.622000
149.552000 151.160000 1.608000
149.785000 151.320000 1.535000
