client_5.log: seed=100, lambda=4.800000, T=150, total_pkts=653, total_drops=2
0.115000 1.456000 1.341000
1.054000 1.580000 0.526000
1.751000 2.090000 0.339000
2.137000 2.183000 0.046000
2.292000 2.399000 0.107000
2.354000 2.555000 0.201000
2.586000 2.804000 0.218000
2.647000 2.834000 0.187000
3.274000 3.322000 0.048000
3.355000 3.417000 0.062000
3.735000 4.090000 0.355000
3.813000 4.122000 0.309000
3.829000 4.197000 0.368000
3.937000 4.336000 0.399000
4.090000 4.582000 0.492000
4.321000 5.437000 1.116000
4.521000 5.916000 1.395000
4.985000 6.133000 1.148000
5.716000 6.518000 0.802000
5.808000 6.892000 1.084000
6.118000 6.907000 0.789000
6.286000 7.076000 0.790000
6.610000 7.508000 0.898000
6.766000 8.596000 1.830000
7.107000 9.542000 2.435000
7.540000 9.742000 2.202000
7.602000 9.882000 2.280000
7.633000 10.006000 2.373000
7.866000 10.114000 2.248000
7.928000 10.224000 2.296000
8.271000 10.594000 2.323000
8.579000 10.687000 2.108000
8.721000 10.859000 2.138000
8.860000 11.076000 2.216000
9.465000 11.663000 2.198000
9.572000 11.772000 2.200000
9.680000 11.834000 2.154000
9.695000 11.880000 2.185000
10.114000 12.018000 1.904000
10.345000 12.269000 1.924000
10.470000 12.300000 1.830000
10.687000 12.377000 1.690000
10.718000 12.393000 1.675000
10.967000 12.422000 1.455000
11.106000 12.548000 1.442000
11.276000 12.951000 1.675000
11.942000 13.106000 1.164000
12.190000 13.402000 1.212000
12.331000 13.433000 1.102000
12.578000 13.757000 1.179000
12.780000 13.819000 1.039000
12.812000 13.865000 1.053000
12.951000 13.865000 0.914000
13.075000 13.865000 0.790000
13.465000 13.973000 0.508000
13.634000 14.161000 0.527000
14.273000 14.537000 0.264000
14.490000 14.785000 0.295000
15.131000 15.177000 0.046000
15.146000 15.937000 0.791000
15.517000 16.139000 0.622000
15.579000 16.623000 1.044000
15.703000 16.701000 0.998000
15.921000 17.290000 1.369000
16.185000 18.238000 2.053000
16.358000 18.269000 1.911000
16.514000 18.533000 2.019000
17.104000 18.793000 1.689000
17.537000 18.903000 1.366000
17.569000 18.981000 1.412000
17.850000 19.027000 1.177000
18.223000 19.091000 0.868000
18.300000 19.246000 0.946000
18.533000 19.570000 1.037000
19.091000 19.633000 0.542000
19.369000 19.789000 0.420000
19.461000 19.959000 0.498000
19.617000 19.975000 0.358000
19.959000 20.038000 0.079000
20.291000 20.744000 0.453000
20.480000 20.853000 0.373000
20.620000 21.054000 0.434000
20.620000 21.116000 0.496000
20.681000 21.227000 0.546000
20.714000 21.351000 0.637000
20.853000 21.569000 0.716000
21.008000 21.956000 0.948000
21.086000 22.262000 1.176000
21.599000 22.433000 0.834000
21.800000 22.479000 0.679000
22.386000 22.617000 0.231000
22.479000 22.633000 0.154000
22.694000 22.756000 0.062000
22.756000 22.974000 0.218000
22.881000 23.333000 0.452000
23.084000 23.426000 0.342000
23.223000 23.582000 0.359000
23.473000 24.139000 0.666000
24.455000 24.532000 0.077000
24.548000 24.687000 0.139000
24.624000 25.074000 0.450000
24.702000 25.089000 0.387000
24.718000 25.494000 0.776000
24.779000 25.525000 0.746000
25.260000 25.604000 0.344000
25.758000 26.008000 0.250000
25.882000 26.180000 0.298000
26.149000 26.724000 0.575000
26.287000 26.739000 0.452000
26.413000 26.815000 0.402000
26.568000 27.201000 0.633000
26.631000 27.231000 0.600000
26.908000 27.278000 0.370000
27.107000 27.388000 0.281000
27.607000 27.949000 0.342000
27.668000 28.305000 0.637000
28.072000 28.351000 0.279000
28.988000 29.143000 0.155000
29.283000 29.657000 0.374000
29.625000 29.797000 0.172000
29.845000 29.908000 0.063000
30.130000 30.316000 0.186000
30.193000 30.578000 0.385000
30.347000 30.703000 0.356000
30.425000 30.780000 0.355000
30.563000 30.843000 0.280000
30.969000 31.050000 0.081000
31.656000 31.813000 0.157000
31.828000 32.259000 0.431000
31.859000 32.459000 0.600000
32.026000 32.506000 0.480000
32.352000 33.191000 0.839000
32.553000 33.330000 0.777000
32.645000 33.423000 0.778000
33.033000 33.593000 0.560000
33.128000 34.059000 0.931000
33.469000 34.074000 0.605000
33.686000 34.105000 0.419000
33.887000 34.228000 0.341000
33.997000 34.444000 0.447000
34.089000 34.601000 0.512000
34.289000 34.804000 0.515000
34.709000 34.851000 0.142000
34.820000 35.082000 0.262000
35.192000 35.350000 0.158000
35.224000 35.613000 0.389000
35.723000 35.738000 0.015000
35.754000 36.001000 0.247000
35.877000 36.064000 0.187000
36.001000 36.190000 0.189000
36.380000 36.709000 0.329000
36.820000 36.881000 0.061000
36.865000 36.926000 0.061000
37.067000 37.254000 0.187000
37.422000 37.563000 0.141000
37.595000 37.626000 0.031000
37.738000 38.469000 0.731000
37.815000 38.485000 0.670000
37.893000 38.610000 0.717000
38.764000 39.367000 0.603000
39.476000 39.616000 0.140000
39.788000 40.131000 0.343000
39.834000 40.177000 0.343000
39.849000 40.285000 0.436000
39.944000 40.377000 0.433000
40.037000 40.716000 0.679000
40.255000 40.763000 0.508000
40.377000 41.184000 0.807000
40.563000 41.633000 1.070000
40.886000 41.694000 0.808000
40.963000 41.928000 0.965000
41.788000 41.944000 0.156000
41.805000 42.207000 0.402000
41.975000 42.439000 0.464000
42.006000 42.844000 0.838000
42.129000 42.908000 0.779000
42.563000 42.955000 0.392000
42.955000 43.033000 0.078000
43.081000 43.188000 0.107000
43.188000 43.251000 0.063000
43.236000 43.530000 0.294000
43.375000 43.917000 0.542000
43.485000 45.206000 1.721000
43.608000 45.767000 2.159000
43.856000 45.814000 1.958000
44.025000 45.860000 1.835000
44.136000 46.186000 2.050000
44.662000 46.621000 1.959000
44.897000 46.745000 1.848000
45.004000 47.610000 2.606000
45.144000 48.057000 2.913000
45.643000 48.229000 2.586000
45.922000 48.292000 2.370000
45.985000 48.370000 2.385000
46.248000 48.496000 2.248000
46.341000 49.026000 2.685000
46.589000 49.197000 2.608000
46.869000 49.522000 2.653000
46.932000 49.600000 2.668000
47.531000 49.861000 2.330000
48.041000 50.033000 1.992000
48.057000 50.326000 2.269000
48.105000 50.435000 2.330000
48.152000 50.575000 2.423000
48.214000 50.668000 2.454000
48.229000 51.042000 2.813000
48.464000 51.181000 2.717000
48.650000 51.196000 2.546000
49.230000 51.272000 2.042000
49.290000 51.302000 2.012000
49.569000 51.644000 2.075000
50.202000 51.878000 1.676000
50.234000 52.233000 1.999000
50.264000 52.233000 1.969000
50.372000 52.403000 2.031000
50.450000 52.403000 1.953000
50.544000 52.871000 2.327000
50.746000 52.964000 2.218000
50.916000 53.442000 2.526000
51.088000 53.614000 2.526000
51.411000 53.629000 2.218000
51.582000 54.235000 2.653000
51.831000 54.266000 2.435000
52.403000 54.515000 2.112000
53.088000 54.815000 1.727000
53.505000 54.876000 1.371000
53.910000 55.065000 1.155000
54.001000 55.391000 1.390000
54.095000 55.486000 1.391000
54.751000 55.594000 0.843000
55.065000 55.765000 0.700000
55.111000 55.919000 0.808000
55.298000 56.026000 0.728000
55.765000 56.118000 0.353000
56.134000 56.166000 0.032000
56.181000 56.227000 0.046000
56.243000 56.350000 0.107000
56.243000 56.429000 0.186000
56.366000 56.554000 0.188000
56.397000 56.758000 0.361000
56.459000 57.099000 0.640000
56.586000 57.160000 0.574000
57.160000 57.284000 0.124000
57.222000 57.313000 0.091000
57.470000 57.763000 0.293000
57.594000 58.107000 0.513000
57.625000 58.217000 0.592000
57.686000 58.295000 0.609000
57.856000 58.404000 0.548000
58.029000 58.623000 0.594000
58.357000 58.764000 0.407000
58.733000 59.278000 0.545000
58.840000 59.339000 0.499000
59.371000 59.479000 0.108000
59.479000 59.588000 0.109000
59.541000 59.663000 0.122000
60.026000 60.072000 0.046000
60.327000 60.710000 0.383000
60.372000 60.834000 0.462000
60.418000 60.865000 0.447000
60.649000 60.896000 0.247000
60.991000 61.099000 0.108000
61.257000 61.334000 0.077000
61.364000 61.998000 0.634000
61.502000 62.092000 0.590000
61.610000 62.106000 0.496000
61.780000 62.352000 0.572000
61.936000 62.475000 0.539000
62.290000 62.725000 0.435000
62.521000 63.083000 0.562000
62.725000 63.533000 0.808000
62.742000 63.565000 0.823000
63.410000 63.611000 0.201000
63.565000 63.671000 0.106000
63.581000 64.046000 0.465000
63.596000 64.279000 0.683000
63.611000 64.790000 1.179000
63.984000 65.318000 1.334000
64.061000 65.412000 1.351000
64.091000 65.459000 1.368000
64.326000 65.584000 1.258000
64.726000 65.754000 1.028000
64.837000 65.942000 1.105000
65.054000 66.192000 1.138000
65.271000 66.347000 1.076000
65.584000 66.486000 0.902000
65.738000 66.862000 1.124000
66.470000 67.095000 0.625000
66.894000 67.156000 0.262000
67.141000 67.388000 0.247000
67.156000 67.435000 0.279000
67.265000 67.450000 0.185000
67.450000 67.482000 0.032000
67.514000 67.590000 0.076000
68.028000 68.277000 0.249000
68.465000 68.479000 0.014000
68.623000 69.041000 0.418000
68.730000 69.588000 0.858000
68.935000 69.650000 0.715000
69.056000 69.790000 0.734000
69.198000 69.899000 0.701000
69.308000 69.914000 0.606000
69.603000 70.444000 0.841000
69.823000 70.474000 0.651000
69.992000 70.568000 0.576000
70.943000 71.175000 0.232000
71.239000 71.704000 0.465000
71.549000 71.843000 0.294000
72.096000 72.403000 0.307000
72.544000 72.793000 0.249000
72.968000 72.998000 0.030000
73.153000 73.276000 0.123000
73.214000 73.369000 0.155000
73.497000 73.944000 0.447000
73.652000 74.086000 0.434000
73.728000 74.286000 0.558000
73.806000 74.426000 0.620000
74.006000 74.474000 0.468000
74.055000 74.613000 0.558000
74.117000 74.815000 0.698000
74.193000 74.892000 0.699000
74.239000 75.033000 0.794000
74.442000 75.141000 0.699000
74.489000 75.329000 0.840000
74.675000 76.357000 1.682000
74.784000 76.436000 1.652000
74.939000 76.901000 1.962000
75.345000 77.010000 1.665000
75.733000 77.043000 1.310000
75.859000 77.196000 1.337000
75.874000 77.256000 1.382000
75.968000 77.397000 1.429000
76.030000 77.597000 1.567000
76.389000 77.658000 1.269000
76.654000 77.782000 1.128000
77.181000 78.002000 0.821000
77.319000 78.018000 0.699000
77.397000 78.111000 0.714000
77.735000 78.468000 0.733000
77.798000 78.671000 0.873000
78.018000 79.091000 1.073000
78.126000 79.153000 1.027000
78.174000 79.168000 0.994000
78.298000 79.277000 0.979000
78.781000 80.008000 1.227000
78.811000 80.240000 1.429000
78.841000 80.829000 1.988000
79.044000 80.922000 1.878000
79.247000 81.342000 2.095000
79.293000 81.388000 2.095000
79.308000 81.419000 2.111000
79.339000 81.527000 2.188000
79.557000 81.604000 2.047000
79.666000 81.651000 1.985000
79.681000 82.501000 2.820000
80.348000 82.918000 2.570000
80.689000 82.995000 2.306000
81.030000 83.104000 2.074000
81.046000 83.415000 2.369000
81.216000 83.972000 2.756000
81.388000 84.329000 2.941000
81.776000 84.436000 2.660000
82.115000 84.653000 2.538000
82.237000 84.888000 2.651000
82.516000 85.089000 2.573000
82.841000 85.181000 2.340000
83.120000 85.227000 2.107000
83.848000 85.274000 1.426000
83.910000 85.414000 1.504000
84.079000 85.522000 1.443000
84.297000 85.568000 1.271000
84.560000 85.598000 1.038000
84.591000 85.999000 1.408000
84.700000 86.093000 1.393000
85.782000 86.277000 0.495000
85.860000 86.555000 0.695000
85.937000 86.961000 1.024000
86.138000 87.007000 0.869000
86.792000 87.563000 0.771000
87.208000 87.734000 0.526000
87.424000 87.858000 0.434000
87.532000 88.105000 0.573000
88.105000 88.228000 0.123000
88.337000 88.645000 0.308000
88.491000 88.894000 0.403000
88.599000 89.343000 0.744000
88.661000 89.389000 0.728000
89.062000 89.793000 0.731000
89.686000 90.056000 0.370000
90.673000 90.734000 0.061000
90.797000 90.827000 0.030000
90.827000 90.888000 0.061000
91.347000 91.407000 0.060000
91.550000 91.657000 0.107000
91.736000 91.952000 0.216000
91.767000 91.983000 0.216000
91.813000 92.278000 0.465000
91.922000 92.308000 0.386000
92.031000 92.615000 0.584000
92.401000 92.895000 0.494000
92.554000 93.031000 0.477000
92.708000 93.048000 0.340000
92.926000 93.646000 0.720000
93.539000 94.156000 0.617000
93.908000 94.296000 0.388000
93.924000 94.480000 0.556000
94.002000 94.963000 0.961000
94.403000 95.246000 0.843000
94.480000 95.277000 0.797000
94.683000 95.571000 0.888000
95.041000 95.958000 0.917000
95.370000 96.378000 1.008000
95.758000 96.392000 0.634000
95.881000 96.902000 1.021000
95.912000 97.519000 1.607000
96.392000 98.100000 1.708000
96.624000 98.318000 1.694000
96.917000 98.350000 1.433000
97.366000 98.535000 1.169000
97.443000 98.705000 1.262000
97.535000 98.720000 1.185000
97.948000 98.767000 0.819000
98.256000 98.906000 0.650000
98.458000 98.953000 0.495000
98.535000 99.031000 0.496000
98.659000 99.215000 0.556000
99.343000 99.623000 0.280000
99.451000 100.720000 1.269000
99.593000 100.858000 1.265000
99.963000 100.874000 0.911000
100.133000 101.062000 0.929000
100.286000 101.358000 1.072000
100.303000 101.467000 1.164000
100.549000 101.745000 1.196000
101.124000 101.823000 0.699000
101.169000 101.838000 0.669000
101.635000 102.008000 0.373000
102.182000 102.212000 0.030000
102.290000 103.281000 0.991000
102.553000 103.296000 0.743000
102.800000 103.403000 0.603000
102.861000 103.465000 0.604000
102.908000 103.590000 0.682000
103.093000 103.993000 0.900000
103.186000 104.301000 1.115000
103.465000 104.501000 1.036000
103.512000 105.603000 2.091000
103.854000 105.789000 1.935000
104.239000 106.301000 2.062000
104.673000 106.393000 1.720000
104.890000 106.439000 1.549000
104.953000 107.000000 2.047000
105.292000 107.046000 1.754000
105.433000 107.138000 1.705000
105.679000 107.217000 1.538000
105.742000 107.262000 1.520000
105.757000 107.400000 1.643000
106.084000 107.477000 1.393000
106.208000 107.882000 1.674000
106.456000 107.959000 1.503000
107.078000 108.036000 0.958000
107.307000 108.099000 0.792000
107.477000 108.796000 1.319000
108.051000 108.827000 0.776000
108.269000 108.919000 0.650000
108.364000 108.997000 0.633000
108.548000 109.495000 0.947000
108.564000 109.618000 1.054000
109.448000 109.633000 0.185000
109.664000 110.244000 0.580000
109.695000 110.506000 0.811000
109.833000 110.893000 1.060000
110.004000 110.909000 0.905000
110.052000 111.016000 0.964000
110.148000 111.265000 1.117000
110.769000 111.296000 0.527000
111.202000 111.497000 0.295000
111.592000 111.669000 0.077000
111.623000 111.980000 0.357000
111.717000 112.364000 0.647000
112.274000 112.658000 0.384000
112.720000 112.860000 0.140000
113.287000 113.318000 0.031000
113.318000 113.780000 0.462000
113.795000 113.825000 0.030000
113.810000 113.995000 0.185000
113.825000 114.504000 0.679000
113.841000 114.566000 0.725000
114.196000 114.923000 0.727000
114.536000 114.938000 0.402000
114.596000 115.000000 0.404000
115.236000 115.267000 0.031000
115.470000 115.790000 0.320000
115.653000 115.960000 0.307000
116.341000 117.468000 1.127000
116.371000 117.531000 1.160000
116.434000 117.978000 1.544000
116.573000 118.165000 1.592000
116.696000 118.399000 1.703000
116.944000 118.415000 1.471000
117.067000 119.080000 2.013000
117.097000 119.357000 2.260000
117.236000 119.696000 2.460000
117.468000 119.990000 2.522000
120.269000 0.000000 0.000000
120.363000 0.000000 0.000000
117.963000 120.378000 2.415000
117.978000 120.487000 2.509000
118.182000 120.517000 2.335000
118.197000 120.533000 2.336000
118.478000 120.872000 2.394000
118.693000 120.934000 2.241000
118.708000 121.027000 2.319000
118.831000 121.120000 2.289000
119.326000 121.152000 1.826000
119.512000 121.324000 1.812000
119.527000 121.356000 1.829000
119.867000 121.448000 1.581000
120.115000 121.838000 1.723000
120.177000 121.931000 1.754000
120.192000 122.054000 1.862000
120.223000 122.239000 2.016000
120.502000 122.255000 1.753000
120.673000 122.391000 1.718000
120.734000 122.516000 1.782000
120.903000 122.655000 1.752000
121.185000 122.933000 1.748000
121.634000 123.118000 1.484000
122.145000 123.339000 1.194000
122.391000 124.002000 1.611000
122.437000 124.050000 1.613000
122.776000 124.387000 1.611000
122.793000 124.928000 2.135000
122.901000 125.127000 2.226000
123.339000 125.235000 1.896000
123.711000 125.777000 2.066000
124.356000 126.104000 1.748000
125.189000 126.476000 1.287000
125.824000 126.569000 0.745000
125.933000 126.738000 0.805000
126.289000 126.846000 0.557000
126.319000 126.923000 0.604000
126.599000 127.093000 0.494000
127.172000 127.250000 0.078000
127.562000 127.747000 0.185000
127.717000 127.793000 0.076000
127.747000 127.901000 0.154000
127.978000 128.304000 0.326000
128.336000 128.352000 0.016000
128.524000 128.556000 0.032000
128.621000 128.818000 0.197000
128.712000 128.833000 0.121000
129.039000 129.380000 0.341000
129.055000 129.412000 0.357000
129.102000 129.536000 0.434000
129.193000 129.707000 0.514000
129.506000 129.814000 0.308000
129.738000 129.892000 0.154000
129.769000 130.499000 0.730000
129.814000 130.763000 0.949000
130.093000 131.043000 0.950000
130.219000 131.227000 1.008000
130.312000 131.258000 0.946000
130.436000 131.337000 0.901000
130.530000 131.415000 0.885000
131.026000 131.447000 0.421000
131.058000 131.645000 0.587000
131.196000 131.831000 0.635000
131.831000 131.863000 0.032000
131.847000 132.108000 0.261000
131.924000 132.309000 0.385000
131.986000 132.431000 0.445000
132.200000 132.649000 0.449000
132.369000 132.724000 0.355000
132.400000 132.785000 0.385000
132.710000 132.847000 0.137000
133.210000 133.271000 0.061000
133.763000 134.162000 0.399000
133.793000 134.484000 0.691000
133.962000 134.747000 0.785000
134.162000 134.838000 0.676000
134.208000 134.869000 0.661000
134.562000 135.070000 0.508000
134.900000 135.210000 0.310000
135.070000 135.662000 0.592000
135.117000 135.693000 0.576000
135.149000 136.022000 0.873000
135.350000 136.161000 0.811000
135.398000 136.253000 0.855000
135.491000 136.423000 0.932000
135.850000 136.501000 0.651000
136.207000 136.996000 0.789000
136.734000 137.506000 0.772000
137.121000 138.031000 0.910000
137.244000 138.755000 1.511000
137.290000 138.974000 1.684000
137.382000 139.220000 1.838000
137.428000 139.297000 1.869000
137.475000 139.687000 2.212000
137.490000 139.874000 2.384000
137.567000 140.420000 2.853000
137.953000 140.512000 2.559000
138.031000 140.590000 2.559000
138.771000 140.914000 2.143000
138.848000 140.992000 2.144000
138.974000 141.100000 2.126000
139.098000 141.193000 2.095000
139.391000 141.318000 1.927000
139.483000 141.782000 2.299000
139.843000 141.908000 2.065000
140.262000 142.514000 2.252000
140.527000 142.529000 2.002000
140.945000 142.684000 1.739000
140.976000 142.699000 1.723000
141.256000 142.776000 1.520000
141.364000 142.915000 1.551000
141.457000 142.993000 1.536000
141.814000 143.071000 1.257000
142.450000 143.271000 0.821000
142.499000 143.471000 0.972000
142.822000 144.076000 1.254000
142.870000 144.123000 1.253000
143.179000 144.481000 1.302000
143.394000 145.053000 1.659000
143.703000 145.302000 1.599000
143.967000 145.362000 1.395000
144.154000 145.674000 1.520000
144.169000 145.905000 1.736000
144.496000 146.060000 1.564000
144.990000 147.005000 2.015000
145.209000 147.174000 1.965000
145.966000 147.314000 1.348000
146.060000 147.421000 1.361000
146.386000 147.483000 1.097000
146.588000 147.669000 1.081000
146.864000 147.885000 1.021000
146.974000 147.931000 0.957000
147.112000 147.946000 0.834000
147.437000 148.056000 0.619000
147.219000 148.056000 0.837000
147.607000 148.644000 1.037000
148.056000 148.768000 0.712000
148.071000 148.798000 0.727000
148.659000 149.002000 0.343000
148.690000 149.248000 0.558000
148.971000 149.512000 0.541000
149.233000 150.245000 1.012000
149.265000 150.352000 1.087000
149.295000 150.541000 1.246000
149.528000 151.344000 1.816000
149.575000 152.039000 2.464000
149.654000 152.198000 2.544000
149.840000 152.229000 2.389000
