client_0.log: seed=100, lambda=4.550000, T=150, total_pkts=619, total_drops=0
0.133000 1.472000 1.339000
1.127000 1.597000 0.470000
1.861000 2.199000 0.338000
2.262000 2.309000 0.047000
2.419000 2.526000 0.107000
2.495000 2.683000 0.188000
2.730000 2.952000 0.222000
2.793000 2.982000 0.189000
3.452000 3.498000 0.046000
3.530000 3.591000 0.061000
3.920000 4.277000 0.357000
3.998000 4.309000 0.311000
4.014000 4.386000 0.372000
4.137000 4.525000 0.388000
4.293000 4.774000 0.481000
4.525000 5.615000 1.090000
4.742000 6.094000 1.352000
5.226000 6.296000 1.070000
6.001000 6.684000 0.683000
6.094000 7.057000 0.963000
6.420000 7.072000 0.652000
6.590000 7.241000 0.651000
6.933000 7.675000 0.742000
7.103000 8.763000 1.660000
7.473000 9.710000 2.237000
7.937000 9.912000 1.975000
7.999000 10.051000 2.052000
8.030000 10.173000 2.143000
8.266000 10.281000 2.015000
8.330000 10.392000 2.062000
8.700000 10.765000 2.065000
9.027000 10.858000 1.831000
9.184000 11.029000 1.845000
9.322000 11.248000 1.926000
9.958000 11.823000 1.865000
10.066000 11.932000 1.866000
10.189000 11.995000 1.806000
10.205000 12.043000 1.838000
10.657000 12.182000 1.525000
10.889000 12.428000 1.539000
11.013000 12.459000 1.446000
11.232000 12.536000 1.304000
11.264000 12.552000 1.288000
11.528000 12.582000 1.054000
11.669000 12.708000 1.039000
11.839000 13.108000 1.269000
12.536000 13.265000 0.729000
12.801000 13.564000 0.763000
12.939000 13.596000 0.657000
13.187000 13.923000 0.736000
13.392000 13.986000 0.594000
13.424000 14.033000 0.609000
13.580000 14.033000 0.453000
13.704000 14.033000 0.329000
14.113000 14.222000 0.109000
14.283000 14.484000 0.201000
14.954000 15.233000 0.279000
15.172000 15.483000 0.311000
15.844000 15.891000 0.047000
15.860000 16.653000 0.793000
16.248000 16.856000 0.608000
16.311000 17.333000 1.022000
16.452000 17.412000 0.960000
16.684000 18.002000 1.318000
16.964000 18.950000 1.986000
17.148000 18.981000 1.833000
17.318000 19.245000 1.927000
17.939000 19.507000 1.568000
18.390000 19.614000 1.224000
18.421000 19.693000 1.272000
18.718000 19.739000 1.021000
19.121000 19.816000 0.695000
19.199000 19.971000 0.772000
19.445000 20.296000 0.851000
20.035000 20.357000 0.322000
20.327000 20.513000 0.186000
20.419000 20.684000 0.265000
20.576000 20.699000 0.123000
20.938000 21.000000 0.062000
21.282000 21.730000 0.448000
21.469000 21.839000 0.370000
21.623000 22.041000 0.418000
21.623000 22.117000 0.494000
21.683000 22.226000 0.543000
21.714000 22.349000 0.635000
21.870000 22.564000 0.694000
22.041000 22.953000 0.912000
22.132000 23.263000 1.131000
22.673000 23.435000 0.762000
22.891000 23.482000 0.591000
23.513000 23.652000 0.139000
23.606000 23.668000 0.062000
23.840000 23.904000 0.064000
23.904000 24.121000 0.217000
24.028000 24.477000 0.449000
24.244000 24.569000 0.325000
24.384000 24.724000 0.340000
24.646000 25.282000 0.636000
25.671000 25.747000 0.076000
25.762000 25.902000 0.140000
25.840000 26.290000 0.450000
25.917000 26.305000 0.388000
25.933000 26.708000 0.775000
26.011000 26.740000 0.729000
26.522000 26.817000 0.295000
27.036000 27.287000 0.251000
27.162000 27.463000 0.301000
27.447000 28.003000 0.556000
27.586000 28.018000 0.432000
27.709000 28.109000 0.400000
27.862000 28.497000 0.635000
27.940000 28.528000 0.588000
28.235000 28.575000 0.340000
28.450000 28.698000 0.248000
28.979000 29.322000 0.343000
29.040000 29.679000 0.639000
29.462000 29.725000 0.263000
30.432000 30.585000 0.153000
30.741000 31.128000 0.387000
31.097000 31.280000 0.183000
31.326000 31.390000 0.064000
31.638000 31.826000 0.188000
31.716000 32.091000 0.375000
31.872000 32.214000 0.342000
31.950000 32.292000 0.342000
32.091000 32.353000 0.262000
32.526000 32.602000 0.076000
33.254000 33.411000 0.157000
33.442000 33.862000 0.420000
33.489000 34.075000 0.586000
33.661000 34.121000 0.460000
34.000000 34.801000 0.801000
34.199000 34.941000 0.742000
34.293000 35.035000 0.742000
34.692000 35.207000 0.515000
34.786000 35.661000 0.875000
35.145000 35.676000 0.531000
35.365000 35.706000 0.341000
35.567000 35.829000 0.262000
35.676000 36.046000 0.370000
35.768000 36.201000 0.433000
35.969000 36.405000 0.436000
36.421000 36.467000 0.046000
36.531000 36.764000 0.233000
36.922000 37.092000 0.170000
36.968000 37.355000 0.387000
37.495000 37.511000 0.016000
37.527000 37.775000 0.248000
37.651000 37.837000 0.186000
37.775000 37.963000 0.188000
38.169000 38.496000 0.327000
38.621000 38.684000 0.063000
38.668000 38.730000 0.062000
38.885000 39.071000 0.186000
39.259000 39.400000 0.141000
39.445000 39.476000 0.031000
39.598000 40.327000 0.729000
39.676000 40.342000 0.666000
39.754000 40.466000 0.712000
40.670000 41.276000 0.606000
41.431000 41.570000 0.139000
41.756000 42.097000 0.341000
41.802000 42.144000 0.342000
41.817000 42.252000 0.435000
41.911000 42.346000 0.435000
42.021000 42.671000 0.650000
42.252000 42.717000 0.465000
42.392000 43.139000 0.747000
42.594000 43.595000 1.001000
42.936000 43.657000 0.721000
43.014000 43.891000 0.877000
43.891000 43.906000 0.015000
43.906000 44.168000 0.262000
44.091000 44.389000 0.298000
44.123000 44.794000 0.671000
44.247000 44.857000 0.610000
44.702000 44.903000 0.201000
45.106000 45.183000 0.077000
45.230000 45.340000 0.110000
45.340000 45.401000 0.061000
45.401000 45.683000 0.282000
45.558000 46.072000 0.514000
45.667000 47.359000 1.692000
45.790000 47.932000 2.142000
46.040000 47.978000 1.938000
46.227000 48.010000 1.783000
46.336000 48.332000 1.996000
46.895000 48.765000 1.870000
47.143000 48.888000 1.745000
47.251000 49.751000 2.500000
47.406000 50.188000 2.782000
47.932000 50.358000 2.426000
48.225000 50.422000 2.197000
48.286000 50.499000 2.213000
48.563000 50.623000 2.060000
48.672000 51.148000 2.476000
48.935000 51.318000 2.383000
49.228000 51.644000 2.416000
49.304000 51.722000 2.418000
49.922000 51.970000 2.048000
50.453000 52.140000 1.687000
50.483000 52.437000 1.954000
50.530000 52.560000 2.030000
50.576000 52.699000 2.123000
50.654000 52.792000 2.138000
50.670000 53.167000 2.497000
50.917000 53.309000 2.392000
51.117000 53.324000 2.207000
51.722000 53.401000 1.679000
51.784000 53.417000 1.633000
52.079000 53.759000 1.680000
52.747000 53.992000 1.245000
52.777000 54.348000 1.571000
52.808000 54.348000 1.540000
52.917000 54.517000 1.600000
52.995000 54.517000 1.522000
53.103000 54.996000 1.893000
53.309000 55.103000 1.794000
53.495000 55.577000 2.082000
53.683000 55.746000 2.063000
54.037000 55.762000 1.725000
54.225000 56.382000 2.157000
54.487000 56.413000 1.926000
55.088000 56.674000 1.586000
55.809000 56.985000 1.176000
56.245000 57.046000 0.801000
56.674000 57.231000 0.557000
56.767000 57.561000 0.794000
56.861000 57.667000 0.806000
57.561000 57.777000 0.216000
57.901000 58.072000 0.171000
57.948000 58.226000 0.278000
58.149000 58.334000 0.185000
58.647000 58.741000 0.094000
59.026000 59.058000 0.032000
59.074000 59.120000 0.046000
59.135000 59.244000 0.109000
59.135000 59.321000 0.186000
59.274000 59.444000 0.170000
59.305000 59.645000 0.340000
59.367000 59.988000 0.621000
59.507000 60.050000 0.543000
60.113000 60.237000 0.124000
60.176000 60.269000 0.093000
60.425000 60.721000 0.296000
60.550000 61.063000 0.513000
60.581000 61.172000 0.591000
60.643000 61.252000 0.609000
60.829000 61.360000 0.531000
61.001000 61.576000 0.575000
61.345000 61.731000 0.386000
61.747000 62.264000 0.517000
61.870000 62.326000 0.456000
62.421000 62.533000 0.112000
62.549000 62.656000 0.107000
62.610000 62.732000 0.122000
63.124000 63.171000 0.047000
63.439000 63.826000 0.387000
63.485000 63.951000 0.466000
63.532000 63.981000 0.449000
63.779000 64.012000 0.233000
64.136000 64.243000 0.107000
64.416000 64.494000 0.078000
64.525000 65.159000 0.634000
64.663000 65.253000 0.590000
64.770000 65.269000 0.499000
64.957000 65.505000 0.548000
65.127000 65.631000 0.504000
65.505000 65.876000 0.371000
65.738000 66.234000 0.496000
65.953000 66.681000 0.728000
65.968000 66.713000 0.745000
66.681000 66.760000 0.079000
66.838000 66.901000 0.063000
66.853000 67.275000 0.422000
66.869000 67.509000 0.640000
66.885000 68.020000 1.135000
67.275000 68.533000 1.258000
67.352000 68.627000 1.275000
67.383000 68.673000 1.290000
67.636000 68.796000 1.160000
68.051000 68.966000 0.915000
68.161000 69.150000 0.989000
68.394000 69.399000 1.005000
68.627000 69.555000 0.928000
68.950000 69.694000 0.744000
69.104000 70.074000 0.970000
69.879000 70.302000 0.423000
70.333000 70.394000 0.061000
70.583000 70.829000 0.246000
70.598000 70.876000 0.278000
70.720000 70.892000 0.172000
70.907000 70.938000 0.031000
70.969000 71.047000 0.078000
71.502000 71.752000 0.250000
71.956000 71.972000 0.016000
72.128000 72.544000 0.416000
72.236000 73.103000 0.867000
72.452000 73.166000 0.714000
72.574000 73.304000 0.730000
72.714000 73.413000 0.699000
72.823000 73.428000 0.605000
73.134000 73.955000 0.821000
73.367000 73.986000 0.619000
73.552000 74.080000 0.528000
74.566000 74.797000 0.231000
74.875000 75.327000 0.452000
75.202000 75.466000 0.264000
75.781000 76.091000 0.310000
76.263000 76.512000 0.249000
76.714000 76.745000 0.031000
76.920000 77.044000 0.124000
76.997000 77.136000 0.139000
77.291000 77.739000 0.448000
77.446000 77.895000 0.449000
77.538000 78.095000 0.557000
77.614000 78.249000 0.635000
77.817000 78.296000 0.479000
77.879000 78.435000 0.556000
77.940000 78.636000 0.696000
78.017000 78.714000 0.697000
78.063000 78.855000 0.792000
78.280000 78.963000 0.683000
78.326000 79.150000 0.824000
78.527000 80.189000 1.662000
78.651000 80.266000 1.615000
78.823000 80.731000 1.908000
79.258000 80.839000 1.581000
79.677000 80.871000 1.194000
79.801000 81.026000 1.225000
79.817000 81.089000 1.272000
79.924000 81.229000 1.305000
79.987000 81.431000 1.444000
80.358000 81.492000 1.134000
80.637000 81.617000 0.980000
81.182000 81.835000 0.653000
81.323000 81.851000 0.528000
81.415000 81.944000 0.529000
81.772000 82.300000 0.528000
81.835000 82.501000 0.666000
82.069000 82.921000 0.852000
82.177000 82.983000 0.806000
82.239000 82.998000 0.759000
82.362000 83.107000 0.745000
82.873000 83.836000 0.963000
82.905000 84.070000 1.165000
82.921000 84.661000 1.740000
83.137000 84.754000 1.617000
83.353000 85.160000 1.807000
83.399000 85.207000 1.808000
83.415000 85.237000 1.822000
83.446000 85.345000 1.899000
83.665000 85.423000 1.758000
83.790000 85.469000 1.679000
83.806000 86.323000 2.517000
84.505000 86.748000 2.243000
84.863000 86.825000 1.962000
85.222000 86.934000 1.712000
85.253000 87.245000 1.992000
85.423000 87.799000 2.376000
85.611000 88.155000 2.544000
86.028000 88.263000 2.235000
86.386000 88.483000 2.097000
86.510000 88.722000 2.212000
86.794000 88.929000 2.135000
87.137000 89.022000 1.885000
87.431000 89.068000 1.637000
88.202000 89.114000 0.912000
88.263000 89.253000 0.990000
88.436000 89.362000 0.926000
88.674000 89.409000 0.735000
88.961000 89.439000 0.478000
88.991000 89.829000 0.838000
89.099000 89.936000 0.837000
90.233000 90.419000 0.186000
90.312000 90.703000 0.391000
90.404000 91.106000 0.702000
90.626000 91.152000 0.526000
91.326000 91.882000 0.556000
91.774000 92.053000 0.279000
92.006000 92.176000 0.170000
92.114000 92.426000 0.312000
92.717000 92.839000 0.122000
92.963000 93.270000 0.307000
93.132000 93.518000 0.386000
93.238000 93.967000 0.729000
93.301000 94.014000 0.713000
93.720000 94.417000 0.697000
94.370000 94.681000 0.311000
95.416000 95.478000 0.062000
95.539000 95.570000 0.031000
95.570000 95.632000 0.062000
96.117000 96.180000 0.063000
96.323000 96.432000 0.109000
96.510000 96.726000 0.216000
96.541000 96.758000 0.217000
96.603000 97.054000 0.451000
96.711000 97.086000 0.375000
96.820000 97.395000 0.575000
97.209000 97.676000 0.467000
97.364000 97.813000 0.449000
97.520000 97.829000 0.309000
97.752000 98.414000 0.662000
98.399000 98.928000 0.529000
98.786000 99.067000 0.281000
98.802000 99.252000 0.450000
98.880000 99.732000 0.852000
99.299000 100.013000 0.714000
99.376000 100.043000 0.667000
99.593000 100.338000 0.745000
99.981000 100.731000 0.750000
100.323000 101.161000 0.838000
100.731000 101.177000 0.446000
100.871000 101.690000 0.819000
100.901000 102.311000 1.410000
101.411000 102.888000 1.477000
101.659000 103.107000 1.448000
101.968000 103.138000 1.170000
102.451000 103.322000 0.871000
102.529000 103.493000 0.964000
102.623000 103.508000 0.885000
103.060000 103.554000 0.494000
103.398000 103.694000 0.296000
103.617000 103.742000 0.125000
103.694000 103.820000 0.126000
103.836000 104.022000 0.186000
104.567000 104.842000 0.275000
104.674000 105.945000 1.271000
104.811000 106.087000 1.276000
105.196000 106.103000 0.907000
105.383000 106.289000 0.906000
105.540000 106.583000 1.043000
105.556000 106.695000 1.139000
105.806000 106.975000 1.169000
106.411000 107.053000 0.642000
106.457000 107.069000 0.612000
106.945000 107.240000 0.295000
107.521000 107.552000 0.031000
107.646000 108.636000 0.990000
107.924000 108.652000 0.728000
108.187000 108.760000 0.573000
108.249000 108.822000 0.573000
108.295000 108.944000 0.649000
108.496000 109.348000 0.852000
108.590000 109.657000 1.067000
108.883000 109.860000 0.977000
108.944000 110.954000 2.010000
109.302000 111.137000 1.835000
109.704000 111.643000 1.939000
110.159000 111.734000 1.575000
110.392000 111.780000 1.388000
110.455000 112.340000 1.885000
110.812000 112.387000 1.575000
110.954000 112.481000 1.527000
111.213000 112.558000 1.345000
111.290000 112.605000 1.315000
111.305000 112.744000 1.439000
111.643000 112.821000 1.178000
111.765000 113.225000 1.460000
112.030000 113.305000 1.275000
112.683000 113.381000 0.698000
112.929000 113.442000 0.513000
113.117000 114.143000 1.026000
113.723000 114.174000 0.451000
113.942000 114.267000 0.325000
114.035000 114.344000 0.309000
114.236000 114.843000 0.607000
114.252000 114.968000 0.716000
115.184000 115.199000 0.015000
115.420000 115.997000 0.577000
115.451000 116.260000 0.809000
115.591000 116.659000 1.068000
115.776000 116.674000 0.898000
115.823000 116.781000 0.958000
115.934000 117.029000 1.095000
116.597000 117.060000 0.463000
117.045000 117.261000 0.216000
117.462000 117.539000 0.077000
117.492000 117.845000 0.353000
117.585000 118.227000 0.642000
118.166000 118.520000 0.354000
118.630000 118.770000 0.140000
119.221000 119.252000 0.031000
119.252000 119.714000 0.462000
119.760000 119.791000 0.031000
119.776000 119.961000 0.185000
119.791000 120.471000 0.680000
119.807000 120.532000 0.725000
120.177000 120.890000 0.713000
120.532000 120.905000 0.373000
120.594000 120.968000 0.374000
121.265000 121.296000 0.031000
121.510000 121.834000 0.324000
121.711000 122.003000 0.292000
122.443000 123.574000 1.131000
122.475000 123.636000 1.161000
122.551000 124.072000 1.521000
122.689000 124.258000 1.569000
122.813000 124.505000 1.692000
123.079000 124.521000 1.442000
123.204000 125.175000 1.971000
123.234000 125.456000 2.222000
123.374000 125.796000 2.422000
123.620000 126.078000 2.458000
124.150000 126.455000 2.305000
124.165000 126.563000 2.398000
124.383000 126.595000 2.212000
124.398000 126.610000 2.212000
124.691000 126.940000 2.249000
124.909000 127.002000 2.093000
124.924000 127.096000 2.172000
125.050000 127.189000 2.139000
125.579000 127.219000 1.640000
125.781000 127.388000 1.607000
125.796000 127.419000 1.623000
126.155000 127.512000 1.357000
126.407000 127.896000 1.489000
126.471000 127.990000 1.519000
126.487000 128.113000 1.626000
126.517000 128.298000 1.781000
126.563000 128.313000 1.750000
126.673000 128.437000 1.764000
126.830000 128.561000 1.731000
127.018000 128.686000 1.668000
127.080000 128.965000 1.885000
127.250000 129.156000 1.906000
127.543000 129.373000 1.830000
128.020000 130.043000 2.023000
128.561000 130.089000 1.528000
128.825000 130.417000 1.592000
128.872000 130.960000 2.088000
129.236000 131.161000 1.925000
129.251000 131.268000 2.017000
129.373000 131.811000 2.438000
129.825000 132.150000 2.325000
130.211000 132.536000 2.325000
130.883000 132.628000 1.745000
131.764000 132.799000 1.035000
132.444000 132.906000 0.462000
132.567000 132.985000 0.418000
132.953000 133.156000 0.203000
132.985000 133.234000 0.249000
133.281000 133.482000 0.201000
133.890000 133.936000 0.046000
134.313000 134.422000 0.109000
134.482000 134.808000 0.326000
134.513000 134.823000 0.310000
134.761000 134.854000 0.093000
135.137000 135.337000 0.200000
135.337000 135.353000 0.016000
135.430000 135.770000 0.340000
135.524000 135.801000 0.277000
135.865000 135.990000 0.125000
135.880000 136.161000 0.281000
135.927000 136.255000 0.328000
136.022000 136.333000 0.311000
136.364000 136.967000 0.603000
136.614000 137.230000 0.616000
136.645000 137.510000 0.865000
136.691000 137.698000 1.007000
136.982000 137.729000 0.747000
137.121000 137.806000 0.685000
137.230000 137.882000 0.652000
137.372000 137.914000 0.542000
137.464000 138.101000 0.637000
137.992000 138.290000 0.298000
138.023000 138.322000 0.299000
138.163000 138.568000 0.405000
138.829000 139.031000 0.202000
138.845000 139.156000 0.311000
138.922000 139.376000 0.454000
138.984000 139.438000 0.454000
139.220000 139.501000 0.281000
139.392000 139.577000 0.185000
139.423000 139.639000 0.216000
139.748000 140.151000 0.403000
140.277000 140.602000 0.325000
140.868000 141.131000 0.263000
140.900000 141.223000 0.323000
141.085000 141.255000 0.170000
141.287000 141.491000 0.204000
141.334000 141.631000 0.297000
141.707000 142.159000 0.452000
142.065000 142.189000 0.124000
142.236000 142.562000 0.326000
142.283000 142.702000 0.419000
142.315000 142.795000 0.480000
142.516000 142.965000 0.449000
142.562000 143.043000 0.481000
142.671000 143.526000 0.855000
143.059000 144.038000 0.979000
143.434000 144.565000 1.131000
143.976000 145.295000 1.319000
144.379000 145.513000 1.134000
144.503000 145.760000 1.257000
144.549000 145.837000 1.288000
144.643000 146.227000 1.584000
144.689000 146.415000 1.726000
144.750000 146.961000 2.211000
144.766000 147.053000 2.287000
144.844000 147.132000 2.288000
145.249000 147.464000 2.215000
145.341000 147.542000 2.201000
146.117000 147.650000 1.533000
146.196000 147.741000 1.545000
146.323000 147.863000 1.540000
146.446000 148.338000 1.892000
146.741000 148.474000 1.733000
146.851000 149.079000 2.228000
147.241000 149.094000 1.853000
147.680000 149.248000 1.568000
147.955000 149.263000 1.308000
148.384000 149.340000 0.956000
148.414000 149.479000 1.065000
148.706000 149.557000 0.851000
148.830000 149.635000 0.805000
148.924000 149.839000 0.915000
149.294000 150.042000 0.748000
149.965000 150.655000 0.690000
