client_2.log: seed=100, lambda=4.650000, T=150, total_pkts=631, total_drops=1
0.120000 1.458000 1.338000
1.099000 1.585000 0.486000
1.809000 2.151000 0.342000
2.199000 2.246000 0.047000
2.355000 2.463000 0.108000
2.432000 2.619000 0.187000
2.665000 2.881000 0.216000
2.726000 2.912000 0.186000
3.373000 3.420000 0.047000
3.451000 3.513000 0.062000
3.833000 4.192000 0.359000
3.912000 4.223000 0.311000
3.927000 4.300000 0.373000
4.052000 4.440000 0.388000
4.208000 4.687000 0.479000
4.440000 5.542000 1.102000
4.641000 6.025000 1.384000
5.108000 6.241000 1.133000
5.854000 6.632000 0.778000
5.947000 7.003000 1.056000
6.257000 7.019000 0.762000
6.428000 7.191000 0.763000
6.772000 7.625000 0.853000
6.942000 8.712000 1.770000
7.300000 9.671000 2.371000
7.750000 9.873000 2.123000
7.812000 10.013000 2.201000
7.843000 10.137000 2.294000
8.075000 10.245000 2.170000
8.138000 10.355000 2.217000
8.494000 10.725000 2.231000
8.820000 10.818000 1.998000
8.961000 10.991000 2.030000
9.101000 11.208000 2.107000
9.733000 11.786000 2.053000
9.842000 11.893000 2.051000
9.951000 11.954000 2.003000
9.967000 12.000000 2.033000
10.401000 12.141000 1.740000
10.633000 12.388000 1.755000
10.757000 12.420000 1.663000
10.975000 12.497000 1.522000
11.007000 12.512000 1.505000
11.256000 12.528000 1.272000
11.395000 12.652000 1.257000
11.568000 13.055000 1.487000
12.250000 13.210000 0.960000
12.512000 13.506000 0.994000
12.652000 13.537000 0.885000
12.898000 13.863000 0.965000
13.102000 13.925000 0.823000
13.134000 13.971000 0.837000
13.273000 13.971000 0.698000
13.398000 13.971000 0.573000
13.801000 14.080000 0.279000
13.971000 14.282000 0.311000
14.630000 14.909000 0.279000
14.847000 15.154000 0.307000
15.503000 15.550000 0.047000
15.519000 16.309000 0.790000
15.904000 16.512000 0.608000
15.967000 16.993000 1.026000
16.107000 17.071000 0.964000
16.340000 17.651000 1.311000
16.620000 18.612000 1.992000
16.792000 18.642000 1.850000
16.962000 18.907000 1.945000
17.573000 19.168000 1.595000
18.022000 19.276000 1.254000
18.052000 19.353000 1.301000
18.332000 19.399000 1.067000
18.720000 19.477000 0.757000
18.798000 19.631000 0.833000
19.030000 19.957000 0.927000
19.615000 20.019000 0.404000
19.910000 20.174000 0.264000
20.003000 20.345000 0.342000
20.158000 20.360000 0.202000
20.502000 20.565000 0.063000
20.847000 21.297000 0.450000
21.032000 21.409000 0.377000
21.173000 21.612000 0.439000
21.173000 21.674000 0.501000
21.235000 21.784000 0.549000
21.266000 21.909000 0.643000
21.409000 22.127000 0.718000
21.565000 22.515000 0.950000
21.658000 22.828000 1.170000
22.189000 23.013000 0.824000
22.407000 23.060000 0.653000
23.013000 23.199000 0.186000
23.105000 23.215000 0.110000
23.338000 23.400000 0.062000
23.400000 23.618000 0.218000
23.524000 23.976000 0.452000
23.726000 24.068000 0.342000
23.866000 24.224000 0.358000
24.130000 24.783000 0.653000
25.145000 25.222000 0.077000
25.237000 25.375000 0.138000
25.314000 25.763000 0.449000
25.391000 25.779000 0.388000
25.406000 26.183000 0.777000
25.469000 26.214000 0.745000
25.966000 26.291000 0.325000
26.482000 26.728000 0.246000
26.606000 26.899000 0.293000
26.884000 27.429000 0.545000
27.023000 27.444000 0.421000
27.147000 27.522000 0.375000
27.305000 27.910000 0.605000
27.382000 27.940000 0.558000
27.661000 27.987000 0.326000
27.864000 28.096000 0.232000
28.380000 28.719000 0.339000
28.442000 29.075000 0.633000
28.858000 29.122000 0.264000
29.803000 29.957000 0.154000
30.101000 30.486000 0.385000
30.455000 30.625000 0.170000
30.687000 30.764000 0.077000
30.983000 31.170000 0.187000
31.045000 31.432000 0.387000
31.202000 31.556000 0.354000
31.278000 31.634000 0.356000
31.416000 31.696000 0.280000
31.836000 31.912000 0.076000
32.545000 32.698000 0.153000
32.728000 33.161000 0.433000
32.759000 33.363000 0.604000
32.929000 33.410000 0.481000
33.271000 34.094000 0.823000
33.472000 34.235000 0.763000
33.565000 34.327000 0.762000
33.955000 34.499000 0.544000
34.048000 34.965000 0.917000
34.407000 34.980000 0.573000
34.623000 35.011000 0.388000
34.824000 35.136000 0.312000
34.933000 35.354000 0.421000
35.027000 35.508000 0.481000
35.230000 35.710000 0.480000
35.664000 35.756000 0.092000
35.771000 36.005000 0.234000
36.145000 36.315000 0.170000
36.191000 36.580000 0.389000
36.705000 36.721000 0.016000
36.737000 36.984000 0.247000
36.861000 37.046000 0.185000
36.984000 37.170000 0.186000
37.373000 37.699000 0.326000
37.825000 37.888000 0.063000
37.873000 37.935000 0.062000
38.091000 38.276000 0.185000
38.449000 38.589000 0.140000
38.621000 38.653000 0.032000
38.779000 39.506000 0.727000
38.856000 39.522000 0.666000
38.933000 39.645000 0.712000
39.835000 40.440000 0.605000
40.565000 40.703000 0.138000
40.891000 41.231000 0.340000
40.938000 41.278000 0.340000
40.953000 41.386000 0.433000
41.047000 41.480000 0.433000
41.154000 41.806000 0.652000
41.386000 41.853000 0.467000
41.511000 42.273000 0.762000
41.697000 42.721000 1.024000
42.025000 42.785000 0.760000
42.101000 43.031000 0.930000
42.955000 43.046000 0.091000
42.970000 43.310000 0.340000
43.154000 43.529000 0.375000
43.186000 43.932000 0.746000
43.310000 44.009000 0.699000
43.747000 44.056000 0.309000
44.151000 44.229000 0.078000
44.275000 44.384000 0.109000
44.384000 44.446000 0.062000
44.446000 44.724000 0.278000
44.600000 45.115000 0.515000
44.708000 46.403000 1.695000
44.833000 46.977000 2.144000
45.083000 47.023000 1.940000
45.255000 47.069000 1.814000
45.364000 47.381000 2.017000
45.906000 47.817000 1.911000
46.154000 47.941000 1.787000
46.264000 48.795000 2.531000
46.418000 49.244000 2.826000
46.930000 49.415000 2.485000
47.210000 49.478000 2.268000
47.273000 49.555000 2.282000
47.537000 49.679000 2.142000
47.631000 50.204000 2.573000
47.879000 50.375000 2.496000
48.171000 50.701000 2.530000
48.232000 50.778000 2.546000
48.841000 51.026000 2.185000
49.368000 51.194000 1.826000
49.383000 51.490000 2.107000
49.431000 51.600000 2.169000
49.478000 51.741000 2.263000
49.555000 51.834000 2.279000
49.570000 52.203000 2.633000
49.803000 52.343000 2.540000
50.003000 52.358000 2.355000
50.592000 52.435000 1.843000
50.654000 52.450000 1.796000
50.932000 52.791000 1.859000
51.584000 53.023000 1.439000
51.616000 53.378000 1.762000
51.648000 53.378000 1.730000
51.757000 53.549000 1.792000
51.834000 53.549000 1.715000
51.942000 54.016000 2.074000
52.143000 54.110000 1.967000
52.327000 54.589000 2.262000
52.512000 54.761000 2.249000
52.852000 54.777000 1.925000
53.038000 55.395000 2.357000
53.300000 55.426000 2.126000
53.891000 55.688000 1.797000
54.589000 55.998000 1.409000
55.025000 56.059000 1.034000
55.442000 56.247000 0.805000
55.535000 56.573000 1.038000
55.627000 56.667000 1.040000
56.310000 56.776000 0.466000
56.635000 56.947000 0.312000
56.683000 57.103000 0.420000
56.885000 57.211000 0.326000
57.365000 57.458000 0.093000
57.742000 57.788000 0.046000
57.788000 57.834000 0.046000
57.849000 57.958000 0.109000
57.849000 58.035000 0.186000
57.973000 58.157000 0.184000
58.004000 58.361000 0.357000
58.065000 58.703000 0.638000
58.204000 58.764000 0.560000
58.796000 58.920000 0.124000
58.858000 58.952000 0.094000
59.110000 59.405000 0.295000
59.234000 59.748000 0.514000
59.266000 59.856000 0.590000
59.328000 59.935000 0.607000
59.500000 60.044000 0.544000
59.671000 60.261000 0.590000
60.013000 60.402000 0.389000
60.402000 60.911000 0.509000
60.509000 60.973000 0.464000
61.052000 61.161000 0.109000
61.177000 61.284000 0.107000
61.238000 61.361000 0.123000
61.740000 61.786000 0.046000
62.046000 62.430000 0.384000
62.091000 62.554000 0.463000
62.138000 62.585000 0.447000
62.384000 62.616000 0.232000
62.725000 62.834000 0.109000
63.007000 63.086000 0.079000
63.117000 63.754000 0.637000
63.256000 63.848000 0.592000
63.364000 63.864000 0.500000
63.551000 64.096000 0.545000
63.723000 64.219000 0.496000
64.096000 64.468000 0.372000
64.328000 64.832000 0.504000
64.548000 65.287000 0.739000
64.564000 65.318000 0.754000
65.257000 65.364000 0.107000
65.410000 65.472000 0.062000
65.426000 65.857000 0.431000
65.441000 66.090000 0.649000
65.456000 66.603000 1.147000
65.842000 67.127000 1.285000
65.919000 67.219000 1.300000
65.950000 67.266000 1.316000
66.200000 67.388000 1.188000
66.603000 67.557000 0.954000
66.710000 67.745000 1.035000
66.941000 67.992000 1.051000
67.172000 68.145000 0.973000
67.494000 68.284000 0.790000
67.651000 68.670000 1.019000
68.408000 68.903000 0.495000
68.856000 68.965000 0.109000
69.104000 69.336000 0.232000
69.119000 69.382000 0.263000
69.226000 69.398000 0.172000
69.413000 69.445000 0.032000
69.477000 69.553000 0.076000
70.006000 70.253000 0.247000
70.453000 70.468000 0.015000
70.626000 71.044000 0.418000
70.736000 71.591000 0.855000
70.950000 71.653000 0.703000
71.076000 71.793000 0.717000
71.217000 71.901000 0.684000
71.327000 71.916000 0.589000
71.637000 72.445000 0.808000
71.854000 72.475000 0.621000
72.038000 72.568000 0.530000
73.028000 73.259000 0.231000
73.335000 73.799000 0.464000
73.660000 73.938000 0.278000
74.238000 74.549000 0.311000
74.708000 74.956000 0.248000
75.146000 75.177000 0.031000
75.346000 75.470000 0.124000
75.424000 75.564000 0.140000
75.708000 76.156000 0.448000
75.862000 76.312000 0.450000
75.939000 76.514000 0.575000
76.016000 76.655000 0.639000
76.219000 76.716000 0.497000
76.266000 76.857000 0.591000
76.328000 77.057000 0.729000
76.406000 77.135000 0.729000
76.452000 77.275000 0.823000
76.671000 77.385000 0.714000
76.716000 77.586000 0.870000
76.903000 78.624000 1.721000
77.026000 78.702000 1.676000
77.197000 79.166000 1.969000
77.616000 79.275000 1.659000
78.022000 79.305000 1.283000
78.145000 79.460000 1.315000
78.161000 79.523000 1.362000
78.269000 79.663000 1.394000
78.331000 79.866000 1.535000
78.702000 79.927000 1.225000
78.965000 80.050000 1.085000
79.507000 80.268000 0.761000
79.647000 80.284000 0.637000
79.740000 80.376000 0.636000
80.081000 80.734000 0.653000
80.142000 80.935000 0.793000
80.376000 81.351000 0.975000
80.485000 81.413000 0.928000
80.548000 81.429000 0.881000
80.672000 81.538000 0.866000
81.181000 82.268000 1.087000
81.212000 82.500000 1.288000
81.228000 83.087000 1.859000
81.444000 83.180000 1.736000
81.660000 83.597000 1.937000
81.706000 83.643000 1.937000
81.722000 83.674000 1.952000
81.754000 83.781000 2.027000
81.972000 83.859000 1.887000
82.096000 83.905000 1.809000
82.111000 84.761000 2.650000
82.796000 85.181000 2.385000
83.149000 85.259000 2.110000
83.488000 85.366000 1.878000
83.519000 85.677000 2.158000
83.689000 86.232000 2.543000
83.874000 86.590000 2.716000
84.279000 86.698000 2.419000
84.636000 86.928000 2.292000
84.761000 87.162000 2.401000
85.041000 87.377000 2.336000
85.382000 87.471000 2.089000
85.661000 87.517000 1.856000
86.419000 87.564000 1.145000
86.481000 87.703000 1.222000
86.652000 87.813000 1.161000
86.882000 87.859000 0.977000
87.162000 87.890000 0.728000
87.193000 88.277000 1.084000
87.301000 88.384000 1.083000
88.415000 88.602000 0.187000
88.493000 88.881000 0.388000
88.586000 89.283000 0.697000
88.804000 89.329000 0.525000
89.485000 90.043000 0.558000
89.920000 90.214000 0.294000
90.137000 90.338000 0.201000
90.245000 90.588000 0.343000
90.838000 90.961000 0.123000
91.086000 91.397000 0.311000
91.257000 91.645000 0.388000
91.366000 92.093000 0.727000
91.428000 92.140000 0.712000
91.831000 92.544000 0.713000
92.466000 92.809000 0.343000
93.480000 93.527000 0.047000
93.607000 93.638000 0.031000
93.638000 93.700000 0.062000
94.176000 94.237000 0.061000
94.380000 94.489000 0.109000
94.569000 94.787000 0.218000
94.600000 94.818000 0.218000
94.647000 95.128000 0.481000
94.756000 95.159000 0.403000
94.864000 95.454000 0.590000
95.253000 95.732000 0.479000
95.408000 95.856000 0.448000
95.563000 95.872000 0.309000
95.794000 96.459000 0.665000
96.428000 96.974000 0.546000
96.818000 97.112000 0.294000
96.834000 97.297000 0.463000
96.912000 97.776000 0.864000
97.329000 98.055000 0.726000
97.407000 98.085000 0.678000
97.623000 98.381000 0.758000
97.993000 98.768000 0.775000
98.334000 99.186000 0.852000
98.721000 99.201000 0.480000
98.846000 99.711000 0.865000
98.877000 100.326000 1.449000
99.371000 100.896000 1.525000
99.619000 101.127000 1.508000
99.911000 101.158000 1.247000
100.372000 101.345000 0.973000
100.449000 101.515000 1.066000
100.541000 101.531000 0.990000
100.958000 101.577000 0.619000
101.283000 101.717000 0.434000
101.500000 101.765000 0.265000
101.577000 101.840000 0.263000
101.717000 102.027000 0.310000
102.421000 102.701000 0.280000
102.530000 103.798000 1.268000
102.670000 103.937000 1.267000
103.043000 103.952000 0.909000
103.227000 104.137000 0.910000
103.381000 104.433000 1.052000
103.396000 104.541000 1.145000
103.645000 104.820000 1.175000
104.246000 104.897000 0.651000
104.293000 104.912000 0.619000
104.774000 105.084000 0.310000
105.337000 105.368000 0.031000
105.460000 106.454000 0.994000
105.726000 106.470000 0.744000
105.988000 106.578000 0.590000
106.050000 106.641000 0.591000
106.097000 106.765000 0.668000
106.299000 107.168000 0.869000
106.393000 107.481000 1.088000
106.673000 107.683000 1.010000
106.734000 108.785000 2.051000
107.091000 108.973000 1.882000
107.496000 109.485000 1.989000
107.947000 109.578000 1.631000
108.179000 109.610000 1.431000
108.241000 110.171000 1.930000
108.596000 110.218000 1.622000
108.738000 110.312000 1.574000
108.988000 110.390000 1.402000
109.064000 110.435000 1.371000
109.080000 110.574000 1.494000
109.423000 110.650000 1.227000
109.547000 111.054000 1.507000
109.810000 111.131000 1.321000
110.451000 111.209000 0.758000
110.681000 111.272000 0.591000
110.867000 111.967000 1.100000
111.456000 111.998000 0.542000
111.673000 112.091000 0.418000
111.766000 112.169000 0.403000
111.952000 112.666000 0.714000
111.967000 112.790000 0.823000
112.886000 112.902000 0.016000
113.107000 113.680000 0.573000
113.138000 113.944000 0.806000
113.279000 114.332000 1.053000
113.447000 114.347000 0.900000
113.495000 114.457000 0.962000
113.603000 114.704000 1.101000
114.238000 114.735000 0.497000
114.688000 114.936000 0.248000
115.094000 115.172000 0.078000
115.125000 115.482000 0.357000
115.218000 115.855000 0.637000
115.792000 116.148000 0.356000
116.257000 116.397000 0.140000
116.842000 116.874000 0.032000
116.874000 117.322000 0.448000
117.368000 117.399000 0.031000
117.384000 117.568000 0.184000
117.399000 118.078000 0.679000
117.415000 118.139000 0.724000
117.768000 118.496000 0.728000
118.124000 118.512000 0.388000
118.186000 118.574000 0.388000
118.844000 118.875000 0.031000
119.077000 119.403000 0.326000
119.263000 119.572000 0.309000
119.967000 121.084000 1.117000
119.998000 121.147000 1.149000
120.061000 121.584000 1.523000
120.200000 121.771000 1.571000
120.324000 122.005000 1.681000
120.573000 122.021000 1.448000
120.697000 122.686000 1.989000
120.728000 122.965000 2.237000
120.868000 123.305000 2.437000
121.100000 123.585000 2.485000
121.615000 123.971000 2.356000
124.066000 0.000000 0.000000
121.631000 124.081000 2.450000
121.849000 124.112000 2.263000
121.864000 124.127000 2.263000
122.144000 124.465000 2.321000
122.361000 124.526000 2.165000
122.376000 124.620000 2.244000
122.500000 124.713000 2.213000
123.011000 124.744000 1.733000
123.197000 124.916000 1.719000
123.213000 124.947000 1.734000
123.569000 125.040000 1.471000
123.818000 125.430000 1.612000
123.879000 125.522000 1.643000
123.895000 125.648000 1.753000
123.925000 125.833000 1.908000
123.971000 125.849000 1.878000
124.218000 125.987000 1.769000
124.388000 126.111000 1.723000
124.450000 126.250000 1.800000
124.620000 126.529000 1.909000
124.900000 126.715000 1.815000
125.366000 126.933000 1.567000
125.895000 127.601000 1.706000
126.143000 127.649000 1.506000
126.188000 127.989000 1.801000
126.544000 128.532000 1.988000
126.560000 128.732000 2.172000
126.684000 128.841000 2.157000
127.135000 129.384000 2.249000
127.509000 129.709000 2.200000
128.174000 130.082000 1.908000
129.028000 130.176000 1.148000
129.694000 130.346000 0.652000
129.819000 130.455000 0.636000
130.191000 130.533000 0.342000
130.223000 130.706000 0.483000
130.517000 130.782000 0.265000
131.104000 131.303000 0.199000
131.507000 131.553000 0.046000
131.663000 131.771000 0.108000
131.694000 132.099000 0.405000
131.943000 132.114000 0.171000
132.317000 132.347000 0.030000
132.519000 132.708000 0.189000
132.613000 132.723000 0.110000
132.708000 133.063000 0.355000
133.048000 133.094000 0.046000
133.063000 133.218000 0.155000
133.110000 133.388000 0.278000
133.203000 133.482000 0.279000
133.528000 133.606000 0.078000
133.764000 134.365000 0.601000
133.795000 134.627000 0.832000
133.840000 134.907000 1.067000
134.134000 135.094000 0.960000
134.272000 135.125000 0.853000
134.380000 135.202000 0.822000
134.519000 135.279000 0.760000
134.611000 135.310000 0.699000
135.125000 135.497000 0.372000
135.155000 135.682000 0.527000
135.294000 135.713000 0.419000
135.950000 136.198000 0.248000
135.966000 136.400000 0.434000
136.043000 136.524000 0.481000
136.105000 136.741000 0.636000
136.323000 136.804000 0.481000
136.493000 136.865000 0.372000
136.524000 136.928000 0.404000
136.850000 136.989000 0.139000
137.367000 137.769000 0.402000
137.943000 138.269000 0.326000
137.974000 138.531000 0.557000
138.145000 138.609000 0.464000
138.346000 138.641000 0.295000
138.392000 138.844000 0.452000
138.749000 138.983000 0.234000
139.093000 139.542000 0.449000
139.264000 139.573000 0.309000
139.311000 139.896000 0.585000
139.342000 140.034000 0.692000
139.542000 140.126000 0.584000
139.588000 140.296000 0.708000
139.681000 140.373000 0.692000
140.050000 140.854000 0.804000
140.419000 141.365000 0.946000
140.949000 141.893000 0.944000
141.349000 142.623000 1.274000
141.473000 142.840000 1.367000
141.519000 143.089000 1.570000
141.613000 143.167000 1.554000
141.660000 143.570000 1.910000
141.707000 143.756000 2.049000
141.723000 144.301000 2.578000
141.800000 144.394000 2.594000
142.188000 144.472000 2.284000
142.280000 144.798000 2.518000
143.043000 144.876000 1.833000
143.120000 144.985000 1.865000
143.245000 145.080000 1.835000
143.369000 145.203000 1.834000
143.664000 145.669000 2.005000
143.772000 145.794000 2.022000
144.146000 146.399000 2.253000
144.580000 146.415000 1.835000
144.845000 146.570000 1.725000
145.266000 146.586000 1.320000
145.297000 146.664000 1.367000
145.592000 146.802000 1.210000
145.715000 146.881000 1.166000
145.809000 146.958000 1.149000
146.166000 147.159000 0.993000
146.818000 147.362000 0.544000
146.865000 147.969000 1.104000
147.190000 148.015000 0.825000
147.236000 148.370000 1.134000
147.549000 148.943000 1.394000
147.767000 149.189000 1.422000
148.093000 149.252000 1.159000
148.370000 149.576000 1.206000
148.556000 149.808000 1.252000
148.572000 149.963000 1.391000
148.912000 150.913000 2.001000
149.423000 151.085000 1.662000
149.653000 151.223000 1.570000
