client_6.log: seed=100, lambda=4.850000, T=150, total_pkts=658, total_drops=2
0.126000 1.464000 1.338000
1.059000 1.588000 0.529000
1.745000 2.086000 0.341000
2.118000 2.164000 0.046000
2.260000 2.369000 0.109000
2.321000 2.525000 0.204000
2.556000 2.772000 0.216000
2.617000 2.803000 0.186000
3.229000 3.275000 0.046000
3.307000 3.369000 0.062000
3.679000 4.035000 0.356000
3.757000 4.066000 0.309000
3.772000 4.145000 0.373000
3.882000 4.285000 0.403000
4.035000 4.534000 0.499000
4.254000 5.386000 1.132000
4.456000 5.868000 1.412000
4.906000 6.083000 1.177000
5.634000 6.471000 0.837000
5.728000 6.843000 1.115000
6.037000 6.859000 0.822000
6.193000 7.028000 0.835000
6.517000 7.462000 0.945000
6.673000 8.536000 1.863000
7.013000 9.495000 2.482000
7.447000 9.697000 2.250000
7.508000 9.837000 2.329000
7.539000 9.960000 2.421000
7.771000 10.068000 2.297000
7.833000 10.177000 2.344000
8.175000 10.547000 2.372000
8.490000 10.641000 2.151000
8.628000 10.810000 2.182000
8.768000 11.026000 2.258000
9.372000 11.599000 2.227000
9.479000 11.708000 2.229000
9.588000 11.769000 2.181000
9.603000 11.815000 2.212000
10.022000 11.953000 1.931000
10.238000 12.203000 1.965000
10.361000 12.233000 1.872000
10.579000 12.311000 1.732000
10.610000 12.327000 1.717000
10.857000 12.343000 1.486000
10.995000 12.467000 1.472000
11.151000 12.857000 1.706000
11.800000 13.013000 1.213000
12.047000 13.308000 1.261000
12.187000 13.339000 1.152000
12.421000 13.665000 1.244000
12.623000 13.727000 1.104000
12.655000 13.773000 1.118000
12.795000 13.773000 0.978000
12.920000 13.773000 0.853000
13.308000 13.882000 0.574000
13.480000 14.070000 0.590000
14.117000 14.396000 0.279000
14.334000 14.645000 0.311000
14.963000 15.011000 0.048000
14.979000 15.768000 0.789000
15.349000 15.970000 0.621000
15.411000 16.451000 1.040000
15.535000 16.529000 0.994000
15.753000 17.105000 1.352000
16.017000 18.054000 2.037000
16.187000 18.085000 1.898000
16.342000 18.350000 2.008000
16.934000 18.615000 1.681000
17.369000 18.725000 1.356000
17.400000 18.802000 1.402000
17.681000 18.849000 1.168000
18.054000 18.925000 0.871000
18.133000 19.080000 0.947000
18.366000 19.407000 1.041000
18.925000 19.469000 0.544000
19.205000 19.622000 0.417000
19.297000 19.791000 0.494000
19.453000 19.806000 0.353000
19.791000 19.868000 0.077000
20.117000 20.567000 0.450000
20.303000 20.675000 0.372000
20.443000 20.876000 0.433000
20.443000 20.939000 0.496000
20.505000 21.047000 0.542000
20.537000 21.172000 0.635000
20.675000 21.390000 0.715000
20.830000 21.774000 0.944000
20.923000 22.085000 1.162000
21.437000 22.271000 0.834000
21.651000 22.319000 0.668000
22.240000 22.457000 0.217000
22.334000 22.473000 0.139000
22.551000 22.613000 0.062000
22.613000 22.829000 0.216000
22.735000 23.199000 0.464000
22.936000 23.291000 0.355000
23.060000 23.433000 0.373000
23.307000 23.991000 0.684000
24.279000 24.358000 0.079000
24.373000 24.512000 0.139000
24.451000 24.901000 0.450000
24.528000 24.917000 0.389000
24.543000 25.318000 0.775000
24.606000 25.349000 0.743000
25.086000 25.427000 0.341000
25.569000 25.818000 0.249000
25.693000 26.002000 0.309000
25.956000 26.545000 0.589000
26.080000 26.561000 0.481000
26.203000 26.638000 0.435000
26.343000 27.027000 0.684000
26.406000 27.058000 0.652000
26.684000 27.104000 0.420000
26.887000 27.227000 0.340000
27.384000 27.727000 0.343000
27.446000 28.085000 0.639000
27.851000 28.132000 0.281000
28.768000 28.923000 0.155000
29.065000 29.438000 0.373000
29.392000 29.578000 0.186000
29.609000 29.686000 0.077000
29.894000 30.078000 0.184000
29.955000 30.343000 0.388000
30.110000 30.469000 0.359000
30.187000 30.546000 0.359000
30.328000 30.608000 0.280000
30.733000 30.811000 0.078000
31.417000 31.572000 0.155000
31.587000 32.008000 0.421000
31.619000 32.210000 0.591000
31.789000 32.255000 0.466000
32.117000 32.937000 0.820000
32.302000 33.078000 0.776000
32.395000 33.170000 0.775000
32.766000 33.355000 0.589000
32.860000 33.821000 0.961000
33.201000 33.836000 0.635000
33.402000 33.867000 0.465000
33.589000 33.991000 0.402000
33.697000 34.208000 0.511000
33.790000 34.366000 0.576000
33.991000 34.567000 0.576000
34.413000 34.614000 0.201000
34.520000 34.847000 0.327000
34.879000 35.049000 0.170000
34.910000 35.313000 0.403000
35.407000 35.422000 0.015000
35.437000 35.686000 0.249000
35.562000 35.749000 0.187000
35.686000 35.872000 0.186000
36.061000 36.401000 0.340000
36.496000 36.557000 0.061000
36.542000 36.604000 0.062000
36.746000 36.934000 0.188000
37.088000 37.229000 0.141000
37.260000 37.290000 0.030000
37.400000 38.130000 0.730000
37.478000 38.146000 0.668000
37.556000 38.270000 0.714000
38.410000 39.016000 0.606000
39.125000 39.264000 0.139000
39.438000 39.779000 0.341000
39.484000 39.825000 0.341000
39.499000 39.933000 0.434000
39.592000 40.025000 0.433000
39.685000 40.355000 0.670000
39.902000 40.400000 0.498000
40.025000 40.820000 0.795000
40.212000 41.271000 1.059000
40.524000 41.333000 0.809000
40.603000 41.567000 0.964000
41.425000 41.583000 0.158000
41.441000 41.845000 0.404000
41.613000 42.077000 0.464000
41.645000 42.483000 0.838000
41.767000 42.560000 0.793000
42.187000 42.608000 0.421000
42.576000 42.686000 0.110000
42.701000 42.811000 0.110000
42.811000 42.874000 0.063000
42.858000 43.153000 0.295000
42.997000 43.541000 0.544000
43.106000 44.830000 1.724000
43.231000 45.402000 2.171000
43.464000 45.448000 1.984000
43.633000 45.493000 1.860000
43.741000 45.819000 2.078000
44.270000 46.255000 1.985000
44.503000 46.378000 1.875000
44.611000 47.231000 2.620000
44.751000 47.671000 2.920000
45.248000 47.842000 2.594000
45.525000 47.903000 2.378000
45.586000 47.980000 2.394000
45.835000 48.104000 2.269000
45.928000 48.635000 2.707000
46.176000 48.807000 2.631000
46.455000 49.138000 2.683000
46.517000 49.216000 2.699000
47.107000 49.465000 2.358000
47.607000 49.636000 2.029000
47.623000 49.931000 2.308000
47.671000 50.041000 2.370000
47.718000 50.180000 2.462000
47.780000 50.273000 2.493000
47.796000 50.645000 2.849000
48.027000 50.785000 2.758000
48.214000 50.801000 2.587000
48.776000 50.878000 2.102000
48.838000 50.894000 2.056000
49.108000 51.236000 2.128000
49.729000 51.468000 1.739000
49.760000 51.824000 2.064000
49.791000 51.824000 2.033000
49.901000 51.995000 2.094000
49.979000 51.995000 2.016000
50.072000 52.463000 2.391000
50.273000 52.556000 2.283000
50.444000 53.039000 2.595000
50.614000 53.211000 2.597000
50.941000 53.226000 2.285000
51.111000 53.832000 2.721000
51.360000 53.863000 2.503000
51.918000 54.112000 2.194000
52.587000 54.423000 1.836000
53.007000 54.485000 1.478000
53.412000 54.669000 1.257000
53.504000 54.996000 1.492000
53.598000 55.103000 1.505000
54.251000 55.212000 0.961000
54.562000 55.385000 0.823000
54.608000 55.540000 0.932000
54.793000 55.649000 0.856000
55.260000 55.742000 0.482000
55.618000 55.774000 0.156000
55.664000 55.820000 0.156000
55.726000 55.928000 0.202000
55.726000 56.006000 0.280000
55.852000 56.132000 0.280000
55.882000 56.333000 0.451000
55.944000 56.676000 0.732000
56.069000 56.738000 0.669000
56.629000 56.863000 0.234000
56.676000 56.894000 0.218000
56.909000 57.204000 0.295000
57.034000 57.547000 0.513000
57.065000 57.657000 0.592000
57.128000 57.733000 0.605000
57.297000 57.842000 0.545000
57.468000 58.058000 0.590000
57.795000 58.213000 0.418000
58.166000 58.728000 0.562000
58.276000 58.789000 0.513000
58.804000 58.913000 0.109000
58.913000 59.022000 0.109000
58.975000 59.100000 0.125000
59.464000 59.511000 0.047000
59.760000 60.148000 0.388000
59.807000 60.272000 0.465000
59.854000 60.303000 0.449000
60.087000 60.334000 0.247000
60.412000 60.520000 0.108000
60.680000 60.757000 0.077000
60.788000 61.426000 0.638000
60.927000 61.519000 0.592000
61.036000 61.534000 0.498000
61.207000 61.769000 0.562000
61.363000 61.893000 0.530000
61.721000 62.142000 0.421000
61.940000 62.499000 0.559000
62.142000 62.949000 0.807000
62.157000 62.980000 0.823000
62.825000 63.026000 0.201000
62.964000 63.088000 0.124000
62.980000 63.475000 0.495000
62.996000 63.709000 0.713000
63.011000 64.225000 1.214000
63.382000 64.750000 1.368000
63.460000 64.842000 1.382000
63.491000 64.890000 1.399000
63.725000 65.014000 1.289000
64.116000 65.185000 1.069000
64.225000 65.372000 1.147000
64.441000 65.622000 1.181000
64.656000 65.777000 1.121000
64.952000 65.916000 0.964000
65.108000 66.303000 1.195000
65.838000 66.535000 0.697000
66.256000 66.598000 0.342000
66.489000 66.831000 0.342000
66.505000 66.879000 0.374000
66.613000 66.894000 0.281000
66.801000 66.925000 0.124000
66.863000 67.002000 0.139000
67.364000 67.611000 0.247000
67.783000 67.798000 0.015000
67.939000 68.359000 0.420000
68.048000 68.918000 0.870000
68.249000 68.979000 0.730000
68.359000 69.120000 0.761000
68.500000 69.229000 0.729000
68.609000 69.244000 0.635000
68.903000 69.772000 0.869000
69.120000 69.803000 0.683000
69.291000 69.897000 0.606000
70.239000 70.472000 0.233000
70.535000 71.001000 0.466000
70.846000 71.141000 0.295000
71.395000 71.704000 0.309000
71.845000 72.107000 0.262000
72.265000 72.296000 0.031000
72.453000 72.576000 0.123000
72.515000 72.669000 0.154000
72.794000 73.242000 0.448000
72.933000 73.395000 0.462000
73.011000 73.596000 0.585000
73.087000 73.750000 0.663000
73.288000 73.797000 0.509000
73.334000 73.938000 0.604000
73.395000 74.140000 0.745000
73.472000 74.218000 0.746000
73.519000 74.359000 0.840000
73.720000 74.467000 0.747000
73.766000 74.653000 0.887000
73.954000 75.692000 1.738000
74.063000 75.769000 1.706000
74.218000 76.237000 2.019000
74.623000 76.346000 1.723000
75.011000 76.378000 1.367000
75.135000 76.532000 1.397000
75.151000 76.594000 1.443000
75.257000 76.734000 1.477000
75.319000 76.936000 1.617000
75.676000 76.998000 1.322000
75.941000 77.121000 1.180000
76.454000 77.339000 0.885000
76.594000 77.355000 0.761000
76.672000 77.448000 0.776000
77.013000 77.805000 0.792000
77.075000 78.008000 0.933000
77.292000 78.428000 1.136000
77.402000 78.490000 1.088000
77.464000 78.506000 1.042000
77.589000 78.615000 1.026000
78.070000 79.332000 1.262000
78.100000 79.564000 1.464000
78.116000 80.152000 2.036000
78.320000 80.244000 1.924000
78.522000 80.662000 2.140000
78.568000 80.709000 2.141000
78.584000 80.739000 2.155000
78.615000 80.848000 2.233000
78.818000 80.925000 2.107000
78.926000 80.971000 2.045000
78.942000 81.826000 2.884000
79.610000 82.244000 2.634000
79.950000 82.322000 2.372000
80.275000 82.430000 2.155000
80.305000 82.741000 2.436000
80.475000 83.285000 2.810000
80.646000 83.641000 2.995000
81.033000 83.750000 2.717000
81.376000 83.980000 2.604000
81.501000 84.212000 2.711000
81.765000 84.415000 2.650000
82.089000 84.509000 2.420000
82.353000 84.556000 2.203000
83.083000 84.603000 1.520000
83.145000 84.742000 1.597000
83.317000 84.851000 1.534000
83.533000 84.897000 1.364000
83.796000 84.929000 1.133000
83.826000 85.317000 1.491000
83.934000 85.411000 1.477000
85.006000 85.596000 0.590000
85.083000 85.875000 0.792000
85.160000 86.278000 1.118000
85.363000 86.310000 0.947000
86.014000 86.854000 0.840000
86.435000 87.025000 0.590000
86.651000 87.149000 0.498000
86.759000 87.399000 0.640000
87.320000 87.523000 0.203000
87.555000 87.865000 0.310000
87.711000 88.099000 0.388000
87.819000 88.549000 0.730000
87.881000 88.595000 0.714000
88.269000 88.997000 0.728000
88.889000 89.261000 0.372000
89.863000 89.925000 0.062000
89.989000 90.020000 0.031000
90.005000 90.081000 0.076000
90.523000 90.584000 0.061000
90.723000 90.830000 0.107000
90.907000 91.125000 0.218000
90.939000 91.156000 0.217000
90.986000 91.464000 0.478000
91.094000 91.496000 0.402000
91.201000 91.790000 0.589000
91.572000 92.070000 0.498000
91.727000 92.195000 0.468000
91.868000 92.210000 0.342000
92.085000 92.800000 0.715000
92.690000 93.309000 0.619000
93.062000 93.450000 0.388000
93.077000 93.635000 0.558000
93.154000 94.118000 0.964000
93.558000 94.395000 0.837000
93.635000 94.426000 0.791000
93.837000 94.719000 0.882000
94.196000 95.108000 0.912000
94.520000 95.527000 1.007000
94.891000 95.543000 0.652000
95.016000 96.053000 1.037000
95.047000 96.673000 1.626000
95.527000 97.247000 1.720000
95.760000 97.465000 1.705000
96.053000 97.495000 1.442000
96.503000 97.681000 1.178000
96.581000 97.853000 1.272000
96.673000 97.869000 1.196000
97.076000 97.915000 0.839000
97.387000 98.055000 0.668000
97.587000 98.102000 0.515000
97.665000 98.179000 0.514000
97.791000 98.367000 0.576000
98.479000 98.757000 0.278000
98.587000 99.859000 1.272000
98.726000 99.999000 1.273000
99.084000 100.014000 0.930000
99.254000 100.199000 0.945000
99.394000 100.492000 1.098000
99.409000 100.601000 1.192000
99.642000 100.879000 1.237000
100.215000 100.956000 0.741000
100.261000 100.971000 0.710000
100.726000 101.143000 0.417000
101.269000 101.300000 0.031000
101.376000 102.370000 0.994000
101.641000 102.385000 0.744000
101.889000 102.495000 0.606000
101.950000 102.557000 0.607000
101.997000 102.681000 0.684000
102.184000 103.085000 0.901000
102.276000 103.397000 1.121000
102.541000 103.600000 1.059000
102.587000 104.699000 2.112000
102.929000 104.885000 1.956000
103.319000 105.398000 2.079000
103.754000 105.491000 1.737000
103.970000 105.537000 1.567000
104.032000 106.095000 2.063000
104.374000 106.142000 1.768000
104.499000 106.235000 1.736000
104.745000 106.313000 1.568000
104.807000 106.360000 1.553000
104.823000 106.500000 1.677000
105.149000 106.578000 1.429000
105.273000 106.982000 1.709000
105.522000 107.060000 1.538000
106.142000 107.136000 0.994000
106.375000 107.198000 0.823000
106.546000 107.898000 1.352000
107.106000 107.928000 0.822000
107.322000 108.020000 0.698000
107.416000 108.098000 0.682000
107.603000 108.594000 0.991000
107.619000 108.717000 1.098000
108.501000 108.732000 0.231000
108.717000 109.305000 0.588000
108.748000 109.570000 0.822000
108.887000 109.968000 1.081000
109.056000 109.984000 0.928000
109.103000 110.093000 0.990000
109.212000 110.340000 1.128000
109.830000 110.371000 0.541000
110.262000 110.573000 0.311000
110.652000 110.730000 0.078000
110.683000 111.037000 0.354000
110.776000 111.409000 0.633000
111.331000 111.703000 0.372000
111.766000 111.906000 0.140000
112.330000 112.361000 0.031000
112.361000 112.810000 0.449000
112.826000 112.857000 0.031000
112.842000 113.028000 0.186000
112.857000 113.540000 0.683000
112.872000 113.603000 0.731000
113.214000 113.962000 0.748000
113.556000 113.977000 0.421000
113.618000 114.040000 0.422000
114.249000 114.280000 0.031000
114.483000 114.807000 0.324000
114.669000 114.978000 0.309000
115.351000 116.480000 1.129000
115.383000 116.542000 1.159000
115.444000 116.991000 1.547000
115.569000 117.177000 1.608000
115.691000 117.425000 1.734000
115.940000 117.440000 1.500000
116.062000 118.092000 2.030000
116.093000 118.374000 2.281000
116.233000 118.715000 2.482000
116.464000 118.995000 2.531000
119.226000 0.000000 0.000000
119.318000 0.000000 0.000000
116.961000 119.381000 2.420000
116.976000 119.489000 2.513000
117.177000 119.520000 2.343000
117.192000 119.536000 2.344000
117.471000 119.877000 2.406000
117.673000 119.938000 2.265000
117.688000 120.031000 2.343000
117.798000 120.124000 2.326000
118.295000 120.154000 1.859000
118.482000 120.324000 1.842000
118.498000 120.355000 1.857000
118.840000 120.448000 1.608000
119.073000 120.836000 1.763000
119.134000 120.931000 1.797000
119.149000 121.054000 1.905000
119.180000 121.239000 2.059000
119.459000 121.255000 1.796000
119.630000 121.380000 1.750000
119.692000 121.490000 1.798000
119.862000 121.629000 1.767000
120.139000 121.911000 1.772000
120.588000 122.097000 1.509000
121.100000 122.313000 1.213000
121.348000 122.979000 1.631000
121.396000 123.025000 1.629000
121.739000 123.365000 1.626000
121.755000 123.911000 2.156000
121.864000 124.111000 2.247000
122.297000 124.219000 1.922000
122.653000 124.762000 2.109000
123.289000 125.087000 1.798000
124.111000 125.459000 1.348000
124.747000 125.551000 0.804000
124.856000 125.721000 0.865000
125.212000 125.830000 0.618000
125.243000 125.907000 0.664000
125.521000 126.077000 0.556000
126.092000 126.170000 0.078000
126.485000 126.671000 0.186000
126.641000 126.717000 0.076000
126.671000 126.826000 0.155000
126.905000 127.233000 0.328000
127.265000 127.281000 0.016000
127.455000 127.486000 0.031000
127.549000 127.751000 0.202000
127.642000 127.767000 0.125000
127.970000 128.309000 0.339000
127.986000 128.341000 0.355000
128.032000 128.466000 0.434000
128.125000 128.638000 0.513000
128.435000 128.746000 0.311000
128.669000 128.824000 0.155000
128.700000 129.428000 0.728000
128.746000 129.692000 0.946000
129.025000 129.972000 0.947000
129.148000 130.160000 1.012000
129.241000 130.190000 0.949000
129.365000 130.268000 0.903000
129.444000 130.346000 0.902000
129.941000 130.378000 0.437000
129.972000 130.578000 0.606000
130.113000 130.765000 0.652000
130.750000 130.796000 0.046000
130.765000 131.044000 0.279000
130.843000 131.248000 0.405000
130.904000 131.372000 0.468000
131.122000 131.590000 0.468000
131.294000 131.666000 0.372000
131.325000 131.728000 0.403000
131.636000 131.791000 0.155000
132.140000 132.202000 0.062000
132.691000 133.094000 0.403000
132.722000 133.420000 0.698000
132.891000 133.685000 0.794000
133.079000 133.764000 0.685000
133.125000 133.795000 0.670000
133.466000 134.010000 0.544000
133.795000 134.150000 0.355000
133.964000 134.602000 0.638000
134.010000 134.633000 0.623000
134.041000 134.959000 0.918000
134.228000 135.098000 0.870000
134.275000 135.191000 0.916000
134.368000 135.361000 0.993000
134.727000 135.438000 0.711000
135.083000 135.922000 0.839000
135.596000 136.436000 0.840000
135.984000 136.963000 0.979000
136.108000 137.690000 1.582000
136.155000 137.907000 1.752000
136.248000 138.154000 1.906000
136.295000 138.230000 1.935000
136.342000 138.633000 2.291000
136.358000 138.819000 2.461000
136.420000 139.363000 2.943000
136.793000 139.442000 2.649000
136.870000 139.519000 2.649000
137.598000 139.846000 2.248000
137.675000 139.924000 2.249000
137.797000 140.031000 2.234000
137.922000 140.123000 2.201000
138.200000 140.247000 2.047000
138.292000 140.711000 2.419000
138.649000 140.834000 2.185000
139.067000 141.440000 2.373000
139.332000 141.456000 2.124000
139.738000 141.611000 1.873000
139.769000 141.626000 1.857000
140.046000 141.704000 1.658000
140.154000 141.845000 1.691000
140.247000 141.923000 1.676000
140.587000 142.001000 1.414000
141.222000 142.203000 0.981000
141.268000 142.405000 1.137000
141.580000 143.014000 1.434000
141.626000 143.061000 1.435000
141.939000 143.419000 1.480000
142.156000 143.993000 1.837000
142.467000 144.230000 1.763000
142.732000 144.293000 1.561000
142.921000 144.604000 1.683000
142.936000 144.835000 1.899000
143.264000 144.990000 1.726000
143.746000 145.934000 2.188000
143.962000 146.105000 2.143000
144.698000 146.245000 1.547000
144.789000 146.354000 1.565000
145.113000 146.416000 1.303000
145.314000 146.602000 1.288000
145.578000 146.819000 1.241000
145.701000 146.866000 1.165000
145.840000 146.882000 1.042000
145.949000 146.991000 1.042000
146.167000 146.991000 0.824000
146.338000 147.580000 1.242000
146.788000 147.705000 0.917000
146.804000 147.736000 0.932000
147.394000 147.938000 0.544000
147.425000 148.187000 0.762000
147.705000 148.450000 0.745000
147.970000 149.180000 1.210000
148.001000 149.288000 1.287000
148.032000 149.476000 1.444000
148.265000 150.283000 2.018000
148.312000 150.993000 2.681000
148.388000 151.153000 2.765000
148.574000 151.185000 2.611000
149.195000 151.201000 2.006000
149.272000 151.392000 2.120000
149.382000 151.470000 2.088000
149.632000 151.581000 1.949000
149.832000 151.629000 1.797000
