client_8.log: seed=100, lambda=4.950000, T=150, total_pkts=667, total_drops=3
0.119000 1.467000 1.348000
1.032000 1.590000 0.558000
1.701000 2.043000 0.342000
2.075000 2.122000 0.047000
2.216000 2.324000 0.108000
2.278000 2.480000 0.202000
2.496000 2.714000 0.218000
2.558000 2.744000 0.186000
3.166000 3.213000 0.047000
3.244000 3.306000 0.062000
3.611000 3.966000 0.355000
3.687000 4.011000 0.324000
3.702000 4.087000 0.385000
3.810000 4.225000 0.415000
3.950000 4.473000 0.523000
4.163000 5.320000 1.157000
4.364000 5.799000 1.435000
4.810000 6.015000 1.205000
5.518000 6.401000 0.883000
5.611000 6.773000 1.162000
5.908000 6.788000 0.880000
6.060000 6.956000 0.896000
6.371000 7.385000 1.014000
6.526000 8.462000 1.936000
6.864000 9.414000 2.550000
7.293000 9.615000 2.322000
7.355000 9.755000 2.400000
7.385000 9.879000 2.494000
7.600000 9.987000 2.387000
7.647000 10.095000 2.448000
7.985000 10.468000 2.483000
8.293000 10.562000 2.269000
8.431000 10.734000 2.303000
8.568000 10.952000 2.384000
9.152000 11.526000 2.374000
9.259000 11.636000 2.377000
9.368000 11.698000 2.330000
9.384000 11.745000 2.361000
9.786000 11.885000 2.099000
10.002000 12.134000 2.132000
10.126000 12.165000 2.039000
10.328000 12.243000 1.915000
10.360000 12.259000 1.899000
10.594000 12.289000 1.695000
10.734000 12.413000 1.679000
10.889000 12.817000 1.928000
11.526000 12.972000 1.446000
11.760000 13.268000 1.508000
11.900000 13.299000 1.399000
12.134000 13.626000 1.492000
12.320000 13.687000 1.367000
12.352000 13.733000 1.381000
12.491000 13.733000 1.242000
12.616000 13.733000 1.117000
12.988000 13.843000 0.855000
13.144000 14.045000 0.901000
13.765000 14.324000 0.559000
13.967000 14.573000 0.606000
14.588000 14.635000 0.047000
14.604000 15.397000 0.793000
14.962000 15.601000 0.639000
15.023000 16.082000 1.059000
15.146000 16.174000 1.028000
15.365000 16.762000 1.397000
15.616000 17.710000 2.094000
15.786000 17.740000 1.954000
15.940000 18.002000 2.062000
16.516000 18.267000 1.751000
16.932000 18.376000 1.444000
16.964000 18.453000 1.489000
17.226000 18.500000 1.274000
17.600000 18.578000 0.978000
17.678000 18.734000 1.056000
17.894000 19.059000 1.165000
18.438000 19.122000 0.684000
18.703000 19.278000 0.575000
18.781000 19.449000 0.668000
18.936000 19.465000 0.529000
19.263000 19.527000 0.264000
19.574000 20.024000 0.450000
19.744000 20.133000 0.389000
19.884000 20.336000 0.452000
19.884000 20.397000 0.513000
19.946000 20.506000 0.560000
19.977000 20.630000 0.653000
20.118000 20.847000 0.729000
20.273000 21.236000 0.963000
20.351000 21.545000 1.194000
20.847000 21.731000 0.884000
21.050000 21.777000 0.727000
21.623000 21.918000 0.295000
21.716000 21.934000 0.218000
21.934000 21.996000 0.062000
21.996000 22.213000 0.217000
22.105000 22.572000 0.467000
22.306000 22.666000 0.360000
22.431000 22.821000 0.390000
22.682000 23.381000 0.699000
23.632000 23.709000 0.077000
23.724000 23.863000 0.139000
23.802000 24.252000 0.450000
23.879000 24.268000 0.389000
23.894000 24.660000 0.766000
23.956000 24.691000 0.735000
24.424000 24.767000 0.343000
24.910000 25.158000 0.248000
25.034000 25.329000 0.295000
25.298000 25.874000 0.576000
25.423000 25.889000 0.466000
25.548000 25.966000 0.418000
25.687000 26.355000 0.668000
25.750000 26.386000 0.636000
26.012000 26.432000 0.420000
26.200000 26.541000 0.341000
26.681000 27.023000 0.342000
26.743000 27.381000 0.638000
27.131000 27.427000 0.296000
28.029000 28.186000 0.157000
28.313000 28.687000 0.374000
28.641000 28.827000 0.186000
28.859000 28.922000 0.063000
29.145000 29.330000 0.185000
29.207000 29.591000 0.384000
29.360000 29.716000 0.356000
29.437000 29.793000 0.356000
29.576000 29.855000 0.279000
29.981000 30.058000 0.077000
30.646000 30.802000 0.156000
30.818000 31.240000 0.422000
30.849000 31.441000 0.592000
31.006000 31.488000 0.482000
31.318000 32.158000 0.840000
31.504000 32.297000 0.793000
31.581000 32.391000 0.810000
31.956000 32.564000 0.608000
32.048000 33.029000 0.981000
32.391000 33.045000 0.654000
32.595000 33.076000 0.481000
32.780000 33.199000 0.419000
32.890000 33.417000 0.527000
32.982000 33.572000 0.590000
33.168000 33.776000 0.608000
33.572000 33.821000 0.249000
33.681000 34.054000 0.373000
34.038000 34.225000 0.187000
34.069000 34.490000 0.421000
34.552000 34.568000 0.016000
34.583000 34.834000 0.251000
34.708000 34.895000 0.187000
34.818000 35.019000 0.201000
35.191000 35.517000 0.326000
35.611000 35.673000 0.062000
35.657000 35.719000 0.062000
35.861000 36.046000 0.185000
36.205000 36.346000 0.141000
36.376000 36.406000 0.030000
36.517000 37.247000 0.730000
36.594000 37.262000 0.668000
36.671000 37.386000 0.715000
37.514000 38.120000 0.606000
38.200000 38.338000 0.138000
38.496000 38.837000 0.341000
38.542000 38.884000 0.342000
38.558000 38.992000 0.434000
38.651000 39.086000 0.435000
38.744000 39.411000 0.667000
38.962000 39.457000 0.495000
39.086000 39.877000 0.791000
39.272000 40.328000 1.056000
39.581000 40.391000 0.810000
39.659000 40.624000 0.965000
40.453000 40.639000 0.186000
40.468000 40.903000 0.435000
40.639000 41.121000 0.482000
40.671000 41.525000 0.854000
40.795000 41.602000 0.807000
41.214000 41.649000 0.435000
41.587000 41.727000 0.140000
41.711000 41.835000 0.124000
41.819000 41.897000 0.078000
41.866000 42.177000 0.311000
42.006000 42.565000 0.559000
42.115000 43.856000 1.741000
42.238000 44.419000 2.181000
42.472000 44.465000 1.993000
42.643000 44.511000 1.868000
42.737000 44.837000 2.100000
43.251000 45.273000 2.022000
43.483000 45.397000 1.914000
43.576000 46.253000 2.677000
43.717000 46.701000 2.984000
44.201000 46.873000 2.672000
44.465000 46.936000 2.471000
44.527000 47.013000 2.486000
44.775000 47.138000 2.363000
44.869000 47.665000 2.796000
45.100000 47.834000 2.734000
45.366000 48.161000 2.795000
45.428000 48.238000 2.810000
46.004000 48.487000 2.483000
46.501000 48.657000 2.156000
46.517000 48.951000 2.434000
46.563000 49.074000 2.511000
46.610000 49.214000 2.604000
46.671000 49.307000 2.636000
46.686000 49.682000 2.996000
46.905000 49.822000 2.917000
47.091000 49.837000 2.746000
47.649000 49.915000 2.266000
47.696000 49.945000 2.249000
47.957000 50.287000 2.330000
48.565000 50.519000 1.954000
48.595000 50.876000 2.281000
48.626000 50.876000 2.250000
48.735000 51.033000 2.298000
48.812000 51.033000 2.221000
48.905000 51.513000 2.608000
49.105000 51.607000 2.502000
49.277000 52.089000 2.812000
49.448000 52.260000 2.812000
49.775000 52.276000 2.501000
49.945000 52.882000 2.937000
50.193000 52.913000 2.720000
50.751000 53.162000 2.411000
51.405000 53.459000 2.054000
51.809000 53.520000 1.711000
52.213000 53.707000 1.494000
52.307000 54.032000 1.725000
52.401000 54.127000 1.726000
53.037000 54.235000 1.198000
53.349000 54.405000 1.056000
53.396000 54.562000 1.166000
53.582000 54.669000 1.087000
54.032000 54.763000 0.731000
54.390000 54.795000 0.405000
54.437000 54.841000 0.404000
54.499000 54.949000 0.450000
54.499000 55.026000 0.527000
54.623000 55.151000 0.528000
54.654000 55.353000 0.699000
54.716000 55.693000 0.977000
54.841000 55.755000 0.914000
55.399000 55.879000 0.480000
55.447000 55.910000 0.463000
55.677000 56.205000 0.528000
55.801000 56.547000 0.746000
55.832000 56.656000 0.824000
55.894000 56.733000 0.839000
56.066000 56.855000 0.789000
56.236000 57.072000 0.836000
56.563000 57.227000 0.664000
56.932000 57.739000 0.807000
57.041000 57.801000 0.760000
57.552000 57.910000 0.358000
57.662000 58.018000 0.356000
57.724000 58.096000 0.372000
58.206000 58.253000 0.047000
58.491000 58.878000 0.387000
58.538000 59.002000 0.464000
58.584000 59.033000 0.449000
58.816000 59.064000 0.248000
59.143000 59.253000 0.110000
59.413000 59.491000 0.078000
59.521000 60.158000 0.637000
59.661000 60.251000 0.590000
59.770000 60.267000 0.497000
59.941000 60.499000 0.558000
60.097000 60.624000 0.527000
60.452000 60.871000 0.419000
60.670000 61.228000 0.558000
60.871000 61.680000 0.809000
60.886000 61.711000 0.825000
61.540000 61.757000 0.217000
61.680000 61.818000 0.138000
61.695000 62.204000 0.509000
61.711000 62.437000 0.726000
61.726000 62.951000 1.225000
62.097000 63.476000 1.379000
62.174000 63.569000 1.395000
62.204000 63.616000 1.412000
62.437000 63.741000 1.304000
62.825000 63.912000 1.087000
62.935000 64.100000 1.165000
63.153000 64.347000 1.194000
63.368000 64.503000 1.135000
63.663000 64.643000 0.980000
63.818000 65.032000 1.214000
64.533000 65.266000 0.733000
64.954000 65.328000 0.374000
65.188000 65.563000 0.375000
65.203000 65.611000 0.408000
65.313000 65.626000 0.313000
65.484000 65.656000 0.172000
65.547000 65.734000 0.187000
66.051000 66.299000 0.248000
66.472000 66.488000 0.016000
66.630000 67.046000 0.416000
66.737000 67.592000 0.855000
66.938000 67.655000 0.717000
67.046000 67.794000 0.748000
67.187000 67.904000 0.717000
67.296000 67.920000 0.624000
67.577000 68.447000 0.870000
67.779000 68.478000 0.699000
67.950000 68.572000 0.622000
68.870000 69.102000 0.232000
69.148000 69.608000 0.460000
69.455000 69.746000 0.291000
69.998000 70.307000 0.309000
70.433000 70.683000 0.250000
70.855000 70.886000 0.031000
71.043000 71.167000 0.124000
71.105000 71.259000 0.154000
71.369000 71.804000 0.435000
71.508000 71.959000 0.451000
71.586000 72.161000 0.575000
71.649000 72.301000 0.652000
71.835000 72.348000 0.513000
71.882000 72.489000 0.607000
71.943000 72.691000 0.748000
72.021000 72.768000 0.747000
72.068000 72.907000 0.839000
72.269000 73.017000 0.748000
72.301000 73.203000 0.902000
72.489000 74.231000 1.742000
72.597000 74.307000 1.710000
72.753000 74.773000 2.020000
73.156000 74.881000 1.725000
73.531000 74.912000 1.381000
73.655000 75.068000 1.413000
73.671000 75.129000 1.458000
73.765000 75.270000 1.505000
73.827000 75.472000 1.645000
74.169000 75.533000 1.364000
74.430000 75.658000 1.228000
74.943000 75.876000 0.933000
75.068000 75.891000 0.823000
75.145000 75.986000 0.841000
75.472000 76.345000 0.873000
75.533000 76.547000 1.014000
75.751000 76.953000 1.202000
75.860000 77.015000 1.155000
75.907000 77.031000 1.124000
76.033000 77.139000 1.106000
76.501000 77.869000 1.368000
76.532000 78.103000 1.571000
76.547000 78.694000 2.147000
76.750000 78.787000 2.037000
76.953000 79.194000 2.241000
76.999000 79.240000 2.241000
77.015000 79.271000 2.256000
77.046000 79.380000 2.334000
77.248000 79.459000 2.211000
77.356000 79.491000 2.135000
77.372000 80.344000 2.972000
78.025000 80.765000 2.740000
78.366000 80.843000 2.477000
78.694000 80.952000 2.258000
78.725000 81.263000 2.538000
78.880000 81.807000 2.927000
79.053000 82.166000 3.113000
79.427000 82.275000 2.848000
79.753000 82.491000 2.738000
79.879000 82.725000 2.846000
80.142000 82.927000 2.785000
80.469000 83.020000 2.551000
80.733000 83.067000 2.334000
81.449000 83.115000 1.666000
81.512000 83.255000 1.743000
81.682000 83.363000 1.681000
81.899000 83.411000 1.512000
82.166000 83.441000 1.275000
82.197000 83.830000 1.633000
82.290000 83.923000 1.633000
83.332000 84.110000 0.778000
83.411000 84.389000 0.978000
83.487000 84.795000 1.308000
83.690000 84.841000 1.151000
84.327000 85.399000 1.072000
84.731000 85.571000 0.840000
84.935000 85.695000 0.760000
85.043000 85.944000 0.901000
85.602000 86.069000 0.467000
85.835000 86.380000 0.545000
85.991000 86.628000 0.637000
86.100000 87.080000 0.980000
86.163000 87.127000 0.964000
86.552000 87.531000 0.979000
87.158000 87.795000 0.637000
88.113000 88.175000 0.062000
88.238000 88.269000 0.031000
88.254000 88.331000 0.077000
88.761000 88.823000 0.062000
88.951000 89.060000 0.109000
89.123000 89.341000 0.218000
89.154000 89.372000 0.218000
89.200000 89.681000 0.481000
89.295000 89.713000 0.418000
89.402000 90.009000 0.607000
89.759000 90.288000 0.529000
89.900000 90.412000 0.512000
90.039000 90.428000 0.389000
90.257000 91.018000 0.761000
90.862000 91.532000 0.670000
91.222000 91.671000 0.449000
91.238000 91.856000 0.618000
91.314000 92.337000 1.023000
91.701000 92.618000 0.917000
91.779000 92.649000 0.870000
91.979000 92.944000 0.965000
92.337000 93.334000 0.997000
92.649000 93.752000 1.103000
93.022000 93.768000 0.746000
93.148000 94.282000 1.134000
93.178000 94.903000 1.725000
93.645000 95.477000 1.832000
93.878000 95.709000 1.831000
94.158000 95.740000 1.582000
94.591000 95.927000 1.336000
94.669000 96.098000 1.429000
94.747000 96.114000 1.367000
95.151000 96.161000 1.010000
95.462000 96.300000 0.838000
95.663000 96.347000 0.684000
95.740000 96.425000 0.685000
95.865000 96.612000 0.747000
96.534000 96.891000 0.357000
96.643000 97.994000 1.351000
96.783000 98.134000 1.351000
97.141000 98.149000 1.008000
97.312000 98.335000 1.023000
97.453000 98.634000 1.181000
97.468000 98.742000 1.274000
97.701000 99.020000 1.319000
98.258000 99.097000 0.839000
98.303000 99.112000 0.809000
98.758000 99.284000 0.526000
99.284000 99.314000 0.030000
99.393000 100.395000 1.002000
99.656000 100.410000 0.754000
99.906000 100.519000 0.613000
99.966000 100.582000 0.616000
100.011000 100.706000 0.695000
100.195000 101.109000 0.914000
100.287000 101.421000 1.134000
100.550000 101.622000 1.072000
100.598000 102.726000 2.128000
100.923000 102.912000 1.989000
101.296000 103.424000 2.128000
101.715000 103.517000 1.802000
101.934000 103.563000 1.629000
101.996000 104.122000 2.126000
102.337000 104.169000 1.832000
102.461000 104.262000 1.801000
102.694000 104.340000 1.646000
102.756000 104.387000 1.631000
102.772000 104.528000 1.756000
103.082000 104.606000 1.524000
103.206000 104.995000 1.789000
103.455000 105.072000 1.617000
104.060000 105.150000 1.090000
104.278000 105.212000 0.934000
104.450000 105.912000 1.462000
105.010000 105.944000 0.934000
105.212000 106.037000 0.825000
105.306000 106.114000 0.808000
105.491000 106.612000 1.121000
105.506000 106.737000 1.231000
106.364000 106.753000 0.389000
106.582000 107.326000 0.744000
106.612000 107.590000 0.978000
106.737000 107.979000 1.242000
106.894000 107.994000 1.100000
106.941000 108.104000 1.163000
107.034000 108.351000 1.317000
107.637000 108.382000 0.745000
108.057000 108.584000 0.527000
108.428000 108.662000 0.234000
108.459000 108.974000 0.515000
108.553000 109.360000 0.807000
109.097000 109.656000 0.559000
109.532000 109.797000 0.265000
110.082000 110.114000 0.032000
110.114000 110.577000 0.463000
110.577000 110.608000 0.031000
110.592000 110.779000 0.187000
110.608000 111.291000 0.683000
110.624000 111.353000 0.729000
110.966000 111.712000 0.746000
111.291000 111.728000 0.437000
111.353000 111.790000 0.437000
111.980000 112.011000 0.031000
112.202000 112.528000 0.326000
112.390000 112.699000 0.309000
113.064000 114.184000 1.120000
113.095000 114.246000 1.151000
113.158000 114.695000 1.537000
113.283000 114.882000 1.599000
113.390000 115.116000 1.726000
113.624000 115.131000 1.507000
113.734000 115.784000 2.050000
113.765000 116.062000 2.297000
113.905000 116.405000 2.500000
114.122000 116.698000 2.576000
116.806000 0.000000 0.000000
116.900000 0.000000 0.000000
117.040000 0.000000 0.000000
114.602000 117.086000 2.484000
114.618000 117.193000 2.575000
114.820000 117.224000 2.404000
114.836000 117.240000 2.404000
115.100000 117.567000 2.467000
115.301000 117.629000 2.328000
115.317000 117.723000 2.406000
115.426000 117.815000 2.389000
115.908000 117.846000 1.938000
116.094000 118.015000 1.921000
116.110000 118.046000 1.936000
116.451000 118.140000 1.689000
116.682000 118.529000 1.847000
116.728000 118.623000 1.895000
116.744000 118.748000 2.004000
116.775000 118.932000 2.157000
117.209000 118.948000 1.739000
117.256000 119.072000 1.816000
117.412000 119.196000 1.784000
117.676000 119.335000 1.659000
118.108000 119.615000 1.507000
118.608000 119.802000 1.194000
118.855000 120.018000 1.163000
118.901000 120.685000 1.784000
119.226000 120.731000 1.505000
119.241000 121.059000 1.818000
119.350000 121.602000 2.252000
119.770000 121.804000 2.034000
120.127000 121.913000 1.786000
120.747000 122.456000 1.709000
121.556000 122.783000 1.227000
122.176000 123.158000 0.982000
122.285000 123.250000 0.965000
122.642000 123.422000 0.780000
122.673000 123.532000 0.859000
122.956000 123.610000 0.654000
123.516000 123.778000 0.262000
123.906000 123.984000 0.078000
124.062000 124.249000 0.187000
124.094000 124.296000 0.202000
124.327000 124.434000 0.107000
124.674000 124.998000 0.324000
124.860000 125.014000 0.154000
124.952000 125.045000 0.093000
125.045000 125.247000 0.202000
125.358000 125.374000 0.016000
125.374000 125.716000 0.342000
125.420000 125.748000 0.328000
125.512000 125.872000 0.360000
125.825000 126.044000 0.219000
126.059000 126.153000 0.094000
126.090000 126.230000 0.140000
126.137000 126.837000 0.700000
126.402000 127.101000 0.699000
126.526000 127.380000 0.854000
126.619000 127.567000 0.948000
126.744000 127.598000 0.854000
126.822000 127.676000 0.854000
127.302000 127.754000 0.452000
127.333000 127.784000 0.451000
127.473000 127.972000 0.499000
128.097000 128.284000 0.187000
128.113000 128.315000 0.202000
128.191000 128.564000 0.373000
128.253000 128.768000 0.515000
128.470000 128.892000 0.422000
128.626000 129.109000 0.483000
128.658000 129.171000 0.513000
128.954000 129.232000 0.278000
129.438000 129.500000 0.062000
129.976000 130.038000 0.062000
130.007000 130.442000 0.435000
130.178000 130.768000 0.590000
130.365000 131.029000 0.664000
130.412000 131.121000 0.709000
130.753000 131.152000 0.399000
131.075000 131.353000 0.278000
131.244000 131.492000 0.248000
131.290000 131.942000 0.652000
131.321000 131.973000 0.652000
131.507000 132.296000 0.789000
131.553000 132.435000 0.882000
131.647000 132.529000 0.882000
132.003000 132.701000 0.698000
132.357000 132.778000 0.421000
132.855000 133.338000 0.483000
133.229000 133.849000 0.620000
133.338000 134.376000 1.038000
133.385000 135.106000 1.721000
133.478000 135.325000 1.847000
133.525000 135.570000 2.045000
133.572000 135.648000 2.076000
133.587000 136.052000 2.465000
133.649000 136.239000 2.590000
134.019000 136.782000 2.763000
134.097000 136.875000 2.778000
134.812000 136.952000 2.140000
134.890000 137.278000 2.388000
135.013000 137.357000 2.344000
135.137000 137.465000 2.328000
135.416000 137.558000 2.142000
135.509000 137.682000 2.173000
135.864000 138.148000 2.284000
136.270000 138.272000 2.002000
136.533000 138.878000 2.345000
136.937000 138.894000 1.957000
136.968000 139.049000 2.081000
137.247000 139.064000 1.817000
137.357000 139.142000 1.785000
137.450000 139.282000 1.832000
137.791000 139.360000 1.569000
138.412000 139.438000 1.026000
138.459000 139.641000 1.182000
138.770000 139.842000 1.072000
138.816000 140.448000 1.632000
139.111000 140.496000 1.385000
139.314000 140.854000 1.540000
139.625000 141.428000 1.803000
139.889000 141.676000 1.787000
140.075000 141.739000 1.664000
140.091000 142.050000 1.959000
140.401000 142.282000 1.881000
140.885000 142.438000 1.553000
141.101000 143.386000 2.285000
141.832000 143.556000 1.724000
141.926000 143.697000 1.771000
142.236000 143.805000 1.569000
142.438000 143.866000 1.428000
142.704000 144.053000 1.349000
142.814000 144.271000 1.457000
142.937000 144.318000 1.381000
143.044000 144.334000 1.290000
143.262000 144.442000 1.180000
143.416000 144.442000 1.026000
143.851000 145.034000 1.183000
143.866000 145.159000 1.293000
144.442000 145.190000 0.748000
144.473000 145.392000 0.919000
144.738000 145.640000 0.902000
145.003000 145.905000 0.902000
145.034000 146.637000 1.603000
145.065000 146.746000 1.681000
145.299000 146.948000 1.649000
145.346000 147.758000 2.412000
145.422000 148.457000 3.035000
145.609000 148.628000 3.019000
146.216000 148.659000 2.443000
146.294000 148.675000 2.381000
146.403000 148.862000 2.459000
146.652000 148.940000 2.288000
146.856000 149.048000 2.192000
147.354000 149.094000 1.740000
147.509000 149.125000 1.616000
147.928000 149.248000 1.320000
147.975000 149.358000 1.383000
148.037000 149.870000 1.833000
148.271000 149.931000 1.660000
148.520000 150.088000 1.568000
149.295000 150.198000 0.903000
149.512000 150.310000 0.798000
