server_8.log: seed=100, mu=5.000000, QSize=15
2.671000 1
2.672000 0
3.584000 1
4.019000 0
4.253000 1
4.253000 0
4.627000 1
4.627000 0
4.768000 1
4.768000 0
4.830000 1
4.876000 0
5.048000 1
5.048000 0
5.110000 1
5.266000 0
5.718000 1
5.718000 0
5.796000 1
5.796000 0
6.163000 1
6.163000 0
6.239000 1
6.254000 2
6.362000 3
6.502000 4
6.518000 3
6.563000 2
6.639000 1
6.715000 2
6.777000 1
6.916000 2
7.025000 1
7.362000 2
7.872000 1
8.070000 2
8.163000 3
8.351000 2
8.460000 3
8.567000 2
8.612000 3
8.923000 4
8.953000 3
9.078000 4
9.325000 3
9.340000 2
9.416000 3
9.508000 2
9.845000 3
9.907000 4
9.937000 3
9.937000 4
10.152000 5
10.199000 6
10.537000 7
10.845000 8
10.983000 9
11.014000 8
11.120000 9
11.704000 10
11.811000 11
11.920000 12
11.936000 13
11.966000 12
12.167000 11
12.307000 10
12.338000 11
12.431000 10
12.539000 9
12.554000 10
12.647000 9
12.678000 10
12.880000 11
12.912000 12
13.020000 11
13.114000 10
13.146000 11
13.286000 12
13.286000 11
13.441000 12
13.504000 11
14.078000 12
14.078000 11
14.188000 10
14.250000 9
14.297000 8
14.312000 9
14.437000 8
14.452000 9
14.686000 10
14.686000 9
14.717000 8
14.795000 7
14.811000 6
14.841000 5
14.872000 6
14.904000 7
14.965000 6
15.043000 7
15.168000 8
15.369000 7
15.524000 6
15.540000 7
15.696000 8
15.820000 7
15.851000 6
16.178000 5
16.239000 4
16.285000 3
16.285000 2
16.285000 1
16.317000 2
16.395000 1
16.519000 2
16.597000 1
16.876000 0
17.140000 1
17.140000 0
17.156000 1
17.187000 0
17.514000 1
17.575000 2
17.698000 3
17.917000 4
17.949000 3
18.153000 2
18.168000 3
18.338000 4
18.492000 5
18.634000 4
18.726000 3
19.068000 4
19.314000 3
19.484000 4
19.516000 5
19.778000 6
20.152000 7
20.230000 8
20.262000 7
20.292000 6
20.446000 7
20.554000 6
20.819000 5
20.928000 4
20.990000 5
21.005000 4
21.052000 3
21.130000 2
21.255000 3
21.286000 2
21.333000 3
21.488000 4
21.611000 3
21.674000 2
21.815000 3
21.830000 2
22.001000 1
22.017000 0
22.126000 1
22.126000 0
22.296000 1
22.436000 2
22.436000 3
22.498000 4
22.529000 5
22.576000 4
22.670000 5
22.685000 4
22.825000 5
22.888000 4
22.903000 5
22.949000 4
23.058000 3
23.182000 2
23.399000 1
23.399000 2
23.602000 3
23.788000 2
24.097000 1
24.175000 2
24.268000 3
24.283000 2
24.329000 1
24.470000 0
24.486000 1
24.486000 0
24.548000 1
24.548000 0
24.657000 1
24.765000 0
24.858000 1
24.983000 2
25.124000 1
25.218000 0
25.234000 1
25.373000 0
26.184000 1
26.184000 0
26.276000 1
26.276000 0
26.354000 1
26.415000 0
26.431000 1
26.446000 2
26.508000 3
26.804000 2
26.820000 1
26.976000 2
27.212000 1
27.243000 0
27.462000 1
27.462000 0
27.586000 1
27.710000 0
27.850000 1
27.881000 0
27.975000 1
28.100000 2
28.239000 3
28.302000 4
28.426000 3
28.441000 2
28.518000 1
28.564000 2
28.752000 3
28.907000 2
28.938000 1
28.984000 0
29.233000 1
29.233000 0
29.295000 1
29.575000 0
29.683000 1
29.933000 0
30.582000 1
30.582000 0
30.865000 1
30.865000 0
31.193000 1
31.239000 0
31.411000 1
31.411000 0
31.697000 1
31.697000 0
31.759000 1
31.882000 0
31.912000 1
31.989000 2
32.128000 3
32.143000 2
32.268000 1
32.345000 0
32.533000 1
32.533000 0
33.199000 1
33.199000 0
33.370000 1
33.370000 0
33.401000 1
33.558000 2
33.792000 1
33.870000 2
33.993000 1
34.040000 0
34.056000 1
34.133000 2
34.508000 3
34.600000 4
34.710000 3
34.849000 2
34.943000 1
34.943000 2
35.116000 1
35.147000 2
35.332000 3
35.442000 4
35.534000 5
35.581000 4
35.597000 3
35.628000 2
35.720000 3
35.751000 2
35.969000 1
36.124000 0
36.124000 1
36.233000 2
36.328000 1
36.373000 0
36.590000 1
36.606000 0
36.621000 1
36.777000 0
37.104000 1
37.104000 0
37.135000 1
37.135000 0
37.260000 1
37.370000 2
37.386000 1
37.447000 0
37.743000 1
37.743000 0
38.163000 1
38.163000 0
38.209000 1
38.225000 0
38.413000 1
38.413000 0
38.757000 1
38.757000 0
38.928000 1
38.928000 0
39.069000 1
39.069000 0
39.146000 1
39.223000 2
39.799000 1
39.814000 0
40.066000 1
40.066000 0
40.752000 1
40.752000 0
41.048000 1
41.048000 0
41.094000 1
41.110000 2
41.203000 3
41.296000 4
41.389000 3
41.436000 2
41.514000 3
41.544000 2
41.638000 3
41.638000 2
41.824000 3
41.963000 2
42.009000 1
42.133000 2
42.211000 3
42.429000 2
42.881000 1
42.943000 0
43.005000 1
43.020000 2
43.176000 1
43.191000 0
43.191000 1
43.223000 2
43.347000 3
43.455000 2
43.673000 1
43.766000 2
44.077000 1
44.139000 2
44.154000 1
44.201000 0
44.263000 1
44.279000 0
44.371000 1
44.387000 0
44.418000 1
44.449000 0
44.558000 1
44.667000 2
44.729000 1
44.790000 2
45.024000 3
45.117000 2
45.195000 3
45.289000 4
45.803000 5
46.035000 6
46.128000 7
46.269000 8
46.408000 7
46.753000 8
46.971000 7
47.017000 6
47.017000 7
47.063000 6
47.079000 7
47.327000 8
47.389000 7
47.421000 8
47.652000 9
47.825000 8
47.918000 9
47.949000 8
47.980000 9
48.556000 10
48.805000 9
49.053000 10
49.069000 11
49.115000 12
49.162000 13
49.223000 14
49.238000 15
49.253000 14
49.425000 13
49.457000 14
49.488000 13
49.565000 12
49.643000 13
49.690000 12
50.201000 13
50.217000 12
50.248000 13
50.386000 12
50.509000 13
50.713000 12
50.790000 11
51.039000 10
51.117000 11
51.147000 12
51.178000 13
51.209000 12
51.287000 13
51.364000 14
51.457000 15
51.503000 14
51.626000 13
51.657000 14
51.766000 13
51.829000 14
51.859000 13
52.000000 14
52.234000 13
52.327000 14
52.374000 13
52.389000 12
52.467000 11
52.497000 10
52.497000 11
52.745000 12
52.839000 11
53.071000 10
53.303000 11
53.428000 10
53.428000 9
53.585000 8
53.585000 7
53.957000 8
54.065000 7
54.159000 6
54.361000 7
54.641000 6
54.765000 7
54.812000 6
54.828000 5
54.859000 6
54.953000 7
55.434000 6
55.465000 5
55.589000 6
55.714000 5
55.901000 6
55.948000 7
56.011000 6
56.072000 5
56.134000 6
56.259000 5
56.585000 4
56.585000 5
56.679000 4
56.787000 3
56.942000 4
56.957000 3
56.989000 4
57.051000 5
57.051000 6
57.114000 5
57.175000 6
57.206000 7
57.221000 6
57.268000 7
57.315000 6
57.347000 5
57.393000 4
57.393000 5
57.501000 4
57.578000 3
57.703000 2
57.905000 1
57.951000 2
57.999000 3
58.229000 4
58.245000 3
58.307000 2
58.353000 3
58.384000 4
58.431000 3
58.446000 4
58.462000 3
58.618000 4
58.757000 3
58.788000 4
59.099000 3
59.115000 4
59.208000 3
59.285000 2
59.407000 1
59.484000 2
59.593000 3
59.624000 2
59.779000 1
60.104000 2
60.214000 3
60.276000 4
60.291000 3
60.353000 2
60.462000 1
60.570000 0
60.758000 1
60.758000 0
61.043000 1
61.043000 0
61.090000 1
61.136000 2
61.368000 3
61.430000 2
61.554000 1
61.585000 0
61.695000 1
61.695000 0
61.965000 1
61.965000 0
62.073000 1
62.073000 0
62.213000 1
62.322000 2
62.493000 3
62.649000 4
62.710000 3
62.803000 2
62.819000 1
63.004000 2
63.051000 1
63.176000 0
63.222000 1
63.423000 0
63.423000 1
63.438000 2
63.780000 1
64.092000 2
64.232000 1
64.232000 2
64.247000 3
64.263000 4
64.263000 3
64.278000 4
64.309000 3
64.370000 2
64.649000 3
64.726000 4
64.756000 3
64.756000 4
64.989000 3
64.989000 4
65.377000 5
65.487000 6
65.503000 5
65.705000 6
65.920000 7
66.028000 6
66.121000 5
66.168000 4
66.215000 5
66.293000 4
66.370000 5
66.464000 4
66.652000 3
66.899000 2
67.055000 1
67.085000 2
67.195000 1
67.506000 2
67.584000 1
67.740000 2
67.755000 3
67.818000 2
67.865000 3
67.880000 2
68.036000 3
68.099000 4
68.115000 3
68.163000 2
68.178000 1
68.208000 0
68.603000 1
68.603000 0
69.024000 1
69.024000 0
69.182000 1
69.182000 0
69.289000 1
69.490000 2
69.598000 1
69.598000 2
69.739000 3
69.848000 4
70.129000 5
70.144000 4
70.207000 3
70.331000 4
70.346000 3
70.456000 2
70.472000 1
70.502000 2
70.999000 1
71.030000 0
71.422000 1
71.422000 0
71.700000 1
71.700000 0
72.007000 1
72.160000 0
72.550000 1
72.550000 0
72.985000 1
72.985000 0
73.407000 1
73.407000 0
73.595000 1
73.595000 0
73.657000 1
73.719000 0
73.921000 1
73.921000 0
74.060000 1
74.138000 2
74.201000 3
74.356000 2
74.387000 3
74.434000 4
74.495000 5
74.511000 4
74.573000 5
74.620000 6
74.713000 5
74.821000 6
74.853000 5
74.853000 6
74.900000 5
75.041000 4
75.041000 5
75.149000 6
75.243000 5
75.305000 6
75.320000 5
75.459000 4
75.569000 3
75.708000 4
75.755000 3
76.083000 4
76.207000 5
76.223000 6
76.317000 7
76.379000 8
76.721000 9
76.783000 8
76.859000 7
76.982000 8
77.325000 7
77.433000 6
77.464000 5
77.495000 6
77.620000 5
77.620000 6
77.681000 5
77.697000 6
77.822000 5
78.024000 4
78.024000 5
78.085000 4
78.085000 5
78.210000 4
78.303000 5
78.412000 6
78.428000 5
78.443000 4
78.459000 5
78.538000 4
78.585000 5
78.897000 4
79.053000 5
79.084000 6
79.099000 7
79.099000 6
79.302000 7
79.505000 6
79.505000 7
79.551000 8
79.567000 7
79.567000 8
79.583000 7
79.598000 8
79.691000 7
79.800000 8
79.908000 9
79.924000 10
80.421000 9
80.577000 10
80.655000 9
80.918000 10
81.246000 9
81.246000 10
81.277000 11
81.339000 10
81.432000 11
81.605000 12
81.746000 11
81.792000 10
81.823000 9
81.932000 8
81.979000 9
82.011000 8
82.043000 7
82.305000 8
82.431000 9
82.694000 10
82.896000 9
83.021000 10
83.285000 11
83.317000 10
83.395000 9
83.504000 8
83.815000 7
84.001000 8
84.064000 9
84.234000 10
84.359000 9
84.451000 10
84.718000 11
84.718000 10
84.749000 11
84.827000 10
84.842000 11
85.043000 10
85.277000 9
85.479000 8
85.572000 7
85.619000 6
85.667000 5
85.807000 4
85.884000 5
85.915000 4
85.963000 5
85.963000 4
85.993000 3
86.039000 4
86.242000 5
86.382000 4
86.475000 3
86.662000 2
86.879000 3
86.941000 2
87.283000 3
87.347000 2
87.393000 1
87.487000 2
87.595000 3
87.951000 2
88.123000 1
88.154000 2
88.247000 1
88.387000 2
88.496000 1
88.543000 2
88.621000 1
88.652000 2
88.715000 3
88.932000 2
89.104000 3
89.180000 2
89.632000 1
89.679000 0
89.710000 1
90.083000 0
90.665000 1
90.665000 0
90.790000 1
90.790000 0
90.806000 1
90.821000 0
91.313000 1
91.313000 0
91.503000 1
91.503000 0
91.675000 1
91.675000 0
91.706000 1
91.752000 2
91.847000 3
91.893000 2
91.924000 1
91.954000 2
92.233000 1
92.265000 0
92.311000 1
92.452000 2
92.561000 1
92.591000 2
92.809000 3
92.840000 2
92.964000 1
92.980000 0
93.414000 1
93.570000 0
93.775000 1
93.790000 2
93.866000 3
94.084000 2
94.223000 1
94.253000 2
94.331000 3
94.408000 2
94.531000 3
94.889000 2
94.889000 3
95.170000 2
95.201000 3
95.201000 2
95.496000 1
95.574000 2
95.700000 3
95.730000 4
95.886000 3
96.197000 4
96.304000 3
96.320000 2
96.430000 3
96.710000 4
96.834000 3
97.143000 4
97.221000 5
97.299000 6
97.455000 5
97.703000 6
98.014000 7
98.029000 6
98.215000 7
98.261000 6
98.292000 5
98.292000 6
98.417000 7
98.479000 6
98.650000 5
98.666000 4
98.713000 3
98.852000 2
98.899000 1
98.977000 0
99.086000 1
99.164000 0
99.195000 1
99.335000 2
99.443000 1
99.693000 2
99.864000 3
100.005000 4
100.020000 5
100.253000 6
100.546000 5
100.686000 4
100.701000 3
100.810000 4
100.855000 5
100.887000 4
101.186000 3
101.294000 2
101.310000 3
101.572000 2
101.649000 1
101.664000 0
101.836000 1
101.836000 0
101.945000 1
101.945000 0
102.208000 1
102.458000 2
102.518000 3
102.563000 4
102.747000 5
102.839000 6
102.947000 5
102.962000 4
103.071000 3
103.102000 4
103.134000 3
103.150000 4
103.258000 3
103.475000 4
103.661000 3
103.848000 4
103.973000 3
104.174000 2
104.267000 3
104.486000 4
104.548000 5
104.889000 6
105.013000 7
105.246000 8
105.278000 7
105.308000 8
105.324000 9
105.464000 8
105.634000 9
105.758000 10
105.976000 9
106.007000 10
106.069000 9
106.115000 8
106.612000 9
106.674000 8
106.721000 7
106.814000 6
106.830000 7
106.892000 6
106.939000 5
107.002000 6
107.080000 5
107.158000 4
107.547000 3
107.562000 4
107.624000 3
107.702000 2
107.764000 1
107.764000 2
107.858000 3
108.043000 4
108.058000 5
108.464000 4
108.496000 3
108.589000 2
108.666000 1
108.916000 2
109.134000 3
109.164000 4
109.164000 3
109.289000 2
109.289000 3
109.305000 2
109.446000 3
109.493000 4
109.586000 5
109.878000 4
110.142000 3
110.189000 4
110.531000 3
110.546000 2
110.609000 3
110.656000 2
110.903000 1
110.934000 0
110.980000 1
111.011000 2
111.105000 3
111.136000 2
111.214000 1
111.526000 0
111.649000 1
111.912000 0
112.084000 1
112.208000 0
112.634000 1
112.634000 0
112.666000 1
112.666000 0
113.129000 1
113.129000 0
113.144000 1
113.160000 2
113.160000 1
113.176000 2
113.331000 1
113.518000 2
113.843000 1
113.843000 2
113.905000 1
113.905000 2
114.264000 1
114.280000 0
114.532000 1
114.532000 0
114.754000 1
114.754000 0
114.942000 1
115.080000 0
115.616000 1
115.616000 0
115.647000 1
115.710000 2
115.835000 3
115.942000 4
116.176000 5
116.286000 6
116.317000 7
116.457000 8
116.674000 9
116.736000 8
116.798000 7
117.154000 8
117.170000 9
117.247000 8
117.372000 9
117.388000 10
117.434000 9
117.652000 10
117.668000 9
117.683000 8
117.853000 9
117.869000 10
117.978000 11
118.336000 10
118.460000 11
118.614000 10
118.646000 11
118.662000 12
118.957000 11
119.003000 12
119.234000 13
119.250000 12
119.280000 13
119.296000 14
119.327000 15
119.638000 14
119.745000 13
119.761000 14
119.776000 13
119.792000 12
119.808000 13
119.964000 14
120.119000 13
120.181000 12
120.228000 13
120.275000 12
120.367000 11
120.398000 10
120.567000 9
120.598000 8
120.660000 9
120.692000 8
121.081000 7
121.160000 8
121.175000 7
121.300000 6
121.407000 7
121.453000 8
121.484000 7
121.500000 6
121.624000 5
121.748000 4
121.778000 5
121.793000 6
121.887000 5
121.902000 6
122.167000 5
122.322000 6
122.354000 5
122.570000 4
122.679000 5
123.237000 4
123.283000 3
123.299000 4
123.611000 3
124.108000 4
124.154000 3
124.356000 2
124.465000 1
124.728000 2
124.837000 3
125.008000 2
125.194000 3
125.225000 4
125.335000 3
125.508000 4
125.710000 3
125.802000 2
125.974000 1
126.068000 2
126.084000 1
126.162000 0
126.458000 1
126.458000 0
126.614000 1
126.614000 0
126.646000 1
126.801000 0
126.879000 1
126.879000 0
127.226000 1
127.226000 0
127.412000 1
127.504000 2
127.550000 1
127.566000 0
127.597000 1
127.597000 0
127.910000 1
127.910000 0
127.926000 1
127.926000 0
127.972000 1
128.064000 2
128.268000 1
128.300000 0
128.377000 1
128.424000 0
128.611000 1
128.611000 0
128.642000 1
128.689000 2
128.705000 1
128.782000 0
128.954000 1
129.078000 2
129.171000 3
129.296000 4
129.374000 5
129.389000 4
129.653000 3
129.854000 4
129.885000 5
129.932000 4
130.025000 5
130.119000 4
130.150000 3
130.228000 2
130.306000 1
130.336000 0
130.649000 1
130.649000 0
130.665000 1
130.743000 2
130.805000 3
130.836000 2
130.867000 1
131.022000 2
131.116000 1
131.178000 2
131.210000 3
131.320000 2
131.444000 1
131.506000 2
131.661000 1
131.723000 0
131.990000 1
131.990000 0
132.528000 1
132.528000 0
132.559000 1
132.590000 0
132.730000 1
132.917000 2
132.964000 3
132.994000 2
133.305000 3
133.320000 2
133.581000 1
133.627000 2
133.673000 1
133.704000 0
133.796000 1
133.842000 2
133.873000 3
133.905000 2
134.044000 1
134.059000 2
134.105000 3
134.199000 4
134.494000 3
134.525000 2
134.555000 3
134.848000 2
134.909000 3
134.987000 2
135.081000 1
135.253000 0
135.407000 1
135.407000 0
135.781000 1
135.890000 0
135.890000 1
135.937000 2
136.030000 3
136.077000 4
136.124000 5
136.139000 6
136.201000 7
136.401000 6
136.571000 7
136.649000 8
136.928000 7
137.364000 8
137.442000 9
137.565000 10
137.658000 9
137.689000 10
137.877000 9
137.968000 10
138.061000 11
138.122000 10
138.200000 9
138.416000 10
138.604000 9
138.791000 8
138.822000 9
139.085000 10
139.334000 9
139.427000 8
139.489000 9
139.504000 8
139.520000 9
139.799000 10
139.830000 9
139.909000 10
139.909000 9
140.002000 10
140.017000 9
140.110000 8
140.234000 7
140.343000 8
140.700000 7
140.824000 6
140.964000 7
141.012000 8
141.322000 9
141.368000 10
141.430000 9
141.446000 8
141.601000 7
141.616000 6
141.663000 7
141.694000 6
141.834000 5
141.866000 6
141.912000 5
141.990000 4
142.177000 5
142.193000 4
142.394000 3
142.441000 4
142.627000 5
142.643000 6
142.953000 7
143.000000 6
143.048000 5
143.406000 4
143.437000 5
143.653000 6
143.980000 5
144.228000 4
144.291000 3
144.384000 4
144.478000 5
144.602000 4
144.788000 5
144.834000 4
144.990000 3
144.990000 4
145.256000 5
145.366000 6
145.489000 7
145.596000 8
145.814000 9
145.938000 8
145.968000 9
146.108000 8
146.249000 7
146.357000 6
146.403000 7
146.418000 6
146.418000 7
146.605000 6
146.823000 5
146.870000 4
146.886000 3
146.994000 4
146.994000 3
146.994000 2
147.025000 3
147.290000 4
147.555000 5
147.586000 4
147.586000 5
147.617000 6
147.711000 5
147.742000 4
147.851000 5
147.898000 6
147.944000 5
147.974000 6
148.161000 7
148.192000 6
148.457000 5
148.768000 6
148.846000 7
148.955000 8
149.189000 7
149.204000 8
149.298000 7
149.408000 8
149.500000 7
149.906000 8
150.061000 9
150.310000 8
150.480000 9
150.527000 10
150.589000 11
150.823000 12
151.009000 11
151.072000 12
151.180000 11
151.211000 10
151.227000 9
151.414000 8
151.492000 7
151.600000 6
151.646000 5
151.677000 4
151.800000 3
151.847000 4
151.910000 3
152.064000 4
152.422000 3
152.483000 2
152.640000 1
152.750000 0
