server_3.log: seed=100, mu=5.000000, QSize=15
3.729000 1
3.729000 0
4.697000 1
5.068000 0
5.401000 1
5.401000 0
5.788000 1
5.788000 0
5.942000 1
5.942000 0
6.004000 1
6.050000 0
6.237000 1
6.237000 0
6.299000 1
6.453000 0
6.940000 1
6.940000 0
7.018000 1
7.018000 0
7.407000 1
7.407000 0
7.485000 1
7.500000 2
7.624000 3
7.761000 2
7.776000 3
7.792000 2
7.870000 1
8.012000 0
8.012000 1
8.213000 2
8.259000 1
8.680000 2
9.114000 1
9.426000 2
9.520000 3
9.599000 2
9.814000 1
9.830000 2
10.000000 3
10.202000 2
10.327000 3
10.483000 4
10.562000 3
10.577000 2
10.749000 1
10.842000 2
11.185000 1
11.294000 2
11.356000 3
11.387000 4
11.620000 5
11.683000 6
12.043000 7
12.259000 6
12.353000 7
12.493000 8
12.633000 9
13.210000 8
13.257000 9
13.366000 10
13.412000 9
13.474000 10
13.490000 11
13.552000 10
13.679000 9
13.787000 8
13.896000 7
13.927000 8
14.161000 9
14.256000 8
14.287000 9
14.350000 8
14.505000 9
14.520000 8
14.536000 9
14.738000 8
14.785000 9
14.925000 10
15.096000 11
15.313000 10
15.424000 9
15.487000 8
15.535000 7
15.673000 6
15.767000 7
15.923000 6
15.955000 5
16.017000 6
16.032000 5
16.047000 4
16.063000 3
16.157000 4
16.188000 3
16.404000 4
16.591000 3
16.607000 4
16.639000 5
16.746000 4
16.777000 5
16.901000 6
17.043000 5
17.075000 4
17.293000 5
17.401000 4
17.464000 5
17.464000 4
17.511000 3
17.511000 2
17.511000 1
17.620000 0
18.121000 1
18.121000 0
18.338000 1
18.386000 0
18.992000 1
18.992000 0
19.007000 1
19.038000 0
19.395000 1
19.458000 2
19.597000 3
19.799000 2
19.814000 3
20.002000 2
20.080000 3
20.251000 4
20.405000 5
20.485000 4
20.577000 3
21.012000 4
21.167000 3
21.461000 4
21.492000 5
21.775000 6
22.117000 5
22.148000 4
22.163000 5
22.241000 6
22.411000 5
22.473000 6
22.674000 5
22.781000 4
22.858000 3
22.906000 2
22.983000 1
23.045000 2
23.137000 1
23.324000 2
23.417000 3
23.464000 2
23.525000 1
23.571000 2
23.680000 1
23.837000 0
23.916000 1
23.916000 0
24.246000 1
24.246000 0
24.432000 1
24.572000 2
24.572000 3
24.635000 4
24.665000 5
24.696000 4
24.803000 3
24.819000 4
24.973000 5
25.004000 4
25.067000 5
25.067000 4
25.175000 3
25.297000 2
25.515000 1
25.593000 2
25.809000 3
25.903000 2
26.214000 1
26.386000 0
26.417000 1
26.432000 0
26.510000 1
26.572000 0
26.730000 1
26.730000 0
26.792000 1
26.792000 0
26.918000 1
27.011000 0
27.119000 1
27.258000 2
27.381000 1
27.474000 0
27.520000 1
27.629000 0
28.518000 1
28.518000 0
28.611000 1
28.611000 0
28.690000 1
28.752000 0
28.767000 1
28.783000 2
28.860000 3
29.138000 2
29.154000 1
29.355000 2
29.556000 1
29.587000 0
29.853000 1
29.853000 0
29.976000 1
30.099000 0
30.255000 1
30.270000 0
30.395000 1
30.521000 2
30.677000 3
30.754000 4
30.800000 3
30.815000 2
30.892000 1
31.031000 2
31.232000 3
31.280000 2
31.310000 1
31.358000 0
31.748000 1
31.748000 0
31.810000 1
32.088000 0
32.227000 1
32.446000 0
33.170000 1
33.170000 0
33.470000 1
33.470000 0
33.811000 1
33.843000 0
34.030000 1
34.030000 0
34.329000 1
34.329000 0
34.391000 1
34.515000 0
34.546000 1
34.623000 2
34.763000 3
34.778000 2
34.901000 1
34.979000 0
35.181000 1
35.181000 0
35.886000 1
35.886000 0
36.070000 1
36.070000 0
36.100000 1
36.271000 2
36.489000 1
36.597000 2
36.690000 1
36.736000 0
36.799000 1
36.892000 2
37.277000 3
37.369000 4
37.416000 3
37.555000 2
37.646000 1
37.723000 2
37.817000 1
37.940000 2
38.142000 3
38.252000 4
38.283000 3
38.298000 2
38.329000 1
38.344000 2
38.454000 1
38.548000 2
38.671000 1
38.826000 0
38.980000 1
39.027000 0
39.089000 1
39.089000 0
39.465000 1
39.465000 0
39.497000 1
39.634000 0
40.005000 1
40.005000 0
40.036000 1
40.036000 0
40.161000 1
40.286000 2
40.286000 1
40.348000 0
40.678000 1
40.678000 0
41.127000 1
41.127000 0
41.174000 1
41.189000 0
41.377000 1
41.377000 0
41.736000 1
41.736000 0
41.905000 1
41.905000 0
42.061000 1
42.061000 0
42.138000 1
42.215000 2
42.790000 1
42.806000 0
43.101000 1
43.101000 0
43.832000 1
43.832000 0
44.144000 1
44.144000 0
44.191000 1
44.207000 2
44.298000 3
44.408000 4
44.485000 3
44.532000 2
44.640000 3
44.640000 2
44.733000 1
44.763000 2
44.948000 3
45.071000 2
45.117000 1
45.271000 2
45.348000 3
45.548000 2
45.997000 1
46.059000 0
46.183000 1
46.198000 2
46.305000 1
46.321000 0
46.382000 1
46.413000 2
46.536000 3
46.583000 2
46.802000 1
46.972000 2
47.205000 1
47.268000 0
47.361000 1
47.361000 0
47.486000 1
47.486000 0
47.595000 1
47.595000 0
47.657000 1
47.657000 0
47.796000 1
47.905000 2
47.936000 1
48.029000 2
48.275000 3
48.337000 2
48.445000 3
48.553000 4
49.093000 5
49.340000 6
49.450000 7
49.590000 8
49.637000 7
50.095000 8
50.203000 7
50.249000 6
50.281000 5
50.374000 6
50.437000 7
50.607000 6
50.700000 7
50.793000 8
51.040000 9
51.040000 8
51.163000 7
51.332000 8
51.393000 9
51.996000 10
52.027000 9
52.463000 8
52.510000 9
52.525000 10
52.572000 11
52.618000 12
52.634000 11
52.696000 12
52.696000 11
52.712000 12
52.774000 11
52.897000 10
52.944000 11
53.143000 12
53.420000 11
53.590000 10
53.731000 11
53.792000 12
53.915000 11
53.993000 10
54.072000 11
54.243000 10
54.413000 9
54.705000 10
54.705000 9
54.736000 10
54.767000 11
54.829000 10
54.876000 11
54.954000 12
54.969000 11
55.061000 12
55.076000 11
55.262000 12
55.432000 13
55.448000 12
55.587000 11
55.602000 12
55.602000 11
55.679000 10
55.695000 9
55.943000 10
56.035000 9
56.113000 10
56.255000 9
56.362000 10
56.608000 9
56.608000 8
56.777000 7
56.777000 6
56.948000 7
57.257000 6
57.365000 5
57.645000 6
57.845000 5
58.016000 4
58.031000 3
58.078000 4
58.495000 5
58.589000 6
58.651000 5
58.682000 6
58.682000 5
58.930000 4
59.240000 3
59.303000 2
59.365000 3
59.488000 2
59.689000 3
59.737000 4
59.814000 3
59.922000 2
59.922000 3
60.029000 2
60.199000 1
60.355000 0
60.401000 1
60.463000 0
60.777000 1
60.777000 0
60.822000 1
60.822000 0
60.884000 1
60.884000 0
60.884000 1
60.992000 0
61.007000 1
61.037000 2
61.068000 1
61.099000 2
61.193000 1
61.224000 2
61.394000 1
61.747000 0
61.808000 1
61.808000 0
61.870000 1
61.932000 0
62.121000 1
62.121000 0
62.246000 1
62.277000 2
62.339000 3
62.416000 2
62.508000 3
62.679000 4
62.757000 3
62.865000 2
62.943000 1
63.021000 2
63.052000 1
63.267000 0
63.406000 1
63.421000 0
63.515000 1
63.934000 0
64.059000 1
64.059000 0
64.182000 1
64.182000 0
64.243000 1
64.290000 0
64.741000 1
64.741000 0
65.036000 1
65.036000 0
65.083000 1
65.129000 2
65.361000 3
65.423000 2
65.546000 1
65.577000 0
65.702000 1
65.702000 0
65.983000 1
65.983000 0
66.090000 1
66.090000 0
66.228000 1
66.336000 2
66.521000 3
66.693000 4
66.723000 3
66.816000 2
66.831000 1
67.066000 2
67.066000 1
67.190000 0
67.296000 1
67.437000 0
67.515000 1
67.531000 2
67.792000 1
68.224000 2
68.240000 1
68.272000 0
68.381000 1
68.381000 0
68.396000 1
68.412000 2
68.428000 3
68.443000 2
68.817000 3
68.817000 2
68.894000 3
68.924000 4
69.049000 3
69.173000 4
69.557000 3
69.573000 4
69.681000 5
69.898000 6
70.083000 5
70.113000 6
70.175000 5
70.220000 4
70.343000 3
70.420000 4
70.514000 3
70.576000 4
70.699000 3
70.945000 2
71.099000 1
71.239000 0
71.331000 1
71.624000 0
71.762000 1
71.855000 0
72.012000 1
72.012000 0
72.027000 1
72.136000 2
72.258000 1
72.304000 0
72.319000 1
72.319000 0
72.381000 1
72.381000 0
72.905000 1
72.905000 0
73.341000 1
73.341000 0
73.513000 1
73.513000 0
73.622000 1
73.837000 2
73.930000 1
73.961000 2
74.101000 3
74.211000 4
74.475000 3
74.506000 4
74.537000 3
74.676000 2
74.723000 3
74.784000 2
74.800000 1
74.908000 2
75.339000 1
75.371000 0
75.889000 1
75.889000 0
76.187000 1
76.187000 0
76.513000 1
76.653000 0
77.078000 1
77.078000 0
77.544000 1
77.544000 0
77.978000 1
77.978000 0
78.168000 1
78.168000 0
78.245000 1
78.291000 0
78.525000 1
78.525000 0
78.680000 1
78.757000 2
78.835000 3
78.973000 2
79.034000 3
79.081000 4
79.126000 3
79.141000 4
79.219000 5
79.264000 6
79.326000 5
79.480000 6
79.480000 5
79.526000 6
79.542000 5
79.681000 4
79.711000 5
79.836000 6
79.883000 5
79.959000 4
80.005000 5
80.098000 4
80.207000 3
80.395000 2
80.426000 3
80.829000 4
80.953000 5
80.969000 6
81.077000 7
81.140000 8
81.434000 7
81.511000 8
81.511000 7
81.776000 8
81.981000 7
82.090000 6
82.121000 5
82.275000 4
82.306000 5
82.338000 4
82.446000 5
82.492000 4
82.538000 5
82.693000 4
82.755000 3
82.878000 4
82.878000 3
82.940000 4
83.095000 3
83.111000 2
83.173000 3
83.204000 2
83.281000 3
83.342000 4
83.466000 5
83.558000 4
83.759000 3
83.961000 4
83.992000 5
84.007000 6
84.178000 5
84.224000 6
84.239000 5
84.255000 4
84.365000 3
84.443000 4
84.489000 5
84.505000 6
84.535000 7
84.752000 8
84.876000 9
84.892000 10
85.091000 9
85.323000 8
85.571000 9
85.910000 8
85.926000 9
86.003000 8
86.265000 9
86.295000 10
86.419000 9
86.467000 10
86.467000 9
86.497000 8
86.606000 7
86.652000 8
86.684000 7
86.730000 6
87.041000 7
87.380000 8
87.503000 9
87.582000 8
87.781000 9
87.998000 8
88.075000 7
88.121000 8
88.183000 7
88.399000 8
88.493000 7
89.036000 6
89.145000 7
89.207000 8
89.378000 9
89.394000 8
89.502000 7
89.611000 8
89.719000 7
89.889000 8
89.920000 9
89.951000 8
90.027000 9
90.165000 8
90.258000 7
90.305000 6
90.351000 5
90.492000 4
90.601000 3
90.646000 2
90.677000 1
91.079000 0
91.125000 1
91.171000 0
91.203000 1
91.294000 2
91.356000 1
91.496000 2
91.634000 1
92.037000 0
92.177000 1
92.177000 0
92.610000 1
92.735000 0
92.828000 1
92.905000 0
92.935000 1
93.027000 0
93.509000 1
93.509000 0
93.744000 1
93.744000 0
93.915000 1
94.022000 2
94.054000 1
94.085000 2
94.302000 1
94.487000 2
94.751000 1
94.798000 0
95.119000 1
95.212000 0
96.129000 1
96.129000 0
96.256000 1
96.256000 0
96.287000 1
96.287000 0
96.826000 1
96.826000 0
97.025000 1
97.025000 0
97.212000 1
97.212000 0
97.242000 1
97.288000 2
97.396000 3
97.427000 2
97.458000 1
97.505000 2
97.767000 1
97.797000 0
97.890000 1
98.047000 2
98.094000 1
98.203000 2
98.372000 1
98.418000 2
98.495000 1
98.511000 0
99.054000 1
99.101000 0
99.442000 1
99.458000 2
99.535000 3
99.611000 2
99.751000 1
99.923000 0
99.954000 1
100.032000 2
100.248000 3
100.403000 2
100.618000 3
100.678000 2
100.709000 1
100.957000 2
101.004000 1
101.345000 2
101.391000 1
101.469000 2
101.501000 3
101.809000 2
101.825000 1
101.994000 2
102.241000 3
102.335000 2
102.536000 3
102.953000 2
102.999000 3
103.076000 4
103.168000 5
103.525000 4
103.586000 5
103.756000 4
103.787000 3
103.911000 4
103.974000 3
104.113000 4
104.144000 3
104.159000 2
104.190000 3
104.205000 2
104.328000 3
104.344000 2
104.392000 1
104.470000 0
105.035000 1
105.035000 0
105.142000 1
105.282000 2
105.313000 1
105.655000 2
105.843000 3
105.997000 4
106.013000 5
106.259000 6
106.414000 5
106.555000 4
106.571000 3
106.758000 2
106.851000 3
106.897000 4
107.053000 3
107.162000 2
107.364000 3
107.441000 2
107.518000 1
107.534000 0
107.927000 1
107.927000 0
108.038000 1
108.038000 0
108.303000 1
108.565000 2
108.627000 3
108.672000 4
108.873000 5
108.965000 6
109.026000 5
109.042000 4
109.150000 3
109.212000 2
109.243000 3
109.291000 4
109.323000 3
109.632000 4
109.725000 3
110.022000 4
110.037000 3
110.238000 2
110.472000 3
110.690000 4
110.752000 5
111.108000 6
111.248000 7
111.341000 6
111.494000 7
111.524000 6
111.556000 7
111.571000 8
111.909000 9
112.032000 10
112.032000 9
112.124000 8
112.170000 7
112.294000 8
112.726000 7
112.772000 6
112.865000 5
112.927000 6
112.942000 5
112.988000 4
113.128000 3
113.159000 4
113.207000 3
113.345000 4
113.609000 3
113.687000 2
113.765000 1
113.827000 0
113.935000 1
114.152000 2
114.245000 3
114.431000 4
114.447000 5
114.523000 4
114.555000 3
114.648000 2
114.725000 1
115.220000 0
115.358000 1
115.358000 0
115.581000 1
115.581000 0
115.611000 1
115.751000 2
115.922000 3
115.968000 4
116.077000 5
116.155000 4
116.418000 3
116.713000 4
116.805000 3
116.821000 2
116.930000 1
117.149000 2
117.180000 1
117.211000 0
117.540000 1
117.540000 0
117.572000 1
117.618000 0
117.664000 1
117.926000 0
118.223000 1
118.301000 0
118.675000 1
118.675000 0
119.254000 1
119.254000 0
119.285000 1
119.285000 0
119.767000 1
119.767000 0
119.783000 1
119.798000 0
119.798000 1
119.814000 2
119.968000 1
120.167000 2
120.477000 1
120.508000 2
120.539000 1
120.570000 2
120.896000 1
120.912000 0
121.229000 1
121.229000 0
121.466000 1
121.466000 0
121.652000 1
121.790000 0
122.363000 1
122.363000 0
122.394000 1
122.456000 2
122.594000 3
122.719000 4
122.968000 5
123.093000 6
123.123000 7
123.263000 8
123.481000 7
123.496000 8
123.543000 7
123.992000 6
124.007000 7
124.023000 8
124.178000 7
124.240000 8
124.255000 9
124.413000 8
124.428000 7
124.537000 8
124.755000 9
124.770000 10
124.895000 11
125.081000 10
125.361000 9
125.407000 10
125.595000 11
125.611000 12
125.705000 11
125.967000 12
125.999000 11
126.215000 12
126.278000 13
126.294000 14
126.325000 15
126.387000 14
126.465000 15
126.496000 14
126.527000 13
126.543000 12
126.621000 13
126.792000 14
126.855000 15
126.870000 14
126.931000 13
127.025000 14
127.025000 13
127.118000 12
127.149000 11
127.305000 12
127.321000 11
127.352000 10
127.443000 9
127.767000 10
127.829000 9
127.923000 8
128.046000 7
128.230000 6
128.245000 5
128.291000 6
128.383000 5
128.493000 4
128.539000 5
128.586000 6
128.632000 5
128.913000 4
128.928000 5
128.943000 6
129.067000 7
129.099000 6
129.317000 5
129.503000 6
129.875000 7
129.984000 6
130.030000 5
130.356000 4
130.540000 5
130.898000 4
131.099000 3
131.208000 2
131.393000 3
131.751000 2
132.046000 3
132.077000 2
132.170000 3
132.450000 2
132.542000 1
132.542000 2
132.573000 3
132.714000 2
132.822000 1
132.869000 2
132.900000 1
133.072000 0
133.462000 1
133.462000 0
133.870000 1
133.870000 0
134.024000 1
134.024000 0
134.055000 1
134.132000 0
134.303000 1
134.458000 0
134.666000 1
134.666000 0
134.856000 1
134.856000 0
134.951000 1
135.043000 2
135.058000 1
135.074000 0
135.368000 1
135.383000 2
135.414000 1
135.430000 2
135.446000 1
135.524000 2
135.571000 1
135.741000 0
135.849000 1
135.849000 0
136.086000 1
136.086000 0
136.117000 1
136.163000 2
136.443000 3
136.567000 4
136.674000 5
136.690000 4
136.799000 5
136.893000 6
136.955000 5
137.233000 4
137.404000 5
137.420000 4
137.436000 5
137.452000 4
137.530000 3
137.576000 4
137.606000 3
137.638000 2
137.824000 1
138.012000 0
138.230000 1
138.230000 0
138.246000 1
138.325000 2
138.386000 3
138.478000 2
138.601000 3
138.678000 2
138.773000 3
138.804000 2
138.804000 3
139.021000 2
139.083000 1
139.115000 2
139.146000 1
139.208000 0
139.633000 1
139.633000 0
140.207000 1
140.207000 0
140.238000 1
140.409000 2
140.534000 1
140.612000 2
140.658000 3
140.796000 2
140.888000 1
140.920000 0
141.014000 1
141.123000 0
141.357000 1
141.357000 0
141.528000 1
141.575000 2
141.606000 3
141.809000 4
141.809000 3
141.840000 2
141.856000 3
141.948000 4
142.168000 3
142.311000 2
142.311000 3
142.404000 2
142.575000 1
142.652000 0
142.683000 1
143.135000 0
143.214000 1
143.603000 2
143.649000 1
143.726000 2
143.773000 3
143.866000 4
143.913000 5
143.960000 6
143.975000 7
144.053000 8
144.178000 7
144.443000 8
144.521000 9
144.907000 8
145.123000 7
145.278000 8
145.354000 9
145.370000 8
145.448000 7
145.479000 8
145.602000 9
145.838000 8
145.900000 9
145.993000 10
146.024000 9
146.366000 10
146.569000 9
146.662000 8
146.740000 7
146.802000 8
147.067000 9
147.067000 8
147.146000 7
147.256000 6
147.349000 5
147.474000 4
147.489000 5
147.521000 6
147.800000 7
147.923000 8
147.939000 7
148.017000 8
148.063000 7
148.373000 8
148.667000 7
148.682000 6
148.837000 5
148.853000 4
148.931000 3
149.025000 4
149.071000 5
149.071000 4
149.149000 3
149.225000 2
149.397000 3
149.428000 2
149.444000 3
149.632000 2
149.756000 3
149.974000 4
150.236000 3
150.282000 2
150.298000 3
150.576000 4
150.639000 3
150.764000 4
150.779000 5
151.108000 6
151.200000 5
151.434000 4
151.497000 3
151.606000 4
151.808000 3
151.823000 4
152.040000 3
152.196000 2
152.583000 3
152.676000 4
153.003000 5
153.142000 4
153.219000 5
153.312000 4
153.451000 3
153.497000 4
153.558000 3
153.621000 2
153.809000 1
154.033000 0
