server_9.log: seed=100, mu=5.000000, QSize=15
3.647000 1
3.647000 0
4.555000 1
4.991000 0
5.228000 1
5.228000 0
5.599000 1
5.599000 0
5.740000 1
5.740000 0
5.802000 1
5.849000 0
6.020000 1
6.020000 0
6.083000 1
6.238000 0
6.679000 1
6.679000 0
6.757000 1
6.757000 0
7.123000 1
7.123000 0
7.201000 1
7.216000 2
7.326000 3
7.464000 4
7.480000 3
7.512000 2
7.591000 1
7.686000 2
7.734000 1
7.872000 2
7.982000 1
8.310000 2
8.829000 1
9.005000 2
9.086000 3
9.310000 2
9.374000 3
9.515000 2
9.531000 3
9.842000 4
9.904000 3
9.996000 4
10.276000 3
10.292000 2
10.322000 3
10.462000 2
10.742000 3
10.804000 4
10.835000 5
10.896000 4
11.052000 5
11.113000 6
11.454000 7
11.746000 8
11.886000 9
11.978000 8
12.024000 9
12.615000 10
12.724000 11
12.832000 12
12.848000 13
12.925000 12
13.131000 11
13.258000 12
13.258000 11
13.381000 10
13.475000 11
13.491000 10
13.598000 11
13.598000 10
13.799000 11
13.831000 12
13.971000 11
14.063000 10
14.063000 11
14.203000 12
14.234000 11
14.358000 12
14.452000 11
14.999000 12
15.029000 11
15.138000 10
15.200000 9
15.246000 8
15.246000 9
15.372000 10
15.387000 9
15.611000 10
15.627000 9
15.659000 8
15.736000 7
15.752000 6
15.767000 5
15.799000 6
15.830000 7
15.891000 6
15.968000 7
16.092000 8
16.292000 7
16.452000 6
16.468000 7
16.623000 8
16.749000 7
16.781000 6
17.107000 5
17.171000 4
17.219000 3
17.219000 2
17.219000 1
17.234000 2
17.329000 1
17.441000 2
17.519000 1
17.785000 0
18.055000 1
18.055000 0
18.071000 1
18.103000 0
18.431000 1
18.492000 2
18.618000 3
18.825000 4
18.857000 3
19.063000 2
19.078000 3
19.233000 4
19.388000 5
19.544000 4
19.622000 3
19.963000 4
20.211000 3
20.381000 4
20.413000 5
20.681000 6
21.039000 7
21.103000 8
21.167000 7
21.198000 6
21.325000 7
21.465000 6
21.730000 5
21.839000 4
21.871000 5
21.918000 4
21.964000 3
22.042000 2
22.134000 3
22.196000 2
22.212000 3
22.353000 4
22.526000 3
22.588000 2
22.680000 3
22.742000 2
22.899000 1
22.915000 0
22.993000 1
22.993000 0
23.162000 1
23.304000 2
23.304000 3
23.352000 4
23.384000 5
23.446000 4
23.524000 5
23.555000 4
23.680000 5
23.758000 6
23.758000 5
23.821000 4
23.933000 3
24.045000 2
24.251000 1
24.251000 2
24.459000 3
24.632000 2
24.933000 1
25.028000 2
25.108000 3
25.108000 2
25.155000 1
25.294000 0
25.325000 1
25.325000 0
25.388000 1
25.388000 0
25.500000 1
25.609000 0
25.688000 1
25.813000 2
25.968000 1
26.061000 2
26.061000 1
26.203000 0
27.003000 1
27.003000 0
27.083000 1
27.083000 0
27.163000 1
27.227000 2
27.227000 1
27.243000 2
27.308000 3
27.619000 2
27.635000 1
27.778000 2
28.027000 1
28.058000 0
28.245000 1
28.245000 0
28.369000 1
28.497000 0
28.625000 1
28.673000 0
28.751000 1
28.876000 2
29.015000 3
29.077000 4
29.217000 3
29.232000 2
29.310000 1
29.341000 2
29.527000 3
29.699000 2
29.730000 1
29.776000 0
30.013000 1
30.013000 0
30.077000 1
30.358000 0
30.467000 1
30.717000 0
31.353000 1
31.353000 0
31.634000 1
31.634000 0
31.961000 1
32.008000 0
32.179000 1
32.179000 0
32.460000 1
32.460000 0
32.521000 1
32.645000 0
32.661000 1
32.723000 2
32.848000 3
32.911000 2
33.034000 1
33.111000 0
33.237000 1
33.237000 0
33.902000 1
33.902000 0
34.072000 1
34.072000 0
34.102000 1
34.259000 2
34.493000 1
34.571000 2
34.696000 1
34.743000 0
34.758000 1
34.835000 2
35.206000 3
35.300000 4
35.423000 3
35.563000 2
35.625000 3
35.655000 2
35.828000 1
35.828000 2
36.014000 3
36.124000 4
36.216000 5
36.294000 4
36.310000 3
36.340000 2
36.402000 3
36.465000 2
36.682000 1
36.807000 2
36.838000 1
36.915000 2
37.038000 1
37.085000 0
37.272000 1
37.302000 2
37.318000 1
37.489000 0
37.784000 1
37.784000 0
37.816000 1
37.816000 0
37.940000 1
38.049000 2
38.064000 1
38.127000 0
38.406000 1
38.406000 0
38.825000 1
38.825000 0
38.871000 1
38.887000 0
39.061000 1
39.061000 0
39.403000 1
39.403000 0
39.573000 1
39.573000 0
39.715000 1
39.715000 0
39.792000 1
39.868000 2
40.444000 1
40.459000 0
40.708000 1
40.708000 0
41.394000 1
41.394000 0
41.698000 1
41.698000 0
41.745000 1
41.761000 2
41.853000 3
41.947000 4
42.025000 3
42.072000 2
42.165000 3
42.180000 2
42.272000 1
42.288000 2
42.474000 3
42.598000 2
42.645000 1
42.784000 2
42.862000 3
43.064000 2
43.515000 1
43.578000 0
43.655000 1
43.671000 2
43.824000 1
43.839000 2
43.839000 1
43.870000 2
43.993000 3
44.103000 2
44.321000 1
44.399000 2
44.725000 1
44.772000 2
44.802000 1
44.848000 0
44.880000 1
44.926000 0
44.988000 1
45.035000 2
45.035000 1
45.096000 0
45.174000 1
45.284000 2
45.377000 1
45.393000 2
45.624000 3
45.778000 2
45.794000 3
45.887000 4
46.402000 5
46.634000 6
46.727000 7
46.867000 8
47.069000 7
47.346000 8
47.609000 9
47.640000 8
47.671000 9
47.687000 8
47.733000 7
47.919000 8
48.013000 9
48.059000 8
48.245000 9
48.494000 8
48.509000 9
48.572000 10
48.618000 9
49.147000 10
49.472000 9
49.628000 10
49.644000 11
49.691000 12
49.737000 13
49.799000 14
49.814000 15
49.907000 14
50.031000 15
50.077000 14
50.139000 13
50.216000 14
50.216000 13
50.340000 12
50.772000 13
50.819000 14
50.865000 13
51.037000 12
51.084000 13
51.363000 12
51.441000 11
51.689000 12
51.689000 11
51.721000 12
51.752000 13
51.860000 14
51.860000 13
51.937000 14
52.031000 15
52.156000 14
52.218000 15
52.280000 14
52.387000 15
52.419000 14
52.512000 13
52.559000 14
52.872000 15
52.887000 14
53.027000 13
53.042000 12
53.042000 13
53.119000 12
53.135000 11
53.275000 12
53.477000 11
53.710000 10
53.819000 11
54.067000 10
54.067000 9
54.238000 8
54.238000 7
54.477000 8
54.715000 7
54.823000 6
54.885000 7
55.276000 8
55.307000 7
55.369000 8
55.463000 9
55.479000 8
55.494000 7
56.101000 6
56.101000 7
56.131000 6
56.381000 5
56.412000 6
56.459000 7
56.646000 8
56.692000 7
56.755000 6
56.943000 5
57.098000 6
57.269000 5
57.377000 4
57.438000 5
57.485000 4
57.485000 5
57.546000 6
57.546000 7
57.655000 6
57.670000 7
57.701000 8
57.762000 9
57.808000 8
57.886000 9
57.916000 8
58.008000 7
58.055000 6
58.102000 5
58.211000 4
58.289000 3
58.412000 2
58.442000 3
58.488000 4
58.611000 3
58.720000 4
58.845000 5
58.877000 6
58.939000 7
58.955000 6
59.018000 5
59.097000 6
59.145000 5
59.177000 4
59.255000 5
59.470000 4
59.578000 5
59.810000 4
59.918000 3
59.949000 4
59.994000 3
60.056000 4
60.104000 3
60.320000 2
60.475000 1
60.567000 2
60.676000 3
60.739000 4
60.985000 3
61.047000 2
61.156000 1
61.203000 2
61.264000 1
61.342000 0
61.484000 1
61.484000 0
61.530000 1
61.576000 2
61.807000 3
61.870000 2
61.994000 1
62.026000 0
62.134000 1
62.134000 0
62.402000 1
62.402000 0
62.512000 1
62.512000 0
62.637000 1
62.745000 2
62.916000 3
63.072000 4
63.149000 3
63.242000 2
63.258000 1
63.415000 2
63.493000 1
63.616000 0
63.632000 1
63.834000 2
63.850000 3
63.865000 2
64.222000 1
64.502000 2
64.640000 3
64.656000 4
64.672000 5
64.672000 4
64.687000 5
64.703000 4
64.749000 3
64.812000 2
65.046000 3
65.122000 4
65.154000 5
65.200000 4
65.387000 5
65.433000 4
65.774000 5
65.882000 6
65.943000 5
66.097000 6
66.312000 7
66.465000 6
66.558000 5
66.605000 6
66.605000 5
66.729000 4
66.759000 5
66.899000 4
67.083000 3
67.329000 2
67.471000 3
67.487000 2
67.627000 1
67.877000 2
68.016000 1
68.109000 2
68.125000 3
68.233000 4
68.249000 3
68.311000 2
68.405000 3
68.467000 4
68.544000 3
68.590000 2
68.606000 1
68.638000 0
68.954000 1
68.954000 0
69.374000 1
69.374000 0
69.531000 1
69.531000 0
69.626000 1
69.827000 2
69.936000 3
69.952000 2
70.062000 3
70.171000 4
70.450000 5
70.511000 4
70.573000 3
70.651000 4
70.713000 3
70.822000 2
70.822000 3
70.838000 2
71.367000 1
71.398000 0
71.746000 1
71.746000 0
72.025000 1
72.025000 0
72.335000 1
72.490000 0
72.867000 1
72.867000 0
73.301000 1
73.301000 0
73.707000 1
73.707000 0
73.895000 1
73.895000 0
73.957000 1
74.018000 0
74.221000 1
74.221000 0
74.360000 1
74.437000 2
74.500000 3
74.655000 2
74.686000 3
74.733000 4
74.795000 5
74.811000 4
74.872000 5
74.918000 6
75.013000 5
75.121000 6
75.153000 7
75.153000 6
75.199000 5
75.339000 4
75.339000 5
75.450000 6
75.543000 5
75.605000 6
75.620000 5
75.759000 4
75.867000 3
75.991000 4
76.053000 3
76.366000 4
76.489000 5
76.505000 6
76.598000 7
76.660000 8
76.999000 9
77.093000 8
77.171000 7
77.249000 8
77.636000 7
77.745000 8
77.745000 7
77.776000 6
77.869000 7
77.930000 6
77.946000 7
77.993000 6
78.147000 5
78.272000 6
78.334000 7
78.350000 6
78.412000 5
78.536000 4
78.552000 5
78.660000 6
78.707000 7
78.754000 6
78.769000 5
78.831000 6
78.863000 5
79.221000 4
79.299000 5
79.330000 6
79.345000 7
79.422000 6
79.547000 7
79.749000 8
79.796000 9
79.812000 10
79.828000 9
79.843000 10
79.889000 9
79.904000 8
80.011000 7
80.043000 8
80.150000 9
80.166000 10
80.739000 9
80.801000 10
80.969000 9
81.125000 10
81.449000 11
81.464000 12
81.558000 11
81.621000 12
81.652000 11
81.791000 12
82.070000 11
82.117000 10
82.148000 9
82.164000 10
82.258000 9
82.336000 8
82.367000 7
82.491000 8
82.615000 9
82.878000 10
83.202000 11
83.217000 10
83.463000 11
83.636000 10
83.716000 9
83.825000 8
84.132000 7
84.162000 8
84.225000 9
84.382000 10
84.601000 11
84.679000 10
84.865000 11
84.896000 12
84.991000 13
85.039000 12
85.133000 11
85.350000 10
85.584000 9
85.790000 8
85.884000 7
85.930000 6
85.976000 5
86.022000 6
86.099000 7
86.114000 6
86.176000 7
86.222000 6
86.270000 5
86.301000 4
86.378000 5
86.688000 4
86.783000 3
86.970000 2
87.016000 3
87.249000 2
87.421000 3
87.623000 4
87.654000 3
87.700000 2
87.730000 3
88.244000 2
88.275000 3
88.415000 2
88.495000 3
88.540000 2
88.648000 3
88.757000 4
88.788000 3
88.819000 4
88.911000 3
89.190000 4
89.221000 3
89.455000 2
89.781000 3
89.906000 2
89.953000 1
90.358000 0
90.731000 1
90.731000 0
90.841000 1
90.841000 0
90.857000 1
90.872000 0
91.359000 1
91.359000 0
91.559000 1
91.559000 0
91.732000 1
91.732000 0
91.763000 1
91.809000 2
91.903000 3
91.949000 2
91.994000 1
92.009000 2
92.290000 1
92.322000 0
92.368000 1
92.508000 2
92.631000 1
92.646000 2
92.862000 3
92.909000 2
93.033000 1
93.049000 0
93.450000 1
93.638000 0
93.809000 1
93.825000 2
93.887000 3
94.149000 2
94.274000 3
94.289000 2
94.351000 3
94.460000 2
94.553000 3
94.895000 4
94.942000 3
95.204000 4
95.220000 3
95.251000 2
95.546000 1
95.577000 2
95.702000 3
95.734000 4
95.933000 3
96.197000 4
96.353000 3
96.368000 2
96.430000 3
96.709000 4
96.879000 3
97.140000 4
97.216000 5
97.293000 6
97.493000 5
97.693000 6
98.003000 7
98.065000 6
98.205000 7
98.283000 6
98.283000 7
98.315000 6
98.409000 7
98.503000 6
98.672000 5
98.687000 4
98.734000 3
98.873000 2
98.920000 1
98.997000 0
99.075000 1
99.184000 2
99.184000 1
99.323000 2
99.461000 1
99.680000 2
99.851000 3
99.991000 4
100.007000 5
100.241000 6
100.552000 5
100.693000 4
100.708000 3
100.801000 4
100.847000 5
100.896000 4
101.189000 3
101.297000 2
101.297000 3
101.575000 2
101.653000 1
101.668000 0
101.825000 1
101.840000 0
101.932000 1
101.932000 0
102.184000 1
102.431000 2
102.478000 3
102.525000 4
102.712000 5
102.805000 6
102.929000 5
102.945000 4
103.055000 3
103.070000 4
103.116000 5
103.116000 4
103.239000 3
103.440000 4
103.643000 3
103.813000 4
103.953000 3
104.157000 2
104.234000 3
104.452000 4
104.513000 5
104.841000 6
104.966000 7
105.197000 8
105.260000 9
105.260000 8
105.275000 9
105.447000 8
105.589000 9
105.713000 10
105.947000 9
105.962000 10
106.040000 9
106.085000 8
106.567000 9
106.645000 8
106.692000 7
106.785000 6
106.785000 7
106.864000 6
106.910000 5
106.956000 6
107.049000 5
107.127000 4
107.499000 5
107.530000 4
107.607000 3
107.686000 2
107.701000 3
107.747000 2
107.793000 3
107.965000 4
107.980000 5
108.445000 4
108.476000 3
108.568000 2
108.646000 1
108.831000 2
109.034000 3
109.064000 4
109.143000 3
109.190000 4
109.268000 3
109.283000 2
109.360000 3
109.407000 4
109.501000 5
109.858000 4
110.092000 5
110.122000 4
110.511000 5
110.511000 4
110.527000 3
110.637000 2
110.885000 3
110.885000 2
110.916000 1
110.916000 2
111.011000 3
111.119000 2
111.195000 1
111.507000 0
111.539000 1
111.881000 0
111.958000 1
112.177000 0
112.508000 1
112.508000 0
112.540000 1
112.540000 0
112.992000 1
112.992000 0
113.008000 1
113.024000 2
113.024000 1
113.039000 2
113.194000 1
113.366000 2
113.691000 3
113.707000 2
113.753000 3
113.769000 2
114.132000 1
114.148000 0
114.370000 1
114.370000 0
114.592000 1
114.592000 0
114.779000 1
114.918000 0
115.438000 1
115.438000 0
115.469000 1
115.531000 2
115.653000 3
115.762000 4
115.994000 5
116.104000 6
116.135000 7
116.259000 8
116.476000 9
116.569000 8
116.630000 7
116.956000 8
116.972000 9
117.065000 8
117.175000 9
117.191000 10
117.252000 9
117.452000 10
117.499000 9
117.514000 8
117.658000 9
117.674000 10
117.786000 11
118.180000 10
118.258000 11
118.429000 12
118.444000 13
118.459000 12
118.770000 13
118.801000 12
119.002000 13
119.048000 14
119.063000 15
119.094000 14
119.139000 15
119.482000 14
119.543000 15
119.591000 14
119.622000 13
119.638000 12
119.746000 13
119.979000 12
120.009000 13
120.041000 12
120.135000 11
120.227000 10
120.257000 9
120.427000 8
120.443000 9
120.459000 8
120.553000 7
120.928000 8
120.943000 7
121.035000 6
121.159000 5
121.159000 6
121.206000 7
121.346000 6
121.362000 5
121.486000 4
121.532000 5
121.548000 6
121.610000 5
121.657000 6
121.749000 5
122.029000 4
122.077000 5
122.216000 4
122.434000 5
122.434000 4
123.056000 5
123.103000 4
123.149000 3
123.475000 2
123.865000 3
124.021000 2
124.223000 1
124.332000 0
124.488000 1
124.597000 2
124.862000 1
124.939000 2
124.970000 3
125.187000 2
125.250000 3
125.559000 2
125.653000 1
125.808000 2
125.824000 1
125.934000 0
126.187000 1
126.187000 0
126.342000 1
126.357000 0
126.372000 1
126.435000 0
126.605000 1
126.621000 0
126.953000 1
126.953000 0
127.140000 1
127.140000 0
127.232000 1
127.325000 2
127.465000 1
127.480000 0
127.638000 1
127.638000 0
127.654000 1
127.700000 2
127.792000 3
127.837000 2
127.852000 1
128.102000 2
128.195000 1
128.226000 0
128.334000 1
128.350000 0
128.366000 1
128.412000 2
128.522000 1
128.616000 0
128.678000 1
128.694000 0
128.802000 1
128.894000 2
129.019000 3
129.097000 4
129.300000 3
129.564000 2
129.580000 3
129.611000 4
129.736000 5
129.844000 4
130.032000 3
130.063000 2
130.140000 1
130.218000 0
130.343000 1
130.343000 0
130.358000 1
130.436000 2
130.497000 3
130.544000 2
130.700000 3
130.731000 2
130.762000 1
130.855000 2
130.887000 3
131.011000 2
131.181000 3
131.212000 2
131.337000 1
131.555000 0
131.665000 1
131.665000 0
132.201000 1
132.201000 0
132.231000 1
132.277000 0
132.387000 1
132.387000 0
132.574000 1
132.621000 2
132.793000 1
132.963000 2
133.116000 1
133.287000 2
133.381000 1
133.443000 2
133.473000 1
133.489000 2
133.505000 1
133.521000 2
133.708000 1
133.708000 2
133.755000 3
133.847000 4
133.847000 3
134.190000 4
134.300000 3
134.331000 2
134.537000 3
134.660000 2
134.801000 1
134.893000 0
135.033000 1
135.063000 0
135.396000 1
135.396000 0
135.506000 1
135.553000 2
135.646000 3
135.693000 4
135.739000 5
135.754000 6
135.816000 7
135.878000 6
136.185000 7
136.263000 8
136.387000 7
136.915000 6
136.977000 7
137.054000 8
137.178000 9
137.287000 10
137.566000 11
137.644000 10
137.659000 11
137.864000 10
138.018000 11
138.111000 10
138.191000 9
138.425000 10
138.595000 9
138.674000 10
138.781000 9
139.077000 10
139.108000 11
139.325000 10
139.372000 11
139.418000 10
139.480000 11
139.495000 10
139.558000 11
139.823000 10
139.901000 11
139.901000 10
140.009000 9
140.103000 8
140.227000 7
140.505000 8
140.551000 9
140.690000 8
140.815000 7
140.862000 8
140.909000 9
141.203000 10
141.404000 11
141.419000 10
141.435000 9
141.590000 8
141.606000 7
141.684000 6
141.699000 7
141.823000 6
141.901000 5
141.948000 6
141.979000 5
142.118000 6
142.134000 7
142.181000 6
142.383000 5
142.444000 6
142.925000 7
142.988000 6
143.033000 5
143.143000 6
143.392000 5
143.857000 6
143.951000 7
143.966000 6
144.202000 5
144.264000 6
144.264000 5
144.465000 6
144.574000 5
144.730000 6
144.808000 5
144.839000 6
144.963000 7
144.963000 6
145.070000 7
145.287000 8
145.443000 9
145.869000 10
145.885000 11
145.916000 10
146.088000 9
146.229000 8
146.339000 7
146.403000 6
146.450000 7
146.481000 8
146.592000 7
146.752000 8
146.814000 7
146.862000 6
146.878000 5
146.974000 4
146.974000 3
147.006000 4
147.037000 5
147.067000 6
147.286000 7
147.334000 8
147.412000 9
147.569000 8
147.584000 9
147.694000 8
147.725000 7
147.928000 6
148.179000 5
148.195000 6
148.272000 7
148.381000 8
148.442000 7
148.628000 8
148.831000 9
149.175000 8
149.284000 7
149.316000 8
149.472000 9
149.472000 8
149.880000 9
149.928000 10
149.989000 11
150.226000 12
150.272000 11
150.473000 12
150.971000 11
151.140000 10
151.172000 9
151.188000 8
151.250000 9
151.374000 8
151.451000 7
151.466000 8
151.559000 7
151.606000 6
151.637000 5
151.760000 4
151.869000 3
152.024000 4
152.100000 5
152.273000 6
152.382000 5
152.444000 4
152.613000 3
152.721000 2
152.830000 1
152.893000 2
152.955000 1
152.955000 2
153.002000 1
153.096000 0
153.410000 1
153.410000 0
