server_2.log: seed=100, mu=5.000000, QSize=15
3.392000 1
3.392000 0
4.371000 1
4.730000 0
5.081000 1
5.081000 0
5.471000 1
5.471000 0
5.627000 1
5.627000 0
5.704000 1
5.735000 0
5.937000 1
5.937000 0
5.998000 1
6.153000 0
6.645000 1
6.645000 0
6.723000 1
6.723000 0
7.105000 1
7.105000 0
7.184000 1
7.199000 2
7.324000 3
7.464000 2
7.480000 3
7.495000 2
7.572000 1
7.712000 2
7.712000 1
7.913000 2
7.959000 1
8.380000 2
8.814000 1
9.126000 2
9.219000 3
9.297000 2
9.513000 1
9.529000 2
9.700000 3
9.904000 2
10.044000 3
10.214000 4
10.275000 3
10.291000 2
10.463000 1
10.572000 2
10.897000 1
11.022000 2
11.084000 3
11.115000 4
11.347000 5
11.410000 6
11.766000 7
11.984000 6
12.092000 7
12.233000 8
12.373000 9
12.943000 8
13.005000 9
13.114000 10
13.145000 9
13.223000 10
13.239000 11
13.285000 10
13.409000 9
13.517000 8
13.627000 7
13.673000 8
13.905000 9
13.997000 8
14.029000 9
14.090000 8
14.247000 9
14.263000 8
14.279000 9
14.480000 8
14.527000 9
14.667000 10
14.840000 11
15.058000 10
15.165000 9
15.226000 8
15.272000 7
15.413000 6
15.522000 7
15.660000 6
15.692000 5
15.769000 4
15.784000 5
15.784000 4
15.800000 3
15.924000 4
15.924000 3
16.170000 4
16.327000 3
16.374000 4
16.406000 5
16.482000 4
16.545000 5
16.670000 6
16.778000 5
16.809000 4
17.073000 5
17.135000 4
17.197000 3
17.243000 4
17.243000 3
17.243000 2
17.243000 1
17.352000 0
17.902000 1
17.902000 0
18.119000 1
18.181000 0
18.775000 1
18.775000 0
18.791000 1
18.822000 0
19.176000 1
19.239000 2
19.379000 3
19.581000 2
19.612000 3
19.784000 2
19.892000 3
20.064000 4
20.234000 5
20.265000 4
20.343000 3
20.845000 4
20.923000 3
21.294000 4
21.324000 5
21.604000 6
21.884000 5
21.914000 4
21.992000 5
22.070000 6
22.179000 5
22.302000 6
22.440000 5
22.548000 4
22.625000 3
22.671000 2
22.749000 1
22.887000 2
22.903000 1
23.182000 2
23.229000 1
23.275000 2
23.291000 1
23.430000 2
23.446000 1
23.616000 0
23.774000 1
23.774000 0
24.118000 1
24.118000 0
24.304000 1
24.445000 2
24.445000 3
24.507000 4
24.538000 5
24.569000 4
24.681000 5
24.681000 4
24.836000 5
24.884000 4
24.930000 5
24.946000 4
25.056000 3
25.181000 2
25.399000 1
25.461000 2
25.679000 3
25.787000 2
26.100000 1
26.285000 2
26.285000 1
26.331000 0
26.377000 1
26.471000 0
26.610000 1
26.610000 0
26.672000 1
26.672000 0
26.796000 1
26.890000 0
26.998000 1
27.138000 2
27.248000 1
27.340000 0
27.402000 1
27.496000 0
28.416000 1
28.416000 0
28.509000 1
28.509000 0
28.586000 1
28.647000 0
28.663000 1
28.678000 2
28.741000 3
29.035000 2
29.051000 1
29.238000 2
29.455000 1
29.486000 0
29.754000 1
29.754000 0
29.878000 1
30.000000 0
30.155000 1
30.171000 0
30.295000 1
30.419000 2
30.577000 3
30.654000 4
30.701000 3
30.716000 2
30.794000 1
30.933000 2
31.136000 3
31.182000 2
31.212000 1
31.259000 0
31.652000 1
31.652000 0
31.714000 1
31.991000 0
32.130000 1
32.347000 0
33.074000 1
33.074000 0
33.373000 1
33.373000 0
33.727000 1
33.758000 0
33.959000 1
33.959000 0
34.254000 1
34.254000 0
34.317000 1
34.442000 0
34.474000 1
34.550000 2
34.688000 3
34.704000 2
34.828000 1
34.906000 0
35.108000 1
35.108000 0
35.816000 1
35.816000 0
36.000000 1
36.000000 0
36.031000 1
36.201000 2
36.433000 1
36.543000 2
36.635000 1
36.682000 0
36.744000 1
36.837000 2
37.227000 3
37.320000 4
37.366000 3
37.507000 2
37.599000 1
37.679000 2
37.771000 1
37.895000 2
38.096000 3
38.205000 4
38.237000 3
38.252000 2
38.283000 1
38.299000 2
38.408000 1
38.502000 2
38.626000 1
38.780000 0
38.936000 1
38.982000 0
39.043000 1
39.043000 0
39.417000 1
39.417000 0
39.463000 1
39.587000 0
39.977000 1
39.977000 0
40.009000 1
40.009000 0
40.133000 1
40.256000 2
40.256000 1
40.318000 0
40.645000 1
40.645000 0
41.097000 1
41.097000 0
41.145000 1
41.160000 0
41.363000 1
41.363000 0
41.721000 1
41.721000 0
41.893000 1
41.893000 0
42.050000 1
42.050000 0
42.128000 1
42.205000 2
42.778000 1
42.794000 0
43.106000 1
43.106000 0
43.837000 1
43.837000 0
44.163000 1
44.163000 0
44.210000 1
44.225000 2
44.319000 3
44.426000 4
44.503000 3
44.550000 2
44.658000 3
44.658000 2
44.752000 1
44.783000 2
44.969000 3
45.078000 2
45.125000 1
45.297000 2
45.373000 3
45.545000 2
45.993000 1
46.057000 0
46.227000 1
46.242000 2
46.303000 1
46.318000 0
46.426000 1
46.458000 2
46.582000 1
46.582000 2
46.801000 1
47.019000 2
47.204000 1
47.281000 0
47.423000 1
47.423000 0
47.547000 1
47.547000 0
47.656000 1
47.656000 0
47.718000 1
47.718000 0
47.872000 1
47.980000 2
47.995000 1
48.105000 2
48.355000 3
48.387000 2
48.527000 3
48.636000 4
49.178000 5
49.426000 6
49.535000 7
49.674000 6
49.690000 7
50.202000 8
50.249000 7
50.295000 6
50.341000 5
50.482000 6
50.545000 7
50.653000 6
50.809000 7
50.903000 8
51.089000 7
51.151000 8
51.213000 7
51.443000 8
51.504000 9
52.067000 8
52.113000 9
52.516000 8
52.640000 9
52.655000 10
52.687000 9
52.703000 10
52.750000 11
52.750000 10
52.827000 11
52.827000 10
52.842000 11
52.951000 10
53.075000 11
53.275000 12
53.476000 11
53.647000 10
53.864000 11
53.926000 12
53.973000 11
54.050000 10
54.204000 11
54.297000 10
54.466000 9
54.762000 8
54.856000 9
54.872000 8
54.888000 9
54.920000 10
55.013000 9
55.029000 10
55.106000 9
55.106000 10
55.214000 11
55.415000 12
55.475000 11
55.599000 12
55.615000 11
55.630000 10
55.707000 9
55.722000 8
55.784000 9
56.063000 8
56.124000 9
56.295000 8
56.310000 9
56.572000 10
56.650000 9
56.650000 8
56.821000 7
56.821000 6
57.163000 7
57.288000 6
57.382000 5
57.861000 6
57.861000 5
58.033000 4
58.049000 3
58.297000 4
58.667000 3
58.698000 2
58.714000 3
58.807000 4
58.899000 5
58.960000 4
59.270000 3
59.331000 2
59.519000 1
59.582000 2
59.845000 1
59.907000 2
59.939000 1
59.955000 2
60.048000 1
60.156000 2
60.219000 1
60.375000 0
60.637000 1
60.637000 0
61.013000 1
61.013000 0
61.059000 1
61.059000 0
61.121000 1
61.121000 0
61.121000 1
61.230000 0
61.245000 1
61.276000 2
61.307000 1
61.337000 2
61.429000 1
61.476000 2
61.633000 1
61.975000 0
62.068000 1
62.068000 0
62.130000 1
62.192000 0
62.382000 1
62.382000 0
62.506000 1
62.538000 2
62.600000 3
62.677000 2
62.771000 3
62.943000 4
63.020000 3
63.128000 2
63.206000 1
63.285000 2
63.316000 1
63.533000 0
63.674000 1
63.674000 0
63.781000 1
64.183000 0
64.324000 1
64.324000 0
64.449000 1
64.449000 0
64.510000 1
64.556000 0
65.012000 1
65.012000 0
65.318000 1
65.318000 0
65.363000 1
65.410000 2
65.656000 3
65.702000 2
65.826000 1
65.857000 0
65.997000 1
65.997000 0
66.279000 1
66.279000 0
66.388000 1
66.388000 0
66.527000 1
66.636000 2
66.822000 3
66.995000 4
67.026000 3
67.120000 2
67.136000 1
67.368000 0
67.368000 1
67.491000 0
67.600000 1
67.740000 0
67.820000 1
67.836000 2
68.104000 1
68.529000 2
68.559000 1
68.590000 0
68.682000 1
68.682000 0
68.698000 1
68.713000 2
68.728000 3
68.744000 2
69.114000 3
69.129000 2
69.191000 3
69.222000 4
69.362000 3
69.471000 4
69.875000 5
69.875000 4
69.982000 5
70.213000 6
70.399000 5
70.444000 6
70.491000 5
70.538000 4
70.660000 3
70.766000 4
70.829000 3
70.923000 4
71.017000 3
71.264000 2
71.417000 1
71.556000 0
71.680000 1
71.942000 0
72.128000 1
72.175000 0
72.376000 1
72.376000 0
72.391000 1
72.498000 2
72.607000 1
72.654000 0
72.685000 1
72.685000 0
72.749000 1
72.749000 0
73.278000 1
73.278000 0
73.725000 1
73.725000 0
73.898000 1
73.898000 0
74.008000 1
74.222000 2
74.316000 1
74.348000 2
74.489000 3
74.599000 4
74.863000 3
74.909000 4
74.925000 3
75.065000 2
75.126000 3
75.173000 2
75.188000 1
75.310000 2
75.717000 1
75.747000 0
76.300000 1
76.300000 0
76.607000 1
76.607000 0
76.932000 1
77.071000 0
77.510000 1
77.510000 0
77.980000 1
77.980000 0
78.418000 1
78.418000 0
78.618000 1
78.618000 0
78.695000 1
78.742000 0
78.980000 1
78.980000 0
79.134000 1
79.211000 2
79.288000 3
79.428000 2
79.491000 3
79.538000 4
79.584000 3
79.600000 4
79.678000 5
79.724000 6
79.786000 5
79.927000 4
79.943000 5
79.988000 6
79.988000 5
80.129000 4
80.175000 5
80.298000 6
80.329000 5
80.407000 4
80.469000 5
80.547000 4
80.657000 3
80.857000 2
80.888000 3
81.294000 4
81.417000 5
81.433000 6
81.541000 7
81.603000 8
81.896000 7
81.974000 8
81.974000 7
82.237000 8
82.438000 7
82.547000 6
82.577000 5
82.732000 4
82.779000 5
82.795000 4
82.919000 5
82.935000 4
83.012000 5
83.138000 4
83.199000 3
83.322000 2
83.353000 3
83.414000 4
83.540000 3
83.555000 2
83.648000 3
83.648000 2
83.757000 3
83.820000 4
83.944000 5
84.006000 4
84.207000 3
84.453000 4
84.484000 5
84.500000 6
84.623000 5
84.685000 4
84.701000 3
84.716000 4
84.810000 3
84.932000 4
84.978000 5
84.994000 6
85.026000 7
85.244000 8
85.368000 9
85.383000 10
85.540000 9
85.772000 8
86.068000 9
86.359000 8
86.421000 9
86.452000 8
86.760000 9
86.791000 10
86.869000 9
86.915000 8
86.946000 7
86.961000 8
87.053000 7
87.131000 6
87.146000 7
87.177000 6
87.551000 7
87.908000 8
88.033000 9
88.033000 8
88.313000 9
88.453000 8
88.531000 7
88.638000 6
88.654000 7
88.933000 8
88.949000 7
89.504000 6
89.691000 7
89.753000 8
89.862000 7
89.924000 8
89.970000 7
90.154000 8
90.200000 7
90.434000 8
90.434000 7
90.465000 8
90.573000 9
90.649000 8
90.743000 7
90.789000 6
90.836000 5
90.975000 4
91.085000 3
91.131000 2
91.162000 1
91.549000 0
91.687000 1
91.687000 0
91.765000 1
91.858000 2
91.874000 1
92.076000 2
92.153000 1
92.555000 0
92.757000 1
92.757000 0
93.192000 1
93.315000 0
93.409000 1
93.486000 0
93.517000 1
93.610000 0
94.109000 1
94.109000 0
94.358000 1
94.358000 0
94.529000 1
94.638000 2
94.669000 1
94.700000 2
94.917000 1
95.103000 2
95.365000 1
95.412000 0
95.738000 1
95.816000 0
96.752000 1
96.752000 0
96.879000 1
96.879000 0
96.910000 1
96.910000 0
97.447000 1
97.447000 0
97.652000 1
97.652000 0
97.841000 1
97.841000 0
97.872000 1
97.919000 2
98.028000 3
98.059000 2
98.090000 1
98.136000 2
98.400000 1
98.431000 0
98.525000 1
98.680000 2
98.726000 1
98.835000 2
99.004000 1
99.066000 2
99.128000 1
99.144000 0
99.700000 1
99.731000 0
100.090000 1
100.105000 2
100.184000 3
100.246000 2
100.384000 1
100.569000 0
100.601000 1
100.679000 2
100.895000 3
101.048000 2
101.265000 3
101.327000 2
101.357000 1
101.606000 2
101.653000 1
101.993000 2
102.040000 1
102.118000 2
102.149000 3
102.458000 2
102.473000 1
102.643000 2
102.891000 3
102.983000 2
103.183000 3
103.598000 2
103.644000 3
103.721000 4
103.813000 5
104.168000 4
104.230000 5
104.399000 4
104.430000 3
104.555000 4
104.617000 3
104.772000 4
104.787000 3
104.803000 2
104.849000 3
104.849000 2
104.989000 3
104.989000 2
105.036000 1
105.112000 0
105.693000 1
105.693000 0
105.802000 1
105.942000 2
105.973000 1
106.315000 2
106.499000 3
106.653000 4
106.668000 5
106.917000 6
107.070000 5
107.209000 4
107.224000 3
107.409000 2
107.518000 3
107.565000 4
107.705000 3
107.813000 2
108.046000 3
108.092000 2
108.169000 1
108.184000 0
108.609000 1
108.609000 0
108.732000 1
108.732000 0
108.998000 1
109.260000 2
109.322000 3
109.369000 4
109.571000 5
109.665000 6
109.726000 5
109.742000 4
109.850000 3
109.913000 2
109.945000 3
110.006000 4
110.037000 3
110.363000 4
110.440000 3
110.752000 2
110.768000 3
110.955000 2
111.219000 3
111.451000 4
111.513000 5
111.868000 6
112.010000 7
112.056000 6
112.245000 5
112.260000 6
112.336000 7
112.352000 8
112.695000 9
112.757000 8
112.819000 9
112.850000 8
112.882000 7
113.082000 8
113.443000 7
113.490000 6
113.584000 5
113.662000 4
113.707000 3
113.723000 4
113.845000 3
113.922000 2
113.953000 3
114.139000 4
114.325000 3
114.403000 2
114.481000 1
114.544000 0
114.728000 1
114.945000 2
115.038000 3
115.224000 4
115.239000 5
115.239000 4
115.270000 3
115.363000 2
115.441000 1
115.938000 0
116.158000 1
116.158000 0
116.379000 1
116.379000 0
116.410000 1
116.551000 2
116.719000 3
116.767000 4
116.875000 5
116.952000 4
117.215000 3
117.510000 4
117.604000 3
117.619000 2
117.729000 1
117.960000 2
117.976000 1
118.007000 0
118.366000 1
118.366000 0
118.397000 1
118.444000 0
118.490000 1
118.754000 0
119.064000 1
119.127000 0
119.529000 1
119.529000 0
120.114000 1
120.114000 0
120.145000 1
120.145000 0
120.640000 1
120.640000 0
120.656000 1
120.671000 2
120.671000 1
120.687000 2
120.840000 1
121.040000 2
121.350000 1
121.396000 2
121.411000 1
121.458000 2
121.768000 1
121.784000 0
122.115000 1
122.115000 0
122.349000 1
122.349000 0
122.535000 1
122.675000 0
123.239000 1
123.239000 0
123.270000 1
123.333000 2
123.472000 3
123.596000 4
123.845000 5
123.969000 6
124.000000 7
124.140000 8
124.356000 7
124.372000 8
124.419000 7
124.856000 6
124.887000 7
124.903000 8
125.043000 7
125.121000 8
125.136000 9
125.276000 8
125.292000 7
125.415000 8
125.633000 9
125.648000 10
125.772000 11
125.958000 10
126.237000 9
126.283000 10
126.469000 11
126.485000 12
126.577000 11
126.841000 12
126.857000 11
127.090000 12
127.151000 13
127.167000 14
127.197000 15
127.243000 14
127.243000 15
127.353000 14
127.384000 13
127.399000 12
127.490000 13
127.660000 14
127.722000 15
127.737000 14
127.798000 13
127.892000 14
127.892000 13
127.985000 12
128.016000 11
128.172000 12
128.188000 11
128.219000 10
128.312000 9
128.638000 10
128.702000 9
128.794000 8
128.920000 7
129.105000 6
129.121000 5
129.167000 6
129.259000 5
129.383000 4
129.415000 5
129.460000 6
129.522000 5
129.801000 4
129.816000 5
129.832000 6
129.956000 7
129.987000 6
130.205000 5
130.407000 6
130.781000 7
130.873000 6
130.921000 5
131.261000 4
131.445000 5
131.804000 4
132.004000 3
132.113000 2
132.300000 3
132.656000 2
132.965000 3
132.981000 2
133.091000 3
133.354000 2
133.448000 1
133.463000 2
133.495000 3
133.618000 2
133.727000 1
133.789000 2
133.805000 1
133.977000 0
134.375000 1
134.375000 0
134.779000 1
134.779000 0
134.935000 1
134.935000 0
134.966000 1
135.043000 0
135.215000 1
135.371000 0
135.589000 1
135.589000 0
135.791000 1
135.791000 0
135.885000 1
135.980000 0
135.980000 1
135.995000 0
136.320000 1
136.335000 0
136.335000 1
136.366000 0
136.382000 1
136.475000 2
136.490000 1
136.660000 0
136.800000 1
136.800000 0
137.036000 1
137.036000 0
137.067000 1
137.112000 2
137.406000 3
137.544000 4
137.637000 3
137.652000 4
137.791000 5
137.883000 6
137.899000 5
138.179000 4
138.366000 3
138.397000 4
138.397000 3
138.427000 4
138.474000 3
138.550000 2
138.566000 3
138.582000 2
138.769000 1
138.954000 0
139.222000 1
139.222000 0
139.238000 1
139.315000 2
139.377000 3
139.470000 2
139.595000 3
139.672000 2
139.765000 3
139.796000 4
139.796000 3
140.013000 2
140.075000 1
140.122000 2
140.137000 1
140.200000 0
140.639000 1
140.639000 0
141.214000 1
141.214000 0
141.246000 1
141.417000 2
141.541000 1
141.618000 2
141.664000 3
141.803000 2
141.881000 1
141.912000 0
142.021000 1
142.116000 0
142.365000 1
142.365000 0
142.536000 1
142.583000 2
142.614000 3
142.814000 4
142.814000 3
142.845000 2
142.860000 3
142.953000 4
143.168000 3
143.306000 2
143.322000 3
143.398000 2
143.568000 1
143.645000 0
143.691000 1
144.126000 0
144.221000 1
144.621000 2
144.637000 1
144.745000 2
144.791000 3
144.885000 4
144.932000 5
144.979000 6
144.995000 7
145.072000 8
145.165000 7
145.460000 8
145.552000 9
145.895000 8
146.112000 7
146.315000 8
146.361000 7
146.392000 8
146.439000 7
146.517000 8
146.641000 9
146.842000 8
146.935000 9
147.028000 8
147.044000 9
147.418000 10
147.573000 9
147.666000 8
147.744000 7
147.852000 8
148.070000 7
148.117000 8
148.148000 7
148.257000 6
148.352000 5
148.475000 4
148.538000 5
148.569000 6
148.864000 7
148.941000 6
148.987000 7
149.066000 6
149.081000 7
149.438000 8
149.671000 7
149.687000 6
149.842000 5
149.858000 4
149.935000 3
150.074000 2
150.090000 3
150.137000 4
150.153000 3
150.230000 2
150.431000 1
150.462000 2
150.508000 3
150.634000 2
150.821000 3
151.039000 4
151.241000 3
151.287000 2
151.365000 3
151.642000 4
151.642000 3
151.828000 4
151.844000 5
152.184000 6
152.215000 5
152.461000 4
152.524000 3
152.695000 4
152.848000 3
152.925000 4
153.080000 3
153.235000 2
154.184000 1
154.356000 0
