server_0.log: seed=100, mu=5.000000, QSize=15
3.959000 1
3.959000 0
4.953000 1
5.298000 0
5.687000 1
5.687000 0
6.088000 1
6.088000 0
6.245000 1
6.245000 0
6.321000 1
6.352000 0
6.556000 1
6.556000 0
6.619000 1
6.778000 0
7.278000 1
7.278000 0
7.356000 1
7.356000 0
7.746000 1
7.746000 0
7.824000 1
7.840000 2
7.963000 3
8.103000 2
8.119000 3
8.135000 2
8.212000 1
8.351000 2
8.351000 1
8.568000 2
8.600000 1
9.052000 2
9.441000 1
9.827000 2
9.920000 3
9.920000 2
10.122000 1
10.246000 2
10.416000 3
10.510000 2
10.759000 3
10.883000 2
10.898000 1
10.929000 2
11.067000 1
11.299000 2
11.501000 1
11.763000 2
11.825000 3
11.856000 4
12.092000 5
12.156000 6
12.526000 7
12.589000 6
12.853000 7
13.010000 8
13.148000 9
13.535000 8
13.738000 7
13.784000 8
13.877000 7
13.892000 8
13.999000 7
14.015000 8
14.031000 9
14.107000 8
14.218000 7
14.483000 8
14.591000 7
14.684000 6
14.715000 7
14.839000 8
14.855000 7
15.058000 8
15.074000 7
15.090000 8
15.353000 9
15.495000 10
15.649000 9
15.665000 10
15.758000 9
15.821000 8
15.869000 7
16.008000 6
16.254000 5
16.285000 4
16.362000 5
16.362000 4
16.378000 3
16.408000 2
16.534000 1
16.627000 2
16.765000 3
16.934000 2
17.013000 3
17.091000 2
17.218000 3
17.250000 4
17.390000 3
17.406000 4
17.422000 3
17.530000 4
17.749000 3
17.812000 2
17.859000 1
17.859000 0
17.939000 1
17.939000 0
18.109000 1
18.109000 0
18.780000 1
18.780000 0
18.998000 1
19.059000 0
19.670000 1
19.670000 0
19.686000 1
19.717000 0
20.074000 1
20.137000 2
20.278000 3
20.479000 2
20.510000 3
20.682000 2
20.790000 3
20.974000 4
21.144000 5
21.159000 4
21.238000 3
21.765000 4
21.828000 3
22.216000 4
22.247000 5
22.544000 6
22.776000 5
22.807000 4
22.947000 5
23.025000 6
23.071000 5
23.271000 6
23.333000 5
23.440000 4
23.519000 3
23.565000 2
23.642000 1
23.797000 0
23.861000 1
24.122000 0
24.153000 1
24.183000 0
24.245000 1
24.339000 0
24.401000 1
24.510000 0
24.764000 1
24.764000 0
25.107000 1
25.107000 0
25.295000 1
25.449000 2
25.449000 3
25.509000 4
25.540000 5
25.556000 4
25.665000 3
25.696000 4
25.867000 5
25.867000 4
25.943000 3
25.958000 4
26.052000 3
26.175000 2
26.390000 1
26.499000 2
26.717000 3
26.779000 2
27.089000 1
27.261000 0
27.339000 1
27.339000 0
27.432000 1
27.478000 0
27.666000 1
27.666000 0
27.730000 1
27.730000 0
27.854000 1
27.947000 0
28.070000 1
28.210000 2
28.303000 1
28.395000 0
28.472000 1
28.550000 0
29.497000 1
29.497000 0
29.588000 1
29.588000 0
29.666000 1
29.728000 0
29.743000 1
29.759000 2
29.837000 3
30.116000 2
30.131000 1
30.348000 2
30.534000 1
30.566000 0
30.862000 1
30.862000 0
30.988000 1
31.113000 0
31.272000 1
31.288000 0
31.412000 1
31.535000 2
31.688000 3
31.766000 4
31.829000 3
31.844000 2
31.935000 1
32.061000 2
32.276000 3
32.323000 2
32.354000 1
32.401000 0
32.805000 1
32.805000 0
32.866000 1
33.148000 0
33.288000 1
33.505000 0
34.257000 1
34.257000 0
34.566000 1
34.566000 0
34.923000 1
34.954000 0
35.152000 1
35.152000 0
35.464000 1
35.464000 0
35.542000 1
35.652000 0
35.698000 1
35.776000 2
35.917000 3
35.917000 2
36.040000 1
36.118000 0
36.352000 1
36.352000 0
37.079000 1
37.079000 0
37.268000 1
37.268000 0
37.315000 1
37.487000 2
37.688000 1
37.826000 2
37.901000 1
37.947000 0
38.025000 1
38.119000 2
38.518000 3
38.612000 4
38.627000 3
38.767000 2
38.861000 1
38.971000 2
39.033000 1
39.191000 2
39.393000 3
39.487000 2
39.502000 1
39.502000 2
39.532000 1
39.594000 2
39.655000 1
39.795000 2
39.872000 1
40.027000 0
40.247000 1
40.247000 0
40.357000 1
40.357000 0
40.748000 1
40.748000 0
40.794000 1
40.918000 0
41.321000 1
41.321000 0
41.353000 1
41.353000 0
41.477000 1
41.601000 0
41.601000 1
41.663000 0
41.995000 1
41.995000 0
42.447000 1
42.447000 0
42.494000 1
42.510000 0
42.711000 1
42.711000 0
43.085000 1
43.085000 0
43.271000 1
43.271000 0
43.424000 1
43.424000 0
43.502000 1
43.580000 2
44.153000 1
44.168000 0
44.496000 1
44.496000 0
45.257000 1
45.257000 0
45.582000 1
45.582000 0
45.628000 1
45.643000 2
45.737000 3
45.847000 4
45.923000 3
45.970000 2
46.078000 3
46.078000 2
46.172000 1
46.218000 2
46.420000 3
46.497000 2
46.543000 1
46.762000 2
46.840000 3
46.965000 2
47.421000 1
47.483000 0
47.717000 1
47.717000 0
47.732000 1
47.732000 0
47.917000 1
47.949000 2
47.994000 1
48.073000 2
48.214000 1
48.528000 2
48.620000 1
48.683000 0
48.932000 1
48.932000 0
49.056000 1
49.056000 0
49.166000 1
49.166000 0
49.227000 1
49.227000 0
49.384000 1
49.493000 2
49.509000 1
49.616000 2
49.866000 3
49.898000 2
50.053000 3
50.162000 4
50.721000 5
50.969000 6
51.077000 7
51.185000 6
51.232000 7
51.758000 8
51.758000 7
51.804000 6
51.836000 5
52.051000 6
52.112000 7
52.158000 6
52.389000 7
52.498000 8
52.591000 7
52.714000 6
52.761000 7
53.054000 8
53.130000 9
53.577000 8
53.748000 9
54.014000 8
54.184000 7
54.248000 6
54.279000 7
54.309000 8
54.325000 7
54.356000 8
54.402000 9
54.449000 8
54.480000 9
54.496000 10
54.743000 11
54.943000 12
54.974000 11
55.144000 10
55.470000 9
55.548000 10
55.548000 9
55.610000 10
55.796000 9
55.905000 10
55.966000 9
56.263000 8
56.386000 7
56.525000 6
56.573000 7
56.603000 8
56.618000 7
56.634000 8
56.743000 9
56.821000 10
56.929000 11
56.993000 10
57.135000 11
57.135000 10
57.150000 9
57.227000 8
57.243000 7
57.321000 8
57.509000 9
57.585000 8
57.818000 7
57.863000 8
58.051000 9
58.174000 8
58.174000 7
58.313000 8
58.343000 7
58.343000 6
58.822000 5
58.914000 6
58.929000 5
59.403000 4
59.572000 3
59.588000 2
59.635000 3
60.071000 4
60.208000 3
60.239000 2
60.500000 3
60.500000 2
60.593000 3
60.687000 4
60.811000 3
60.872000 2
61.057000 1
61.387000 2
61.387000 1
61.493000 0
61.727000 1
61.727000 0
61.774000 1
61.898000 0
61.975000 1
62.052000 0
62.473000 1
62.473000 0
62.851000 1
62.851000 0
62.899000 1
62.899000 0
62.961000 1
62.961000 0
62.961000 1
63.070000 0
63.100000 1
63.131000 2
63.147000 1
63.193000 2
63.270000 1
63.333000 2
63.471000 1
63.814000 0
63.939000 1
63.939000 0
64.002000 1
64.063000 0
64.251000 1
64.251000 0
64.376000 1
64.407000 2
64.469000 3
64.547000 2
64.655000 3
64.827000 4
64.889000 3
64.998000 2
65.078000 1
65.171000 2
65.186000 1
65.402000 0
65.573000 1
65.573000 0
65.696000 1
66.090000 0
66.247000 1
66.247000 0
66.375000 1
66.375000 0
66.436000 1
66.482000 0
66.950000 1
66.950000 0
67.264000 1
67.264000 0
67.311000 1
67.358000 2
67.605000 3
67.652000 2
67.777000 1
67.807000 0
67.962000 1
67.962000 0
68.242000 1
68.242000 0
68.351000 1
68.351000 0
68.489000 1
68.596000 2
68.783000 3
68.953000 4
68.985000 3
69.079000 2
69.095000 1
69.331000 2
69.331000 1
69.457000 0
69.564000 1
69.702000 0
69.779000 1
69.794000 2
70.060000 1
70.507000 2
70.507000 1
70.539000 0
70.664000 1
70.664000 0
70.679000 1
70.695000 2
70.711000 3
70.727000 2
71.101000 3
71.101000 2
71.178000 3
71.209000 4
71.335000 3
71.462000 4
71.846000 3
71.877000 4
71.987000 5
72.220000 6
72.359000 5
72.453000 4
72.453000 5
72.499000 4
72.622000 3
72.776000 4
72.792000 3
72.930000 4
72.976000 3
73.225000 2
73.381000 1
73.520000 0
73.705000 1
73.900000 0
74.159000 1
74.159000 0
74.409000 1
74.409000 0
74.424000 1
74.546000 2
74.655000 1
74.702000 0
74.733000 1
74.733000 0
74.795000 1
74.795000 0
75.328000 1
75.328000 0
75.782000 1
75.782000 0
75.954000 1
75.954000 0
76.062000 1
76.278000 2
76.370000 1
76.400000 2
76.540000 3
76.649000 4
76.929000 3
76.960000 4
76.992000 3
77.130000 2
77.193000 3
77.239000 2
77.254000 1
77.378000 2
77.781000 1
77.812000 0
78.391000 1
78.391000 0
78.701000 1
78.701000 0
79.028000 1
79.153000 0
79.607000 1
79.607000 0
80.089000 1
80.089000 0
80.540000 1
80.540000 0
80.746000 1
80.746000 0
80.823000 1
80.870000 0
81.117000 1
81.117000 0
81.272000 1
81.364000 2
81.440000 3
81.565000 2
81.643000 3
81.705000 4
81.721000 3
81.766000 4
81.843000 5
81.889000 6
81.921000 5
82.075000 4
82.106000 5
82.122000 4
82.152000 5
82.261000 4
82.353000 5
82.462000 4
82.477000 5
82.540000 4
82.649000 5
82.681000 4
82.789000 3
82.976000 2
83.084000 3
83.503000 4
83.627000 5
83.643000 6
83.750000 7
83.813000 8
84.015000 7
84.092000 6
84.184000 7
84.463000 8
84.557000 7
84.665000 6
84.697000 5
84.852000 4
84.915000 3
85.008000 4
85.055000 3
85.149000 4
85.241000 5
85.257000 4
85.318000 3
85.443000 2
85.598000 3
85.661000 4
85.661000 3
85.677000 2
85.770000 1
85.895000 2
86.003000 3
86.065000 4
86.126000 3
86.188000 4
86.327000 3
86.699000 4
86.731000 5
86.747000 4
86.747000 5
86.809000 4
86.824000 3
86.933000 2
86.963000 3
87.179000 4
87.225000 5
87.241000 6
87.272000 7
87.491000 8
87.616000 9
87.632000 10
87.662000 9
87.896000 8
88.331000 9
88.487000 8
88.580000 7
88.689000 8
88.986000 7
89.033000 6
89.048000 7
89.063000 6
89.079000 7
89.171000 6
89.249000 5
89.249000 6
89.295000 5
89.437000 6
89.854000 7
90.149000 6
90.212000 7
90.336000 8
90.574000 7
90.620000 8
90.651000 7
90.760000 6
90.963000 7
91.071000 6
91.257000 7
91.625000 6
91.981000 5
92.028000 6
92.089000 7
92.089000 6
92.262000 7
92.309000 6
92.500000 7
92.548000 6
92.754000 5
92.786000 6
92.816000 7
92.847000 6
92.893000 5
92.924000 6
92.939000 5
93.078000 4
93.188000 3
93.235000 2
93.265000 1
93.655000 0
94.059000 1
94.059000 0
94.138000 1
94.230000 2
94.245000 1
94.452000 2
94.529000 1
94.932000 0
95.152000 1
95.152000 0
95.600000 1
95.708000 0
95.832000 1
95.879000 0
95.940000 1
96.002000 0
96.543000 1
96.543000 0
96.788000 1
96.788000 0
96.958000 1
97.064000 2
97.096000 1
97.127000 2
97.344000 1
97.546000 2
97.793000 1
97.840000 0
98.196000 1
98.243000 0
99.241000 1
99.241000 0
99.365000 1
99.365000 0
99.396000 1
99.396000 0
99.943000 1
99.943000 0
100.149000 1
100.149000 0
100.336000 1
100.336000 0
100.367000 1
100.429000 2
100.537000 3
100.552000 2
100.584000 1
100.646000 2
100.880000 1
100.912000 0
101.035000 1
101.190000 2
101.221000 1
101.346000 2
101.502000 1
101.578000 2
101.639000 1
101.655000 0
102.225000 1
102.240000 0
102.612000 1
102.628000 2
102.706000 3
102.754000 2
102.893000 1
103.078000 0
103.125000 1
103.202000 2
103.419000 3
103.558000 2
103.807000 3
103.839000 2
103.869000 1
104.149000 2
104.164000 1
104.557000 2
104.557000 1
104.697000 2
104.727000 3
104.987000 2
105.003000 1
105.237000 2
105.485000 3
105.516000 2
105.794000 3
106.137000 2
106.277000 3
106.355000 4
106.449000 5
106.714000 4
106.886000 5
106.933000 4
106.964000 3
107.148000 2
107.224000 3
107.319000 2
107.334000 1
107.380000 0
107.443000 1
107.520000 0
107.520000 1
107.568000 0
107.662000 1
107.662000 0
108.393000 1
108.393000 0
108.500000 1
108.637000 2
108.668000 1
109.022000 2
109.209000 3
109.366000 4
109.382000 5
109.632000 6
109.771000 5
109.913000 4
109.929000 3
110.115000 2
110.237000 3
110.283000 4
110.409000 3
110.521000 2
110.771000 3
110.801000 2
110.879000 1
110.895000 0
111.347000 1
111.347000 0
111.472000 1
111.472000 0
111.750000 1
112.013000 2
112.075000 3
112.121000 4
112.322000 5
112.416000 6
112.462000 5
112.478000 4
112.586000 3
112.648000 2
112.709000 3
112.770000 4
112.770000 3
113.128000 4
113.174000 3
113.483000 2
113.530000 3
113.686000 2
113.984000 3
114.218000 4
114.280000 5
114.638000 6
114.779000 5
114.779000 6
114.963000 5
115.039000 6
115.116000 7
115.131000 8
115.469000 7
115.469000 8
115.560000 7
115.591000 8
115.606000 7
115.856000 8
116.166000 7
116.213000 6
116.307000 5
116.384000 4
116.431000 3
116.509000 4
116.570000 3
116.647000 2
116.755000 3
116.943000 4
117.051000 3
117.131000 2
117.207000 1
117.268000 0
117.549000 1
117.768000 2
117.861000 3
117.969000 2
118.000000 1
118.062000 2
118.078000 3
118.093000 2
118.170000 1
118.669000 0
119.010000 1
119.010000 0
119.246000 1
119.246000 0
119.277000 1
119.417000 2
119.602000 3
119.649000 4
119.760000 5
119.823000 4
120.086000 3
120.423000 4
120.485000 3
120.500000 2
120.607000 1
120.855000 0
120.871000 1
120.886000 0
121.288000 1
121.288000 0
121.318000 1
121.365000 0
121.411000 1
121.671000 0
121.992000 1
122.053000 0
122.456000 1
122.456000 0
123.047000 1
123.047000 0
123.078000 1
123.078000 0
123.586000 1
123.586000 0
123.602000 1
123.617000 2
123.617000 1
123.633000 2
123.787000 1
124.003000 2
124.297000 1
124.358000 2
124.358000 1
124.420000 2
124.716000 1
124.731000 0
125.091000 1
125.091000 0
125.336000 1
125.336000 0
125.537000 1
125.660000 0
126.269000 1
126.269000 0
126.301000 1
126.377000 2
126.515000 3
126.639000 4
126.905000 5
127.030000 6
127.060000 7
127.200000 8
127.400000 7
127.446000 8
127.462000 7
127.898000 6
127.976000 7
127.991000 8
128.084000 7
128.209000 8
128.224000 9
128.331000 8
128.347000 7
128.517000 8
128.735000 9
128.750000 10
128.876000 11
129.001000 10
129.282000 9
129.405000 10
129.607000 11
129.622000 12
129.622000 11
129.904000 10
129.981000 11
130.233000 12
130.281000 11
130.297000 12
130.313000 13
130.343000 14
130.389000 15
130.389000 14
130.421000 13
130.436000 12
130.499000 13
130.656000 14
130.766000 13
130.828000 12
130.844000 13
130.906000 14
130.922000 13
131.015000 12
131.045000 11
131.076000 12
131.214000 11
131.245000 10
131.338000 9
131.369000 10
131.722000 9
131.816000 8
131.846000 9
131.939000 8
132.124000 7
132.139000 6
132.263000 5
132.387000 6
132.387000 5
132.512000 4
132.651000 5
132.698000 6
132.791000 5
132.982000 4
133.062000 5
133.077000 6
133.199000 7
133.199000 6
133.651000 7
133.869000 6
133.915000 5
134.037000 6
134.243000 5
134.709000 6
134.786000 5
134.987000 4
135.094000 3
135.590000 4
135.637000 3
135.976000 2
136.270000 3
136.362000 2
136.393000 3
136.454000 2
136.625000 1
136.732000 0
136.779000 1
136.811000 0
136.811000 1
136.982000 0
137.107000 1
137.107000 0
137.716000 1
137.716000 0
138.139000 1
138.139000 0
138.308000 1
138.308000 0
138.339000 1
138.587000 2
138.634000 1
138.649000 0
138.963000 1
138.963000 0
139.163000 1
139.163000 0
139.256000 1
139.256000 0
139.350000 1
139.595000 0
139.690000 1
139.690000 0
139.705000 1
139.752000 2
139.816000 1
139.848000 2
139.987000 1
140.081000 0
140.190000 1
140.190000 0
140.440000 1
140.471000 2
140.517000 3
140.793000 2
140.808000 3
140.947000 4
141.056000 3
141.056000 4
141.198000 5
141.290000 6
141.336000 5
141.524000 4
141.555000 3
141.632000 2
141.708000 1
141.740000 0
141.818000 1
141.849000 2
141.927000 1
141.989000 2
142.116000 1
142.148000 0
142.655000 1
142.655000 0
142.671000 1
142.748000 2
142.810000 3
142.857000 2
142.982000 1
143.046000 2
143.202000 1
143.218000 2
143.249000 3
143.264000 2
143.327000 1
143.403000 0
143.574000 1
143.574000 0
144.103000 1
144.103000 0
144.694000 1
144.694000 0
144.726000 1
144.911000 2
144.957000 1
145.049000 0
145.113000 1
145.113000 0
145.160000 1
145.317000 0
145.533000 1
145.533000 0
145.891000 1
145.985000 0
146.062000 1
146.062000 0
146.109000 1
146.141000 2
146.342000 3
146.388000 4
146.388000 3
146.497000 4
146.528000 3
146.621000 2
146.791000 1
146.869000 0
146.885000 1
147.260000 2
147.352000 1
147.802000 2
147.864000 1
148.205000 2
148.329000 3
148.374000 4
148.390000 3
148.469000 4
148.515000 5
148.576000 6
148.592000 7
148.670000 8
149.075000 9
149.121000 8
149.167000 9
149.339000 8
149.586000 7
149.663000 6
149.943000 7
150.022000 8
150.053000 7
150.149000 8
150.241000 7
150.272000 8
150.567000 9
150.677000 10
150.786000 9
150.878000 8
150.957000 7
151.067000 8
151.290000 7
151.368000 6
151.476000 5
151.506000 6
151.567000 5
151.689000 4
151.781000 5
152.164000 4
152.210000 5
152.240000 6
152.300000 5
152.532000 6
152.656000 7
152.750000 8
152.905000 7
152.920000 6
153.074000 5
153.089000 4
153.120000 5
153.166000 4
153.305000 3
153.383000 2
153.461000 1
153.665000 0
153.791000 1
153.868000 0
