server_7.log: seed=100, mu=5.000000, QSize=15
3.372000 1
3.373000 0
4.297000 1
4.723000 0
4.971000 1
4.971000 0
5.341000 1
5.341000 0
5.483000 1
5.483000 0
5.545000 1
5.592000 0
5.778000 1
5.778000 0
5.841000 1
5.997000 0
6.451000 1
6.451000 0
6.528000 1
6.528000 0
6.891000 1
6.891000 0
6.969000 1
6.985000 2
7.094000 3
7.234000 4
7.249000 3
7.281000 2
7.359000 1
7.451000 2
7.497000 1
7.654000 2
7.748000 1
8.104000 2
8.602000 1
8.819000 2
8.912000 3
9.085000 2
9.210000 3
9.287000 2
9.365000 3
9.677000 4
9.677000 3
9.833000 4
10.050000 3
10.066000 2
10.175000 3
10.237000 2
10.609000 3
10.671000 4
10.671000 3
10.702000 4
10.920000 5
10.982000 6
11.325000 7
11.636000 8
11.746000 7
11.777000 8
11.917000 9
12.519000 10
12.628000 11
12.705000 10
12.737000 11
12.752000 12
12.907000 11
13.047000 10
13.171000 11
13.171000 10
13.280000 9
13.389000 10
13.389000 9
13.512000 10
13.729000 11
13.761000 12
13.761000 11
13.854000 10
13.994000 11
14.025000 10
14.134000 11
14.243000 10
14.290000 11
14.818000 10
14.928000 9
14.943000 10
14.989000 9
15.035000 8
15.175000 7
15.191000 8
15.332000 9
15.424000 8
15.455000 7
15.533000 6
15.549000 5
15.565000 6
15.565000 5
15.690000 4
15.767000 5
15.798000 6
15.937000 7
16.062000 8
16.094000 7
16.250000 6
16.437000 7
16.546000 6
16.577000 5
16.593000 6
16.890000 5
16.952000 4
16.998000 3
16.998000 2
16.998000 1
17.108000 0
17.216000 1
17.310000 0
17.417000 1
17.586000 0
18.038000 1
18.038000 0
18.054000 1
18.085000 0
18.427000 1
18.490000 2
18.614000 3
18.831000 4
18.847000 3
19.050000 2
19.097000 3
19.268000 4
19.422000 5
19.531000 4
19.609000 3
19.998000 4
20.199000 3
20.430000 4
20.460000 5
20.737000 6
21.107000 7
21.154000 6
21.185000 7
21.185000 6
21.417000 7
21.449000 6
21.713000 5
21.822000 4
21.899000 3
21.945000 2
21.961000 3
22.023000 2
22.179000 1
22.241000 2
22.333000 3
22.490000 4
22.505000 3
22.567000 2
22.720000 1
22.813000 2
22.878000 1
22.893000 0
23.130000 1
23.130000 0
23.301000 1
23.439000 2
23.439000 3
23.500000 4
23.531000 5
23.577000 4
23.670000 5
23.685000 4
23.825000 5
23.887000 4
23.903000 5
23.950000 4
24.059000 3
24.184000 2
24.400000 1
24.416000 2
24.618000 3
24.786000 2
25.094000 1
25.202000 2
25.280000 1
25.296000 2
25.328000 1
25.467000 0
25.514000 1
25.514000 0
25.575000 1
25.575000 0
25.685000 1
25.794000 0
25.886000 1
26.011000 2
26.151000 1
26.244000 0
26.259000 1
26.399000 0
27.224000 1
27.224000 0
27.317000 1
27.317000 0
27.395000 1
27.457000 0
27.473000 1
27.489000 2
27.550000 3
27.846000 2
27.861000 1
28.030000 2
28.264000 1
28.295000 0
28.513000 1
28.513000 0
28.639000 1
28.766000 0
28.907000 1
28.939000 0
29.033000 1
29.157000 2
29.296000 3
29.357000 4
29.482000 3
29.498000 2
29.576000 1
29.623000 2
29.825000 3
29.963000 2
29.994000 1
30.040000 0
30.322000 1
30.322000 0
30.383000 1
30.660000 0
30.783000 1
31.014000 0
31.678000 1
31.678000 0
31.971000 1
31.971000 0
32.298000 1
32.344000 0
32.516000 1
32.516000 0
32.796000 1
32.796000 0
32.858000 1
32.982000 0
33.014000 1
33.091000 2
33.230000 3
33.246000 2
33.370000 1
33.448000 0
33.634000 1
33.634000 0
34.312000 1
34.312000 0
34.482000 1
34.482000 0
34.512000 1
34.682000 2
34.914000 1
35.008000 2
35.116000 1
35.162000 0
35.194000 1
35.272000 2
35.643000 3
35.737000 4
35.845000 3
35.984000 2
36.078000 3
36.078000 2
36.250000 1
36.281000 2
36.470000 3
36.579000 4
36.671000 5
36.702000 4
36.717000 3
36.747000 2
36.857000 3
36.873000 2
37.091000 1
37.244000 0
37.275000 1
37.383000 2
37.445000 1
37.490000 0
37.739000 1
37.739000 0
37.770000 1
37.910000 0
38.252000 1
38.252000 0
38.283000 1
38.283000 0
38.406000 1
38.529000 0
38.529000 1
38.591000 0
38.903000 1
38.903000 0
39.322000 1
39.322000 0
39.368000 1
39.384000 0
39.572000 1
39.572000 0
39.917000 1
39.917000 0
40.089000 1
40.089000 0
40.231000 1
40.231000 0
40.308000 1
40.383000 2
40.952000 1
40.968000 0
41.235000 1
41.235000 0
41.937000 1
41.937000 0
42.233000 1
42.233000 0
42.280000 1
42.295000 2
42.389000 3
42.482000 4
42.575000 3
42.621000 2
42.699000 3
42.729000 2
42.822000 3
42.822000 2
43.008000 3
43.148000 2
43.194000 1
43.318000 2
43.395000 3
43.627000 2
44.074000 1
44.136000 0
44.197000 1
44.213000 2
44.370000 1
44.385000 2
44.385000 1
44.417000 2
44.541000 3
44.649000 2
44.868000 1
44.961000 2
45.271000 1
45.348000 2
45.348000 1
45.396000 0
45.459000 1
45.474000 0
45.566000 1
45.582000 0
45.613000 1
45.645000 0
45.753000 1
45.862000 2
45.923000 1
45.984000 2
46.217000 3
46.311000 2
46.389000 3
46.498000 4
47.013000 5
47.246000 6
47.353000 7
47.493000 8
47.602000 7
47.986000 8
48.172000 7
48.217000 6
48.263000 7
48.263000 6
48.325000 7
48.574000 8
48.589000 7
48.665000 8
48.898000 9
49.035000 8
49.159000 7
49.174000 8
49.236000 9
49.811000 10
50.012000 9
50.306000 10
50.321000 11
50.368000 12
50.414000 13
50.460000 12
50.475000 13
50.491000 14
50.630000 13
50.692000 12
50.708000 13
50.770000 12
50.894000 13
50.894000 12
51.421000 11
51.452000 12
51.514000 13
51.590000 12
51.778000 13
51.917000 12
51.994000 11
52.243000 10
52.398000 11
52.414000 10
52.429000 11
52.460000 12
52.568000 13
52.646000 14
52.708000 13
52.738000 14
52.832000 13
52.940000 14
52.971000 13
53.064000 12
53.110000 13
53.280000 14
53.437000 13
53.578000 12
53.594000 11
53.610000 12
53.671000 11
53.687000 10
53.780000 11
54.029000 12
54.029000 11
54.248000 10
54.589000 11
54.605000 10
54.605000 9
54.776000 8
54.776000 7
55.242000 6
55.258000 7
55.349000 6
55.673000 7
55.829000 6
55.998000 5
56.014000 4
56.076000 5
56.169000 6
56.263000 7
56.620000 6
56.651000 5
56.913000 4
56.913000 5
57.210000 4
57.226000 5
57.272000 6
57.272000 5
57.456000 6
57.456000 5
57.781000 4
57.875000 3
57.921000 4
57.983000 3
58.153000 2
58.277000 3
58.308000 2
58.323000 3
58.386000 4
58.386000 5
58.417000 4
58.511000 3
58.511000 4
58.542000 5
58.557000 4
58.603000 3
58.603000 4
58.712000 3
58.727000 4
58.789000 3
58.914000 2
59.117000 1
59.286000 2
59.333000 3
59.459000 2
59.521000 1
59.567000 2
59.645000 1
59.676000 0
59.692000 1
59.723000 2
59.786000 3
59.958000 4
59.973000 3
60.127000 4
60.314000 3
60.423000 2
60.454000 3
60.500000 2
60.610000 1
60.826000 0
60.826000 1
60.934000 2
60.981000 1
61.450000 2
61.496000 1
61.560000 0
61.561000 1
61.622000 2
61.670000 1
61.766000 0
62.098000 1
62.098000 0
62.381000 1
62.381000 0
62.427000 1
62.459000 2
62.689000 3
62.767000 2
62.890000 1
62.921000 0
63.014000 1
63.014000 0
63.279000 1
63.279000 0
63.387000 1
63.387000 0
63.526000 1
63.635000 2
63.807000 3
63.962000 4
64.024000 3
64.118000 2
64.134000 1
64.321000 2
64.368000 1
64.492000 0
64.538000 1
64.740000 0
64.740000 1
64.756000 2
65.096000 1
65.419000 2
65.542000 1
65.557000 2
65.572000 3
65.572000 2
65.587000 3
65.602000 4
65.618000 3
65.679000 2
65.971000 3
66.049000 4
66.065000 3
66.081000 4
66.297000 3
66.312000 4
66.702000 5
66.810000 6
66.810000 5
67.028000 6
67.244000 7
67.338000 6
67.432000 5
67.478000 4
67.541000 5
67.602000 4
67.696000 5
67.774000 4
67.961000 3
68.209000 2
68.365000 1
68.413000 2
68.507000 1
68.834000 2
68.896000 1
69.079000 2
69.095000 3
69.126000 2
69.187000 1
69.203000 2
69.387000 3
69.433000 2
69.449000 3
69.480000 2
69.496000 1
69.526000 0
69.946000 1
69.946000 0
70.364000 1
70.364000 0
70.521000 1
70.521000 0
70.629000 1
70.830000 2
70.937000 3
70.937000 2
71.076000 3
71.185000 4
71.480000 5
71.496000 4
71.557000 3
71.697000 4
71.697000 3
71.805000 2
71.821000 1
71.868000 2
72.349000 1
72.381000 0
72.803000 1
72.803000 0
73.096000 1
73.096000 0
73.405000 1
73.560000 0
73.949000 1
73.949000 0
74.387000 1
74.387000 0
74.805000 1
74.805000 0
74.992000 1
74.992000 0
75.054000 1
75.116000 0
75.322000 1
75.322000 0
75.462000 1
75.539000 2
75.616000 3
75.770000 2
75.802000 3
75.849000 4
75.911000 5
75.926000 4
75.987000 5
76.034000 6
76.128000 5
76.235000 6
76.281000 7
76.281000 6
76.328000 5
76.468000 4
76.468000 5
76.576000 6
76.670000 5
76.733000 6
76.749000 5
76.887000 4
76.997000 3
77.137000 4
77.185000 3
77.526000 4
77.651000 5
77.667000 6
77.761000 7
77.822000 8
78.177000 9
78.224000 8
78.301000 7
78.441000 8
78.769000 7
78.877000 6
78.907000 5
78.954000 6
79.062000 5
79.092000 6
79.123000 5
79.170000 6
79.265000 5
79.467000 4
79.498000 5
79.529000 4
79.560000 5
79.654000 4
79.778000 5
79.871000 4
79.887000 5
79.887000 4
79.949000 5
79.980000 4
80.071000 5
80.335000 4
80.536000 3
80.551000 4
80.582000 5
80.597000 6
80.798000 7
80.955000 6
81.001000 7
81.017000 6
81.032000 5
81.047000 6
81.063000 7
81.094000 8
81.141000 7
81.297000 8
81.406000 9
81.421000 10
81.872000 9
82.074000 10
82.106000 9
82.417000 10
82.695000 9
82.742000 10
82.772000 11
82.788000 10
82.942000 11
83.114000 12
83.207000 11
83.254000 10
83.285000 9
83.393000 8
83.470000 7
83.500000 8
83.516000 7
83.828000 8
83.952000 9
84.216000 10
84.371000 9
84.542000 10
84.791000 9
84.806000 10
84.869000 9
84.977000 8
85.288000 7
85.522000 8
85.584000 9
85.755000 10
85.833000 9
85.972000 10
86.189000 9
86.235000 10
86.266000 11
86.297000 10
86.373000 11
86.514000 10
86.747000 9
86.950000 8
87.043000 7
87.090000 6
87.137000 5
87.276000 4
87.386000 3
87.432000 4
87.432000 3
87.463000 2
87.510000 3
87.587000 4
87.790000 5
87.852000 4
87.946000 3
88.133000 2
88.411000 1
88.441000 2
88.816000 1
88.847000 2
88.862000 1
89.065000 2
89.173000 3
89.407000 2
89.578000 1
89.703000 0
89.734000 1
89.953000 0
89.968000 1
90.075000 0
90.121000 1
90.230000 2
90.291000 3
90.384000 2
90.632000 1
90.678000 2
91.082000 1
91.130000 0
91.285000 1
91.532000 0
92.256000 1
92.256000 0
92.380000 1
92.380000 0
92.396000 1
92.412000 0
92.910000 1
92.910000 0
93.099000 1
93.099000 0
93.284000 1
93.284000 0
93.315000 1
93.362000 2
93.469000 3
93.500000 2
93.545000 1
93.576000 2
93.840000 1
93.871000 0
93.949000 1
94.088000 2
94.166000 1
94.229000 2
94.449000 3
94.449000 2
94.572000 1
94.587000 0
95.052000 1
95.176000 0
95.424000 1
95.440000 2
95.517000 3
95.686000 2
95.826000 1
95.920000 2
95.998000 3
95.998000 2
96.197000 3
96.476000 2
96.553000 3
96.754000 2
96.785000 1
96.878000 2
97.080000 1
97.251000 2
97.375000 3
97.406000 4
97.468000 3
97.873000 4
97.888000 3
97.904000 2
98.107000 3
98.385000 4
98.415000 3
98.833000 4
98.910000 5
98.988000 6
99.034000 5
99.393000 6
99.610000 5
99.704000 6
99.829000 5
99.860000 4
99.907000 5
99.984000 6
100.046000 5
100.107000 6
100.216000 5
100.232000 4
100.279000 3
100.419000 2
100.466000 1
100.544000 0
100.776000 1
100.776000 0
100.883000 1
101.022000 2
101.053000 1
101.380000 2
101.551000 3
101.691000 4
101.707000 5
101.941000 6
102.143000 5
102.283000 4
102.298000 3
102.484000 2
102.515000 3
102.562000 4
102.780000 3
102.902000 2
103.010000 3
103.181000 2
103.259000 1
103.274000 0
103.540000 1
103.540000 0
103.650000 1
103.650000 0
103.914000 1
104.165000 2
104.226000 3
104.273000 4
104.460000 5
104.553000 6
104.646000 5
104.662000 4
104.771000 3
104.817000 4
104.833000 3
104.864000 4
104.957000 3
105.204000 4
105.359000 3
105.592000 4
105.669000 3
105.872000 2
106.026000 3
106.243000 4
106.306000 5
106.646000 6
106.770000 7
106.972000 6
107.003000 7
107.065000 8
107.080000 9
107.158000 8
107.407000 9
107.530000 10
107.672000 9
107.765000 8
107.781000 9
107.811000 8
108.368000 7
108.398000 8
108.413000 7
108.506000 6
108.582000 5
108.628000 4
108.628000 5
108.768000 4
108.798000 5
108.846000 4
109.235000 3
109.313000 2
109.360000 3
109.391000 2
109.453000 1
109.560000 2
109.653000 3
109.841000 4
109.856000 5
110.152000 4
110.183000 3
110.275000 2
110.353000 1
110.726000 2
110.852000 1
110.946000 2
110.977000 3
110.977000 2
110.993000 1
111.116000 2
111.287000 3
111.334000 4
111.442000 5
111.566000 4
111.830000 3
112.049000 4
112.220000 3
112.235000 2
112.344000 1
112.467000 2
112.593000 1
112.624000 0
112.842000 1
112.842000 0
112.873000 1
112.920000 0
112.966000 1
113.228000 0
113.510000 1
113.602000 0
113.942000 1
113.942000 0
114.492000 1
114.492000 0
114.523000 1
114.523000 0
114.988000 1
114.988000 0
115.003000 1
115.019000 2
115.019000 1
115.034000 2
115.191000 1
115.378000 2
115.702000 1
115.717000 2
115.764000 1
115.780000 2
116.120000 1
116.135000 0
116.403000 1
116.403000 0
116.635000 1
116.635000 0
116.822000 1
116.961000 0
117.492000 1
117.492000 0
117.522000 1
117.585000 2
117.708000 3
117.818000 4
118.067000 5
118.175000 6
118.207000 7
118.347000 8
118.565000 9
118.611000 8
118.672000 7
119.058000 8
119.074000 9
119.120000 8
119.276000 9
119.291000 10
119.306000 9
119.554000 8
119.570000 7
119.570000 8
119.773000 9
119.788000 10
119.898000 11
120.223000 10
120.394000 11
120.505000 10
120.583000 11
120.599000 12
120.846000 11
120.940000 12
121.139000 11
121.170000 12
121.217000 13
121.232000 14
121.264000 15
121.526000 14
121.541000 15
121.635000 14
121.665000 13
121.681000 12
121.712000 13
121.759000 14
121.914000 15
122.022000 14
122.085000 13
122.178000 14
122.178000 13
122.271000 12
122.302000 11
122.472000 10
122.503000 9
122.597000 8
122.628000 9
122.987000 8
123.079000 7
123.126000 8
123.203000 7
123.375000 8
123.390000 7
123.405000 6
123.421000 7
123.529000 6
123.653000 5
123.762000 6
123.777000 7
123.792000 6
123.886000 7
124.073000 6
124.259000 5
124.305000 6
124.476000 5
124.662000 6
125.144000 5
125.191000 4
125.300000 5
125.518000 4
126.062000 3
126.125000 4
126.251000 3
126.360000 2
126.749000 3
126.857000 4
126.904000 3
127.216000 4
127.231000 3
127.247000 4
127.527000 5
127.605000 4
127.699000 3
127.869000 2
127.977000 1
128.055000 0
128.087000 1
128.226000 0
128.476000 1
128.476000 0
128.629000 1
128.660000 2
128.675000 1
128.722000 0
128.893000 1
128.893000 0
129.252000 1
129.252000 0
129.441000 1
129.441000 0
129.535000 1
129.535000 0
129.628000 1
129.737000 0
129.941000 1
129.941000 0
129.957000 1
130.003000 2
130.096000 3
130.281000 2
130.312000 1
130.404000 2
130.435000 1
130.604000 0
130.635000 1
130.666000 2
130.712000 1
130.712000 2
130.790000 1
130.992000 2
131.117000 3
131.209000 4
131.333000 5
131.394000 4
131.425000 5
131.659000 4
131.909000 5
131.940000 6
131.940000 5
132.080000 6
132.126000 5
132.157000 4
132.235000 3
132.313000 2
132.344000 1
132.531000 0
132.700000 1
132.716000 0
132.716000 1
132.748000 0
132.794000 1
132.842000 2
132.996000 1
133.057000 2
133.198000 1
133.228000 2
133.259000 3
133.322000 2
133.539000 1
133.571000 2
133.602000 1
133.665000 0
134.063000 1
134.063000 0
134.617000 1
134.617000 0
134.649000 1
134.818000 2
135.005000 3
135.020000 2
135.051000 3
135.348000 2
135.395000 3
135.611000 2
135.689000 1
135.720000 0
135.720000 1
135.891000 2
135.923000 1
135.938000 2
135.969000 3
136.063000 2
136.156000 3
136.203000 4
136.295000 5
136.513000 4
136.543000 3
136.653000 4
136.871000 3
137.011000 4
137.011000 3
137.104000 2
137.275000 1
137.353000 0
137.524000 1
137.848000 0
137.895000 1
138.019000 2
138.067000 3
138.161000 4
138.207000 5
138.253000 6
138.269000 7
138.331000 8
138.362000 7
138.704000 8
138.782000 9
138.891000 8
139.511000 9
139.588000 10
139.618000 9
139.712000 10
139.837000 11
139.837000 10
140.086000 9
140.117000 10
140.163000 9
140.210000 10
140.553000 9
140.568000 10
140.753000 9
140.987000 10
141.252000 11
141.298000 10
141.391000 9
141.468000 8
141.656000 9
141.687000 10
141.796000 9
141.874000 8
141.966000 9
141.982000 8
142.076000 7
142.076000 8
142.168000 9
142.198000 8
142.509000 9
142.665000 8
142.789000 7
143.130000 8
143.176000 9
143.395000 8
143.410000 7
143.487000 8
143.534000 9
143.566000 8
143.581000 7
143.658000 6
143.798000 5
143.830000 6
143.876000 5
143.954000 4
144.032000 5
144.156000 4
144.343000 5
144.359000 4
144.608000 5
144.794000 6
144.810000 7
144.964000 6
145.011000 5
145.135000 6
145.368000 5
145.617000 6
145.836000 7
145.928000 6
146.176000 5
146.238000 4
146.548000 3
146.564000 4
146.656000 5
146.782000 4
146.939000 3
146.970000 4
147.174000 5
147.437000 6
147.546000 7
147.670000 8
147.779000 9
147.888000 8
147.998000 9
148.059000 8
148.168000 9
148.200000 8
148.308000 7
148.371000 6
148.558000 5
148.604000 6
148.619000 7
148.775000 6
148.822000 5
148.837000 4
148.946000 3
148.946000 2
149.196000 3
149.227000 4
149.492000 5
149.539000 4
149.663000 3
149.694000 2
149.756000 3
149.786000 4
149.817000 5
149.895000 4
150.052000 5
150.098000 6
150.146000 5
150.177000 6
150.363000 7
150.409000 6
150.983000 7
151.061000 8
151.139000 7
151.170000 8
151.248000 7
151.419000 8
151.450000 7
151.622000 8
152.119000 9
152.260000 8
152.276000 9
152.696000 10
152.742000 11
152.804000 12
152.960000 11
153.037000 12
153.130000 11
153.162000 10
153.178000 9
153.364000 8
153.441000 7
153.550000 6
153.598000 5
153.630000 4
153.742000 3
153.854000 2
154.364000 1
154.412000 0
