server_6.log: seed=100, mu=5.000000, QSize=15
3.721000 1
3.721000 0
4.655000 1
5.060000 0
5.341000 1
5.341000 0
5.714000 1
5.714000 0
5.856000 1
5.856000 0
5.917000 1
5.965000 0
6.152000 1
6.152000 0
6.213000 1
6.368000 0
6.825000 1
6.825000 0
6.903000 1
6.903000 0
7.274000 1
7.274000 0
7.352000 1
7.368000 2
7.478000 3
7.631000 4
7.631000 3
7.662000 2
7.741000 1
7.850000 2
7.881000 1
8.052000 2
8.130000 1
8.502000 2
8.982000 1
9.230000 2
9.324000 3
9.464000 2
9.633000 3
9.679000 2
9.789000 3
10.067000 2
10.113000 3
10.269000 4
10.439000 3
10.455000 2
10.609000 3
10.624000 2
11.042000 3
11.058000 2
11.104000 3
11.135000 4
11.367000 5
11.429000 6
11.771000 7
12.086000 8
12.132000 7
12.224000 8
12.364000 9
12.968000 10
13.075000 11
13.091000 10
13.184000 11
13.199000 12
13.293000 11
13.433000 10
13.556000 9
13.618000 10
13.664000 9
13.773000 8
13.834000 9
13.957000 10
14.143000 9
14.175000 10
14.206000 11
14.237000 10
14.406000 9
14.453000 10
14.591000 11
14.622000 10
14.747000 11
15.195000 10
15.304000 9
15.365000 8
15.396000 9
15.411000 8
15.549000 7
15.643000 8
15.783000 9
15.799000 8
15.829000 7
15.907000 6
15.923000 5
15.939000 4
16.017000 5
16.063000 4
16.219000 5
16.251000 6
16.391000 7
16.453000 6
16.516000 7
16.609000 6
16.904000 5
16.904000 6
16.935000 5
17.076000 6
17.261000 5
17.323000 4
17.369000 3
17.369000 2
17.369000 1
17.478000 0
17.713000 1
17.713000 0
17.930000 1
17.992000 0
18.559000 1
18.559000 0
18.575000 1
18.607000 0
18.945000 1
19.007000 2
19.131000 3
19.349000 4
19.364000 3
19.566000 2
19.613000 3
19.783000 4
19.938000 5
20.047000 4
20.125000 3
20.530000 4
20.701000 3
20.965000 4
20.996000 5
21.277000 6
21.650000 7
21.650000 6
21.681000 5
21.729000 6
21.946000 5
21.962000 6
22.211000 5
22.321000 4
22.398000 3
22.445000 2
22.521000 3
22.521000 2
22.676000 1
22.801000 2
22.893000 3
23.003000 2
23.049000 3
23.065000 2
23.218000 1
23.387000 2
23.387000 1
23.402000 0
23.713000 1
23.713000 0
23.899000 1
24.039000 2
24.039000 3
24.101000 4
24.133000 5
24.163000 4
24.271000 3
24.271000 4
24.426000 5
24.472000 4
24.519000 5
24.535000 4
24.643000 3
24.768000 2
24.986000 1
25.033000 2
25.247000 3
25.370000 2
25.681000 1
25.836000 2
25.867000 1
25.915000 0
25.930000 1
26.053000 0
26.147000 1
26.147000 0
26.209000 1
26.209000 0
26.331000 1
26.425000 0
26.532000 1
26.656000 2
26.795000 1
26.887000 0
26.903000 1
27.029000 0
27.875000 1
27.875000 0
27.969000 1
27.969000 0
28.047000 1
28.108000 0
28.124000 1
28.139000 2
28.202000 3
28.497000 2
28.513000 1
28.682000 2
28.914000 1
28.945000 0
29.165000 1
29.165000 0
29.289000 1
29.414000 0
29.552000 1
29.598000 0
29.676000 1
29.799000 2
29.939000 3
30.002000 4
30.141000 3
30.157000 2
30.234000 1
30.280000 2
30.483000 3
30.623000 2
30.654000 1
30.700000 0
30.980000 1
30.980000 0
31.042000 1
31.323000 0
31.447000 1
31.681000 0
32.363000 1
32.363000 0
32.661000 1
32.661000 0
32.988000 1
33.034000 0
33.205000 1
33.205000 0
33.490000 1
33.490000 0
33.551000 1
33.674000 0
33.706000 1
33.783000 2
33.924000 3
33.939000 2
34.065000 1
34.142000 0
34.329000 1
34.329000 0
35.013000 1
35.013000 0
35.183000 1
35.183000 0
35.215000 1
35.385000 2
35.604000 1
35.713000 2
35.806000 1
35.851000 0
35.898000 1
35.990000 2
36.362000 3
36.456000 4
36.533000 3
36.674000 2
36.766000 1
36.797000 2
36.951000 1
36.998000 2
37.185000 3
37.293000 4
37.386000 5
37.417000 4
37.432000 3
37.463000 2
37.587000 1
37.587000 2
37.804000 1
37.962000 0
38.009000 1
38.116000 2
38.163000 1
38.210000 0
38.475000 1
38.475000 0
38.506000 1
38.645000 0
39.003000 1
39.003000 0
39.033000 1
39.033000 0
39.158000 1
39.282000 2
39.282000 1
39.345000 0
39.657000 1
39.657000 0
40.092000 1
40.092000 0
40.138000 1
40.153000 0
40.342000 1
40.342000 0
40.684000 1
40.684000 0
40.856000 1
40.856000 0
40.996000 1
40.996000 0
41.074000 1
41.152000 2
41.726000 1
41.741000 0
42.006000 1
42.006000 0
42.721000 1
42.721000 0
43.034000 1
43.034000 0
43.080000 1
43.095000 2
43.188000 3
43.281000 4
43.375000 3
43.421000 2
43.498000 3
43.529000 2
43.621000 3
43.621000 2
43.808000 3
43.951000 2
43.996000 1
44.120000 2
44.199000 3
44.416000 2
44.867000 1
44.929000 0
45.021000 1
45.037000 2
45.163000 1
45.179000 0
45.209000 1
45.241000 2
45.363000 3
45.441000 2
45.673000 1
45.783000 2
46.079000 1
46.156000 0
46.172000 1
46.204000 0
46.297000 1
46.297000 0
46.407000 1
46.407000 0
46.454000 1
46.470000 0
46.593000 1
46.702000 2
46.749000 1
46.827000 2
47.060000 3
47.137000 2
47.229000 3
47.337000 4
47.866000 5
48.099000 6
48.206000 7
48.347000 8
48.426000 7
48.843000 8
48.998000 7
49.044000 6
49.089000 5
49.121000 6
49.182000 7
49.415000 6
49.430000 7
49.524000 8
49.772000 9
49.851000 8
49.974000 7
50.051000 8
50.113000 9
50.702000 10
50.827000 9
51.203000 10
51.219000 11
51.267000 12
51.267000 11
51.314000 12
51.376000 13
51.392000 14
51.438000 13
51.499000 12
51.576000 11
51.623000 12
51.700000 11
51.810000 12
52.231000 11
52.372000 12
52.403000 11
52.434000 12
52.704000 13
52.734000 12
52.812000 11
53.061000 10
53.232000 9
53.325000 10
53.356000 11
53.387000 12
53.497000 13
53.527000 12
53.575000 13
53.637000 12
53.668000 13
53.776000 12
53.869000 13
53.869000 12
54.039000 13
54.210000 14
54.241000 13
54.381000 12
54.397000 11
54.474000 10
54.490000 9
54.537000 10
54.707000 11
54.832000 10
54.956000 11
55.064000 10
55.420000 9
55.420000 8
55.514000 9
55.591000 8
55.591000 7
56.058000 6
56.152000 5
56.183000 6
56.603000 7
56.635000 6
56.807000 5
56.822000 4
57.008000 5
57.100000 6
57.194000 7
57.428000 6
57.459000 5
57.708000 4
57.847000 5
58.019000 4
58.081000 3
58.158000 4
58.204000 5
58.265000 4
58.389000 5
58.592000 4
58.699000 3
58.808000 2
58.856000 3
58.981000 2
59.136000 1
59.214000 2
59.245000 1
59.260000 2
59.322000 3
59.322000 4
59.338000 3
59.370000 2
59.416000 1
59.448000 2
59.478000 3
59.524000 2
59.540000 3
59.602000 2
59.665000 3
59.728000 2
59.929000 1
60.225000 2
60.272000 3
60.272000 2
60.334000 1
60.459000 0
60.505000 1
60.505000 0
60.630000 1
60.661000 2
60.724000 3
60.800000 2
60.893000 3
61.064000 4
61.143000 3
61.252000 2
61.329000 1
61.391000 2
61.438000 1
61.654000 0
61.762000 1
61.809000 0
61.872000 1
62.324000 0
62.400000 1
62.400000 0
62.509000 1
62.509000 0
62.571000 1
62.618000 0
63.060000 1
63.060000 0
63.356000 1
63.356000 0
63.403000 1
63.450000 2
63.683000 3
63.744000 2
63.868000 1
63.899000 0
64.008000 1
64.008000 0
64.275000 1
64.275000 0
64.384000 1
64.384000 0
64.523000 1
64.632000 2
64.803000 3
64.959000 4
65.022000 3
65.115000 2
65.130000 1
65.317000 2
65.365000 1
65.489000 0
65.536000 1
65.738000 2
65.738000 1
65.753000 2
66.095000 1
66.421000 2
66.545000 1
66.560000 2
66.576000 3
66.576000 2
66.592000 3
66.607000 4
66.622000 3
66.684000 2
66.978000 3
67.056000 4
67.071000 3
67.087000 4
67.305000 3
67.321000 4
67.711000 5
67.821000 6
67.821000 5
68.037000 6
68.252000 7
68.346000 6
68.438000 5
68.486000 4
68.548000 5
68.610000 4
68.704000 5
68.781000 4
68.968000 3
69.218000 2
69.373000 1
69.434000 2
69.512000 1
69.852000 2
69.899000 1
70.085000 2
70.101000 3
70.131000 2
70.194000 1
70.209000 2
70.397000 3
70.427000 2
70.459000 3
70.475000 2
70.490000 1
70.521000 0
70.959000 1
70.959000 0
71.379000 1
71.379000 0
71.535000 1
71.535000 0
71.644000 1
71.845000 2
71.955000 3
71.955000 2
72.096000 3
72.205000 4
72.499000 5
72.514000 4
72.575000 3
72.716000 2
72.716000 3
72.825000 2
72.840000 1
72.887000 2
73.368000 1
73.399000 0
73.835000 1
73.835000 0
74.131000 1
74.131000 0
74.442000 1
74.597000 0
74.991000 1
74.991000 0
75.441000 1
75.441000 0
75.861000 1
75.861000 0
76.049000 1
76.049000 0
76.111000 1
76.172000 0
76.390000 1
76.390000 0
76.529000 1
76.607000 2
76.683000 3
76.838000 2
76.884000 3
76.930000 4
76.991000 5
76.991000 4
77.068000 5
77.115000 6
77.192000 5
77.316000 6
77.346000 5
77.362000 6
77.393000 5
77.534000 4
77.550000 5
77.659000 6
77.736000 5
77.814000 4
77.814000 5
77.955000 4
78.063000 3
78.219000 4
78.249000 3
78.607000 4
78.731000 5
78.747000 6
78.853000 7
78.915000 8
79.272000 9
79.288000 8
79.365000 7
79.537000 8
79.833000 7
79.942000 6
79.974000 5
80.050000 6
80.128000 5
80.190000 6
80.190000 5
80.268000 6
80.330000 5
80.532000 4
80.594000 3
80.609000 4
80.671000 5
80.717000 4
80.888000 5
80.935000 4
80.951000 3
80.998000 4
81.044000 3
81.060000 4
81.185000 5
81.401000 4
81.604000 3
81.666000 4
81.696000 5
81.712000 6
81.916000 7
82.024000 6
82.086000 5
82.102000 4
82.118000 5
82.164000 6
82.180000 7
82.211000 8
82.211000 7
82.414000 8
82.522000 9
82.538000 10
82.928000 9
83.160000 8
83.206000 9
83.546000 10
83.748000 9
83.840000 8
83.871000 9
83.901000 10
84.071000 11
84.242000 12
84.258000 11
84.305000 10
84.335000 9
84.444000 8
84.521000 7
84.567000 6
84.629000 7
84.972000 8
85.097000 9
85.361000 10
85.422000 9
85.685000 10
85.840000 9
85.918000 8
85.949000 9
86.026000 8
86.337000 7
86.679000 8
86.741000 9
86.881000 8
86.913000 9
87.129000 10
87.237000 9
87.346000 8
87.392000 9
87.422000 10
87.530000 11
87.576000 10
87.808000 9
88.011000 8
88.105000 7
88.152000 6
88.199000 5
88.338000 4
88.447000 3
88.493000 2
88.525000 1
88.602000 2
88.679000 3
88.756000 4
88.913000 3
88.959000 4
89.007000 3
89.192000 2
89.471000 1
89.610000 2
89.874000 1
89.906000 0
90.031000 1
90.247000 2
90.355000 3
90.450000 2
90.621000 1
90.745000 0
90.916000 1
90.995000 0
91.151000 1
91.151000 0
91.307000 1
91.415000 2
91.461000 1
91.477000 2
91.695000 1
91.865000 2
92.145000 1
92.191000 0
92.485000 1
92.593000 0
93.459000 1
93.459000 0
93.585000 1
93.585000 0
93.601000 1
93.616000 0
94.119000 1
94.119000 0
94.319000 1
94.319000 0
94.503000 1
94.503000 0
94.535000 1
94.582000 2
94.690000 3
94.721000 2
94.752000 1
94.797000 2
95.060000 1
95.091000 0
95.168000 1
95.323000 2
95.386000 1
95.464000 2
95.666000 1
95.681000 2
95.791000 1
95.806000 0
96.286000 1
96.396000 0
96.657000 1
96.673000 2
96.750000 3
96.905000 2
97.046000 1
97.154000 2
97.231000 3
97.231000 2
97.433000 3
97.714000 2
97.792000 3
97.991000 2
98.022000 1
98.116000 2
98.315000 1
98.487000 2
98.612000 3
98.643000 4
98.704000 3
99.123000 4
99.123000 3
99.139000 2
99.356000 3
99.649000 4
99.649000 3
100.099000 4
100.177000 5
100.269000 6
100.269000 5
100.672000 6
100.843000 5
100.983000 6
101.061000 5
101.091000 4
101.183000 5
101.261000 6
101.277000 5
101.387000 6
101.449000 5
101.465000 4
101.511000 3
101.651000 2
101.698000 1
101.775000 0
102.075000 1
102.075000 0
102.183000 1
102.322000 2
102.353000 1
102.680000 2
102.850000 3
102.990000 4
103.005000 5
103.238000 6
103.455000 5
103.595000 4
103.610000 3
103.795000 2
103.811000 3
103.857000 4
104.088000 3
104.197000 2
104.322000 3
104.475000 2
104.552000 1
104.567000 0
104.865000 1
104.865000 0
104.972000 1
104.972000 0
105.237000 1
105.485000 2
105.546000 3
105.593000 4
105.780000 5
105.872000 6
105.966000 5
105.981000 4
106.091000 3
106.137000 4
106.153000 3
106.183000 4
106.277000 3
106.525000 4
106.681000 3
106.915000 4
106.993000 3
107.196000 2
107.350000 3
107.566000 4
107.628000 5
107.970000 6
108.095000 7
108.295000 6
108.341000 7
108.403000 8
108.419000 9
108.481000 8
108.745000 9
108.869000 10
108.994000 9
109.087000 8
109.118000 9
109.133000 8
109.691000 7
109.738000 8
109.738000 7
109.831000 6
109.909000 5
109.956000 4
109.971000 5
110.096000 4
110.142000 5
110.174000 4
110.578000 3
110.656000 2
110.702000 3
110.732000 2
110.794000 1
110.918000 2
111.012000 3
111.199000 4
111.215000 5
111.494000 4
111.524000 3
111.616000 2
111.694000 1
112.097000 2
112.190000 1
112.313000 2
112.313000 1
112.328000 0
112.344000 1
112.483000 2
112.652000 3
112.699000 4
112.808000 5
112.901000 4
113.166000 3
113.426000 4
113.564000 3
113.580000 2
113.689000 1
113.858000 2
113.936000 1
113.967000 0
114.248000 1
114.248000 0
114.279000 1
114.326000 0
114.372000 1
114.633000 0
114.927000 1
115.005000 0
115.362000 1
115.362000 0
115.926000 1
115.926000 0
115.957000 1
115.957000 0
116.422000 1
116.422000 0
116.438000 1
116.453000 2
116.453000 1
116.468000 2
116.624000 1
116.810000 2
117.136000 1
117.152000 2
117.199000 1
117.214000 2
117.558000 1
117.573000 0
117.844000 1
117.844000 0
118.079000 1
118.079000 0
118.265000 1
118.403000 0
118.947000 1
118.947000 0
118.979000 1
119.040000 2
119.165000 3
119.287000 4
119.536000 5
119.658000 6
119.689000 7
119.828000 8
120.060000 9
120.076000 8
120.138000 7
120.557000 8
120.572000 9
120.587000 8
120.773000 9
120.773000 8
120.788000 9
121.021000 8
121.036000 7
121.067000 8
121.269000 9
121.284000 10
121.394000 11
121.688000 10
121.891000 11
121.970000 10
122.078000 11
122.094000 12
122.311000 11
122.436000 12
122.591000 11
122.669000 12
122.730000 13
122.745000 14
122.776000 15
122.977000 14
123.055000 15
123.085000 14
123.116000 13
123.132000 12
123.226000 13
123.288000 14
123.458000 15
123.473000 14
123.534000 13
123.627000 12
123.720000 11
123.735000 12
123.750000 11
123.920000 10
123.951000 9
124.044000 8
124.184000 9
124.432000 8
124.527000 7
124.650000 6
124.696000 7
124.835000 6
124.851000 5
124.944000 6
124.976000 5
124.992000 6
125.085000 5
125.225000 4
125.335000 5
125.351000 6
125.460000 7
125.507000 6
125.693000 5
125.893000 6
125.909000 5
126.249000 6
126.575000 5
126.621000 4
126.885000 5
126.961000 4
127.507000 3
127.707000 4
127.707000 3
127.815000 2
128.343000 3
128.358000 2
128.452000 3
128.683000 2
128.808000 3
128.839000 4
129.055000 3
129.117000 4
129.147000 3
129.317000 2
129.426000 1
129.503000 0
129.688000 1
129.688000 0
130.081000 1
130.081000 0
130.237000 1
130.267000 2
130.267000 1
130.313000 0
130.501000 1
130.501000 0
130.861000 1
130.861000 0
131.051000 1
131.051000 0
131.145000 1
131.145000 0
131.238000 1
131.347000 0
131.566000 1
131.566000 0
131.582000 1
131.628000 2
131.721000 3
131.905000 2
131.937000 1
132.031000 2
132.062000 1
132.234000 0
132.265000 1
132.296000 2
132.342000 3
132.342000 2
132.420000 1
132.621000 2
132.744000 3
132.837000 4
132.961000 5
133.024000 4
133.040000 5
133.288000 4
133.537000 5
133.568000 6
133.568000 5
133.709000 6
133.756000 5
133.786000 4
133.864000 3
133.942000 2
133.974000 1
134.174000 0
134.346000 1
134.361000 2
134.361000 1
134.392000 0
134.439000 1
134.500000 2
134.640000 1
134.718000 2
134.844000 1
134.890000 2
134.921000 3
134.968000 2
135.186000 1
135.232000 2
135.262000 1
135.324000 0
135.736000 1
135.736000 0
136.287000 1
136.287000 0
136.318000 1
136.487000 2
136.675000 3
136.690000 2
136.721000 3
137.016000 2
137.062000 3
137.281000 2
137.360000 1
137.391000 2
137.391000 1
137.560000 2
137.606000 1
137.606000 2
137.637000 3
137.746000 2
137.824000 3
137.871000 4
137.964000 5
138.198000 4
138.229000 3
138.323000 4
138.555000 3
138.679000 4
138.694000 3
138.787000 2
138.957000 1
139.034000 0
139.192000 1
139.518000 0
139.580000 1
139.704000 2
139.751000 3
139.844000 4
139.891000 5
139.938000 6
139.954000 7
140.016000 8
140.032000 7
140.389000 8
140.466000 9
140.559000 8
141.194000 9
141.271000 10
141.286000 9
141.393000 10
141.503000 9
141.518000 10
141.750000 9
141.796000 10
141.826000 9
141.888000 10
142.229000 9
142.245000 10
142.415000 9
142.663000 10
142.928000 11
142.959000 10
143.038000 9
143.115000 8
143.334000 9
143.365000 10
143.442000 9
143.520000 8
143.627000 7
143.642000 8
143.719000 7
143.750000 8
143.843000 9
143.843000 8
144.183000 9
144.307000 8
144.430000 7
144.818000 8
144.864000 9
145.036000 8
145.052000 7
145.176000 8
145.207000 7
145.222000 8
145.222000 7
145.300000 6
145.441000 5
145.519000 4
145.535000 5
145.597000 4
145.752000 5
145.799000 4
146.001000 3
146.063000 4
146.327000 5
146.517000 6
146.532000 7
146.610000 6
146.657000 5
146.860000 6
147.015000 5
147.342000 6
147.558000 7
147.589000 6
147.826000 5
147.889000 4
148.200000 3
148.294000 4
148.385000 5
148.431000 4
148.586000 3
148.709000 4
148.910000 5
149.174000 6
149.297000 7
149.436000 8
149.530000 7
149.545000 8
149.701000 7
149.763000 8
149.841000 7
149.934000 8
149.950000 7
150.012000 6
150.198000 5
150.384000 6
150.400000 7
150.415000 6
150.462000 5
150.478000 4
150.587000 3
150.587000 2
150.990000 3
151.021000 4
151.176000 3
151.301000 4
151.301000 3
151.332000 2
151.534000 1
151.566000 2
151.597000 3
151.628000 4
151.783000 3
151.861000 4
151.908000 5
151.984000 6
152.046000 5
152.170000 6
152.776000 5
152.791000 6
152.868000 7
152.884000 6
152.978000 7
153.072000 6
153.228000 7
153.428000 8
153.879000 7
154.588000 6
154.748000 5
154.780000 4
154.796000 3
154.987000 2
155.065000 1
155.176000 0
