server_1.log: seed=100, mu=5.000000, QSize=15
3.577000 1
3.577000 0
4.569000 1
4.926000 0
5.290000 1
5.290000 0
5.695000 1
5.695000 0
5.852000 1
5.852000 0
5.928000 1
5.960000 0
6.164000 1
6.164000 0
6.226000 1
6.383000 0
6.869000 1
6.869000 0
6.947000 1
6.947000 0
7.334000 1
7.334000 0
7.413000 1
7.428000 2
7.552000 3
7.691000 2
7.707000 3
7.723000 2
7.800000 1
7.940000 2
7.940000 1
8.143000 2
8.189000 1
8.623000 2
9.029000 1
9.385000 2
9.479000 3
9.510000 2
9.711000 1
9.803000 2
9.974000 3
10.099000 2
10.318000 3
10.473000 2
10.489000 3
10.489000 2
10.660000 1
10.845000 2
11.094000 1
11.295000 2
11.358000 3
11.388000 4
11.622000 5
11.684000 6
12.040000 7
12.179000 6
12.367000 7
12.524000 8
12.665000 9
13.129000 8
13.299000 9
13.331000 8
13.409000 9
13.470000 8
13.518000 9
13.533000 10
13.595000 9
13.703000 8
13.811000 7
13.967000 8
14.184000 7
14.200000 8
14.278000 7
14.326000 8
14.450000 7
14.542000 8
14.573000 9
14.665000 8
14.820000 9
14.959000 10
15.131000 11
15.240000 10
15.349000 9
15.411000 8
15.457000 7
15.601000 6
15.821000 7
15.852000 6
15.882000 5
15.959000 4
15.974000 3
16.004000 2
16.081000 3
16.128000 2
16.220000 3
16.470000 4
16.531000 3
16.671000 4
16.687000 3
16.703000 4
16.843000 5
16.967000 6
16.983000 5
17.014000 4
17.338000 3
17.369000 4
17.399000 3
17.445000 2
17.445000 1
17.445000 0
17.539000 1
17.555000 0
18.213000 1
18.213000 0
18.430000 1
18.478000 0
19.093000 1
19.093000 0
19.109000 1
19.140000 0
19.499000 1
19.562000 2
19.699000 3
19.902000 2
19.934000 3
20.103000 2
20.212000 3
20.381000 4
20.550000 5
20.581000 4
20.659000 3
21.170000 4
21.249000 3
21.618000 4
21.649000 5
21.945000 6
22.210000 5
22.240000 4
22.334000 5
22.410000 6
22.504000 5
22.644000 6
22.769000 5
22.877000 4
22.954000 3
23.001000 2
23.080000 1
23.220000 2
23.236000 1
23.514000 2
23.560000 1
23.607000 2
23.623000 1
23.762000 2
23.778000 1
23.949000 0
24.108000 1
24.108000 0
24.453000 1
24.453000 0
24.640000 1
24.781000 2
24.781000 3
24.843000 4
24.874000 5
24.905000 4
25.014000 3
25.029000 4
25.186000 5
25.217000 4
25.280000 3
25.280000 4
25.388000 3
25.512000 2
25.730000 1
25.823000 2
26.041000 3
26.119000 2
26.430000 1
26.616000 0
26.664000 1
26.664000 0
26.756000 1
26.804000 0
26.980000 1
26.980000 0
27.042000 1
27.042000 0
27.166000 1
27.260000 0
27.369000 1
27.510000 2
27.619000 1
27.712000 0
27.774000 1
27.867000 0
28.790000 1
28.790000 0
28.883000 1
28.883000 0
28.962000 1
29.024000 0
29.039000 1
29.055000 2
29.133000 3
29.412000 2
29.428000 1
29.642000 2
29.829000 1
29.860000 0
30.158000 1
30.158000 0
30.284000 1
30.410000 0
30.564000 1
30.594000 0
30.702000 1
30.828000 2
30.983000 3
31.061000 4
31.140000 3
31.155000 2
31.233000 1
31.343000 2
31.556000 3
31.618000 2
31.649000 1
31.695000 0
32.076000 1
32.076000 0
32.138000 1
32.418000 0
32.557000 1
32.775000 0
33.510000 1
33.510000 0
33.819000 1
33.819000 0
34.175000 1
34.206000 0
34.411000 1
34.411000 0
34.711000 1
34.711000 0
34.774000 1
34.899000 0
34.930000 1
35.007000 2
35.147000 3
35.163000 2
35.286000 1
35.363000 0
35.570000 1
35.570000 0
36.293000 1
36.293000 0
36.479000 1
36.479000 0
36.525000 1
36.695000 2
36.898000 1
37.037000 2
37.100000 1
37.148000 0
37.241000 1
37.333000 2
37.736000 3
37.830000 2
37.830000 3
37.971000 2
38.064000 1
38.187000 2
38.249000 1
38.403000 2
38.606000 3
38.715000 4
38.715000 3
38.731000 2
38.763000 1
38.810000 2
38.888000 1
39.013000 2
39.107000 1
39.261000 0
39.448000 1
39.463000 0
39.556000 1
39.556000 0
39.947000 1
39.947000 0
39.994000 1
40.117000 0
40.505000 1
40.505000 0
40.550000 1
40.550000 0
40.673000 1
40.796000 2
40.796000 1
40.858000 0
41.191000 1
41.191000 0
41.643000 1
41.643000 0
41.690000 1
41.706000 0
41.896000 1
41.896000 0
42.259000 1
42.259000 0
42.444000 1
42.444000 0
42.601000 1
42.601000 0
42.678000 1
42.755000 2
43.330000 1
43.346000 0
43.658000 1
43.658000 0
44.406000 1
44.406000 0
44.733000 1
44.733000 0
44.781000 1
44.796000 2
44.888000 3
44.995000 4
45.073000 3
45.120000 2
45.213000 1
45.229000 2
45.308000 1
45.355000 2
45.555000 3
45.634000 2
45.681000 1
45.899000 2
45.977000 3
46.100000 2
46.551000 1
46.614000 0
46.833000 1
46.849000 0
46.849000 1
46.865000 0
47.034000 1
47.065000 2
47.127000 1
47.189000 2
47.359000 1
47.638000 2
47.763000 1
47.840000 0
48.045000 1
48.045000 0
48.171000 1
48.171000 0
48.281000 1
48.281000 0
48.343000 1
48.343000 0
48.498000 1
48.607000 2
48.622000 1
48.731000 2
48.979000 3
49.011000 2
49.153000 3
49.261000 4
49.819000 5
50.067000 6
50.175000 7
50.299000 6
50.330000 7
50.855000 8
50.870000 7
50.917000 6
50.963000 5
51.134000 6
51.197000 7
51.275000 6
51.460000 7
51.569000 8
51.709000 7
51.818000 8
51.833000 7
52.113000 8
52.175000 9
52.689000 8
52.798000 9
53.124000 8
53.295000 7
53.326000 8
53.342000 9
53.357000 8
53.388000 9
53.434000 10
53.434000 9
53.511000 10
53.526000 11
53.558000 10
53.761000 11
53.962000 12
54.087000 11
54.258000 10
54.569000 11
54.584000 10
54.631000 11
54.661000 10
54.909000 9
54.924000 10
55.079000 9
55.376000 8
55.500000 7
55.578000 8
55.610000 9
55.641000 10
55.641000 9
55.749000 10
55.749000 9
55.826000 10
55.934000 11
56.119000 10
56.135000 11
56.260000 10
56.275000 9
56.321000 10
56.353000 9
56.369000 8
56.506000 9
56.706000 8
56.847000 9
56.939000 8
57.032000 9
57.295000 10
57.295000 9
57.295000 8
57.453000 7
57.453000 6
57.887000 7
57.918000 6
58.026000 5
58.505000 4
58.599000 5
58.677000 4
58.692000 3
59.031000 4
59.310000 3
59.341000 2
59.466000 3
59.559000 4
59.590000 3
59.653000 4
59.901000 3
59.963000 2
60.148000 1
60.348000 2
60.474000 1
60.582000 0
60.676000 1
60.691000 0
60.722000 1
60.863000 0
60.925000 1
61.018000 0
61.412000 1
61.412000 0
61.786000 1
61.786000 0
61.832000 1
61.832000 0
61.894000 1
61.894000 0
61.894000 1
62.003000 0
62.019000 1
62.050000 2
62.081000 1
62.112000 2
62.205000 1
62.253000 2
62.408000 1
62.749000 0
62.843000 1
62.843000 0
62.905000 1
62.967000 0
63.158000 1
63.158000 0
63.283000 1
63.313000 2
63.375000 3
63.451000 2
63.559000 3
63.731000 4
63.793000 3
63.902000 2
63.979000 1
64.072000 2
64.088000 1
64.308000 0
64.461000 1
64.461000 0
64.569000 1
64.973000 0
65.111000 1
65.111000 0
65.233000 1
65.233000 0
65.295000 1
65.342000 0
65.811000 1
65.811000 0
66.123000 1
66.123000 0
66.169000 1
66.216000 2
66.464000 3
66.511000 2
66.635000 1
66.666000 0
66.808000 1
66.808000 0
67.090000 1
67.090000 0
67.199000 1
67.199000 0
67.338000 1
67.446000 2
67.633000 3
67.805000 4
67.836000 3
67.930000 2
67.946000 1
68.179000 0
68.179000 1
68.303000 0
68.411000 1
68.551000 0
68.628000 1
68.643000 2
68.910000 1
69.343000 2
69.359000 1
69.389000 0
69.500000 1
69.500000 0
69.516000 1
69.531000 2
69.547000 3
69.563000 2
69.937000 3
69.937000 2
70.014000 3
70.045000 4
70.170000 3
70.294000 4
70.682000 3
70.713000 4
70.823000 5
71.056000 6
71.210000 5
71.288000 6
71.303000 5
71.349000 4
71.472000 3
71.614000 4
71.645000 3
71.771000 4
71.833000 3
72.080000 2
72.234000 1
72.373000 0
72.544000 1
72.760000 0
72.993000 1
72.993000 0
73.243000 1
73.243000 0
73.258000 1
73.366000 2
73.489000 1
73.535000 0
73.550000 1
73.550000 0
73.614000 1
73.614000 0
74.145000 1
74.145000 0
74.600000 1
74.600000 0
74.771000 1
74.771000 0
74.881000 1
75.100000 2
75.192000 1
75.224000 2
75.364000 3
75.473000 4
75.738000 3
75.785000 4
75.801000 3
75.940000 2
76.002000 3
76.049000 2
76.064000 1
76.188000 2
76.593000 1
76.624000 0
77.191000 1
77.191000 0
77.499000 1
77.499000 0
77.824000 1
77.964000 0
78.402000 1
78.402000 0
78.870000 1
78.870000 0
79.323000 1
79.323000 0
79.528000 1
79.528000 0
79.605000 1
79.651000 0
79.885000 1
79.885000 0
80.040000 1
80.118000 2
80.195000 3
80.321000 2
80.399000 3
80.446000 4
80.477000 3
80.509000 4
80.587000 5
80.632000 6
80.678000 5
80.818000 4
80.850000 5
80.865000 4
80.895000 5
81.005000 4
81.083000 5
81.206000 6
81.206000 5
81.284000 4
81.376000 5
81.423000 4
81.531000 3
81.720000 2
81.798000 3
82.203000 4
82.326000 5
82.342000 6
82.453000 7
82.514000 8
82.759000 7
82.836000 6
82.883000 7
83.162000 8
83.304000 7
83.399000 6
83.430000 5
83.584000 4
83.647000 3
83.709000 4
83.787000 3
83.849000 4
83.943000 5
83.990000 4
84.052000 3
84.176000 2
84.301000 3
84.362000 4
84.393000 3
84.409000 2
84.502000 1
84.596000 2
84.705000 3
84.767000 4
84.861000 3
84.893000 4
85.066000 3
85.405000 4
85.437000 5
85.453000 6
85.484000 5
85.546000 4
85.562000 3
85.671000 2
85.671000 3
85.887000 4
85.933000 5
85.949000 6
85.981000 7
86.199000 8
86.325000 9
86.340000 10
86.400000 9
86.633000 8
87.038000 9
87.224000 8
87.318000 7
87.397000 8
87.736000 7
87.752000 8
87.783000 7
87.783000 8
87.814000 7
87.923000 6
87.953000 7
88.000000 6
88.031000 5
88.142000 6
88.545000 7
88.886000 6
88.901000 7
89.025000 8
89.303000 9
89.303000 8
89.380000 7
89.488000 6
89.643000 7
89.800000 6
89.925000 7
90.344000 6
90.685000 7
90.700000 6
90.747000 7
90.809000 6
90.918000 7
91.026000 6
91.149000 7
91.257000 6
91.428000 7
91.459000 8
91.459000 7
91.553000 6
91.569000 7
91.600000 6
91.647000 5
91.788000 4
91.896000 3
91.943000 2
91.974000 1
92.362000 0
92.690000 1
92.690000 0
92.768000 1
92.860000 2
92.875000 1
93.078000 2
93.156000 1
93.561000 0
93.767000 1
93.767000 0
94.200000 1
94.325000 0
94.432000 1
94.494000 0
94.540000 1
94.619000 0
95.140000 1
95.140000 0
95.389000 1
95.389000 0
95.560000 1
95.669000 2
95.701000 1
95.731000 2
95.934000 1
96.135000 2
96.383000 1
96.430000 0
96.787000 1
96.834000 0
97.820000 1
97.820000 0
97.948000 1
97.948000 0
97.979000 1
97.979000 0
98.530000 1
98.530000 0
98.734000 1
98.734000 0
98.922000 1
98.922000 0
98.953000 1
99.000000 2
99.110000 3
99.140000 2
99.171000 1
99.218000 2
99.481000 1
99.513000 0
99.606000 1
99.760000 2
99.822000 1
99.915000 2
100.101000 1
100.148000 2
100.224000 1
100.240000 0
100.784000 1
100.831000 0
101.171000 1
101.186000 2
101.264000 3
101.341000 2
101.482000 1
101.655000 0
101.687000 1
101.764000 2
101.979000 3
102.133000 2
102.364000 3
102.410000 2
102.441000 1
102.705000 2
102.736000 1
103.109000 2
103.125000 1
103.232000 2
103.262000 3
103.541000 2
103.556000 1
103.758000 2
104.008000 3
104.069000 2
104.301000 3
104.691000 2
104.769000 3
104.846000 4
104.937000 5
105.261000 4
105.369000 5
105.478000 4
105.510000 3
105.695000 2
105.695000 3
105.863000 2
105.879000 1
105.909000 2
105.924000 1
105.987000 2
106.064000 1
106.111000 0
106.127000 1
106.189000 0
106.846000 1
106.846000 0
106.955000 1
107.095000 2
107.125000 1
107.482000 2
107.669000 3
107.823000 4
107.839000 5
108.087000 6
108.227000 5
108.366000 4
108.381000 3
108.568000 2
108.691000 3
108.738000 4
108.863000 3
108.972000 2
109.220000 3
109.251000 2
109.329000 1
109.344000 0
109.781000 1
109.781000 0
109.891000 1
109.891000 0
110.172000 1
110.432000 2
110.494000 3
110.540000 4
110.741000 5
110.833000 6
110.880000 5
110.895000 4
111.004000 3
111.066000 2
111.113000 3
111.174000 4
111.190000 3
111.530000 4
111.591000 3
111.899000 2
111.931000 3
112.103000 2
112.382000 3
112.616000 4
112.678000 5
113.034000 6
113.174000 7
113.204000 6
113.390000 5
113.421000 6
113.483000 7
113.499000 8
113.841000 9
113.902000 8
113.964000 9
113.994000 8
114.040000 7
114.227000 8
114.599000 7
114.646000 6
114.739000 5
114.818000 4
114.865000 3
114.880000 4
115.005000 3
115.082000 2
115.113000 3
115.297000 4
115.483000 3
115.563000 2
115.640000 1
115.703000 0
115.903000 1
116.118000 2
116.211000 3
116.400000 4
116.400000 3
116.416000 4
116.431000 3
116.523000 2
116.601000 1
117.099000 0
117.347000 1
117.347000 0
117.566000 1
117.566000 0
117.597000 1
117.736000 2
117.908000 3
117.954000 4
118.063000 5
118.141000 4
118.404000 3
118.714000 4
118.791000 3
118.807000 2
118.916000 1
119.163000 0
119.163000 1
119.193000 0
119.566000 1
119.566000 0
119.597000 1
119.644000 0
119.691000 1
119.954000 0
120.264000 1
120.326000 0
120.730000 1
120.730000 0
121.328000 1
121.328000 0
121.359000 1
121.359000 0
121.856000 1
121.856000 0
121.872000 1
121.887000 0
121.887000 1
121.903000 2
122.057000 1
122.260000 2
122.571000 1
122.617000 2
122.633000 1
122.678000 2
122.988000 1
123.003000 0
123.347000 1
123.347000 0
123.595000 1
123.595000 0
123.794000 1
123.918000 0
124.514000 1
124.514000 0
124.546000 1
124.623000 2
124.762000 3
124.886000 4
125.149000 5
125.272000 6
125.303000 7
125.441000 8
125.643000 7
125.674000 8
125.705000 7
126.140000 6
126.186000 7
126.202000 8
126.326000 7
126.419000 8
126.434000 9
126.572000 8
126.588000 7
126.728000 8
126.946000 9
126.961000 10
127.084000 11
127.254000 10
127.535000 9
127.613000 10
127.798000 11
127.814000 12
127.875000 11
128.156000 10
128.171000 11
128.418000 12
128.480000 13
128.495000 14
128.527000 15
128.542000 14
128.572000 15
128.649000 14
128.680000 13
128.680000 14
128.695000 13
128.836000 14
129.021000 15
129.021000 14
129.083000 15
129.083000 14
129.177000 13
129.255000 14
129.270000 13
129.301000 12
129.471000 11
129.502000 10
129.548000 11
129.594000 10
129.986000 9
130.017000 10
130.081000 9
130.206000 8
130.392000 7
130.407000 6
130.545000 5
130.545000 6
130.668000 5
130.807000 4
130.807000 5
130.854000 6
131.088000 5
131.211000 6
131.226000 7
131.272000 6
131.350000 7
131.488000 6
131.801000 7
132.157000 6
132.188000 7
132.203000 6
132.530000 5
132.854000 6
133.069000 5
133.268000 4
133.377000 3
133.719000 4
133.918000 3
134.243000 2
134.382000 3
134.506000 4
134.629000 3
134.722000 2
134.877000 3
134.893000 2
134.908000 3
135.001000 2
135.077000 1
135.200000 2
135.246000 1
135.323000 0
135.792000 1
135.792000 0
136.198000 1
136.198000 0
136.353000 1
136.353000 0
136.384000 1
136.632000 2
136.679000 1
136.694000 0
137.006000 1
137.006000 0
137.208000 1
137.208000 0
137.303000 1
137.303000 0
137.395000 1
137.641000 0
137.735000 1
137.735000 0
137.751000 1
137.798000 2
137.860000 1
137.891000 2
138.030000 1
138.137000 0
138.231000 1
138.231000 0
138.480000 1
138.511000 2
138.558000 3
138.837000 2
138.853000 3
138.991000 4
139.101000 5
139.101000 4
139.240000 5
139.333000 6
139.380000 5
139.567000 4
139.599000 3
139.677000 2
139.754000 1
139.785000 0
139.847000 1
139.878000 2
139.972000 1
140.018000 2
140.158000 1
140.189000 0
140.684000 1
140.684000 0
140.700000 1
140.777000 2
140.839000 3
140.885000 2
141.011000 1
141.057000 2
141.229000 3
141.229000 2
141.259000 3
141.305000 2
141.367000 1
141.430000 0
141.584000 1
141.584000 0
142.112000 1
142.112000 0
142.700000 1
142.700000 0
142.731000 1
142.901000 2
142.964000 1
143.042000 0
143.105000 1
143.105000 0
143.151000 1
143.321000 0
143.523000 1
143.523000 0
143.864000 1
143.973000 0
144.036000 1
144.036000 0
144.082000 1
144.114000 2
144.315000 3
144.362000 4
144.362000 3
144.455000 4
144.501000 3
144.593000 2
144.765000 1
144.827000 2
144.842000 1
145.200000 2
145.323000 1
145.739000 2
145.832000 1
146.141000 2
146.265000 3
146.310000 4
146.356000 3
146.418000 4
146.464000 5
146.510000 6
146.526000 7
146.604000 8
147.009000 9
147.086000 8
147.102000 9
147.301000 8
147.548000 7
147.625000 6
147.873000 7
147.951000 8
148.028000 7
148.075000 8
148.198000 9
148.229000 8
148.493000 9
148.602000 10
148.771000 9
148.850000 8
148.928000 7
148.989000 8
149.252000 7
149.331000 6
149.424000 7
149.439000 6
149.532000 5
149.656000 4
149.702000 5
150.121000 4
150.136000 5
150.167000 6
150.246000 5
150.463000 6
150.587000 7
150.681000 8
150.852000 7
150.867000 6
151.023000 5
151.039000 4
151.054000 5
151.117000 4
151.257000 3
151.334000 2
151.411000 1
151.612000 0
151.721000 1
151.768000 2
151.813000 1
152.105000 2
152.152000 3
152.416000 2
152.462000 1
152.477000 2
152.695000 3
152.821000 2
153.024000 3
153.302000 4
153.394000 3
153.628000 2
153.691000 1
154.007000 0
