server_5.log: seed=100, mu=5.000000, QSize=15
3.683000 1
3.683000 0
4.620000 1
5.023000 0
5.317000 1
5.317000 0
5.703000 1
5.703000 0
5.859000 1
5.859000 0
5.921000 1
5.966000 0
6.152000 1
6.152000 0
6.214000 1
6.370000 0
6.841000 1
6.841000 0
6.921000 1
6.921000 0
7.301000 1
7.301000 0
7.380000 1
7.396000 2
7.504000 3
7.657000 2
7.657000 3
7.688000 2
7.764000 1
7.888000 2
7.903000 1
8.088000 2
8.149000 1
8.552000 2
9.004000 1
9.282000 2
9.375000 3
9.483000 2
9.684000 3
9.699000 2
9.853000 3
10.085000 2
10.177000 3
10.333000 4
10.459000 3
10.474000 2
10.643000 1
10.674000 2
11.075000 1
11.107000 2
11.169000 3
11.200000 4
11.433000 5
11.495000 6
11.838000 7
12.146000 8
12.162000 7
12.288000 8
12.426000 9
13.032000 10
13.109000 9
13.139000 10
13.247000 11
13.262000 12
13.309000 11
13.449000 10
13.573000 9
13.681000 10
13.681000 9
13.790000 8
13.912000 9
14.036000 10
14.161000 9
14.254000 8
14.254000 9
14.285000 10
14.426000 9
14.534000 10
14.643000 9
14.673000 10
14.843000 11
15.230000 10
15.339000 9
15.401000 8
15.447000 7
15.509000 8
15.585000 7
15.757000 8
15.836000 7
15.866000 6
15.897000 7
15.943000 6
15.959000 5
15.989000 4
16.115000 3
16.145000 4
16.347000 5
16.378000 6
16.518000 7
16.518000 6
16.642000 7
16.673000 6
16.969000 5
17.000000 4
17.031000 5
17.201000 6
17.324000 5
17.386000 4
17.432000 3
17.432000 2
17.432000 1
17.540000 0
17.839000 1
17.839000 0
18.057000 1
18.104000 0
18.697000 1
18.697000 0
18.713000 1
18.744000 0
19.084000 1
19.146000 2
19.270000 3
19.488000 4
19.504000 3
19.706000 2
19.752000 3
19.925000 4
20.080000 5
20.190000 4
20.268000 3
20.671000 4
20.857000 3
21.104000 4
21.136000 5
21.416000 6
21.790000 7
21.805000 6
21.836000 5
21.867000 6
22.100000 7
22.100000 6
22.360000 5
22.470000 4
22.548000 3
22.594000 2
22.658000 1
22.658000 2
22.813000 1
22.936000 2
23.028000 3
23.137000 2
23.184000 3
23.200000 2
23.356000 1
23.526000 2
23.526000 1
23.541000 0
23.858000 1
23.858000 0
24.046000 1
24.187000 2
24.187000 3
24.248000 4
24.280000 5
24.311000 4
24.420000 3
24.420000 4
24.575000 5
24.621000 4
24.653000 5
24.683000 4
24.793000 3
24.918000 2
25.135000 1
25.166000 2
25.367000 3
25.523000 2
25.829000 1
25.953000 2
26.000000 1
26.046000 2
26.046000 1
26.184000 0
26.261000 1
26.261000 0
26.323000 1
26.323000 0
26.448000 1
26.541000 0
26.651000 1
26.790000 2
26.900000 1
26.993000 0
27.040000 1
27.149000 0
28.021000 1
28.021000 0
28.115000 1
28.115000 0
28.191000 1
28.253000 0
28.269000 1
28.284000 2
28.346000 3
28.641000 2
28.656000 1
28.827000 2
29.061000 1
29.092000 0
29.324000 1
29.324000 0
29.449000 1
29.575000 0
29.716000 1
29.747000 0
29.854000 1
29.980000 2
30.135000 3
30.197000 4
30.290000 3
30.305000 2
30.382000 1
30.475000 2
30.674000 3
30.768000 2
30.798000 1
30.845000 0
31.173000 1
31.173000 0
31.235000 1
31.516000 0
31.639000 1
31.871000 0
32.554000 1
32.554000 0
32.850000 1
32.850000 0
33.192000 1
33.224000 0
33.412000 1
33.412000 0
33.697000 1
33.697000 0
33.759000 1
33.883000 0
33.914000 1
33.992000 2
34.130000 3
34.145000 2
34.270000 1
34.347000 0
34.536000 1
34.536000 0
35.222000 1
35.222000 0
35.394000 1
35.394000 0
35.425000 1
35.593000 2
35.826000 1
35.919000 2
36.026000 1
36.073000 0
36.119000 1
36.212000 2
36.600000 3
36.694000 4
36.757000 3
36.897000 2
36.990000 1
37.036000 2
37.160000 1
37.253000 2
37.454000 3
37.563000 4
37.625000 3
37.641000 2
37.656000 3
37.672000 2
37.795000 1
37.856000 2
38.011000 1
38.168000 0
38.276000 1
38.371000 0
38.387000 1
38.418000 0
38.759000 1
38.759000 0
38.791000 1
38.917000 0
39.290000 1
39.290000 0
39.321000 1
39.321000 0
39.444000 1
39.568000 2
39.568000 1
39.631000 0
39.946000 1
39.946000 0
40.386000 1
40.386000 0
40.432000 1
40.448000 0
40.634000 1
40.634000 0
40.989000 1
40.989000 0
41.161000 1
41.161000 0
41.304000 1
41.304000 0
41.382000 1
41.460000 2
42.036000 1
42.052000 0
42.331000 1
42.331000 0
43.043000 1
43.043000 0
43.355000 1
43.355000 0
43.401000 1
43.416000 2
43.510000 3
43.604000 4
43.697000 3
43.744000 2
43.822000 3
43.852000 2
43.944000 1
43.944000 2
44.130000 3
44.283000 2
44.330000 1
44.453000 2
44.530000 3
44.751000 2
45.200000 1
45.261000 0
45.355000 1
45.371000 2
45.495000 1
45.511000 0
45.542000 1
45.573000 2
45.696000 3
45.774000 2
46.006000 1
46.130000 2
46.411000 1
46.475000 0
46.522000 1
46.522000 0
46.647000 1
46.647000 0
46.755000 1
46.755000 0
46.803000 1
46.818000 0
46.942000 1
47.051000 2
47.097000 1
47.175000 2
47.423000 3
47.484000 2
47.592000 3
47.703000 4
48.229000 5
48.464000 6
48.571000 7
48.711000 8
48.773000 7
49.209000 8
49.334000 7
49.381000 6
49.427000 5
49.489000 6
49.552000 7
49.753000 6
49.814000 7
49.908000 8
50.156000 9
50.188000 8
50.312000 7
50.436000 8
50.499000 9
51.098000 10
51.177000 9
51.608000 10
51.624000 9
51.624000 10
51.672000 11
51.719000 12
51.781000 13
51.796000 14
51.796000 13
51.858000 12
51.937000 11
52.031000 12
52.062000 11
52.217000 12
52.592000 11
52.764000 10
52.796000 11
52.857000 12
53.089000 11
53.136000 12
53.167000 11
53.428000 10
53.600000 9
53.768000 10
53.800000 11
53.831000 12
53.893000 11
53.939000 12
54.002000 11
54.017000 12
54.111000 13
54.142000 12
54.235000 11
54.313000 12
54.483000 13
54.608000 12
54.655000 13
54.748000 12
54.763000 11
54.839000 10
54.869000 9
54.978000 10
55.149000 11
55.211000 10
55.398000 11
55.444000 10
55.800000 9
55.800000 8
55.970000 9
55.970000 8
55.970000 7
56.437000 6
56.531000 5
56.655000 6
57.009000 5
57.071000 6
57.181000 5
57.196000 4
57.477000 5
57.568000 6
57.662000 7
57.802000 6
57.833000 5
58.082000 4
58.318000 5
58.382000 4
58.443000 3
58.632000 4
58.632000 3
58.678000 4
58.865000 5
58.957000 4
59.053000 3
59.161000 2
59.332000 1
59.332000 2
59.486000 1
59.593000 0
59.701000 1
59.701000 0
59.748000 1
59.748000 0
59.809000 1
59.809000 0
59.809000 1
59.917000 0
59.933000 1
59.964000 2
59.995000 1
60.026000 2
60.121000 1
60.153000 2
60.325000 1
60.666000 0
60.727000 1
60.727000 0
60.789000 1
60.850000 0
61.037000 1
61.037000 0
61.161000 1
61.192000 2
61.253000 3
61.330000 2
61.423000 3
61.596000 4
61.674000 3
61.784000 2
61.862000 1
61.924000 2
61.970000 1
62.190000 0
62.300000 1
62.331000 0
62.407000 1
62.845000 0
62.937000 1
62.937000 0
63.046000 1
63.046000 0
63.108000 1
63.155000 0
63.592000 1
63.592000 0
63.893000 1
63.893000 0
63.939000 1
63.985000 2
64.216000 3
64.277000 2
64.401000 1
64.432000 0
64.557000 1
64.557000 0
64.823000 1
64.823000 0
64.931000 1
64.931000 0
65.069000 1
65.177000 2
65.347000 3
65.503000 4
65.565000 3
65.658000 2
65.673000 1
65.857000 2
65.919000 1
66.042000 0
66.088000 1
66.292000 0
66.292000 1
66.308000 2
66.650000 1
66.977000 2
67.100000 1
67.132000 2
67.132000 1
67.147000 2
67.162000 3
67.177000 2
67.177000 3
67.238000 2
67.551000 3
67.613000 2
67.628000 3
67.658000 4
67.846000 3
67.893000 4
68.293000 5
68.357000 4
68.404000 5
68.621000 6
68.838000 7
68.885000 6
68.979000 5
69.026000 4
69.151000 3
69.151000 4
69.305000 5
69.321000 4
69.509000 3
69.759000 2
69.914000 1
70.037000 2
70.053000 1
70.429000 0
70.460000 1
70.662000 0
70.708000 1
70.723000 0
70.723000 1
70.832000 2
70.955000 1
71.002000 0
71.017000 1
71.017000 0
71.080000 1
71.080000 0
71.594000 1
71.594000 0
72.031000 1
72.031000 0
72.189000 1
72.189000 0
72.297000 1
72.501000 2
72.608000 1
72.623000 2
72.765000 3
72.875000 4
73.155000 3
73.170000 4
73.217000 3
73.357000 2
73.389000 3
73.466000 2
73.481000 1
73.559000 2
74.011000 1
74.041000 0
74.509000 1
74.509000 0
74.806000 1
74.806000 0
75.116000 1
75.271000 0
75.662000 1
75.662000 0
76.110000 1
76.110000 0
76.534000 1
76.534000 0
76.720000 1
76.720000 0
76.781000 1
76.843000 0
77.063000 1
77.063000 0
77.219000 1
77.295000 2
77.373000 3
77.511000 2
77.573000 3
77.621000 4
77.653000 3
77.684000 4
77.760000 5
77.806000 6
77.853000 5
77.993000 4
78.009000 5
78.041000 4
78.056000 5
78.180000 4
78.241000 5
78.351000 6
78.382000 5
78.459000 4
78.506000 5
78.600000 4
78.708000 3
78.895000 2
78.911000 3
79.300000 4
79.426000 5
79.441000 6
79.535000 7
79.597000 8
79.924000 7
79.956000 8
80.003000 7
80.220000 8
80.468000 7
80.577000 6
80.609000 5
80.748000 6
80.763000 5
80.823000 4
80.886000 5
80.964000 6
80.964000 5
81.164000 4
81.224000 3
81.302000 4
81.349000 3
81.365000 4
81.569000 3
81.585000 4
81.585000 3
81.678000 2
81.693000 3
81.741000 4
81.865000 5
82.035000 4
82.238000 3
82.347000 4
82.378000 5
82.408000 6
82.611000 7
82.658000 6
82.720000 5
82.735000 4
82.814000 5
82.844000 4
82.860000 5
82.875000 6
82.906000 7
83.124000 8
83.233000 9
83.248000 10
83.575000 9
83.807000 8
83.915000 9
84.256000 10
84.396000 9
84.489000 8
84.597000 9
84.613000 10
84.783000 11
84.908000 10
84.955000 11
84.955000 10
84.986000 9
85.093000 8
85.171000 7
85.217000 6
85.343000 7
85.682000 8
85.804000 9
86.068000 8
86.083000 9
86.408000 10
86.485000 9
86.562000 8
86.671000 7
86.687000 8
86.982000 7
87.415000 8
87.477000 9
87.538000 8
87.646000 9
87.864000 10
87.895000 9
88.003000 8
88.127000 9
88.158000 10
88.220000 9
88.267000 10
88.455000 9
88.655000 8
88.748000 7
88.794000 6
88.841000 5
88.981000 4
89.089000 3
89.135000 2
89.165000 1
89.349000 2
89.427000 3
89.504000 4
89.566000 3
89.660000 2
89.705000 3
89.844000 2
90.122000 1
90.359000 2
90.528000 1
90.574000 0
90.775000 1
90.991000 2
91.099000 3
91.130000 2
91.301000 1
91.425000 0
91.672000 1
91.672000 0
91.903000 1
91.903000 0
92.058000 1
92.166000 2
92.212000 1
92.228000 2
92.460000 1
92.629000 2
92.910000 1
92.956000 0
93.252000 1
93.360000 0
94.239000 1
94.239000 0
94.364000 1
94.364000 0
94.394000 1
94.394000 0
94.913000 1
94.913000 0
95.116000 1
95.116000 0
95.302000 1
95.302000 0
95.334000 1
95.380000 2
95.488000 3
95.519000 2
95.550000 1
95.597000 2
95.845000 1
95.875000 0
95.968000 1
96.121000 2
96.182000 1
96.275000 2
96.461000 1
96.492000 2
96.598000 1
96.614000 0
97.106000 1
97.213000 0
97.475000 1
97.491000 2
97.568000 3
97.723000 2
97.863000 1
97.970000 2
98.047000 3
98.047000 2
98.249000 3
98.530000 2
98.608000 3
98.812000 2
98.844000 1
98.937000 2
99.138000 1
99.325000 2
99.448000 3
99.479000 4
99.525000 3
99.944000 2
99.959000 3
99.959000 2
100.191000 3
100.469000 2
100.484000 3
100.933000 4
101.010000 5
101.086000 4
101.102000 5
101.515000 6
101.667000 5
101.823000 6
101.885000 5
101.917000 4
102.025000 5
102.102000 4
102.102000 5
102.226000 6
102.272000 5
102.287000 4
102.334000 3
102.473000 2
102.519000 1
102.597000 0
102.909000 1
102.909000 0
103.018000 1
103.159000 2
103.189000 1
103.530000 2
103.700000 3
103.853000 4
103.869000 5
104.116000 6
104.287000 5
104.425000 4
104.441000 3
104.629000 2
104.691000 3
104.736000 4
104.925000 3
105.033000 2
105.202000 3
105.312000 2
105.389000 1
105.405000 0
105.748000 1
105.748000 0
105.857000 1
105.857000 0
106.119000 1
106.367000 2
106.428000 3
106.475000 4
106.660000 5
106.753000 6
106.847000 5
106.862000 4
106.970000 3
107.032000 4
107.032000 3
107.079000 4
107.157000 3
107.421000 4
107.560000 3
107.806000 4
107.868000 3
108.068000 2
108.239000 3
108.457000 4
108.519000 5
108.859000 6
108.999000 7
109.170000 6
109.246000 7
109.309000 8
109.324000 9
109.355000 8
109.651000 9
109.775000 10
109.868000 9
109.960000 8
110.006000 7
110.022000 8
110.567000 7
110.613000 6
110.644000 7
110.705000 6
110.783000 5
110.829000 4
110.874000 5
110.967000 4
111.044000 3
111.044000 4
111.448000 3
111.526000 2
111.603000 1
111.618000 2
111.665000 1
111.836000 2
111.930000 3
112.115000 4
112.131000 5
112.363000 4
112.394000 3
112.486000 2
112.564000 1
113.015000 2
113.062000 1
113.185000 0
113.230000 1
113.230000 0
113.262000 1
113.400000 2
113.571000 3
113.619000 4
113.715000 5
113.811000 4
114.073000 3
114.336000 4
114.460000 3
114.476000 2
114.583000 1
114.769000 2
114.832000 1
114.863000 0
115.158000 1
115.158000 0
115.189000 1
115.236000 0
115.284000 1
115.547000 0
115.840000 1
115.931000 0
116.287000 1
116.287000 0
116.853000 1
116.853000 0
116.884000 1
116.884000 0
117.362000 1
117.362000 0
117.377000 1
117.392000 0
117.392000 1
117.408000 2
117.562000 1
117.763000 2
118.071000 1
118.102000 2
118.133000 1
118.163000 2
118.490000 1
118.505000 0
118.802000 1
118.802000 0
119.036000 1
119.036000 0
119.220000 1
119.357000 0
119.907000 1
119.907000 0
119.938000 1
120.001000 2
120.140000 3
120.263000 4
120.511000 5
120.634000 6
120.664000 7
120.803000 8
121.035000 9
121.035000 8
121.097000 7
121.530000 8
121.545000 9
121.545000 8
121.732000 7
121.748000 8
121.764000 9
121.966000 8
121.982000 7
122.045000 8
122.259000 9
122.275000 10
122.398000 11
122.647000 10
122.893000 11
122.924000 10
123.079000 11
123.094000 12
123.263000 11
123.434000 12
123.557000 11
123.682000 12
123.744000 13
123.759000 14
123.790000 15
123.945000 14
124.054000 13
124.069000 14
124.084000 13
124.100000 12
124.240000 13
124.301000 14
124.439000 13
124.470000 14
124.501000 13
124.594000 12
124.687000 11
124.719000 10
124.751000 11
124.891000 10
124.922000 9
125.015000 8
125.201000 9
125.405000 8
125.498000 7
125.620000 6
125.712000 7
125.806000 6
125.822000 5
125.958000 6
125.958000 5
126.004000 6
126.082000 5
126.221000 4
126.343000 5
126.359000 6
126.468000 7
126.500000 6
126.685000 5
126.905000 4
126.905000 5
127.278000 6
127.569000 5
127.616000 4
127.923000 5
127.954000 4
128.495000 3
128.694000 2
128.756000 3
128.802000 2
129.344000 1
129.391000 2
129.500000 3
129.671000 2
129.856000 3
129.886000 4
130.043000 3
130.136000 2
130.166000 3
130.305000 2
130.413000 1
130.490000 0
130.738000 1
130.738000 0
131.129000 1
131.129000 0
131.284000 1
131.314000 0
131.314000 1
131.360000 0
131.545000 1
131.545000 0
131.903000 1
131.903000 0
132.091000 1
132.091000 0
132.187000 1
132.187000 0
132.279000 1
132.385000 0
132.606000 1
132.606000 0
132.622000 1
132.669000 2
132.760000 3
132.947000 2
132.979000 1
133.072000 2
133.103000 1
133.274000 0
133.305000 1
133.336000 2
133.381000 1
133.381000 2
133.459000 1
133.660000 2
133.786000 3
133.878000 4
134.003000 5
134.066000 4
134.097000 5
134.330000 4
134.593000 5
134.609000 4
134.625000 5
134.763000 6
134.794000 5
134.825000 4
134.904000 3
134.982000 2
135.014000 1
135.212000 0
135.398000 1
135.398000 0
135.414000 1
135.429000 0
135.491000 1
135.553000 2
135.675000 1
135.767000 2
135.875000 1
135.936000 2
135.967000 3
135.998000 2
136.215000 1
136.276000 2
136.291000 1
136.352000 0
136.776000 1
136.776000 0
137.329000 1
137.329000 0
137.359000 1
137.529000 2
137.729000 1
137.729000 2
137.775000 3
138.051000 2
138.129000 3
138.314000 2
138.405000 1
138.436000 0
138.467000 1
138.637000 2
138.637000 1
138.684000 2
138.715000 3
138.777000 2
138.917000 3
138.965000 4
139.058000 5
139.229000 4
139.260000 3
139.417000 4
139.588000 3
139.728000 2
139.774000 3
139.820000 2
139.990000 1
140.068000 0
140.300000 1
140.563000 0
140.687000 1
140.811000 2
140.857000 3
140.948000 4
140.995000 5
141.042000 6
141.057000 7
141.073000 6
141.134000 7
141.519000 8
141.597000 9
141.597000 8
142.322000 7
142.337000 8
142.415000 9
142.541000 8
142.541000 9
142.665000 10
142.787000 9
142.864000 8
142.957000 9
143.050000 10
143.254000 9
143.410000 10
143.441000 9
143.828000 10
143.986000 9
144.078000 8
144.094000 9
144.156000 8
144.481000 7
144.512000 8
144.543000 9
144.558000 8
144.667000 7
144.760000 6
144.822000 7
144.884000 6
144.931000 7
145.024000 8
145.349000 7
145.381000 8
145.474000 7
146.017000 8
146.065000 9
146.081000 8
146.096000 7
146.251000 6
146.266000 5
146.343000 4
146.389000 5
146.436000 6
146.482000 5
146.560000 4
146.638000 3
146.746000 4
146.838000 3
146.960000 4
147.037000 3
147.270000 4
147.534000 5
147.643000 4
147.690000 3
147.721000 4
147.736000 5
148.048000 4
148.063000 5
148.557000 6
148.620000 5
148.776000 6
148.868000 5
148.929000 4
149.241000 3
149.472000 2
149.533000 3
149.627000 2
149.627000 3
149.952000 4
150.155000 5
150.431000 6
150.541000 7
150.572000 6
150.679000 7
150.741000 6
150.786000 7
150.881000 6
150.988000 5
151.004000 6
151.050000 5
151.174000 6
151.236000 5
151.451000 4
151.498000 3
151.513000 2
151.622000 1
151.622000 0
151.622000 1
151.637000 2
152.211000 1
152.226000 2
152.257000 3
152.334000 2
152.365000 1
152.538000 2
152.569000 1
152.800000 2
152.815000 1
152.831000 2
152.862000 3
153.079000 2
153.095000 3
153.142000 4
153.221000 5
153.407000 6
153.812000 5
153.919000 4
154.107000 3
154.911000 2
155.605000 1
155.764000 0
