server_4.log: seed=100, mu=5.000000, QSize=15
4.060000 1
4.060000 0
5.011000 1
5.411000 0
5.705000 1
5.705000 0
6.094000 1
6.094000 0
6.250000 1
6.250000 0
6.312000 1
6.358000 0
6.543000 1
6.543000 0
6.605000 1
6.758000 0
7.236000 1
7.236000 0
7.313000 1
7.313000 0
7.698000 1
7.698000 0
7.775000 1
7.790000 2
7.913000 3
8.050000 2
8.066000 3
8.081000 2
8.158000 1
8.298000 2
8.298000 1
8.499000 2
8.545000 1
8.964000 2
9.400000 1
9.696000 2
9.790000 3
9.882000 2
10.084000 1
10.100000 2
10.269000 3
10.474000 2
10.598000 3
10.766000 4
10.844000 3
10.859000 2
11.030000 1
11.108000 2
11.465000 1
11.542000 2
11.603000 3
11.634000 4
11.867000 5
11.930000 6
12.287000 7
12.552000 6
12.598000 7
12.739000 8
12.878000 9
13.497000 10
13.497000 9
13.605000 10
13.699000 9
13.714000 10
13.729000 11
13.838000 10
13.962000 9
14.069000 8
14.161000 9
14.177000 8
14.394000 9
14.519000 10
14.550000 9
14.642000 8
14.735000 9
14.766000 10
14.812000 9
15.015000 10
15.030000 9
15.155000 10
15.326000 11
15.605000 10
15.713000 9
15.776000 8
15.823000 7
15.963000 6
15.995000 7
16.212000 6
16.242000 7
16.242000 6
16.320000 5
16.335000 4
16.351000 3
16.382000 4
16.475000 3
16.629000 4
16.829000 5
16.861000 6
16.876000 5
17.001000 6
17.033000 5
17.125000 6
17.325000 5
17.355000 4
17.513000 5
17.669000 4
17.685000 5
17.731000 4
17.777000 3
17.777000 2
17.777000 1
17.887000 0
18.327000 1
18.327000 0
18.543000 1
18.605000 0
19.187000 1
19.187000 0
19.203000 1
19.233000 0
19.576000 1
19.638000 2
19.763000 3
19.980000 4
19.996000 3
20.196000 2
20.242000 3
20.414000 4
20.568000 5
20.676000 4
20.754000 3
21.172000 4
21.342000 3
21.605000 4
21.635000 5
21.915000 6
22.289000 5
22.305000 6
22.320000 5
22.383000 6
22.585000 5
22.616000 6
22.848000 5
22.957000 4
23.035000 3
23.081000 2
23.159000 1
23.175000 2
23.315000 1
23.455000 2
23.549000 3
23.641000 2
23.704000 3
23.704000 2
23.861000 1
24.031000 0
24.047000 1
24.047000 0
24.379000 1
24.379000 0
24.567000 1
24.706000 2
24.706000 3
24.768000 4
24.799000 5
24.830000 4
24.938000 3
24.953000 4
25.111000 5
25.141000 4
25.202000 5
25.217000 4
25.327000 3
25.450000 2
25.668000 1
25.731000 2
25.949000 3
26.057000 2
26.369000 1
26.540000 2
26.555000 1
26.602000 0
26.633000 1
26.742000 0
26.852000 1
26.852000 0
26.915000 1
26.915000 0
27.037000 1
27.129000 0
27.239000 1
27.380000 2
27.486000 1
27.578000 0
27.640000 1
27.734000 0
28.625000 1
28.625000 0
28.719000 1
28.719000 0
28.798000 1
28.860000 0
28.876000 1
28.892000 2
28.954000 3
29.248000 2
29.264000 1
29.452000 2
29.667000 1
29.698000 0
29.950000 1
29.950000 0
30.074000 1
30.197000 0
30.351000 1
30.382000 0
30.490000 1
30.614000 2
30.769000 3
30.832000 4
30.925000 3
30.940000 2
31.018000 1
31.111000 2
31.313000 3
31.405000 2
31.437000 1
31.483000 0
31.824000 1
31.824000 0
31.886000 1
32.165000 0
32.291000 1
32.523000 0
33.220000 1
33.220000 0
33.515000 1
33.515000 0
33.857000 1
33.888000 0
34.075000 1
34.075000 0
34.371000 1
34.371000 0
34.433000 1
34.558000 0
34.589000 1
34.665000 2
34.805000 3
34.821000 2
34.946000 1
35.023000 0
35.213000 1
35.213000 0
35.912000 1
35.912000 0
36.083000 1
36.083000 0
36.114000 1
36.285000 2
36.517000 1
36.611000 2
36.720000 1
36.767000 0
36.813000 1
36.906000 2
37.293000 3
37.385000 4
37.447000 3
37.587000 2
37.681000 1
37.729000 2
37.853000 1
37.947000 2
38.147000 3
38.257000 4
38.319000 3
38.335000 2
38.350000 3
38.366000 2
38.490000 1
38.552000 2
38.707000 1
38.863000 0
38.972000 1
39.065000 0
39.080000 1
39.111000 0
39.455000 1
39.455000 0
39.487000 1
39.627000 0
39.985000 1
39.985000 0
40.016000 1
40.016000 0
40.141000 1
40.266000 2
40.266000 1
40.327000 0
40.657000 1
40.657000 0
41.092000 1
41.092000 0
41.139000 1
41.154000 0
41.343000 1
41.343000 0
41.702000 1
41.702000 0
41.872000 1
41.872000 0
42.014000 1
42.014000 0
42.090000 1
42.168000 2
42.743000 1
42.759000 0
43.040000 1
43.040000 0
43.766000 1
43.766000 0
44.080000 1
44.080000 0
44.127000 1
44.142000 2
44.235000 3
44.344000 4
44.422000 3
44.468000 2
44.562000 3
44.562000 2
44.656000 1
44.687000 2
44.873000 3
44.983000 2
45.029000 1
45.201000 2
45.279000 3
45.450000 2
45.901000 1
45.963000 0
46.119000 1
46.135000 2
46.198000 1
46.213000 0
46.307000 1
46.337000 2
46.461000 3
46.477000 2
46.695000 1
46.897000 2
47.100000 1
47.177000 0
47.287000 1
47.287000 0
47.411000 1
47.411000 0
47.519000 1
47.519000 0
47.581000 1
47.581000 0
47.720000 1
47.828000 2
47.859000 1
47.950000 2
48.199000 3
48.246000 2
48.370000 3
48.479000 4
49.022000 5
49.270000 6
49.378000 7
49.518000 8
49.534000 7
50.016000 8
50.094000 7
50.141000 6
50.187000 5
50.294000 6
50.357000 7
50.513000 6
50.620000 7
50.713000 8
50.946000 7
50.962000 8
51.072000 7
51.242000 8
51.304000 9
51.908000 10
51.924000 9
52.372000 8
52.418000 9
52.434000 10
52.480000 11
52.526000 12
52.542000 11
52.603000 12
52.603000 11
52.618000 12
52.682000 11
52.806000 10
52.852000 11
53.040000 12
53.335000 11
53.505000 10
53.627000 11
53.690000 12
53.829000 11
53.907000 10
53.970000 11
54.155000 10
54.326000 9
54.607000 10
54.622000 9
54.637000 10
54.668000 11
54.746000 10
54.778000 11
54.856000 12
54.887000 11
54.948000 12
54.980000 11
55.150000 12
55.320000 13
55.351000 12
55.491000 13
55.491000 12
55.507000 11
55.585000 10
55.615000 9
55.818000 10
55.957000 9
55.989000 10
56.190000 9
56.238000 10
56.548000 9
56.548000 8
56.719000 7
56.719000 6
56.811000 7
57.199000 6
57.293000 5
57.493000 6
57.774000 5
57.914000 6
57.945000 5
57.961000 4
58.333000 5
58.426000 6
58.520000 7
58.567000 6
58.598000 5
58.846000 4
59.156000 3
59.186000 4
59.217000 3
59.404000 2
59.512000 3
59.558000 4
59.728000 3
59.744000 4
59.822000 3
59.932000 2
60.102000 1
60.225000 2
60.256000 1
60.363000 0
60.597000 1
60.597000 0
60.643000 1
60.643000 0
60.706000 1
60.706000 0
60.706000 1
60.815000 0
60.830000 1
60.862000 2
60.893000 1
60.924000 2
61.018000 1
61.049000 2
61.220000 1
61.562000 0
61.624000 1
61.624000 0
61.685000 1
61.748000 0
61.935000 1
61.935000 0
62.060000 1
62.091000 2
62.152000 3
62.230000 2
62.324000 3
62.494000 4
62.570000 3
62.678000 2
62.756000 1
62.833000 2
62.864000 1
63.081000 0
63.221000 1
63.236000 0
63.330000 1
63.747000 0
63.858000 1
63.858000 0
63.981000 1
63.981000 0
64.043000 1
64.090000 0
64.535000 1
64.535000 0
64.831000 1
64.831000 0
64.877000 1
64.924000 2
65.154000 3
65.216000 2
65.339000 1
65.370000 0
65.494000 1
65.494000 0
65.762000 1
65.762000 0
65.872000 1
65.872000 0
66.011000 1
66.119000 2
66.291000 3
66.462000 4
66.509000 3
66.602000 2
66.618000 1
66.820000 2
66.851000 1
66.976000 0
67.054000 1
67.224000 0
67.270000 1
67.285000 2
67.582000 1
67.967000 2
68.030000 1
68.061000 0
68.123000 1
68.123000 0
68.139000 1
68.155000 2
68.170000 3
68.185000 2
68.555000 3
68.571000 2
68.632000 3
68.663000 4
68.801000 3
68.907000 4
69.313000 5
69.313000 4
69.421000 5
69.638000 6
69.841000 5
69.857000 6
69.935000 5
69.983000 4
70.105000 3
70.168000 4
70.277000 3
70.323000 4
70.464000 3
70.715000 2
70.874000 1
71.013000 0
71.059000 1
71.399000 0
71.493000 1
71.632000 0
71.742000 1
71.742000 0
71.758000 1
71.866000 2
71.988000 1
72.035000 0
72.050000 1
72.050000 0
72.112000 1
72.112000 0
72.632000 1
72.632000 0
73.066000 1
73.066000 0
73.235000 1
73.235000 0
73.344000 1
73.561000 2
73.654000 1
73.684000 2
73.826000 3
73.934000 4
74.213000 3
74.229000 4
74.275000 3
74.414000 2
74.446000 3
74.524000 2
74.539000 1
74.616000 2
75.068000 1
75.098000 0
75.582000 1
75.582000 0
75.878000 1
75.878000 0
76.205000 1
76.344000 0
76.770000 1
76.770000 0
77.220000 1
77.220000 0
77.654000 1
77.654000 0
77.842000 1
77.842000 0
77.919000 1
77.965000 0
78.199000 1
78.199000 0
78.354000 1
78.432000 2
78.510000 3
78.634000 2
78.712000 3
78.772000 4
78.787000 3
78.833000 4
78.910000 5
78.957000 6
78.989000 5
79.129000 4
79.160000 5
79.190000 4
79.205000 5
79.330000 4
79.392000 5
79.516000 6
79.531000 5
79.608000 4
79.686000 5
79.748000 4
79.857000 3
80.044000 2
80.106000 3
80.495000 4
80.620000 5
80.636000 6
80.744000 7
80.808000 8
81.072000 7
81.149000 6
81.164000 7
81.429000 8
81.616000 7
81.724000 6
81.755000 5
81.909000 4
81.957000 5
81.972000 4
82.096000 5
82.126000 4
82.189000 5
82.330000 4
82.392000 3
82.516000 2
82.531000 3
82.594000 4
82.734000 3
82.750000 2
82.828000 3
82.844000 2
82.936000 3
82.998000 4
83.122000 5
83.199000 4
83.399000 3
83.615000 4
83.645000 5
83.661000 6
83.816000 5
83.862000 6
83.877000 5
83.892000 4
84.001000 3
84.079000 4
84.125000 5
84.141000 6
84.173000 7
84.391000 8
84.515000 9
84.531000 10
84.732000 9
84.965000 8
85.212000 9
85.552000 8
85.567000 9
85.645000 8
85.908000 9
85.938000 10
86.062000 9
86.110000 8
86.110000 9
86.140000 8
86.250000 7
86.282000 8
86.328000 7
86.359000 6
86.671000 7
87.011000 8
87.137000 9
87.213000 8
87.415000 9
87.631000 8
87.709000 7
87.755000 8
87.817000 7
88.035000 8
88.129000 7
88.686000 6
88.780000 7
88.844000 8
89.015000 9
89.046000 8
89.155000 7
89.248000 8
89.385000 7
89.526000 8
89.557000 9
89.618000 8
89.664000 9
89.820000 8
89.914000 7
89.960000 6
90.006000 5
90.145000 4
90.252000 3
90.300000 2
90.330000 1
90.719000 0
90.749000 1
90.812000 0
90.828000 1
90.905000 2
90.997000 1
91.107000 2
91.278000 1
91.683000 0
91.777000 1
91.777000 0
92.197000 1
92.321000 0
92.413000 1
92.491000 0
92.522000 1
92.614000 0
93.102000 1
93.102000 0
93.335000 1
93.335000 0
93.505000 1
93.614000 2
93.644000 1
93.675000 2
93.893000 1
94.079000 2
94.343000 1
94.391000 0
94.701000 1
94.795000 0
95.705000 1
95.705000 0
95.830000 1
95.830000 0
95.861000 1
95.861000 0
96.382000 1
96.382000 0
96.586000 1
96.586000 0
96.775000 1
96.775000 0
96.806000 1
96.852000 2
96.962000 3
96.978000 2
97.024000 1
97.070000 2
97.332000 1
97.364000 0
97.441000 1
97.597000 2
97.659000 1
97.751000 2
97.938000 1
97.968000 2
98.063000 1
98.078000 0
98.589000 1
98.666000 0
98.961000 1
98.977000 2
99.055000 3
99.182000 2
99.320000 1
99.460000 2
99.491000 1
99.538000 2
99.752000 3
99.969000 2
100.124000 3
100.247000 2
100.279000 1
100.451000 2
100.575000 1
100.840000 2
100.963000 3
100.963000 2
100.995000 3
101.383000 2
101.399000 1
101.477000 2
101.710000 3
101.910000 2
102.004000 3
102.454000 4
102.531000 5
102.531000 4
102.624000 5
103.030000 6
103.107000 5
103.325000 4
103.355000 5
103.355000 4
103.542000 3
103.558000 4
103.636000 5
103.713000 4
103.728000 3
103.759000 4
103.774000 3
103.914000 2
103.961000 1
104.038000 0
104.462000 1
104.462000 0
104.572000 1
104.715000 2
104.747000 1
105.078000 2
105.265000 3
105.419000 4
105.435000 5
105.685000 6
105.841000 5
105.981000 4
105.996000 3
106.180000 2
106.272000 3
106.319000 4
106.474000 3
106.596000 2
106.783000 3
106.877000 2
106.954000 1
106.970000 0
107.330000 1
107.330000 0
107.440000 1
107.440000 0
107.704000 1
107.952000 2
108.014000 3
108.061000 4
108.261000 5
108.353000 6
108.432000 5
108.447000 4
108.556000 3
108.618000 2
108.634000 3
108.680000 4
108.741000 3
109.017000 4
109.143000 3
109.406000 4
109.452000 3
109.655000 2
109.842000 3
110.058000 4
110.120000 5
110.463000 6
110.602000 7
110.757000 6
110.850000 7
110.913000 8
110.930000 9
110.945000 8
111.255000 9
111.380000 10
111.457000 9
111.550000 8
111.596000 7
111.642000 8
112.151000 7
112.198000 6
112.276000 7
112.291000 6
112.369000 5
112.415000 4
112.509000 5
112.556000 4
112.633000 3
112.695000 4
113.036000 3
113.114000 2
113.192000 1
113.254000 0
113.269000 1
113.485000 2
113.579000 3
113.764000 4
113.779000 5
113.950000 4
113.981000 3
114.075000 2
114.152000 1
114.649000 0
114.679000 1
114.771000 0
114.895000 1
114.895000 0
114.927000 1
115.067000 2
115.236000 3
115.283000 4
115.391000 5
115.469000 4
115.733000 3
116.013000 4
116.122000 3
116.138000 2
116.246000 1
116.448000 2
116.495000 1
116.525000 0
116.838000 1
116.838000 0
116.869000 1
116.916000 0
116.963000 1
117.226000 0
117.523000 1
117.601000 0
117.974000 1
117.974000 0
118.540000 1
118.540000 0
118.571000 1
118.571000 0
119.051000 1
119.051000 0
119.067000 1
119.082000 2
119.082000 1
119.097000 2
119.253000 1
119.456000 2
119.765000 1
119.795000 2
119.827000 1
119.858000 2
120.185000 1
120.200000 0
120.499000 1
120.499000 0
120.736000 1
120.736000 0
120.924000 1
121.048000 0
121.616000 1
121.616000 0
121.647000 1
121.708000 2
121.848000 3
121.972000 4
122.222000 5
122.346000 6
122.377000 7
122.516000 8
122.746000 7
122.746000 8
122.809000 7
123.242000 8
123.258000 9
123.258000 8
123.445000 7
123.461000 8
123.476000 9
123.692000 8
123.707000 7
123.753000 8
123.970000 9
123.986000 10
124.111000 11
124.360000 10
124.612000 11
124.643000 10
124.797000 11
124.812000 12
124.983000 11
125.155000 12
125.277000 11
125.400000 12
125.462000 13
125.478000 14
125.509000 15
125.664000 14
125.774000 13
125.789000 14
125.804000 13
125.820000 12
125.959000 13
126.020000 14
126.160000 13
126.192000 14
126.222000 13
126.316000 12
126.409000 11
126.440000 10
126.470000 11
126.610000 10
126.640000 9
126.734000 8
126.919000 9
127.121000 8
127.215000 7
127.339000 6
127.433000 7
127.526000 6
127.542000 5
127.680000 6
127.680000 5
127.727000 6
127.790000 5
127.928000 4
128.067000 5
128.083000 6
128.206000 7
128.206000 6
128.393000 5
128.610000 4
128.642000 5
129.014000 6
129.278000 5
129.324000 4
129.650000 3
129.665000 4
130.191000 3
130.393000 2
130.499000 1
130.515000 2
131.041000 1
131.167000 2
131.291000 3
131.368000 2
131.662000 3
131.693000 4
131.740000 3
131.831000 2
131.986000 3
132.002000 2
132.109000 1
132.186000 0
132.563000 1
132.563000 0
132.956000 1
132.956000 0
133.111000 1
133.142000 2
133.142000 1
133.189000 0
133.390000 1
133.390000 0
133.746000 1
133.746000 0
133.934000 1
133.934000 0
134.028000 1
134.028000 0
134.121000 1
134.229000 0
134.450000 1
134.450000 0
134.466000 1
134.512000 2
134.606000 3
134.791000 2
134.822000 1
134.931000 2
134.947000 1
135.118000 0
135.164000 1
135.196000 2
135.226000 1
135.242000 2
135.304000 1
135.520000 2
135.644000 3
135.738000 4
135.862000 5
135.909000 4
135.956000 5
136.174000 4
136.454000 5
136.454000 4
136.485000 5
136.624000 6
136.638000 5
136.670000 4
136.747000 3
136.824000 2
136.856000 1
137.057000 0
137.273000 1
137.273000 0
137.288000 1
137.304000 0
137.366000 1
137.428000 2
137.552000 1
137.644000 2
137.752000 1
137.814000 2
137.845000 3
137.875000 2
138.090000 1
138.152000 2
138.152000 1
138.215000 0
138.656000 1
138.656000 0
139.223000 1
139.223000 0
139.254000 1
139.426000 2
139.627000 3
139.627000 2
139.673000 3
139.951000 2
140.028000 3
140.215000 2
140.293000 1
140.324000 0
140.371000 1
140.526000 0
140.542000 1
140.588000 2
140.619000 3
140.665000 2
140.821000 3
140.867000 4
140.959000 5
141.117000 4
141.148000 3
141.320000 4
141.476000 3
141.615000 2
141.678000 3
141.709000 2
141.879000 1
141.957000 0
142.205000 1
142.438000 0
142.593000 1
142.717000 2
142.764000 3
142.856000 4
142.901000 5
142.947000 6
142.947000 5
142.963000 6
143.039000 7
143.426000 8
143.473000 7
143.503000 8
144.204000 7
144.251000 8
144.328000 9
144.422000 8
144.452000 9
144.577000 10
144.670000 9
144.749000 8
144.873000 9
144.965000 10
145.152000 9
145.338000 8
145.338000 9
145.757000 10
145.883000 9
145.976000 8
146.023000 9
146.054000 8
146.380000 7
146.442000 8
146.458000 7
146.473000 8
146.565000 7
146.659000 6
146.752000 7
146.783000 6
146.860000 7
146.952000 8
147.248000 7
147.310000 8
147.371000 7
147.957000 8
147.972000 7
147.987000 6
148.002000 7
148.143000 6
148.159000 5
148.235000 4
148.329000 5
148.375000 6
148.375000 5
148.466000 4
148.545000 3
148.685000 4
148.747000 3
148.902000 4
148.949000 3
149.227000 4
149.492000 5
149.555000 4
149.602000 3
149.680000 4
149.696000 5
149.961000 4
150.024000 5
150.520000 6
150.535000 5
150.738000 6
150.783000 5
150.846000 4
151.157000 3
151.391000 2
151.499000 3
151.545000 2
151.592000 3
151.918000 4
152.134000 5
152.412000 6
152.489000 5
152.535000 6
152.658000 5
152.673000 6
152.782000 7
152.798000 6
152.907000 5
152.968000 4
153.014000 5
153.154000 4
153.184000 5
153.371000 4
153.417000 3
153.432000 2
153.541000 1
153.541000 0
153.634000 1
153.649000 2
154.130000 1
154.254000 0
